ARM GAS  /tmp/cc9AiMNB.s 			page 1


   1              		.cpu cortex-m7
   2              		.eabi_attribute 20, 1
   3              		.eabi_attribute 21, 1
   4              		.eabi_attribute 23, 3
   5              		.eabi_attribute 24, 1
   6              		.eabi_attribute 25, 1
   7              		.eabi_attribute 26, 1
   8              		.eabi_attribute 30, 2
   9              		.eabi_attribute 34, 1
  10              		.eabi_attribute 18, 4
  11              		.file	"board.c"
  12              		.section	.gnu.lto_.profile.a85053024d2a5cb2,"",%progbits
  13 0000 789C6363 		.ascii	"x\234cc```\001bF\006>f\000\000\227\000\035"
  13      60606001 
  13      6246063E 
  13      66000097 
  13      001D
  14              		.text
  15              		.section	.gnu.lto_.icf.a85053024d2a5cb2,"",%progbits
  16 0000 789C6363 		.ascii	"x\234cc``\020a@\000f\206\177\353\367Mdc\274;\177\351"
  16      60601061 
  16      40006686 
  16      7FEBF74D 
  16      6463BC3B 
  17 0016 4D56A6AF 		.ascii	"MV\246\257\277O^\344c\000\000e\305\011\272"
  17      BF4F5EE4 
  17      63000065 
  17      C509BA
  18              		.text
  19              		.section	.gnu.lto_.jmpfuncs.a85053024d2a5cb2,"",%progbits
  20 0000 789C6363 		.ascii	"x\234cc``\340d@\000&\020\301\010\304\000\001\202\000"
  20      6060E064 
  20      40002610 
  20      C108C400 
  20      018200
  21 0013 13       		.ascii	"\023"
  22              		.text
  23              		.section	.gnu.lto_.inline.a85053024d2a5cb2,"",%progbits
  24 0000 789C6363 		.ascii	"x\234cc``\320f@\000&\006\006\026\036F\020\305\300\266"
  24      6060D066 
  24      40002606 
  24      06161E46 
  24      10C5C0B6 
  25 0014 401E4431 		.ascii	"@\036D10r\201\010\006f&Ta\006\000-\266\001\351"
  25      30728108 
  25      06662654 
  25      6106002D 
  25      B601E9
  26              		.text
  27              		.section	.gnu.lto_.pureconst.a85053024d2a5cb2,"",%progbits
  28 0000 789C6363 		.ascii	"x\234cc```\005b&\006\011F\006\000\000\334\000'"
  28      60606005 
  28      62260609 
  28      46060000 
  28      DC0027
  29              		.text
  30              		.section	.gnu.lto___early_init.a85053024d2a5cb2,"",%progbits
ARM GAS  /tmp/cc9AiMNB.s 			page 2


  31 0000 789C6363 		.ascii	"x\234cc``X\005\304\376@,\015\304\214\314\014\214L\023"
  31      60605805 
  31      C4FE402C 
  31      0DC48CCC 
  31      0C8C4C13 
  32 0014 CE313034 		.ascii	"\316104r012\202\030\015\034\214\014\365L\214\365\214"
  32      72303132 
  32      82180D1C 
  32      8C0CF54C 
  32      8CF58C
  33 0027 3DCC5398 		.ascii	"=\314S\230\031\017\265?\333\311\244\271\274\001\010"
  33      190FB53F 
  33      DBC9A4B9 
  33      BC0108
  34 0036 0E4CBFC6 		.ascii	"\016L\277\306\326\326\320*1\207\231\201a\032\020\203"
  34      D6D6D02A 
  34      31879981 
  34      611A1083 
  35 0046 00E36646 		.ascii	"\000\343fFM\006\240\262G\033\377M\345ec\201\2103nad"
  35      4D06A0B2 
  35      471BFF4D 
  35      E5656381 
  35      88336E61 
  36 005b 63600432 		.ascii	"c`\0042\326_b=\320\360\357\177{\303\2013\213\031\357"
  36      D65F623D 
  36      D0F0EF7F 
  36      7BC38133 
  36      8B19EF
  37 006e BA01E53A 		.ascii	"\272\001\345:\200\030hI\303\001\206Nf&\020\253\371\000"
  37      80186849 
  37      C301864E 
  37      662610AB 
  37      F900
  38 0080 C31BC6E6 		.ascii	"\303\033\306\346\005\333{\231\301\272\200F\355\334\371"
  38      05DB7B99 
  38      C1BA8046 
  38      EDDCF9
  39 008f E6367BFD 		.ascii	"\3466{\375\337\006\2169\314\214\323\230\201\3060ne\254"
  39      DF068E39 
  39      CC8CD398 
  39      81C6306E 
  39      65AC
  40 00a1 67980354 		.ascii	"g\230\003T\376\216\261i\301\356^F\260B\020\350\000\312"
  40      FE8EB169 
  40      C1EE5E46 
  40      B04210E8 
  40      00CA
  41 00b3 028D6062 		.ascii	"\002\215`b`\360\325\317\310\317M\325O\314I\255\320w"
  41      60F0D5CF 
  41      C8CF4DD5 
  41      4FCC49AD 
  41      D077
  42 00c5 CEC84CCA 		.ascii	"\316\310L\312\014.)M\311\314\327O\006\261\363\213\015"
  42      0C2E294D 
  42      C9CCD74F 
  42      06B1F38B 
  42      0D
ARM GAS  /tmp/cc9AiMNB.s 			page 3


  43 00d6 CDCDF4F5 		.ascii	"\315\315\364\365\363\213\3653\022s\364\223\362\023\213"
  43      F38BF533 
  43      1273F493 
  43      F2138B
  44 00e5 528AF583 		.ascii	"R\212\365\203C\342\375B\235}\\\375\015ML\342\335\314"
  44      43E2FD42 
  44      9D7D5CFD 
  44      0D4D4CE2 
  44      DDCC
  45 00f7 CDCCA33C 		.ascii	"\315\314\243<!Rz\311\014\000\016GT0"
  45      21527AC9 
  45      0C000E47 
  45      5430
  46              		.text
  47              		.section	.gnu.lto_boardInit.a85053024d2a5cb2,"",%progbits
  48 0000 789C6363 		.ascii	"x\234cc``\250\003b\177 \226\006bFf\006F\246\011\347"
  48      6060A803 
  48      627F2096 
  48      06624666 
  48      0646A609 
  49 0015 18181A39 		.ascii	"\030\030\0329\230\030\031A\214\006\016F\206z&\306z\306"
  49      98181941 
  49      8C060E46 
  49      867A26C6 
  49      7AC6
  50 0027 1EE629CC 		.ascii	"\036\346)\314\214\207\332\237\355d\322\\\336\000\004"
  50      8C87DA9F 
  50      ED64D25C 
  50      DE0004
  51 0036 07A66FE0 		.ascii	"\007\246o\340jkh\225\230\303\314\3000\015\210A\200q"
  51      6A6B6895 
  51      98C3CCC0 
  51      300D8841 
  51      8071
  52 0048 33A32603 		.ascii	"3\243&\003P\331\243\215\377\246\362\262\261@\304\031"
  52      50D9A38D 
  52      FFA6F2B2 
  52      B140C419 
  53 0058 B730B231 		.ascii	"\2670\26210\002\031\353/\261\036h\370\367\277\275\341"
  53      300219EB 
  53      2FB11E68 
  53      F8F7BFBD 
  53      E1
  54 0069 C097458C 		.ascii	"\300\227E\214\233\275\230\030\030:\200\362@K\032\016"
  54      9BBD9818 
  54      183A80F2 
  54      404B1A0E 
  55 0079 30743233 		.ascii	"0t23\201X\315\007\030\33616)\200\265\200@\0073#H\030"
  55      8158CD07 
  55      18DE3136 
  55      2980B580 
  55      40073323 
  56 008f A8D4573F 		.ascii	"\250\324W?#?7U?1'\265B\3379#3)3\270\2444%3_?\031\304"
  56      233F3755 
  56      3F3127B5 
  56      42DF3923 
  56      332933B8 
ARM GAS  /tmp/cc9AiMNB.s 			page 4


  57 00ab CE2F3634 		.ascii	"\316/647\323\327\317/\326\317H\314\321O\312O,J)\326"
  57      37D3D7CF 
  57      2FD6CF48 
  57      CCD14FCA 
  57      4F2C4A29 
  58 00c0 0F0E89F7 		.ascii	"\017\016\211\367\013u\366q\365741\211w373\217\362\204"
  58      0B75F671 
  58      F5373431 
  58      89773337 
  58      338FF284 
  59 00d4 48E92533 		.ascii	"H\351%3\000\000\306\362E\031"
  59      0000C6F2 
  59      4519
  60              		.text
  61              		.section	.gnu.lto_pal_default_config.a85053024d2a5cb2,"",%progbits
  62 0000 789CCD93 		.ascii	"x\234\315\223[o\022Q\020\307w8@\013\275\240\211\217"
  62      5B6F1251 
  62      10C77738 
  62      400BBDA0 
  62      898F
  63 0012 7E0063E2 		.ascii	"~\000c\342;_\301o\343G8\024\023\221\352\223\"\015\326"
  63      3B5FC16F 
  63      E3473814 
  63      1391EA93 
  63      220DD6
  64 0025 94D89008 		.ascii	"\224\330\220\010\255\224P[\005m\013\210\005\324\312"
  64      AD94505B 
  64      056D0B88 
  64      05D4CA
  65 0034 A5BBA540 		.ascii	"\245\273\245@o\211\241!\225zi\321\266\242\254g8g5\333"
  65      6F89A121 
  65      957A69D1 
  65      B6A2AC67 
  65      386735DB 
  66 0048 34F4D57D 		.ascii	"4\364\325}\330\177\346\277\2733\277\2313k\226$\351\272"
  66      D87FE6BF 
  66      BB33BF99 
  66      336B9624 
  66      E9BA
  67 005a 499240E2 		.ascii	"I\222@\342\327}\0023\315\330\311\320(\031'\314da\340"
  67      D77D0233 
  67      CDD8C9D0 
  67      281927CC 
  67      6461E0
  68 006d 67FB2BE1 		.ascii	"g\373+\341\241\252\022f\224\302\001\227\221\033JH\011"
  68      A1AA1266 
  68      94C20197 
  68      911B4A48 
  68      09
  69 007e 99983579 		.ascii	"\231\2305y\260\235\264\330\347\251\313Oo\214\023\360"
  69      B09DB4D8 
  69      E7A9CB4F 
  69      6F8C13F0 
  70 008e B047B370 		.ascii	"\260G\263p\331C\200\213\201\013\2019\024#<C1q\323\214"
  70      D943808B 
  70      810B8139 
  70      14233C43 
ARM GAS  /tmp/cc9AiMNB.s 			page 5


  70      3171D38C 
  71 00a2 22FD4739 		.ascii	"\"\375G9\356\226\276(&\336^A\264\027>h\205\315\334\262"
  71      EE96BE28 
  71      26DE5E41 
  71      B4173E68 
  71      85CDDCB2 
  72 00b6 B1F0D05F 		.ascii	"\261\360\320_\314\231{U\211\363*\261\036Uj\336e\031"
  72      CC997B55 
  72      89F32AB1 
  72      1E556ADE 
  72      6519
  73 00c8 784ABA93 		.ascii	"xJ\272\223\302\"\276J\370\332\337\251\272\320Q\253\276"
  73      C222BE4A 
  73      F8DADFA9 
  73      BAD051AB 
  73      BE
  74 00d9 3D9BF6CE 		.ascii	"=\233\366\316\354.\316~\357\323~K\300QJ\323]\336\366"
  74      EC2ECE7E 
  74      EFD37E4B 
  74      C0514AD3 
  74      5DDEF6
  75 00ec EFA6514F 		.ascii	"\357\246QO\263\244\243Y\3444\013g\321\274\3424\301\\"
  75      B3A4A359 
  75      E4340B67 
  75      D1BCE234 
  75      C15C
  76 00fe AC2C68D4 		.ascii	"\254,h\324\011\025\2303\3758\377\331\320\253\307\344"
  76      09159833 
  76      FD38FFD9 
  76      D0ABC7E4 
  77 010e F9935CD8 		.ascii	"\371\223\\\330t\216\011\330CUU\007\231\265\350\015>"
  77      748E09D8 
  77      43555507 
  77      99B5E80D 
  77      3E
  78 011f 1AEE95F6 		.ascii	"\032\356\225\366\365\371ikc\365\031\001{\204q\343\370"
  78      F5F9696B 
  78      63F51901 
  78      7B8471E3 
  78      F8
  79 0130 E986559B 		.ascii	"\351\206U\233\\\262{`;\205;\001\233\266\263K\035<\264"
  79      5CB27B60 
  79      3B853B01 
  79      9BB6B34B 
  79      1D3CB4
  80 0143 C44DDAE8 		.ascii	"\304M\332\350\327&w\205\031\307\231\316\304\251S\314"
  80      D7267785 
  80      19C799CE 
  80      C4A953CC 
  81 0153 EA50321C 		.ascii	"\352P2\034e\371,\2247\034%!\357\246\004J\304\321\304"
  81      65F92C94 
  81      371C2521 
  81      EFA6044A 
  81      C4D1C4
  82 0166 CADF46EA 		.ascii	"\312\337F\352\353\006\356\024\375\212\2259\316h\264"
  82      EB06EE14 
  82      FD8A9539 
ARM GAS  /tmp/cc9AiMNB.s 			page 6


  82      CE68B4
  83 0175 62D45854 		.ascii	"b\324XT\265\373\331\264\243&^r]b\361v~\244E\364(+:\224"
  83      B5FBD9B4 
  83      A3265E72 
  83      5D62F176 
  83      7EA445F4 
  84 018d F71CE59D 		.ascii	"\367\034\345\235\016\345\255n*\352\334\352\232E\353"
  84      0EE5AD6E 
  84      2AEADCEA 
  84      9A45EB
  85 019c 2F8128F4 		.ascii	"/\201(\364A\265,\234N\307\300\214\225\364\255\252(+"
  85      41B52C9C 
  85      4EC7C08C 
  85      95F4ADAA 
  85      282B
  86 01ae 87E49091 		.ascii	"\207\344\220\221Y\233\331\340\024\371\007\207\203\272"
  86      599BD9E0 
  86      14F90787 
  86      83BA
  87 01bc 77E48E8A 		.ascii	"w\344\216\212\337\337A\035\011\\\006\347\306\311\326"
  87      DFDF411D 
  87      095C06E7 
  87      C6C9D6
  88 01cb A9155BD5 		.ascii	"\251\025[\325\361\2258_\221\363\025t\243\312s\276\244"
  88      F195385F 
  88      91F31574 
  88      A3CA73BE 
  88      A4
  89 01dc BBEEEEE3 		.ascii	"\273\356\356\343i\335\362Uf\204*?F\005M\304K\351\000"
  89      69DDF255 
  89      66842A3F 
  89      46054DC4 
  89      4BE900
  90 01ef B3A67E7D 		.ascii	"\263\246~}|(\216\255\030rP\004T|\223\267\305\016=\241"
  90      7C288EAD 
  90      18725004 
  90      547C93B7 
  90      C50E3DA1 
  91 0203 7105DBD8 		.ascii	"q\005\333\330ol\265mz\232\365\263h\312\272i\255q\032"
  91      6F6CB56D 
  91      7A9AF5B3 
  91      68CABA69 
  91      AD711A
  92 0216 85D364B2 		.ascii	"\205\323d\262\337\343b\017#,\271\301C\372\240\002v\017"
  92      DFE3620F 
  92      232CB9C1 
  92      43FAA002 
  92      760F
  93 0228 E90719C5 		.ascii	"\351\007\031\305\002\037P\254\220C\031\2004\312 \244"
  93      021F50AC 
  93      90431980 
  93      34CA20A4 
  94 0238 50862081 		.ascii	"P\206 \2012\014/Ql\360\002\345\002<G\271\010\363`\227"
  94      320C2F51 
  94      6CF002E5 
  94      023C47B9 
  94      08F36097 
ARM GAS  /tmp/cc9AiMNB.s 			page 7


  95 024c A0CA6E7F 		.ascii	"\240\312n\177\000fl\252\355"
  95      00666CAA 
  95      ED
  96              		.text
  97              		.section	.gnu.lto_.symbol_nodes.a85053024d2a5cb2,"",%progbits
  98 0000 789C6363 		.ascii	"x\234cc``\360\000b\006\246\371L\365\014\014\023\316"
  98      6060F000 
  98      6206A6F9 
  98      4CF50C0C 
  98      13CE
  99 0012 313000A9 		.ascii	"10\000\251]\015\216@\221\005L\365\214(\"\254\363\230"
  99      5D0D8E40 
  99      91054CF5 
  99      8C2822AC 
  99      F398
 100 0024 181A9580 		.ascii	"\030\032\225\200\212\031\0272\3253\201\245\030\030\032"
 100      8A191732 
 100      D53381A5 
 100      18181A
 101 0033 1A1C1818 		.ascii	"\032\034\030\030\230\201p\311\203\177\214\014\000t\203"
 101      988170C9 
 101      837F8C0C 
 101      007483
 102 0042 10D9     		.ascii	"\020\331"
 103              		.text
 104              		.section	.gnu.lto_.refs.a85053024d2a5cb2,"",%progbits
 105 0000 789C6363 		.ascii	"x\234cc```\004b\006\000\000D\000\010"
 105      60606004 
 105      62060000 
 105      440008
 106              		.text
 107              		.section	.gnu.lto_.decls.a85053024d2a5cb2,"",%progbits
 108 0000 789CAD56 		.ascii	"x\234\255V}PT\327\025\177\347\335\335uYP\034H;\376\341"
 108      7D5054D7 
 108      157FE7DD 
 108      DD755950 
 108      1C483BFE 
 109 0015 4C1D6733 		.ascii	"L\035g3\222\231\304WL&f:\235\264)F\243Ae&\315L'\177"
 109      9299C457 
 109      4C26663A 
 109      9DB42946 
 109      A3416526 
 110 002d 745DD935 		.ascii	"t]\3315\354dawv\227V'\377<e\005\224\"\2468N\261\230"
 110      EC646177 
 110      76975627 
 110      FF3C6505 
 110      9422A638 
 111 0044 E2471B8D 		.ascii	"\342G\033\215\244\322\032\033\225\257E\003\002\005B"
 111      A4D21A1B 
 111      95AF4503 
 111      020542
 112 0053 34216017 		.ascii	"4!`\027Y5R\214\037(QQ\371\352\271\357\274\345\255oq"
 112      5935528C 
 112      1F285151 
 112      F9EAB9EF 
 112      BCE5AD6F 
 113 0068 DAB47DC3 		.ascii	"\332\264}\303y\347\236{~\367w\316=\347\336\267\230\004"
ARM GAS  /tmp/cc9AiMNB.s 			page 8


 113      79E79E7B 
 113      7EF777CE 
 113      3DE7DEB7 
 113      9804
 114 007a 4108240A 		.ascii	"A\010$\012B\251(\010\006\020\204)|\0148\327$h\017C\251"
 114      42A92808 
 114      06108429 
 114      7C0C38D7 
 114      24680F43 
 115 008f 45A94769 		.ascii	"E\251GiDA\230`\001\341\261\347\327@\270u(\2118>\245"
 115      44419860 
 115      01E1B1E7 
 115      D740B875 
 115      2889383E 
 116 00a4 CE8BEADA 		.ascii	"\316\213\352\332F!\376y\027\210k\235j\203\032C\377|"
 116      4621FE79 
 116      17886B9D 
 116      6A831A43 
 116      FF7C
 117 00b6 4F24EE45 		.ascii	"O$\356E(\203(\011\010LA\035A\371\032e\000\345\022J?"
 117      28832809 
 117      084C411D 
 117      41F91A65 
 117      00E5124A 
 118 00cb CA1594B0 		.ascii	"\312\025\224\260@{y\204\332\210z\202s\243\036S\203\210"
 118      407B7984 
 118      DA887A82 
 118      73A31E53 
 118      8388
 119 00dd 7C9F387C 		.ascii	"|\2378|\21029C<\376\354bp\252\251\2761q\000\372\001"
 119      88323943 
 119      3CFEEC62 
 119      70AAA9BE 
 119      317100FA 
 120 00f2 C3C35CCA 		.ascii	"\303\303\\\312\020\350\215\232\213bOE\037\240y\234\025"
 120      10E88D9A 
 120      8B624F45 
 120      1FA0799C 
 120      15
 121 0103 49A9506E 		.ascii	"I\251PnD\227\300\364\214\250r\210Q^\345O%\200XV\362"
 121      4497C0F4 
 121      8CA87288 
 121      515EE54F 
 121      25805856 
 122 0118 53B8E843 		.ascii	"S\270\350C\033\241A\314:\232\022\265`1K\342r\025\246"
 122      1BA141CC 
 122      3A9A12B5 
 122      60314BE2 
 122      7215A6
 123 012b DDD34969 		.ascii	"\335\323Ii\233\004\265\010G>-\352\264D\340\"z\177!\010"
 123      9B04B508 
 123      473E2DEA 
 123      B444E022 
 123      7A7F2108 
 124 013f 3BCDB9C0 		.ascii	";\315\271\300g\357\334,\353Jf\2422.\217\224\354Nb\311"
 124      67EFDC2C 
 124      EB4A66A2 
ARM GAS  /tmp/cc9AiMNB.s 			page 9


 124      322E8F94 
 124      EC4E62C9 
 125 0153 CAB8AAB0 		.ascii	"\312\270\252\260\375\243\244\305\3252=\346:&\300\337"
 125      FDA3A4C5 
 125      D5323DE6 
 125      3A26C0DF 
 126 0163 80450BDA 		.ascii	"\200E\013\332<5\032J.a\220b\001\021\315s\267;\366&\242"
 126      3C351A4A 
 126      2E619062 
 126      0111CD73 
 126      B73BF626 
 127 0178 F99405E6 		.ascii	"\371\224\005\346\242Y\375\233\251]\306y\273\371\302"
 127      A259FD9B 
 127      A95DC679 
 127      BBF9C2
 128 0187 9D05F25C 		.ascii	"\235\005\362\\\021\326}\037N\302|8\001\3631\235S0\017"
 128      11D67D1F 
 128      4EC27C38 
 128      01F3319D 
 128      53300F
 129 019a DF790662 		.ascii	"\337y\006b\352m(/H^X%WE\344\320p\345\263{:\012\345n"
 129      EA6D282F 
 129      485E5825 
 129      5745E4D0 
 129      70E5B37B 
 130 01b2 5CF75305 		.ascii	"\\\367S\005\007\307\201\301'\260\230\357\3428\217\016"
 130      07C781C1 
 130      27B098EF 
 130      E2388F0E 
 131 01c2 1F4304E0 		.ascii	"\037C\004\340\030\014\340&ja!\256\357\030\354\177\227"
 131      180CE026 
 131      6A6121AE 
 131      EF18EC7F 
 131      97
 132 01d3 1D0325E7 		.ascii	"\035\003%\347\226\332\221\022\023r\325 \327\351g\366"
 132      96DA9112 
 132      1372D520 
 132      D7E967F6 
 133 01e3 C8A12DC8 		.ascii	"\310\241-\310$*Du\032Q\235\236\250^!\222\207j\303\311"
 133      242A4475 
 133      1A519D9E 
 133      A85E2192 
 133      876AC3C9 
 134 01f7 AC9E98CA 		.ascii	"\254\236\230\312>\334\336\220\200L\021Y\016\215\236"
 134      3EDCDE90 
 134      804C1159 
 134      0E8D9E
 135 0206 FC71F1B6 		.ascii	"\374q\361\266\302Ry\037PN\015\032U\203Z\021hT(Z\317"
 135      C252791F 
 135      504E0D1A 
 135      55835A11 
 135      6854285A 
 136 021b FCF97E22 		.ascii	"\374\371~\"\253\240bvW\356m7R\211>\3465*=:e\246\022"
 136      ABA06276 
 136      57EE6D37 
 136      52893EE6 
 136      352A3D3A 
ARM GAS  /tmp/cc9AiMNB.s 			page 10


 137 0232 55A572F3 		.ascii	"U\245r\363\360\344\017\310\373;\356=Q\177s\011\231\363"
 137      F0E40FC8 
 137      FB3BEE3D 
 137      517F7309 
 137      99F3
 138 0244 F979EDBF 		.ascii	"\371y\355\277\023R\353\031\001\336\244\316=W\346\220"
 138      1352EB19 
 138      01DEA4CE 
 138      3D57E690 
 139 0254 BD809B72 		.ascii	"\275\200\233riQ\022\241\037pw[\317\336[\026VMqo\005"
 139      695112A1 
 139      1F70775B 
 139      CFDE5B16 
 139      564D716F 
 140 0269 AF4612C9 		.ascii	"\257F\022\3119\017\315\317\2035\225\214LCL\247R\250"
 140      390FCDCF 
 140      8335958C 
 140      4C434CA7 
 140      52A8
 141 027b 53E16D85 		.ascii	"S\341m\205\357\233\3301Z\331\337z\370\010\207.\262\000"
 141      EF9BD831 
 141      5AD9DF7A 
 141      F808872E 
 141      B200
 142 028d 3F58C938 		.ascii	"?X\3118u\364\306\311\207\263i\212#\316\225\215\034\234"
 142      75F4C6C9 
 142      87B3698A 
 142      23CE958D 
 142      1C9C
 143 029f C54E2870 		.ascii	"\305N(pq\240o,<\007,i\305\262\274E\256*\220\023^\023"
 143      71A06F2C 
 143      3C072C69 
 143      C5B2BC45 
 143      AE2A9013 
 144 02b5 A005BBDC 		.ascii	"\240\005\273\334\216]\206\317!\215/\342u\202.\234\354"
 144      8E5D86CF 
 144      218D2FE2 
 144      75822E9C 
 144      EC
 145 02c6 C4C93FF1 		.ascii	"\304\311?\361\003\021\032\350}\271bD\226\027@7X\340"
 145      03111AE8 
 145      7DB96244 
 145      96174037 
 145      58E0
 146 02d8 33AD968B 		.ascii	"3\255\226\213,t \016\037|o\277\211MR\214\332\337_m\026"
 146      2C74200E 
 146      1F7C6FBF 
 146      894D528C 
 146      DADF5F6D 
 147 02ed 9F14E38B 		.ascii	"\237\024\343\213'\306\230\032Z\330\262\225\267\376<"
 147      27C6981A 
 147      5AD8B295 
 147      B7FE3C
 148 02fc C638A7C5 		.ascii	"\3068\247\305\300\220\024\344\362\251\360f\221}\302"
 148      C09014E4 
 148      F2A9F066 
 148      917DC2
ARM GAS  /tmp/cc9AiMNB.s 			page 11


 149 030b 945DEDA9 		.ascii	"\224]\355\251\275\033\355\224\031\315\341\362\346N\221"
 149      BD1BED94 
 149      19CDE1F2 
 149      E64E91
 150 031a D5926FB0 		.ascii	"\325\222o\260\267\240\302\304\232\310\3309\321'\233"
 150      B7A0C2C4 
 150      9AC8D839 
 150      D1279B
 151 0329 581B19A5 		.ascii	"X\033\031\245\303\017\366\031X7\031}\005\243=\263Y\217"
 151      C30FF619 
 151      5837197D 
 151      05A33DB3 
 151      598F
 152 033b 62246CE9 		.ascii	"b$l\351\275\177\306\010Vk\252\325jM\263Z\367\363\334"
 152      BD7FC608 
 152      566BAAD5 
 152      6A4DB35A 
 152      F7F3DC
 153 034e 430363CF 		.ascii	"C\003c\317\266\216\014\311\362o\223\224\244\376\201"
 153      B68E0CC9 
 153      F26F9394 
 153      A4FE81
 154 035d 495D8454 		.ascii	"I]\204Tm3m\312\335H\307\227@\013\036\375\004\017p\220"
 154      6D336DCA 
 154      DD48C797 
 154      400B1EFD 
 154      040F7090 
 155 0371 29E82FF5 		.ascii	")\350/\365\350\277k\350\367\224k\206\002\006\001\232"
 155      E8BF6BE8 
 155      F7946B86 
 155      0206019A 
 156 0381 11F0A9E2 		.ascii	"\021\360\251\342\343p\3345\\\306\"E\300\012_\243\014"
 156      E370DC35 
 156      5CC62245 
 156      C00A5FA3 
 156      0C
 157 0392 A05C42E9 		.ascii	"\240\\B\351G\271\202\022\006\253r|)\340\205\230\200"
 157      47B98212 
 157      06AB727C 
 157      29E08598 
 157      80
 158 03a3 BDFA803D 		.ascii	"\275\372\200=q\351\275\254\241/\350\321\222\016\374"
 158      71E9BDAC 
 158      A12FE8D1 
 158      920EFC
 159 03b2 4D0CF557 		.ascii	"M\014\365W3S\267\360\267\332\276[\015)\233q?\034&\250"
 159      3353B7F0 
 159      B7DABE5B 
 159      0D299B71 
 159      3F1C26A8 
 160 03c6 ADD3D2EC 		.ascii	"\255\323\322\354jM9P \267\376P!\353\230\2710DF\370\366"
 160      6A4D3950 
 160      20B7FE50 
 160      21EB98B9 
 160      304446F8 
 161 03db 98D87D33 		.ascii	"\230\330}3&Jh\354b\343d\260\333\304\216\030\224\243"
 161      264A68EC 
ARM GAS  /tmp/cc9AiMNB.s 			page 12


 161      62E364B0 
 161      DBC48E18 
 161      94A3
 162 03ed F7615DF8 		.ascii	"\367a]\370\272\021R\323f\254/\374\023\313\372]JL\033"
 162      BA1152D3 
 162      66AC2FFC 
 162      13CBFA5D 
 162      4A4C1B
 163 0400 1B6C35E1 		.ascii	"\033l5\341\267\024\006q\341U\355T\362m\322\317\224z"
 163      B7140671 
 163      E155ED54 
 163      F26DD2CF 
 163      947A
 164 0412 ED53D46B 		.ascii	"\355S\324k_\324y\357\003\2215(\371@M]\360\346\034r\206"
 164      5FD479EF 
 164      03913528 
 164      F9404D5D 
 164      F0E61C72 
 165 0427 B8B3646B 		.ascii	"\270\263dk\331\266Y\254\231\234\337\036\372\353\373"
 165      D9B659AC 
 165      999CDF1E 
 165      FAEBFB
 166 0436 66721EE2 		.ascii	"fr\036\342\316k\023-\327\215\254\203\234\325\235g\303"
 166      CE6B132D 
 166      D78DAC83 
 166      9CD59D67 
 166      C3
 167 0447 EA27A098 		.ascii	"\352'\240\230;\317\217v\027Y\330yrN]\353;\220@\316\333"
 167      3BCF8F76 
 167      1759D879 
 167      724E5DEB 
 167      3B9040CE 
 168 045c DCDE7EBC 		.ascii	"\334\336~\274\374@2\273@\316\363\203\373\202\352\207"
 168      FC4032BB 
 168      40CEF383 
 168      FB82EA87 
 169 046c A69BDB3B 		.ascii	"\246\233\333;\312\216\375\305\302.\221\363\320`\345"
 169      CA8EFDC5 
 169      C22E91F3 
 169      D060E5
 170 047b 0ED5F912 		.ascii	"\016\325\371\022\232\307;O\\4\262!\362\205Gz\212\022"
 170      9AC73B4F 
 170      5C34B221 
 170      F285477A 
 170      8A12
 171 048d D9301947 		.ascii	"\3310\031G\307w}`b\367\311\330Q\321_ca\023\2121{\367"
 171      C7777D60 
 171      62F7C9D8 
 171      51D15F63 
 171      61138A31 
 172 04a3 D9CA7B06 		.ascii	"\331\312{\006\274)\312U\231\276-\274P])\3452o2/U+\226"
 172      BC29CA55 
 172      99BE2DBC 
 172      505D29E5 
 172      326F322F 
 173 04ba 6A1CF574 		.ascii	"j\034\365t\361\317>\336d\304_^\265Yi2\207\337\327\303"
 173      F1CF3EDE 
ARM GAS  /tmp/cc9AiMNB.s 			page 13


 173      64C45F5E 
 173      B5596932 
 173      87DFD7C3 
 174 04ce DBE2E199 		.ascii	"\333\342\341\231\032|X\017\277\025\003\177\254\371\247"
 174      1A7C580F 
 174      BF15037F 
 174      ACF9A7
 175 04dd 11D1A438 		.ascii	"\021\321\2448\307\325\316\027\210i\020\024\255\360\010"
 175      C7D5CE17 
 175      88691014 
 175      ADF008
 176 04ec 3BBD15F5 		.ascii	";\275\025\365\004\352\315\250\307P\313\250\267\240L"
 176      04EACDA8 
 176      C750CBA8 
 176      B7A04C
 177 04fb E1F821CA 		.ascii	"\341\370!\312\244v\331x\006\257k\031|\253\317`$.\341"
 177      A476D978 
 177      06AF6B19 
 177      7CABCF60 
 177      242EE1
 178 050e D36B35F8 		.ascii	"\323k5\370\003=\374\314cw\223\243\327h\350kz\364P\034"
 178      033DFCCC 
 178      637793A3 
 178      D768E86B 
 178      7AF4501C 
 179 0522 7AB586BE 		.ascii	"z\265\206\276\251G\337\210C\307\224\356\216\036}[\217"
 179      A947DF88 
 179      43C794EE 
 179      8E1E7D5B 
 179      8F
 180 0533 BE1CC37D 		.ascii	"\276\034\303}]\217\376&\376\342\267\321\305\037\217"
 180      5D8FFE26 
 180      FEE2B7D1 
 180      C51F8F
 181 0542 BBF8E86C 		.ascii	"\273\370\350li\2179\023\243z2I\237gL\201\357\351\301"
 181      698F3913 
 181      A37A3249 
 181      9F674C81 
 181      EFE9C1
 182 0555 77B53CF1 		.ascii	"w\265<\361H6=\274\2615\231\005\215\312\265\257n\374"
 182      48363DBC 
 182      B1359905 
 182      8DCAB5AF 
 182      6EFC
 183 0567 72BF597F 		.ascii	"r\277Y\177\355\243\235\207bl\370\377\322|\332f\317g"
 183      EDA39D87 
 183      626CF8FF 
 183      D27CDA66 
 183      CF67
 184 0579 CA67A048 		.ascii	"\312g\240HL\205Bq\37230\036\375\014\264v\015\324\232"
 184      4C854271 
 184      FA33301E 
 184      FD0CB476 
 184      0DD49A
 185 058c 53D5048A 		.ascii	"S\325\004\212\237\230\200\360\235\243#\367\225\203w"
 185      9F9880F0 
 185      9DA323F7 
ARM GAS  /tmp/cc9AiMNB.s 			page 14


 185      958377
 186 059b 83B39E3E 		.ascii	"\203\263\236> \327\204\370\277[/\225\377\021c\000l\303"
 186      20D784F8 
 186      BF5B2F95 
 186      FF116300 
 186      6CC3
 187 05ad 4C42F441 		.ascii	"LB\364A\2129\345|\346\227\242\000\333\305\247q\345\037"
 187      8A39E57C 
 187      E697A200 
 187      DBC5A771 
 187      E51F
 188 05bf C6C72AE6 		.ascii	"\306\307*\346$m\237\376!V\376\027\212~H\005(\021\223"
 188      246D9FFE 
 188      2156FE17 
 188      8A7E4805 
 188      281193
 189 05d2 A21BC1A1 		.ascii	"\242\033\301\241\220d\2639\355>\367&\233+\317\025\310"
 189      9064B339 
 189      ED3EF726 
 189      9B2BCF15 
 189      C8
 190 05e3 94723CB9 		.ascii	"\224r<\271N\311\356vn\2242r\\\353]o\004\362\035.\217"
 190      4EC9EE76 
 190      6E943272 
 190      5CEB5D6F 
 190      04F21D2E 
 191 05f8 94CDC71E 		.ascii	"\224\315\307\036\177\372\322\027%\311\343\227r\354n"
 191      7FFAD217 
 191      25C9E397 
 191      72EC6E
 192 0607 69BDC7EE 		.ascii	"i\275\307\356s\370\2457~n[\363fF\346\253k\323_x\301"
 192      73F8A537 
 192      7E6E5BF3 
 192      6646E6AB 
 192      6BD35F78 
 193 061c B67CE98B 		.ascii	"\266|\351\213K\337ZI\256\305\331\346\025k\336\\\220"
 193      4BDF5A49 
 193      AEC5D9E6 
 193      156BDE5C 
 193      90
 194 062d 919E2EAC 		.ascii	"\221\236.\254\376\177\262\012\011\312`%f;\327\037\310"
 194      FE7FB20A 
 194      09CA6025 
 194      663BD71F 
 194      C8
 195 063e 7D7E892D 		.ascii	"}~\211-\333\355\311~GI\177\325\177\036\310\353\361\005"
 195      DBEDC97E 
 195      47497FD5 
 195      7F1EC8EB 
 195      F105
 196 0650 789CD5CF 		.ascii	"x\234\325\317/\241\367\362\245\0337r\217\315\355v,\316"
 196      2FA1F7F2 
 196      A51B3772 
 196      8FCDED76 
 196      2CCE
 197 0662 1152BC38 		.ascii	"\021R\2748t87\330\363\335\001[\266'o\203\353mS\326\252"
 197      743837D8 
ARM GAS  /tmp/cc9AiMNB.s 			page 15


 197      F3DD015B 
 197      B6276F83 
 197      EB6D53D6 
 198 0677 65F680DD 		.ascii	"e\366\200\335`\337\340s[l\266|W^\000\243\007~$\345\373"
 198      60DFE073 
 198      5B6CB67C 
 198      575E00A3 
 198      077E24E5 
 199 068c 7D12E680 		.ascii	"}\022\346\200\254v_\356sy\236<\347sN\373z\227\344\312"
 199      AC765FEE 
 199      73799E3C 
 199      E7734EFB 
 199      7A97E4CA 
 200 06a0 CB76E73B 		.ascii	"\313v\347;\234R\256\035\023\310sJ\323|\201M^\247\037"
 200      9C52AE1D 
 200      13C8734A 
 200      D37C814D 
 200      5EA71F
 201 06b3 8398A31C 		.ascii	"\203\230\243\034\322\277\345\360o\362K6\177\300\201"
 201      D2BFE5F0 
 201      6FF24B36 
 201      7FC081
 202 06c2 0B7021F3 		.ascii	"\013p!\3638|Fo\276\327\341\233\345\361{\235N\207\317"
 202      387C466F 
 202      BED7E19B 
 202      E5F17B9D 
 202      4E87CF
 203 06d5 E4E1A43E 		.ascii	"\344\341\244>c\256\307\341\364\361\024s\326\376w\305"
 203      63AEC7E1 
 203      F4F11473 
 203      D6FE77C5 
 204 06e5 C8CC5C26 		.ascii	"\310\314\\&\255\310Z\271\366WK\224jx\265\212P\265\337"
 204      ADC85AB9 
 204      F6574B94 
 204      6A78B58A 
 204      50B5DF
 205 06f8 F6BA3C36 		.ascii	"\366\272<6\2773\220\357\265\005LY+yELY\257\221ZAj9\251"
 205      BF3390EF 
 205      B5054C59 
 205      2B79454C 
 205      59AF915A 
 206 0710 57492D23 		.ascii	"WI-#\225A\352g\244^!\365:W\011Y\257df(\025\376\027\343"
 206      9541EA67 
 206      A45E21F5 
 206      3A570959 
 206      AF646628 
 207 0728 132262   		.ascii	"\023\"b"
 208              		.text
 209              		.section	.gnu.lto_.symtab.a85053024d2a5cb2,"",%progbits
 210 0000 5F5F6561 		.ascii	"__early_init\000"
 210      726C795F 
 210      696E6974 
 210      00
 211 000d 00       		.ascii	"\000"
 212 000e 00       		.ascii	"\000"
 213 000f 00       		.ascii	"\000"
 214 0010 00000000 		.ascii	"\000\000\000\000\000\000\000\000"
ARM GAS  /tmp/cc9AiMNB.s 			page 16


 214      00000000 
 215 0018 BB000000 		.ascii	"\273\000\000\000"
 216 001c 626F6172 		.ascii	"boardInit\000"
 216      64496E69 
 216      7400
 217 0026 00       		.ascii	"\000"
 218 0027 00       		.ascii	"\000"
 219 0028 00       		.ascii	"\000"
 220 0029 00000000 		.ascii	"\000\000\000\000\000\000\000\000"
 220      00000000 
 221 0031 BD000000 		.ascii	"\275\000\000\000"
 222 0035 70616C5F 		.ascii	"pal_default_config\000"
 222      64656661 
 222      756C745F 
 222      636F6E66 
 222      696700
 223 0048 00       		.ascii	"\000"
 224 0049 00       		.ascii	"\000"
 225 004a 00       		.ascii	"\000"
 226 004b 00000000 		.ascii	"\000\000\000\000\000\000\000\000"
 226      00000000 
 227 0053 0A010000 		.ascii	"\012\001\000\000"
 228 0057 73746D33 		.ascii	"stm32_clock_init\000"
 228      325F636C 
 228      6F636B5F 
 228      696E6974 
 228      00
 229 0068 00       		.ascii	"\000"
 230 0069 02       		.ascii	"\002"
 231 006a 00       		.ascii	"\000"
 232 006b 00000000 		.ascii	"\000\000\000\000\000\000\000\000"
 232      00000000 
 233 0073 BF000000 		.ascii	"\277\000\000\000"
 234              		.text
 235              		.section	.gnu.lto_.opts,"",%progbits
 236 0000 272D666D 		.ascii	"'-fmath-errno' '-fsigned-zeros' '-ftrapping-math' '"
 236      6174682D 
 236      6572726E 
 236      6F272027 
 236      2D667369 
 237 0033 2D666E6F 		.ascii	"-fno-trapv' '-fno-openmp' '-fno-openacc' '-mcpu=cor"
 237      2D747261 
 237      70762720 
 237      272D666E 
 237      6F2D6F70 
 238 0066 7465782D 		.ascii	"tex-m7' '-mno-thumb-interwork' '-mthumb' '-O2' '-fo"
 238      6D372720 
 238      272D6D6E 
 238      6F2D7468 
 238      756D622D 
 239 0099 6D69742D 		.ascii	"mit-frame-pointer' '-falign-functions=16' '-ffuncti"
 239      6672616D 
 239      652D706F 
 239      696E7465 
 239      72272027 
 240 00cc 6F6E2D73 		.ascii	"on-sections' '-fdata-sections' '-fno-common' '-flto"
 240      65637469 
ARM GAS  /tmp/cc9AiMNB.s 			page 17


 240      6F6E7327 
 240      20272D66 
 240      64617461 
 241 00ff 2700     		.ascii	"'\000"
 242              		.text
 243              		.comm	__gnu_lto_v1,1,1
 244              		.comm	__gnu_lto_slim,1,1
 245              		.ident	"GCC: (GNU Tools for Arm Embedded Processors 7-2017-q4-major) 7.2.1 20170904 (release) [ARM
ARM GAS  /tmp/cc9AiMNB.s 			page 18


DEFINED SYMBOLS
                            *ABS*:0000000000000000 board.c
                            *COM*:0000000000000001 __gnu_lto_v1
                            *COM*:0000000000000001 __gnu_lto_slim

NO UNDEFINED SYMBOLS
