ARM GAS  /tmp/cc98pesb.s 			page 1


   1              		.cpu cortex-m7
   2              		.eabi_attribute 20, 1
   3              		.eabi_attribute 21, 1
   4              		.eabi_attribute 23, 3
   5              		.eabi_attribute 24, 1
   6              		.eabi_attribute 25, 1
   7              		.eabi_attribute 26, 1
   8              		.eabi_attribute 30, 2
   9              		.eabi_attribute 34, 1
  10              		.eabi_attribute 18, 4
  11              		.file	"chcore_v7m.c"
  12              		.section	.gnu.lto_.profile.935a159eafbf258d,"",%progbits
  13 0000 789C6363 		.ascii	"x\234cc```\001bF\006C\031\000\000\366\000Y"
  13      60606001 
  13      62460643 
  13      190000F6 
  13      0059
  14              		.text
  15              		.section	.gnu.lto_.icf.935a159eafbf258d,"",%progbits
  16 0000 789C6363 		.ascii	"x\234cc``\020f@\000f\206\177\313\356\335\341a\336}\262"
  16      60601066 
  16      40006686 
  16      7FCBEEDD 
  16      E161DE7D 
  17 0015 752137CB 		.ascii	"u!7\313\315\323o\313\030\000]\234\011J"
  17      CDD36FCB 
  17      18005D9C 
  17      094A
  18              		.text
  19              		.section	.gnu.lto_.jmpfuncs.935a159eafbf258d,"",%progbits
  20 0000 789C6363 		.ascii	"x\234cc``\340e@\000f(\301\002\242\001\002c\000\036"
  20      6060E065 
  20      40006628 
  20      C102A201 
  20      0263001E 
  21              		.text
  22              		.section	.gnu.lto_.inline.935a159eafbf258d,"",%progbits
  23 0000 789C6363 		.ascii	"x\234cc``pc@\000f\006\006~1F\006&\221\013=\214\014l"
  23      60607063 
  23      40006606 
  23      067E3146 
  23      0626910B 
  24 0018 0BE49940 		.ascii	"\013\344\231@\202L\334`\031N\016\240\004\317\203X\270"
  24      824CDC60 
  24      194E0EA0 
  24      04CF8358 
  24      B8
  25 0029 380B0317 		.ascii	"8\013\003\0277H\350L\004\\\210\221\013D\002\000\024"
  25      3748E84C 
  25      045C8891 
  25      0B440200 
  25      14
  26 003a 500702   		.ascii	"P\007\002"
  27              		.text
  28              		.section	.gnu.lto_.pureconst.935a159eafbf258d,"",%progbits
  29 0000 789C6363 		.ascii	"x\234cc``\340\002bf\206]\214\314\273\030Yv1\002\000"
  29      6060E002 
ARM GAS  /tmp/cc98pesb.s 			page 2


  29      6266865D 
  29      8CCCBB18 
  29      59763102 
  30 0015 0C38024C 		.ascii	"\0148\002L"
  31              		.text
  32              		.section	.gnu.lto__port_irq_epilogue.part.0.935a159eafbf258d,"",%progbits
  33 0000 789C9D54 		.ascii	"x\234\235T\337O\024W\024\276g\356\314\354\262]0!>\264"
  33      DF4F1457 
  33      14BE67EE 
  33      CCECB25D 
  33      30213EB4 
  34 0014 890FCB03 		.ascii	"\211\017\313\0031&\306i\323\244\366\305\207\206\244"
  34      3126C669 
  34      D3A4F6C5 
  34      8786A4
  35 0023 A66D3636 		.ascii	"\246m66\354\037`\354\260\226MYf\263\2734\274q]XY\213"
  35      EC1F60EC 
  35      B0964D59 
  35      66B3BB34 
  35      BC715D58 
  36 0039 258D91D5 		.ascii	"%\215\221\325l\206\356\026\022\355\217\320J\265\255"
  36      6C86EE16 
  36      12ED8FD0 
  36      4AB5AD
  37 0048 4015E497 		.ascii	"@\025\344\227\212\002\"\012\2116\215\005$V\264\261\204"
  37      8A02220A 
  37      89368D05 
  37      2456B4B1 
  37      84
  38 0059 DA6A22F4 		.ascii	"\332j\"\364\234;\213\3206m\332n\262w\356=\367\234\363"
  38      9C3B8BD0 
  38      366DDA6E 
  38      B277EE3D 
  38      F79CF3
  39 006c 9DF37D67 		.ascii	"\235\363}gFg\214\355\324\030\233\306\347\253\370\007"
  39      46678CED 
  39      D4189BC6 
  39      E7ABF807 
  40 007c 1703FD83 		.ascii	"\027\003\375\2031\334\350\240\310\247\242\360\324f&"
  40      31DCE8A0 
  40      C8A7A2F0 
  40      D46626
  41 008b 3C2AAD5E 		.ascii	"<*\255^\016\032Y\367\271\325\325\215\006@\033\341\006"
  41      0E1A59F7 
  41      B9D5D58D 
  41      06401BE1 
  41      06
  42 009c 56A72B5C 		.ascii	"V\247+\\\325\240\016\016\362\303\034\372\033\347\273"
  42      D5A00E0E 
  42      F2C31CFA 
  42      1BE7BB
  43 00ab 942DC705 		.ascii	"\224-\307\005\376\372\216,\271\366\213\344\2636g,\215"
  43      FEFA8E2C 
  43      B9F68BE4 
  43      B336672C 
  43      8D
  44 00bc 7FFAC149 		.ascii	"\177\372\301I\330\302\320m\246s\271\245PW\311\016\247"
ARM GAS  /tmp/cc98pesb.s 			page 3


  44      D8C2D06D 
  44      A673B9A5 
  44      5057C90E 
  44      A7
  45 00cd 40970BA0 		.ascii	"@\227\013\240}\242\341\204\315\233\270\315\001T<\376"
  45      7DA2E184 
  45      CD9BB8CD 
  45      01543CFE 
  46 00dd 3C9A992D 		.ascii	"<\232\231-\242\243\002><\276wq\256m\003\177\035(\303"
  46      A2A3023E 
  46      3CBE7771 
  46      AE6D037F 
  46      1D28C3
  47 00f0 DDDE1F1F 		.ascii	"\335\336\037\037yK\333\205H\210\276\207\331\342\366"
  47      794BDB85 
  47      4888BE87 
  47      D9E2F6
  48 00ff 7A7141A8 		.ascii	"zqA\2506\347\360\015p\312\3725l\202\257`\223D]\003\204"
  48      36E7F00D 
  48      70CAFA35 
  48      6C82AF60 
  48      93445D03 
  49 0114 D350EA80 		.ascii	"\323P\352\200u!\352S{\203\254\367\341\307\033UF\027"
  49      7521EA53 
  49      7B83ACF7 
  49      E1C71B55 
  49      4617
  50 0126 692E21E6 		.ascii	"i.!\346\233\206\316\272\370.\271\377e\251\363\230\236"
  50      9B86CEBA 
  50      F82EB9FF 
  50      65A9F398 
  50      9E
  51 0137 87FB35F3 		.ascii	"\207\3735\363\362\2477\356\010q(\0056W\241\347\037\001"
  51      F2A737EE 
  51      08712805 
  51      3657A1E7 
  51      1F01
  52 0149 BF25C06E 		.ascii	"\277%\300n\004<Cm\342\002\214q\262\242O\347\375G\347"
  52      043C436D 
  52      E2028C71 
  52      B2A24FE7 
  52      FD47E7
  53 015c 64D24392 		.ascii	"d\322C\222\254c\365I\331\203C\313\372|p\026J\251\364"
  53      AC63F549 
  53      D98343CB 
  53      FA7C7016 
  53      4AA9F4
  54 016f 2FAE6A42 		.ascii	"/\256jB,\2574\012q\343\305b/0\312\2430\272\341rU\231"
  54      2CAF340A 
  54      71E3C562 
  54      2F30CAA3 
  54      30BAE172 
  55 0185 CD350D17 		.ascii	"\3155\015\027\235\261\024RN\032\245\360\200O~\200+\362"
  55      9DB11452 
  55      4E1AA5F0 
  55      804F7E80 
  55      2BF2
ARM GAS  /tmp/cc98pesb.s 			page 4


  56 0197 B900FB66 		.ascii	"\271\000\373fz\336\1770\002NE\214\265\021\361\351\346"
  56      7ADE7F30 
  56      024E458C 
  56      B511F1E9 
  56      E6
  57 01a8 74562D39 		.ascii	"tV-9\001Yq\324gs\027u\360d&9[\240*\210\336\013%\262"
  57      015971D4 
  57      67731775 
  57      F0642639 
  57      5BA02A88 
  58 01c0 A7E19993 		.ascii	"\247\341\231\223\335:Z\240\017\324\014r\304\340\034"
  58      DD3A5AA0 
  58      0FD40C72 
  58      C4E01C
  59 01cf A86C1E12 		.ascii	"\250l\036\022>\331\030\026CV<\337jj\036*&&e\373\354"
  59      3ED91816 
  59      43563CDF 
  59      6A6A1E2A 
  59      262665FB 
  60 01e4 2E24161B 		.ascii	".$\026\033?\341d\310p%\357\343\223\367\247)FA\217z{"
  60      3FE164C8 
  60      7025EFE3 
  60      93F7A729 
  60      46418F7A 
  61 01f9 7FC76485 		.ascii	"\177\307d\205\343\302\321\204p\223?\014\2465g\030n\255"
  61      E3C2D184 
  61      70933F0C 
  61      A6356718 
  61      6EAD
  62 020b ACAC6C80 		.ascii	"\254\254l\200~\244\343\217\221\234r/\335iMz\310\206"
  62      7EA4E38F 
  62      919C722F 
  62      DD694D7A 
  62      C886
  63 021d 3173C717 		.ascii	"1s\307\027[\012(\206;1h\262\037\244\276\367\346\340"
  63      5B0A2886 
  63      3B3168B2 
  63      1FA4BEF7 
  63      E6E0
  64 022f 4314CB8D 		.ascii	"C\024\313\215\211a\200HE\373\371\345\341Qnt\220\364"
  64      89618048 
  64      45FBF9E5 
  64      E1516E74 
  64      90F4
  65 0241 B9BD362F 		.ascii	"\271\2756/\200A\310A\213\034T\030\002\203\246\361\366"
  65      8041C841 
  65      8B1C5418 
  65      0283A6F1 
  65      F6
  66 0252 E37199CC 		.ascii	"\343q\231\314\003\350\344\206a\214\224\275\234\271\276"
  66      03E8E486 
  66      618C94BD 
  66      9CB9BE
  67 0261 D1A954A5 		.ascii	"\321\251T\245\022VK\242\234\013s\255n~\012\344\314\034"
  67      12564BA2 
  67      9C0B73AD 
  67      6E7E0AE4 
ARM GAS  /tmp/cc98pesb.s 			page 5


  67      CC1C
  68 0273 FC6CF173 		.ascii	"\374l\361s\236\237\231\251\2547#\372\032|40\347\377"
  68      9E9F99A9 
  68      AC3723FA 
  68      1A7C3430 
  68      E7FF
  69 0285 3A307081 		.ascii	":0p\201\272Q\331\002$P\234\243\227\340O\243yd\312\243"
  69      BA51D902 
  69      24509CA3 
  69      97E04FA3 
  69      7964CAA3 
  70 0299 914F7E3C 		.ascii	"\221O~<\225\365\357\020\\D6FH\313\021\232.`\003\024"
  70      95F5EF10 
  70      5C443646 
  70      48CB119A 
  70      2E600314 
  71 02ad DD96FDF2 		.ascii	"\335\226\375\3627O\311D^\320g(\240c\266G\270\245\240"
  71      374FC944 
  71      5ED06728 
  71      A063B647 
  71      B8A5A0
  72 02c0 97F2827E 		.ascii	"\227\362\202~\227\351>\354!A/\223\240*\336\214\312\367"
  72      97E93EEC 
  72      21412F93 
  72      A02ADE8C 
  72      CAF7
  73 02d2 AEBD3371 		.ascii	"\256\2753q\331[rm\3754\2145'>\362\312\3401\012\206\361"
  73      D95B726D 
  73      FD348C35 
  73      273EF2CA 
  73      E0310A86 
  74 02e7 55E5490B 		.ascii	"U\345I\013\252\214\335\203\372\\o\313s\0161\032\206"
  74      AA8CDD83 
  74      FA5C6FCB 
  74      730E311A 
  74      86
  75 02f8 7475DDBB 		.ascii	"tu\335\273\351\252{\"\3346\367\246\221'\006W\240\016"
  75      E9AA7B22 
  75      DC36F7A6 
  75      91270657 
  75      A00E
  76 030a 87B390DD 		.ascii	"\207\263\220\335\206\206\233\003\203\260\346\232N\366"
  76      86869B03 
  76      83B0E69A 
  76      4EF6
  77 0318 8FBB8869 		.ascii	"\217\273\210ij`\"O\312\001\214Im\346\310\370\343\306"
  77      6A60224F 
  77      CA018C49 
  77      6DE6C8F8 
  77      E3C6
  78 032a D6E91CE4 		.ascii	"\326\351\034\3449\3767zV\223\236W\245\236@\364NJ=W\013"
  78      39FE377A 
  78      56939E57 
  78      A59E40F4 
  78      4E4A3D57 
  79 033f 4AA1C722 		.ascii	"J\241\307\"\206\027\245e\317\327\260*BS\237\242\335"
  79      8617A565 
ARM GAS  /tmp/cc98pesb.s 			page 6


  79      CFD7B02A 
  79      42539FA2 
  79      DD
  80 0350 FF1F68D7 		.ascii	"\377\037h\327\327\320\246\376\016\015\277\2710\235G"
  80      D7D0A6FE 
  80      0E0DBFB9 
  80      309D47
  81 035f D3E4DBF8 		.ascii	"\323\344\333\370\023(\316\2271\205\241h\300\323N\243"
  81      1328CE97 
  81      3185A168 
  81      C0D34EA3 
  82 036f D20A078D 		.ascii	"\322\012\007\215=U\301Z\243\2542\364V(\020\257\251\010"
  82      3D55C15A 
  82      A3AC32F4 
  82      562810AF 
  82      A908
  83 0381 5986497B 		.ascii	"Y\206I{+\366\302\366\227\014\303\212\031\246\025\016"
  83      2BF6C2F6 
  83      970CC38A 
  83      19A6150E 
  84 0391 5BD546C4 		.ascii	"[\325F\304\212\306c\306+\345\3762\177-\272\230V4\270"
  84      8AC663C6 
  84      2BE5FE32 
  84      7F2DBA98 
  84      5634B8
  85 03a4 FBDDEDE1 		.ascii	"\373\335\355\341m&S\315xmD\217\006c5U\3617\376S\316"
  85      6D2653CD 
  85      786D448F 
  85      06633555 
  85      F137FE53 
  86 03b9 606DDC28 		.ascii	"`m\334(\363\007^\013\030\241j\263\252\246\"h\230\341"
  86      F3075E0B 
  86      18A16AB3 
  86      AAA62268 
  86      98E1
  87 03cb 5828B6FB 		.ascii	"X(\266\373m\323\334V\311\012\375\345\001_\351\363[}"
  87      6DD3DC56 
  87      C90AFDE5 
  87      015FE9F3 
  87      5B7D
  88 03dd 9158C4C3 		.ascii	"\221X\304\303\370\216(+\212[\221]{\337\214Zf \276\307"
  88      F88E282B 
  88      8A5B915D 
  88      7BDF8C5A 
  88      6620BEC7 
  89 03f1 7CA7D01F 		.ascii	"|\247\320\037(\247\313\255\350\345aJ\224\361X\204\375"
  89      28A7CBAD 
  89      E8E5614A 
  89      94F15884 
  89      FD
  90 0402 0E6E90F6 		.ascii	"\016n\220\366\376"
  90      FE
  91              		.text
  92              		.section	.gnu.lto_SVC_Handler.935a159eafbf258d,"",%progbits
  93 0000 789CAD93 		.ascii	"x\234\255\223\337o\024U\024\307\317\231;;\273\226-\022"
  93      DF6F1455 
  93      14C7CF99 
ARM GAS  /tmp/cc98pesb.s 			page 7


  93      3B3BBB96 
  93      2D12
  94 0012 DF0C8DD9 		.ascii	"\337\014\215\331\215i\002\011a\364Ex\321\304\364\001"
  94      8D690209 
  94      61F44578 
  94      D1C4F401 
  95 0022 7F6483E9 		.ascii	"\177d\203\351\376\001\244\014\003\335\330e6;[R\237\030"
  95      FE01A40C 
  95      03DDD865 
  95      363B5B52 
  95      9F18
  96 0034 768B5B2C 		.ascii	"v\213[,\020\243\2706\233m\252m\202\015\004h)X\351\326"
  96      10A3B836 
  96      9B6DAA6D 
  96      820D0468 
  96      2958E9D6 
  97 0048 656CA5E5 		.ascii	"el\245\345W\013\255%1\306\030m\261j1F\353\357D\252\347"
  97      570BAD25 
  97      31C6186D 
  97      B16A3146 
  97      EBEF44AA 
  98 005d DC19B414 		.ascii	"\334\031\264\024\022c\342$3\271\367\236\357\371\365"
  98      1263E224 
  98      33B9F79E 
  98      EFF9F5
  99 006c 39773400 		.ascii	"9w4\000\350Q\001\236B\200\265\264F\001\250\274:\011"
  99      E851019E 
  99      4280B5B4 
  99      4601A8BC 
  99      3A09
 100 007e B02FA420 		.ascii	"\260/\244 \362\302\011!\354Up/\036\024G\004\216\344"
 100      F2C20921 
 100      EC55702F 
 100      1E144704 
 100      8EE4
 101 0090 E7CF29EB 		.ascii	"\347\317)\353\337q\350q\337\374\343a\247\327\305\222"
 101      DF71E871 
 101      DFFCE361 
 101      A7D7C592 
 102 00a0 0028D0CB 		.ascii	"\000(\320\313\017\016\340z \331Tk_I\264\213\222@Ti\373"
 102      0F0EE07A 
 102      20D9546B 
 102      5F49B48B 
 102      92405469 
 103 00b5 C344716E 		.ascii	"\303Dqn5o\025\214\320\366\225K7\273\037\024\317!+\027"
 103      356F158C 
 103      D0F6954B 
 103      37BB1F14 
 103      CF212B17 
 104 00c9 CE7FF37B 		.ascii	"\316\177\363{\270\266\307q\262\216;\326\361Hw\316\271"
 104      B8B6C771 
 104      B28E3BD6 
 104      F14877CE 
 104      B9
 105 00da E8A82521 		.ascii	"\350\250%!\360]\024\024\025\317b\015\236\301\032\031"
 105      F05D1414 
 105      15CF620D 
ARM GAS  /tmp/cc98pesb.s 			page 8


 105      9EC11A19 
 106 00ea 9DE4B3FD 		.ascii	"\235\344\263\375KoTk*\016b\255\227\024\337C\015\250"
 106      4B6F546B 
 106      2A0E62AD 
 106      9714DF43 
 106      0DA8
 107 00fc 78858F48 		.ascii	"x\205\217H0\337~\241\022\024[e\354\237\177\352?\252"
 107      30DF7EA1 
 107      12145B65 
 107      EC9F7FEA 
 107      3FAA
 108 010e F9B17F2D 		.ascii	"\371\261\177-n>\366\311\327\216\363Z\033\025\254\342"
 108      6E3EF6C9 
 108      D78EF35A 
 108      1B15ACE2 
 109 011e B97BA3E3 		.ascii	"\271{\243\343\020\326\236\232\016\270\316\322\237yj"
 109      10D69E9A 
 109      0EB8CED2 
 109      9F796A
 110 012d AE263FFE 		.ascii	"\256&?\376YQ\011\"\224D\200\224\024]\225\337\200\024"
 110      59510922 
 110      94448094 
 110      145D95DF 
 110      8014
 111 013f 02B45176 		.ascii	"\002\264Qv\342\343\270p@(\274\312\271p\013\367\315\226"
 111      E2E3B870 
 111      4028BCCA 
 111      B9700BF7 
 111      CD96
 112 0151 0F7D7F19 		.ascii	"\017}\177\031\377\256\264\325#\325\247=#+-\010\\\336"
 112      FFAEB4D5 
 112      23D5A73D 
 112      232B2D08 
 112      5CDE
 113 0163 0507C232 		.ascii	"\005\007\3022j8\314M\014{\235t\263w\341p\241K\215\366"
 113      6A38CC4D 
 113      0C7B9D74 
 113      B377E170 
 113      A14B8DF6 
 114 0177 6197D311 		.ascii	"a\227\323\021)\011\215\235n\317\356\237{@U\250\320\367"
 114      29098D9D 
 114      6ECFEE9F 
 114      7B4055A8 
 114      D0F7
 115 0189 312A618C 		.ascii	"1*a\214\315\016\014it\202\025T\213\"@\226\363\250\302"
 115      CD0E0C69 
 115      74821554 
 115      8B224096 
 115      F3A8C2
 116 019c 3C663F97 		.ascii	"<f?\227Ep@N\301&>l\357\310=\304Ex\365/`v1\177@\360A"
 116      4570404E 
 116      C1263E6C 
 116      EFC83DC4 
 116      4578F52F 
 117 01b7 51085F13 		.ascii	"Q\010_\023\221\366A\366\021\244\310\225^\236\030\250"
 117      91F641F6 
 117      11A4C895 
ARM GAS  /tmp/cc98pesb.s 			page 9


 117      5E9E18A8 
 118 01c7 F1249441 		.ascii	"\361$\224A,\037%b\004]Bw\267\227\352\305\275=\020\366"
 118      2C1F2562 
 118      045D4277 
 118      B797EAC5 
 118      BD3D10F6 
 119 01db BC908FEE 		.ascii	"\274\220\217\356H\310}\374\326\315\316\2208\203\022"
 119      48C87DFC 
 119      D6CDCE90 
 119      388312
 120 01ea C3C1E38B 		.ascii	"\303\301\343\213'\205?\237_v\025\035\2675\302\263\371"
 120      27853F9F 
 120      5F76151D 
 120      B735C2B3 
 120      F9
 121 01fb E03EB319 		.ascii	"\340>\263\031\341\340H\200\263\004\270\343\312J\300"
 121      E1E04880 
 121      B304B8E3 
 121      CA4AC0
 122 020a AF573496 		.ascii	"\257W4\226\370\214\225e\214\001G\251\266\017\031-}\220"
 122      F88C9565 
 122      8C0147A9 
 122      B60F192D 
 122      7D90
 123 021c 008FB273 		.ascii	"\000\217\262sw\327\351\337\252\242S>\337 ;\234\230+"
 123      77D7E9DF 
 123      AAA2533E 
 123      DF203B9C 
 123      982B
 124 022e 3B21C9F7 		.ascii	";!\311\367\202\317\367\323\342\320\221*\346;\306|i4"
 124      82CFF7D3 
 124      E2D0912A 
 124      E63BC67C 
 124      6934
 125 0240 382EAF73 		.ascii	"8.\257sO\177\366j8:\263|8\223\207\263o\207\245\363E"
 125      4F7FF66A 
 125      383AB37C 
 125      389387B3 
 125      6F87A5F3 
 126 0255 76C64BF8 		.ascii	"v\306K\370O\333\2622\332\311\262\276\032\316\317\240"
 126      4FDBB232 
 126      DAC9B2BE 
 126      1ACECFA0 
 127 0265 F8D803F0 		.ascii	"\370\330\003\360\355|\233\253\336\271\240\345u\235\271"
 127      ED7C9BAB 
 127      DEB9A0E5 
 127      759DB9
 128 0274 F643CE5B 		.ascii	"\366C\316[\3315\014\341\362} \\\2217\274\260\177\344"
 128      D9350CE1 
 128      F27D205C 
 128      9137BCB0 
 128      7FE4
 129 0286 5A9027A0 		.ascii	"Z\220'\240R7W\311\346A\351\233\276\007\312\214\346\003"
 129      523757C9 
 129      E641E99B 
 129      BE07CA8C 
 129      E603
ARM GAS  /tmp/cc98pesb.s 			page 10


 130 0298 11B0C2F4 		.ascii	"\021\260\302\364cys/E\237`\243\272\322\270\320)8\025"
 130      6379732F 
 130      459F60A3 
 130      BAD2B8D0 
 130      293815
 131 02ab E0249B03 		.ascii	"\340$\233\003w\301\274F\355\\g\230\327=\230G\225\177"
 131      77C1BC46 
 131      ED5C6798 
 131      D73D9847 
 131      957F
 132 02bd 8339E5C3 		.ascii	"\2039\345\303\\\352\372\242\262\212aN\243*\313\006\374"
 132      5CEAFAA2 
 132      B28A614E 
 132      A32ACB06 
 132      FC
 133 02ce 48D2ECAD 		.ascii	"H\322\354\255\214~\031\216\016*\236w\210\265\213'O\337"
 133      8C7E198E 
 133      0E2A9E77 
 133      88B58B27 
 133      4FDF
 134 02e0 5825BD67 		.ascii	"X%\275g$\315\033>M\211\000\340;\276\314\307\037\225"
 134      24CD1B3E 
 134      4D8900E0 
 134      3BBECCC7 
 134      1F95
 135 02f2 BF3E3F6D 		.ascii	"\277>?m4\033\372\001I\277Eo\264\222\246\336\320d\266"
 135      341BFA01 
 135      49BF456F 
 135      B492A6DE 
 135      D064B6
 136 0305 E8758D89 		.ascii	"\350u\215\211\355\211x\246yG\302\322\015^[\366\343\233"
 136      ED8978A6 
 136      7947C2D2 
 136      0D5E5BF6 
 136      E39B
 137 0317 9ED075CB 		.ascii	"\236\320u\313\326\015+\231\264v\353)+\235\261\365\247"
 137      D60D2B99 
 137      B476EB29 
 137      2B9DB1F5 
 137      A7
 138 0328 EB6375B1 		.ascii	"\353cu\261\026\222\030V\332\334\266gSr\243\001\252\221"
 138      16921856 
 138      DADCB667 
 138      5372A301 
 138      AA91
 139 033a 69496969 		.ascii	"iIii\323nn\312<\377\237b\232-\031\275.\026\1776\256"
 139      D36E6ECA 
 139      3CFF9F62 
 139      9A2D19BD 
 139      2E167F36 
 140 034f 27761B4D 		.ascii	"'v\033M\315;L\335H\332\011{\333.\303\330\330\010\325"
 140      CD3B4CDD 
 140      48DA097B 
 140      DB2EC3D8 
 140      D808D5
 141 0362 B1FA78A4 		.ascii	"\261\372x\244\366\261\015\221\224\235\252\002\361d\032"
 141      F6B10D91 
ARM GAS  /tmp/cc98pesb.s 			page 11


 141      949DAA02 
 141      F1641A
 142 0371 5667ACD4 		.ascii	"Vg\254\324\326\235/\244-#\236i0^\254\216\305\353\331"
 142      D69D2FA4 
 142      2D239E69 
 142      305EAC8E 
 142      C5EBD9
 143 0384 B8815455 		.ascii	"\270\201TU\240\244A\330)\010\354ihj6\377\237\336\032"
 143      A0A441D8 
 143      2908EC69 
 143      686A36FF 
 143      9FDE1A
 144 0397 610DA7D8 		.ascii	"a\015\247\330\336`\233\251t\202\323@0i&\255\364K\360"
 144      DE609BA9 
 144      7482D340 
 144      306926AD 
 144      F44BF0
 145 03aa 17DC09DC 		.ascii	"\027\334\011\334\222"
 145      92
 146              		.text
 147              		.section	.gnu.lto__port_irq_epilogue.935a159eafbf258d,"",%progbits
 148 0000 789CAD53 		.ascii	"x\234\255S\333K\024Q\030?\337\234\231\335mW\305\307"
 148      DB4B1451 
 148      183FDF9C 
 148      99DD6D57 
 148      C5C7
 149 0012 041FD607 		.ascii	"\004\037\326\007!A\232\002\311^z\010\037\242\304\027"
 149      21419A02 
 149      C95E7A08 
 149      1FA2C417 
 150 0022 F70F101D 		.ascii	"\367\017\020\035\227\\p\035\331U\261\247=\353\335,\210"
 150      975C701D 
 150      D955B1A7 
 150      3DEBDD2C 
 150      88
 151 0033 528B6D6D 		.ascii	"R\213mmE\037R\3204\273\256\267&\255\254\274\213A\344"
 151      451F52D0 
 151      34BBAEB7 
 151      26ADACBC 
 151      8B41E4
 152 0046 53DE22DB 		.ascii	"S\336\"\333\242\213\201\202i\337\231\335LV(\202\016"
 152      A28B8182 
 152      69DF99DD 
 152      4C562882 
 152      0E
 153 0057 CCCC39DF 		.ascii	"\314\3149\337\355\367}\277\363\033\003!\344\033%d\007"
 153      EDF77DBF 
 153      F31B0321 
 153      E41B2564 
 153      07
 154 0068 BF27F001 		.ascii	"\277'\360\001\003\001\341\322\024!^\223 \320\345\004"
 154      0301E1D2 
 154      14215E93 
 154      20D0E504 
 155 0078 C2CC6257 		.ascii	"\302\314bW\032a1\024$n\0061\374\365\232$\000\276a& "
 155      1A613114 
 155      246E0631 
ARM GAS  /tmp/cc98pesb.s 			page 12


 155      FCF59A24 
 155      00BE6126 
 156 008d 1E818A12 		.ascii	"\036\201\212\022x\340\002m\2440R\273\032\024Rn2\\\332"
 156      78E0026D 
 156      A43052BB 
 156      1A14526E 
 156      325CDA
 157 00a0 D575630D 		.ascii	"\325uc\015\253>\350G\200f|\370\202;\220B0l\361\366v"
 157      AB3EE847 
 157      80667CF8 
 157      823B9042 
 157      306CF1F6 
 158 00b5 53AC410C 		.ascii	"S\254A\014\333\341.\307\305M\317\234\244\261\355\235"
 158      DBE12EC7 
 158      C54DCF9C 
 158      A4B1ED9D 
 159 00c5 5AA66DB5 		.ascii	"Z\246m\265CK\246I ~\012\224\277\010\251\303HDd\032\251"
 159      434BA649 
 159      207E0A94 
 159      BF08A9C3 
 159      4844641A 
 160 00da A702DF55 		.ascii	"\247\002\337Ujd\025\004^l\266\252\327O\033\250\237\012"
 160      6A641504 
 160      5E6CB6AA 
 160      D74F1BA8 
 160      9F0A
 161 00ec 20E2F1CB 		.ascii	" \342\361\313\244o)\216\037)X\361\370n\260v\036\350"
 161      A46F298E 
 161      1F2958F1 
 161      F86EB076 
 161      1EE8
 162 00fe 19E091A1 		.ascii	"\031\340\221\241\325:MLng\254\202ic\276C\276\312\206"
 162      D53A4D4C 
 162      6E67AC82 
 162      6963BE43 
 162      BECA86
 163 0111 8BACB522 		.ascii	"\213\254\265\"\336OEx\000\024\233\201\373\220\010\367"
 163      DE4F4578 
 163      00149B81 
 163      FB9008F7 
 164 0121 2031DCEC 		.ascii	" 1\334\354CH\306\244\332\367lH\344\365D\260B\020}\037"
 164      4348C6A4 
 164      DAF76C48 
 164      E4F544B0 
 164      42107D1F 
 165 0135 A06271A9 		.ascii	"\240bq\251\251w\016v\007\251\322\347\275\262a\324gi"
 165      A9770E76 
 165      07A9D2E7 
 165      BDB261D4 
 165      6769
 166 0147 A640A25C 		.ascii	"\246@\242\\\243\276\324\000V\357\347N!\3329w\235r(\002"
 166      A3BED400 
 166      56EFE74E 
 166      21DA3977 
 166      9D722802 
 167 015b 03DC4DF7 		.ascii	"\003\334M\367\362\003\203`\200!N\017\276\000IZ\346\240"
 167      F2038360 
ARM GAS  /tmp/cc98pesb.s 			page 13


 167      80214E0F 
 167      BE00495A 
 167      E6A0
 168 016d 6D81BE0D 		.ascii	"m\201\276\015s\322w\010\260kV?\225xB\367\322\0003\211"
 168      73D27708 
 168      B06B563F 
 168      957842F7 
 168      D2003389 
 169 0181 02363D0C 		.ascii	"\0026=\014I\204[>\207\346\027\004\264\300#\2745\336"
 169      49845B3E 
 169      87E61704 
 169      B4C023BC 
 169      35DE
 170 0193 36014DE7 		.ascii	"6\001M\347\247cxt%&i#\222m\340\261_o\365\275\262\350"
 170      A7637874 
 170      25266923 
 170      926DE0B1 
 170      5F6FF5BD 
 171 01a9 D98F7936 		.ascii	"\331\217y6\214\200\210\344VXu\012\010Y\203\221\376\315"
 171      8C8088E4 
 171      5658750A 
 171      08598391 
 171      FECD
 172 01bb B69DD7C0 		.ascii	"\266\235\327\300\247\363Q\0013\232\253G\246\215\234"
 172      A7F35101 
 172      339AAB47 
 172      A68D9C
 173 01ca 14A33EAB 		.ascii	"\024\243>\25378\330(\205\217\354M%\213C\323\332\354"
 173      3738D828 
 173      858FEC4D 
 173      258B43D3 
 173      DAEC
 174 01dc FA8CD40A 		.ascii	"\372\214\324\0127\2748\"\342\230\340\011R;\312\373@"
 174      37BC3822 
 174      E298E009 
 174      523BCAFB 
 174      40
 175 01ed E7E5F39D 		.ascii	"\347\345\363\235\235f\271\233Uy\271\357\000<\205Vh\322"
 175      9D66B99B 
 175      5579B9EF 
 175      003C8556 
 175      68D2
 176 01ff 3502CF40 		.ascii	"5\002\317@F\300\312\255\232N)\014G\303\210\037'V\332"
 176      46C0CAAD 
 176      9A4E290C 
 176      47C3881F 
 176      2756DA
 177 0212 F46B0060 		.ascii	"\364k\000`\3610\206\205V\240ja4-\022\204\021=\241\340"
 177      F1308685 
 177      56A06A61 
 177      342D1284 
 177      113DA1E0 
 178 0226 666C3882 		.ascii	"fl8\202\300\363\310%\326#\241\313\011(\226\020P]h\030"
 178      C0F3C825 
 178      D623A1CB 
 178      09289610 
 178      505D6818 
ARM GAS  /tmp/cc98pesb.s 			page 14


 179 023a 180C8616 		.ascii	"\030\014\206\026\214\236\037\314\344\247\346f*\"\350"
 179      8C9E1FCC 
 179      E4A7E666 
 179      2A22E8
 180 0249 0BF0A0CC 		.ascii	"\013\360\240\314,z\274H\272\322~\213+J2-\177\221\314"
 180      2C7ABC48 
 180      BAD27E8B 
 180      2B4A322D 
 180      7F91CC
 181 025c 4B5D32BB 		.ascii	"K]2\273\354\210\330\311\370\237$\343\263D$#\355\227"
 181      EC88D8C9 
 181      F89F24E3 
 181      B3442423 
 181      ED97
 182 026e CCF10EAC 		.ascii	"\314\361\016\254>\301\235\206h\347Z\013\345P\004&\367"
 182      3EC19D86 
 182      68E75A0B 
 182      E5500426 
 182      F7
 183 027f 4B660A95 		.ascii	"Kf\012\2252\315%3\275G2\333\201\267\303\226_j\030\327"
 183      32CD2533 
 183      BD4732DB 
 183      81B7C396 
 183      5F6A18D7 
 184 0293 D530A3AB 		.ascii	"\3250\243\253!\372\352gw\257\236\327\327\011\221\"\277"
 184      21FAEA67 
 184      77AF9ED7 
 184      D7099122 
 184      BF
 185 02a4 DB276444 		.ascii	"\333'dD_u(p4\341\351\224\\\240:\355rn\241\275\\\316"
 185      5F752870 
 185      34E1E994 
 185      5CA03AED 
 185      726EA1BD 
 186 02ba 2870E439 		.ascii	"(p\3449l%\245\371\016UV\370^u\037M?&\313\252[VT\247"
 186      6C25A5F9 
 186      0E5556F8 
 186      5E751F4D 
 186      3F26CBAA 
 187 02d2 532D928B 		.ascii	"S-\222\213UW\211[>\231\235\225\221U\216!\212\352\262"
 187      5557895B 
 187      3E999D95 
 187      91558E21 
 187      8AEAB2
 188 02e5 E794A53B 		.ascii	"\347\224\245;\017+D*\313-,\265\377\237j\005$\363\237"
 188      0F2B442A 
 188      CB2D2CB5 
 188      FF9F6A05 
 188      24F39F
 189 02f8 EAD8CB4B 		.ascii	"\352\330\313K\344\214,\333i\233\354(R\012K\363\355\262"
 189      E48C2CDB 
 189      699BEC28 
 189      520A4BF3 
 189      EDB2
 190 030a E2743BDC 		.ascii	"\342t;\3349g\025\005k\305g\331\262\255y\271n{\261\313"
 190      39671505 
 190      6BC567D9 
ARM GAS  /tmp/cc98pesb.s 			page 15


 190      B2AD79B9 
 190      6E7BB1CB 
 191 031e 916A4D3E 		.ascii	"\221jM>B\004\0271:\355N\325u\216\374\004\\\255\236\271"
 191      42041731 
 191      3AED4ED5 
 191      758EFC04 
 191      5CAD9EB9 
 192              		.text
 193              		.section	.gnu.lto_.symbol_nodes.935a159eafbf258d,"",%progbits
 194 0000 789C6363 		.ascii	"x\234cc``\250\001b\006\246&\246z\006\206\011\347\030"
 194      6060A801 
 194      6206A626 
 194      A67A0686 
 194      09E718
 195 0013 18EA1918 		.ascii	"\030\352\031\030w\266\034lp```\374\303X\317\010\026"
 195      77B61C6C 
 195      70606060 
 195      FCC358CF 
 195      0816
 196 0025 63606858 		.ascii	"c`hX\000\022\370\313X\317\204,\300\364\223\261\236\031"
 196      0012F8CB 
 196      58CF842C 
 196      C0F493B1 
 196      9E19
 197 0037 AA8B6157 		.ascii	"\252\213aW\203#P\344\027c=\013\212\010\343o\306zV\230"
 197      832350E4 
 197      17633D0B 
 197      8A08E36F 
 197      C67A5698 
 198 004b 2690B1CC 		.ascii	"&\220\261\314\014\254\014K\332\337\3103\26300<z\251"
 198      0CAC0C4B 
 198      DADFC833 
 198      B330303C 
 198      7AA9
 199 005d C300002B 		.ascii	"\303\000\000+\244 \247"
 199      A420A7
 200              		.text
 201              		.section	.gnu.lto_.refs.935a159eafbf258d,"",%progbits
 202 0000 789C6363 		.ascii	"x\234cc``\340\004b&\006&F~&&\001\006\000\001\213\000"
 202      6060E004 
 202      62260626 
 202      467E2626 
 202      01060001 
 203 0016 38       		.ascii	"8"
 204              		.text
 205              		.section	.gnu.lto_.decls.935a159eafbf258d,"",%progbits
 206 0000 789CDD59 		.ascii	"x\234\335YyP\024Y\232\257W\257\012(N\003\235Yg\202\210"
 206      79501459 
 206      9AAF57AF 
 206      0A284E03 
 206      9D596782 
 207 0015 E9ED36A2 		.ascii	"\351\3556\242\211\215\030\321\356\336\351\216\331\375"
 207      898D18D1 
 207      EEDEE98E 
 207      D9FD
 208 0023 432C7564 		.ascii	"C,ud\267\3351(\333\231\377\252\031d\032f9\034\300m\373"
 208      B7DD3128 
ARM GAS  /tmp/cc98pesb.s 			page 16


 208      DB99FFAA 
 208      19641A66 
 208      391CC06D 
 209 0038 8FED4E2C 		.ascii	"\217\355N,@.\025\024\345\220K9\345PP\360\002\345>\005"
 209      402E1514 
 209      E5904B39 
 209      E55050F0 
 209      02E53E05 
 210 004c 5454149B 		.ascii	"TT\024\233[\004\244E\001\017\024\020\366{\357eV\275"
 210      5B04A445 
 210      010F1410 
 210      F67BEF65 
 210      56BD
 211 005e 4A8ADEDE 		.ascii	"J\212\336\336\230\371k+\3702\363{\371{\337\375\276|"
 211      98F96B2B 
 211      F832F37B 
 211      F97BDFFD 
 211      BE7C
 212 0070 99582914 		.ascii	"\231X)\024\212\177\371@\241pP+\024\341H\241X\202\237"
 212      8A7FF940 
 212      A170502B 
 212      14E148A1 
 212      58829F
 213 0083 0AC66A15 		.ascii	"\012\306j\025\246\237\025P%\320u\240\032\240:\240\006"
 213      A69F1550 
 213      25D075A0 
 213      1AA03AA0 
 213      06
 214 0094 A076C5F2 		.ascii	"\240v\305\362\337\327 \303\011\316_\0029\003\255\001"
 214      DFD720C3 
 214      09CE5F02 
 214      3903AD01 
 215 00a4 9A009A06 		.ascii	"\232\000\232\006\372\020\250\031h\036h\014\250\013H"
 215      FA10A819 
 215      681E680C 
 215      A80B48
 216 00b3 0FF40E68 		.ascii	"\017\364\016h\021\350\006\320\022\220\022h\024h\210"
 216      11E806D0 
 216      12901268 
 216      146888
 217 00c2 D3AD02B9 		.ascii	"\323\255\002\271\032\304tJv\310\177\021\004\363#\272"
 217      1AC4744A 
 217      76C87F11 
 217      04F323BA 
 218 00d2 E7455D8E 		.ascii	"\347E]\216\310\344W\035'{\025\2203\320\317\320r\331"
 218      C8E4571D 
 218      277B1590 
 218      33D0CFD0 
 218      72D9
 219 00e4 D130662F 		.ascii	"\3210f/\312\376\220\223?\315\311l\002j\000r\001j\006"
 219      CAFE9093 
 219      3FCDC96C 
 219      026A0072 
 219      016A06
 220 00f7 BA0AE344 		.ascii	"\272\012\343DT2\034\254\305\230\265\302\365\015Q\007"
 220      54321CAC 
 220      C598B5C2 
ARM GAS  /tmp/cc98pesb.s 			page 17


 220      F50D5107 
 221 0107 F14BD229 		.ascii	"\361K\322)\377%bt\265\366Z\265\335\000\352C\020\017"
 221      FF256274 
 221      B5F65AB5 
 221      DD00EA43 
 221      100F
 222 0119 B48A8E22 		.ascii	"\264\212\216\"\304\216p&D\371%\351\207\3308\214*\331"
 222      C48E7026 
 222      44F925E9 
 222      87D8388C 
 222      2AD9
 223 012b 49841246 		.ascii	"I\204\022F\232\202\214#JQ\206R\222K\377D\001\210\227"
 223      9A828C23 
 223      4A518652 
 223      924BFF44 
 223      018897
 224 013e CAEE3375 		.ascii	"\312\3563u\322\217y\306.\270ylHiR\306MYf\253\302x\333"
 224      D28F79C6 
 224      2EB8796C 
 224      486952C6 
 224      4D5966AB 
 225 0155 6894C949 		.ascii	"h\224\311I$\006\241\250\341`\207\355 \352\207\273\177"
 225      2406A1A8 
 225      E16087ED 
 225      20EA87BB 
 225      7F
 226 0166 5428E26D 		.ascii	"T(\342m\002\020\031]8t\375\242=V\322\353\333\317\007"
 226      0210195D 
 226      3874FDA2 
 226      3D56D2EB 
 226      DBCF07
 227 0179 32D4D885 		.ascii	"2\324\330\205^g\264t\027\251\326\027\013\354gs\003+"
 227      5E67B474 
 227      17A9D617 
 227      0BEC6773 
 227      032B
 228 018b D04584A5 		.ascii	"\320E\204\245\2006.\315\3268\305b\344l\213\224\300v"
 228      80362ECD 
 228      D638C562 
 228      E46C8B94 
 228      C076
 229 019d 4DB5A7DB 		.ascii	"M\265\247\333\001\273\306\026\255\002\2668n)Q\275\366"
 229      01BBC616 
 229      AD02B638 
 229      6E2951BD 
 229      F6
 230 01ae 0499186F 		.ascii	"\004\231\030o\020V)\321\227?GW\220\013\272\214\\\300"
 230      105629D1 
 230      973F4757 
 230      900BBA8C 
 230      5CC0
 231 01c0 9CAB682D 		.ascii	"\234\253h-\034\003ULRFl^\205\343\373YB\315\240P3\226"
 231      1C03554C 
 231      52466C5E 
 231      85E3FB59 
 231      42CDA050 
 232 01d6 EE9AD91E 		.ascii	"\356\232\331\036\031u\013\346}Iq\250\002at\011\255'"
ARM GAS  /tmp/cc98pesb.s 			page 18


 232      19750BE6 
 232      7D4971A8 
 232      02617409 
 232      AD27
 233 01e8 5E5410ED 		.ascii	"^T\020\355\250\034\015\"t\001\015\200\023\225\350}\230"
 233      A81C0D22 
 233      74010D80 
 233      1395E87D 
 233      98
 234 01f9 3FD971FE 		.ascii	"?\331q\376\274\023.G\324\350\037W|\315L\361\275\250"
 234      BC132E47 
 234      D4E81F57 
 234      7CCD4CF1 
 234      BDA8
 235 020b 4B176D40 		.ascii	"K\027m@\361\240 \324\334\277\362\311\273\322q!\312\226"
 235      F1A020D4 
 235      DCBFF2C9 
 235      BBD27121 
 235      CA96
 236 021d 82509549 		.ascii	"\202P\225Ik\225\3503\272N\265\015\015\346\316\330\341"
 236      6B95E833 
 236      BA4EB50D 
 236      0DE6CED8 
 236      E1
 237 022e A32C5C7D 		.ascii	"\243,\\}\021G\027\234D\0113\377\235*\324)\351\354j\323"
 237      1147179C 
 237      440933FF 
 237      9D2AD429 
 237      E9EC6AD3 
 238 0242 EC6A6976 		.ascii	"\354jiv\015\235]\320\3702\027\343<6;Z\350\214\260\207"
 238      0D9D5DD0 
 238      F83217E3 
 238      3C363B5A 
 238      E88CB087 
 239 0256 D959D4F1 		.ascii	"\331Y\324\361\317\306\312\005!\002\354VQ\031\265&\031"
 239      CFC6CA05 
 239      2102EC56 
 239      5119B526 
 239      19
 240 0267 B572BFEB 		.ascii	"\265r\277\353\250\254\201\251\027\315v\370<\223u2\343"
 240      A8AC81A9 
 240      17CD76F8 
 240      3C937532 
 240      E3
 241 0278 F60D8D28 		.ascii	"\366\015\215(\253\353W\251B\315\001A\010c\326\324\233"
 241      ABEB57A9 
 241      42CD0141 
 241      0863D6D4 
 241      9B
 242 0289 24D5CB25 		.ascii	"$\325\313%5PIY\311\257\237X\341F&\251\243\361N\2625"
 242      35504959 
 242      C9AF9F58 
 242      E14626A9 
 242      A3F14EB2 
 243 029e 1EA08CEA 		.ascii	"\036\240\214\352d\303\305gvH\343\202 \204\310\365\240"
 243      64C3C567 
 243      7648E382 
ARM GAS  /tmp/cc98pesb.s 			page 19


 243      2084C8F5 
 243      A0
 244 02af 20805843 		.ascii	" \200XC<\2543\364\261\013\332\340\242@m\310\0255#h\024"
 244      3CAC33F4 
 244      B10BDAE0 
 244      A2406DC8 
 244      15352368 
 245 02c4 A80520AD 		.ascii	"\250\005 \255\020\345T\301\206\216\244\012Q\202\260"
 245      10E554C1 
 245      868EA40A 
 245      5182B0
 246 02d3 8A5EE649 		.ascii	"\212^\346I5\244 ,j\022c\302\262\260\3244Ul\303g\214"
 246      35A4202C 
 246      6A1263C2 
 246      B2B0D434 
 246      556CC367 
 247 02e8 404C29BB 		.ascii	"@L)\273a\226\262\311\261\364\\\215\030\360\347\275\256"
 247      6196B2C9 
 247      B1F45C8D 
 247      18F0E7BD 
 247      AE
 248 02f9 0B62CA00 		.ascii	"\013b\312\000\204\032Mn6JAo\247\356\335\016/M\303\254"
 248      841A4D6E 
 248      364A416F 
 248      A7EEDD0E 
 248      2F4DC3AC 
 249 030d 5455C04E 		.ascii	"TU\300Nw\244>rd\245\372\036\260\317\302\037\017\332"
 249      77A43E72 
 249      64A5FA1E 
 249      B0CFC21F 
 249      0FDA
 250 031f B1BB6B81 		.ascii	"\261\273k\201\015\253\310>b\217\2630\215Ef\357t\211"
 250      0DABC83E 
 250      628FB330 
 250      8D4566EF 
 250      7489
 251 0331 35CEA58C 		.ascii	"5\316\245\214\262{i|\334\026\331\273\306\220(d\031\004"
 251      B27B697C 
 251      DC16D9BB 
 251      C6902864 
 251      1904
 252 0343 CD76525C 		.ascii	"\315vR\\\235`i\007X\212\356@$\364\366\242\011\324\343"
 252      9D606907 
 252      588AEE40 
 252      24F4F6A2 
 252      09D4E3
 253 0356 9AD9C94F 		.ascii	"\232\331\311O\322\256\013\302{\250\013\331\243\333&"
 253      D2AE0BC2 
 253      7BA80BD9 
 253      A3DB26
 254 0365 FBF4F6CC 		.ascii	"\373\364\366\314\233\023I\205\0174x\206\351\222V\220"
 254      9B134985 
 254      0F347886 
 254      E9925690 
 255 0375 335B413F 		.ascii	"3[A?\244=|h\217_\261{\027\232\247\2335x\2011\251\225"
 255      A43D7C68 
 255      8F5FB17B 
ARM GAS  /tmp/cc98pesb.s 			page 20


 255      179AA79B 
 255      35788131 
 256 038b 2FDBD40C 		.ascii	"/\333\324\014h\003l\317\255\322XG\014UC\356Ef\327\277"
 256      68036CCF 
 256      ADD25847 
 256      0C5543EE 
 256      4566D7BF 
 257 039f 75C006C6 		.ascii	"u\300\006\306\024L\014,`\034\311\230\371+\215\202\015"
 257      144C0C2C 
 257      601CC998 
 257      F92B8D82 
 257      0D
 258 03b0 8E664C7E 		.ascii	"\216fL~sO\263\023\216c\214\024\017g\026\217\263\343"
 258      734FB313 
 258      8E638C14 
 258      0F67168F 
 258      B3E3
 259 03c2 D569B62C 		.ascii	"\325i\266,<\002\254l\333\343\235\227\367\243u\344\347"
 259      3C02AC6C 
 259      DBE39D97 
 259      F7A375E4 
 259      E7
 260 03d3 BA6EF5BA 		.ascii	"\272n\365\272u\247\211\367d\271\334\354\032\027\204"
 260      75A789F7 
 260      64B9DCEC 
 260      1A1784
 261 03e2 A3F6D4B7 		.ascii	"\243\366\324\267\207\340\333\030Zm\012\306\003\232\273"
 261      87E0DB18 
 261      5A6D0AC6 
 261      039ABB
 262 03f1 8D7050B0 		.ascii	"\215pP\260\011m\177\204\232\014\307\024}W\216\276)G"
 262      096D7F84 
 262      9A0CC714 
 262      7D578EBE 
 262      2947
 263 0403 CFFCDE84 		.ascii	"\317\374\336\204\356\261,\273\023\231\340\303\034\374"
 263      EEB12CBB 
 263      1399E0C3 
 263      1CFC
 264 0411 7B39DC4D 		.ascii	"{9\334M\216~\310\241{-\242\251%,\205\3357W\205\011\002"
 264      8E7EC8A1 
 264      7B2DA2A9 
 264      252C85DD 
 264      37578509 
 265 0426 22208598 		.ascii	"\" \205\230>\205QR\367\003\347\323\006\241e\003\025"
 265      3E855152 
 265      F703E7D3 
 265      06A16503 
 265      15
 266 0437 75CBB257 		.ascii	"u\313\262WLs\002-o \244R\300\302s\201\036\014\210>q"
 266      4C73022D 
 266      6F20A452 
 266      C0C27381 
 266      1E0C883E 
 267 044c 0AC8458F 		.ascii	"\012\310E\217\241|F\320:\364\010h\020h\030\350\011\320"
 267      A17C46D0 
 267      3AF40868 
ARM GAS  /tmp/cc98pesb.s 			page 21


 267      106818E8 
 267      09D0
 268 045e 38D010D0 		.ascii	"8\320\020\320(Z\307i\256\343\302\331-W|oY\200\3468\227"
 268      285AC769 
 268      AEE3C2D9 
 268      2D577C6F 
 268      5980E638 
 269 0473 EF5B8653 		.ascii	"\357[\206S\237!\375\213)\302;;{\256\306y\254\002M {"
 269      9F21FD8B 
 269      29C23B3B 
 269      7BAEC679 
 269      AC024D20 
 270 0488 BAB2E04C 		.ascii	"\272\262\340L\372_\313\231\"\262\262>\264E\344A\344"
 270      FA5FCB99 
 270      22B2B23E 
 270      B445E441 
 270      E4
 271 0499 0443E79E 		.ascii	"\004C\347\236^y\353\300\206hU\037\231\311\261\306\311"
 271      5E79EBC0 
 271      8668551F 
 271      99C9B1C6 
 271      C9
 272 04aa B4D29403 		.ascii	"\264\322\224\003=\363\275\216\310\3265\312(]a2\3439"
 272      3DF3BD8E 
 272      C8D635CA 
 272      285D6132 
 272      E339
 273 04bc 04002691 		.ascii	"\004\000&\221\030\243\2470\370\003\014\262\034\014\304"
 273      18A3A730 
 273      F8030CB2 
 273      1C0CC4
 274 04cb 7D90997D 		.ascii	"}\220\231}\2304\306g\310\026M\232\326\321\207\266\314"
 274      9834C667 
 274      C8164D9A 
 274      D6D187B6 
 274      CC
 275 04dc E6333909 		.ascii	"\34639\011\247\255p?SRy\3621t\262\025\224\314\254\250"
 275      A7AD703F 
 275      535279F2 
 275      3174B215 
 275      94CCACA8 
 276 04f0 6429ED83 		.ascii	"d)\355\203\361\007d\255N\203\216)\223\016PIN0\012\212"
 276      F10764AD 
 276      4E838E29 
 276      930E5049 
 276      4E300A8A 
 277 0504 92237BCF 		.ascii	"\222#{\317\253l\243\310\004\026\034X3\246\330\274 P"
 277      AB6CA3C8 
 277      04161C58 
 277      33A6D8BC 
 277      2050
 278 0516 A820DAB9 		.ascii	"\250 \332\271\000]7S\232o\317\026\026\346\032\315\032"
 278      005D3753 
 278      9A6FCF16 
 278      16E61ACD 
 278      1A
 279 0527 D668EEBD 		.ascii	"\326h\356\275\2716g\217\223\324\264\317\026\033\012"
ARM GAS  /tmp/cc98pesb.s 			page 22


 279      B936678F 
 279      93D4B4CF 
 279      161B0A
 280 0536 A754C895 		.ascii	"\247T\310\225\365Y[\256_\316\2015\257M\375\2226\325"
 280      F5595BAE 
 280      5FCE8135 
 280      AF4DFD92 
 280      36D5
 281 0548 A9EFC830 		.ascii	"\251\357\3100m\264\344L\035\025\262\005\274\326\330"
 281      6DB4E44C 
 281      1D15B205 
 281      BCD6D8
 282 0557 9567C1CD 		.ascii	"\225g\301\3159j\315[\020\370\206\231\223:VT\212\234"
 282      396ACD5B 
 282      10F88699 
 282      933A5654 
 282      8A9C
 283 0569 E3C54ADC 		.ascii	"\343\305J\334\204\250\354Wp\377%\265~\0369K>P\006f$"
 283      84A8EC57 
 283      70FF25B5 
 283      7E1E394B 
 283      3E500666 
 284 057e 4CCD1CB3 		.ascii	"L\315\034\263Z\321\335\005\311\335\015T\374\201\312"
 284      5AD1DD05 
 284      C9DD0D54 
 284      FC81CA
 285 058d 67F32AB9 		.ascii	"g\363*\271xS\037\177G\305/0\361\357\250\370;\035O21"
 285      78531F7F 
 285      47C52F30 
 285      F1EFA8F8 
 285      3B1D4F32 
 286 05a2 5F6AA48D 		.ascii	"_j\244\215\233\344/\212\245\266HK-sa>\305\221\007_3"
 286      9BE42F8A 
 286      A5B6484B 
 286      2D73613E 
 286      C591075F 
 287 05b7 032F89E0 		.ascii	"\003/\211\340%\012\356\356\355J\326\3404\032[TX\222"
 287      250AEEEE 
 287      ED4AD6E0 
 287      341A5B54 
 287      5892
 288 05c9 51EA88F3 		.ascii	"Q\352\210\363\030\023[W\237f\245R*P\230\022\263\342"
 288      18135B57 
 288      9F66A552 
 288      2A509812 
 288      B3E2
 289 05db 193D325E 		.ascii	"\031=2^\253\342\237?\323fv\033\224\374\363'%\265\363"
 289      ABE29F3F 
 289      D366761B 
 289      94FCF327 
 289      25B5F3
 290 05ee 3C96F62A 		.ascii	"<\226\366*gqqn\346!!+L\330\324\242$@h\230b\335\240\003"
 290      6771716E 
 290      E621212B 
 290      4CD8D4A2 
 290      24406898 
 291 0606 4A15E1CC 		.ascii	"J\025\341\314\237\266\341J\3628z\232w\177\025\026\254"
ARM GAS  /tmp/cc98pesb.s 			page 23


 291      9FB6E14A 
 291      F2387A9A 
 291      777F1516 
 291      AC
 292 0617 5630A7B9 		.ascii	"V0\247\271\240\242\026\251\224\254\344\210^\030K\272"
 292      A0A216A9 
 292      94ACE488 
 292      5E184BBA 
 293 0627 73FAAAC3 		.ascii	"s\372\252\303\212\233\232(j\341A\245hb\315\271\334I"
 293      8A9B9A28 
 293      6AE141A5 
 293      6862CDB9 
 293      DC49
 294 0639 693BD55D 		.ascii	"i;\325]\354\234o\020\012`Z\016\"8\024a40\022\014\214"
 294      EC9C6F10 
 294      0A605A0E 
 294      22381461 
 294      3430120C 
 295 064e 901B184D 		.ascii	"\220\033\030M\015\034\231/\271*>\020\254\200\255n\017"
 295      0D1C992F 
 295      B92A3E10 
 295      AC80AD6E 
 295      0F
 296 065f AFB25BB1 		.ascii	"\257\262[\261\012b\225b\025\304(i\031\274\214\211\230"
 296      0A629562 
 296      15C42869 
 296      19BC8C89 
 296      98
 297 0670 151FB6D6 		.ascii	"\025\037\266\326\344\0314\232v\330\236\025\375gd\007"
 297      E419349A 
 297      76D89E15 
 297      FD676407 
 298 0680 3A9C7863 		.ascii	":\234xcY\015\036R\272\2408%\021vX\351,\211\244\014\314"
 298      590D1E52 
 298      BAA03825 
 298      117658E9 
 298      2C89A40C 
 299 0695 681D29A9 		.ascii	"h\035)\251s\3041,\\\327\243\233\362mD\337\356_\331P"
 299      73C4312C 
 299      5CD7A39B 
 299      F26D44DF 
 299      EE5FD950 
 300 06a9 608865E1 		.ascii	"`\210e\341g\325pDi\\\265G\344\236\305S\317\0063\307"
 300      67D57044 
 300      695CB547 
 300      E49EC553 
 300      CF0633C7 
 301 06bd 8E39E04C 		.ascii	"\2169\340L&\254\363io\204\024\250\256t\314\366L\247"
 301      26ACF369 
 301      6F8414A8 
 301      AE74CCF6 
 301      4CA7
 302 06cf D89E29C1 		.ascii	"\330\236)\301$*A.\352(\025u\177\264n\017.Z)\213=\365"
 302      242A412E 
 302      EA281575 
 302      7FB46E0F 
 302      2E5A298B 
ARM GAS  /tmp/cc98pesb.s 			page 24


 303 06e5 83D156A6 		.ascii	"\203\321V\246:9|&\303X'$\015\307\214iH\2044\034\223"
 303      3A397C26 
 303      C3582724 
 303      0DC78C69 
 303      4884341C 
 304 06fa 6B384E35 		.ascii	"k8N54\035\356K\024\237\363\005jb\357\243\372\030q\203"
 304      341DEE4B 
 304      149FF305 
 304      6A62EFA3 
 304      FA187183 
 305 070e 9045F8BE 		.ascii	"\220E\370\276\350g\356\370\012\263\340\307Wj\212\224"
 305      E867EEF8 
 305      0AB3E0C7 
 305      576A8A94 
 306 071e 23379AA2 		.ascii	"#7\232\242W9\305:\226\003\300nR\321B3\201Si\016\350"
 306      5739C53A 
 306      9603C06E 
 306      52D14233 
 306      8153690E 
 307 0733 14021E4E 		.ascii	"\024\002\036N\033\356v\300\365LMrW\331V\242\305\360"
 307      1BEE76C0 
 307      F54C4D72 
 307      57D956A2 
 307      C5F0
 308 0745 931A2B4C 		.ascii	"\223\032+L\010/\351\353\027[`2\2619\"\177\020v\177m"
 308      082FE9EB 
 308      175B6032 
 308      B139227F 
 308      10767F6D 
 309 0759 4CDA6C64 		.ascii	"L\332ld\177/\3067\031sf\372\202A\364.\236 \247\022\216"
 309      7F2FC637 
 309      197366FA 
 309      8241F42E 
 309      9E20A712 
 310 076e C738E16E 		.ascii	"\3078\341nv3-}\376\227\270\217]\027\366\025Uh\030\360"
 310      76332D7D 
 310      FE97B88F 
 310      5D17F615 
 310      556818F0 
 311 0782 0DD9CE95 		.ascii	"\015\331\316\225V\205O\212\333\271\032D^g\012F\177\216"
 311      56854F8A 
 311      DBB91A44 
 311      5E670A46 
 311      7F8E
 312 0794 4718B635 		.ascii	"G\030\2665\347\352\202\250\236\310<Z\270`@+F)_\212R"
 312      E7EA82A8 
 312      9EC83C5A 
 312      B860402B 
 312      46295F8A 
 313 07a9 1EABE4CA 		.ascii	"\036\253\344\312\027)\035\\Ccq\312\201Ze\017\366\002"
 313      17291D5C 
 313      436371CA 
 313      815A650F 
 313      F602
 314 07bb 1AA77C29 		.ascii	"\032\247|)N\217\262\033g\254\230\252)bV\344\355c\277"
 314      4E8FB21B 
 314      67AC98AA 
ARM GAS  /tmp/cc98pesb.s 			page 25


 314      296256E4 
 314      ED63BF
 315 07ce C2CF     		.ascii	"\302\317"
 316 07d0 98191977 		.ascii	"\230\031\031w\323\243\324\370\025c\026R\342k\020\003"
 316      D3A3D4F8 
 316      15631652 
 316      E26B1003 
 317 07e0 8E13606A 		.ascii	"\216\023`j]\212/^d\367F_\214<B8\334\2322\335\023\375"
 317      5D8A2F5E 
 317      64F7465F 
 317      8C3C4238 
 317      DC9A32DD 
 318 07f6 03E24A1A 		.ascii	"\003\342J\032$\300\361;\271cj\034\307n\216\036\257\274"
 318      24C0F13B 
 318      B9636A1C 
 318      C76E8E1E 
 318      AFBC
 319 0808 66831319 		.ascii	"f\203\023\031s/\261=I\305\220\017\010r\261(wQ\203S\331"
 319      732FB13D 
 319      49C5900F 
 319      0872B128 
 319      77518353 
 320 081d CD89943B 		.ascii	"\315\211\224;Y\216\3704c\262_\227\225\213K\373\026A"
 320      598EF834 
 320      63B25F97 
 320      958B4BFB 
 320      1641
 321 082f 2ED5CD3E 		.ascii	".\325\315>p\300\205\354\346\330\335\"\203\025.gLE\336"
 321      70C085EC 
 321      E6D8DD22 
 321      83152E67 
 321      4C45DE
 322 0842 854211D9 		.ascii	"\205B\021\331B\220\351\013\013\341*\\\305nN\246L\335"
 322      4290E90B 
 322      0BE12A5C 
 322      C56E4EA6 
 322      4CDD
 323 0854 75C24D8C 		.ascii	"u\302M\214\3519\021\363T-UE\324O\251\212\246\241\354"
 323      E93911F3 
 323      542D5545 
 323      D44FA98A 
 323      A6A1EC
 324 0867 54318535 		.ascii	"T1\2055D\366\353\252\032P\334\316\304\245D\326\035\264"
 324      44F6EBAA 
 324      1A50DCCE 
 324      C4A544D6 
 324      1DB4
 325 0879 C25D8C49 		.ascii	"\302]\214I\232|\373K\006\024\010\360\210\241\377[\306"
 325      9A7CFB4B 
 325      061408F0 
 325      88A1FF5B 
 325      C6
 326 088a FE2B7071 		.ascii	"\376+pq\311\371\361V,\363\203\344\001[\377\"m\332\036"
 326      C9F9F156 
 326      2CF383E4 
 326      015BFF22 
 326      6DDA1E
ARM GAS  /tmp/cc98pesb.s 			page 26


 327 089d 3F6033DF 		.ascii	"?`3\337\365\206-*\031\326\221V\302\271\326\225\027H"
 327      F5862D2A 
 327      19D69156 
 327      C2B9D695 
 327      1748
 328 08af 8394FA7A 		.ascii	"\203\224\372z\226\372\346\3607\315N\362\324\327B\352"
 328      96FAE6F0 
 328      37CD4EF2 
 328      D4D742EA 
 329 08bf 6B689B6A 		.ascii	"kh\233j\244\251o\220R\177\2416\306\340\204\207\231\336"
 329      A4A96F90 
 329      527FA136 
 329      C6E08487 
 329      99DE
 330 08d1 E28EE65E 		.ascii	"\342\216\346^1kQ\244\034K\252&\243E__\222\027\345\230"
 330      316B51A4 
 330      1C4BAA26 
 330      A3455F5F 
 330      9217E598 
 331 08e5 E691734E 		.ascii	"\346\221sN\314\350\254\177 \357\033\343\245\0071\036"
 331      CCE8AC7F 
 331      20EF1BE3 
 331      A507311E 
 332 08f5 63938B22 		.ascii	"c\223\213\"{\322m\030\270\227\360%\307\313\306\360\212"
 332      7BD26D18 
 332      B897F025 
 332      C7CBC6F0 
 332      8A
 333 0906 56B74B56 		.ascii	"V\267KV\337`V\227\306\315&\332\312\255n\005\253[\250"
 333      DF605697 
 333      C6CD26DA 
 333      CAAD6E05 
 333      AB5BA8
 334 0919 D51DD4EA 		.ascii	"\325\035\324\352v\311\352\211W\217\227l\3604S|q\264"
 334      76C9EA89 
 334      578F976C 
 334      F034537C 
 334      71B4
 335 092b B5C9560C 		.ascii	"\265\311V\0144\261:\255\374\330_\360\254\350\321tB."
 335      34B13AAD 
 335      FCD85FF0 
 335      ACE8D174 
 335      422E
 336 093d C28B8C89 		.ascii	"\302\213\214\211\032:xG\004\276!\374@lB\207#\216\260"
 336      1A3A7847 
 336      04BE21FC 
 336      406C4287 
 336      238EB0
 337 0950 A1379B4E 		.ascii	"\2417\233N\234<\256\301\321\214Yz\322\223-:>E\370\241"
 337      9C3CAEC1 
 337      D18C597A 
 337      D2932D3A 
 337      3E45F8A1 
 338 0964 BEB11847 		.ascii	"\276\261\030G|\204\335<P\331\223 ~=\030\244\357 \013"
 338      7C84DD3C 
 338      50D99320 
 338      7E3D18A4 
ARM GAS  /tmp/cc98pesb.s 			page 27


 338      EF200B
 339 0977 E99744F0 		.ascii	"\351\227D\360\032\222\274\201\370xk1H\304\234\241\230"
 339      1A92BC81 
 339      F8786B31 
 339      48C49CA1 
 339      98
 340 0988 934908A7 		.ascii	"\223I\010\247\260\271O\223c\015N+\006\345{)(\035\254"
 340      B0B94F93 
 340      630D4E2B 
 340      06E57B29 
 340      281DAC
 341 099b D6EEF63D 		.ascii	"\326\356\366=>a/\017J\017\004\345\001\015J/\015\312"
 341      3E612F0F 
 341      4A0F04E5 
 341      010D4A2F 
 341      0DCA
 342 09ad F7525072 		.ascii	"\367RPrF\313\236kxt\245\362G\320wFO\205\213\355\345"
 342      46CB9E6B 
 342      7874A5F2 
 342      47D07746 
 342      4F858BED 
 343 09c2 161FC535 		.ascii	"\026\037\3055b\024_\034\211\357G\370\0243{0\276~ie\263"
 343      62145F1C 
 343      89EF47F8 
 343      14337B30 
 343      BE7E6965 
 344 09d7 8724B35F 		.ascii	"\207$\263_2\263_\305\227n\223[=\000v\260\315\3720\265"
 344      32B35FC5 
 344      976E935B 
 344      3D0076B0 
 344      CDFA30B5 
 345 09eb 6348B223 		.ascii	"cH\262#%}\342\254Rn\365\212\350\330\306\212&\261B[\350"
 345      257DE2AC 
 345      526EF58A 
 345      E8D8C68A 
 345      26B1425B 
 346 0a00 9B61F9F9 		.ascii	"\233a\371\371B5.`Vf\237,(\263\301\347\030s\351Y\321"
 346      42352E60 
 346      56669F2C 
 346      28B3C1E7 
 346      1873E959 
 347 0a15 2507719D 		.ascii	"%\007q\235\362\374\032\221\257;\222\275\011_\024\261"
 347      F2FC1A91 
 347      AF3B92BD 
 347      095F14B1 
 348 0a25 15D9CF6D 		.ascii	"\025\331\317m\344\026\217\223\310\261\367\006\245i\373"
 348      E4168F93 
 348      C8B1F706 
 348      A569FB
 349 0a34 477A6B58 		.ascii	"GzkX\316=,\267xE\264\264\211pf\233\210\344\267\247&"
 349      CE3D2CB7 
 349      7845B4B4 
 349      8970669B 
 349      88E4B7A7 
 350 0a49 1CF035A6 		.ascii	"\034\3605\246w\362\331\3029G\\\307\230\312KUM\342#s"
 350      77F2D9C2 
 350      39475CC7 
ARM GAS  /tmp/cc98pesb.s 			page 28


 350      98CA4B55 
 350      4DE22373 
 351 0a5d 03594EC5 		.ascii	"\003YN\305\265\235v\270\231\335[\210\317\274\240\301"
 351      B59D76B8 
 351      99DD5B88 
 351      CFBCA0C1 
 352 0a6d 1D8C39F9 		.ascii	"\035\2149\371\242\357\211Xo\256\304\221\354\214\243"
 352      A2EF8958 
 352      6FAEC491 
 352      EC8CA3
 353 0a7c 1ADC2516 		.ascii	"\032\334%\026n|T\2125\276\317\230\304\316\304l;\334"
 353      6E7C548A 
 353      35BECF98 
 353      C4CEC46C 
 353      3BDC
 354 0a8e CB98F9F1 		.ascii	"\313\230\371\361\304\036\261u\333sE\274F,\342\232\374"
 354      C41EB175 
 354      DB7345BC 
 354      462CE29A 
 354      FC
 355 0a9f C47FC4C3 		.ascii	"\304\177\304\303\014z\277'\374\212\010\265\003\326P"
 355      0C7ABF27 
 355      FC8A08B5 
 355      03D650
 356 0aae 7CFDA27A 		.ascii	"|\375\242z\305\344\317I\311\177\313\026\362\271\210"
 356      C5E4CF49 
 356      C97FCB16 
 356      F2B988
 357 0abd 9133A40D 		.ascii	"\2213\244\015\270\300k\025\251#\351\235\312\205\275"
 357      B8C06B15 
 357      A923E99D 
 357      CA85BD
 358 0acc 5395D7BC 		.ascii	"S\225\327\274(Q\3411\252HYV2\362\027\344jk|S\372~\212"
 358      2851E131 
 358      AA485956 
 358      32F217E4 
 358      6A6B7C53 
 359 0ae3 BCC42C41 		.ascii	"\274\304,A8\337\231\3660.$\220\026\336\023\026\225\256"
 359      38DF99F6 
 359      302E2490 
 359      16DE1316 
 359      95AE
 360 0af5 4428EDCF 		.ascii	"D(\355\317\013\020\375y\246\377LfA\203\003\236f\012"
 360      0B10FD79 
 360      A6FF4C66 
 360      4183039E 
 360      660A
 361 0b07 FA4B9E77 		.ascii	"\372K\236wb\243\006xM\272\334M4\034\300P\344\330\250"
 361      62A30678 
 361      4DBADC4D 
 361      341CC050 
 361      E4D8A8
 362 0b1a 6149B982 		.ascii	"aI\271\202\2120lQ\305\241\2639\325V\374F\220\310\233"
 362      8A306C51 
 362      C5A1B339 
 362      D556FC46 
 362      90C89B
ARM GAS  /tmp/cc98pesb.s 			page 29


 363 0b2d 85FBAFE9 		.ascii	"\205\373\257\351B3`g).\264]4D\377\200\330#\346'I\357"
 363      42336067 
 363      292EB45D 
 363      3444FF80 
 363      D823E627 
 364 0b43 1C8DBD69 		.ascii	"\034\215\275i\307K\017\3771\351\327\272z7\341\267,o"
 364      C74B0FFF 
 364      31E9D7BA 
 364      7A37E1B7 
 364      2C6F
 365 0b55 AF3A7B87 		.ascii	"\257:{\207\020~\307\230\360\033\255\371\3268L\303\332"
 365      107EC798 
 365      F01BADF9 
 365      D6384CC3 
 365      DA
 366 0b66 CE998E16 		.ascii	"\316\231\216\026+|\2201#\243s\2271\216cL\336\323\323"
 366      2B7C9031 
 366      23A37397 
 366      318E634C 
 366      DED3D3
 367 0b79 87343881 		.ascii	"\20748\2011\315%\255Ibg+&{\216\205\336\352\347\342\006"
 367      31CD25AD 
 367      4962672B 
 367      267B8E85 
 367      DEEAE7E2 
 368 0b8e 78F09FC8 		.ascii	"x\360\237\310\276\240\275\272\003^\373(\370\223\311"
 368      BEA0BDBA 
 368      035EFB28 
 368      F893C9
 369 0b9d 27F7A21C 		.ascii	"'\367\242\034\330\307\225\025\177\253\327\211\037_\314"
 369      D8C79515 
 369      7FABD789 
 369      1F5FCC
 370 0bac 7EA78544 		.ascii	"~\247\205D\203P\363\274H\235ZVp;L\310YKW\320]Hy\011"
 370      8350F3BC 
 370      489D5A56 
 370      703B4CC8 
 370      594B57D0 
 371 0bc4 E6DEEDBB 		.ascii	"\346\336\355\273\224\334\227\225p\230\321\025\207\331"
 371      94DC9795 
 371      7098D115 
 371      87D9
 372 0bd2 A7803480 		.ascii	"\247\2004\200\237\222\303\263\224f_\016 \337\0231\""
 372      9F92C3B3 
 372      94665F0E 
 372      20DF1331 
 372      22
 373 0be3 1EB685E8 		.ascii	"\036\266\205\350\212\034\177\331\014\237\030&\324\314"
 373      8A1C7FD9 
 373      0C9F1826 
 373      D4CC
 374 0bf1 45E1308A 		.ascii	"E\3410\212\177\004\370A\021/\265\"\324/7g\2027\347\244"
 374      7F04F841 
 374      112FB522 
 374      D42F3767 
 374      8237E7A4 
 375 0c05 5C7C921C 		.ascii	"\\|\222\034>\314\3033\344\360t3k\250\370h\016\177K\216"
ARM GAS  /tmp/cc98pesb.s 			page 30


 375      3ECCC333 
 375      E4F07433 
 375      6BA8F868 
 375      0E7F4B8E 
 376 0c19 BFB90CDF 		.ascii	"\277\271\014\337\025\305\341\237\311\361OysHp\352\342"
 376      15C5E19F 
 376      C9F14F79 
 376      734870EA 
 376      E2
 377 0c2a 4467612F 		.ascii	"Dga/\210rE\270\264CD\331r\353\347\2765\011\217\3012"
 377      887245B8 
 377      B44344D9 
 377      72EBE7BE 
 377      35098FC1 
 378 0c3f E16E725B 		.ascii	"\341nr[\346x_\017\313\341'x\341$\360u\321\242-}`\313"
 378      E6785F0F 
 378      CBE12778 
 378      E124F075 
 378      D1A22D7D 
 379 0c55 43D116E9 		.ascii	"C\321\026\351\311\205\356\233\301I$\245\310\220\262"
 379      C985EE9B 
 379      C14924A5 
 379      C890B2
 380 0c64 B96D3932 		.ascii	"\271m92|\331|g\262\345\240\334\026\356\003\222\210\216"
 380      7CD97C67 
 380      B2E5A0DC 
 380      16EE0392 
 380      888E
 381 0c76 E54C2F93 		.ascii	"\345L/\223\013?'\017\343L\034Wc\311\226\213\300,2\274"
 381      0B3F270F 
 381      E34C1C57 
 381      63C9968B 
 381      C02C32BC 
 382 0c8a F84239FE 		.ascii	"\370B9\376\314\262\032n\213\021C\003\3736T'\342\245"
 382      CCB21A6E 
 382      8B114303 
 382      FB365427 
 382      E2A5
 383 0c9c DD1CAA5E 		.ascii	"\335\034\252^\206\237\223B\011;&\324&\342\245}\024j"
 383      869F9342 
 383      093B26D4 
 383      26E2A57D 
 383      146A
 384 0cae 5E66CF43 		.ascii	"^f\317C.8\221\226\203\303\303g\370\242\354\224\233\337"
 384      2E389196 
 384      83C3C367 
 384      F8A2EC94 
 384      9BDF
 385 0cc0 2CCF5457 		.ascii	",\317TW\014\227\251\353rx\225<Su1\234\364&9\274z\331"
 385      0C97A9EB 
 385      7278953C 
 385      5375319C 
 385      F42639BC 
 386 0cd6 8AE26379 		.ascii	"\212\342cyV\016/\226\303gxx\221\345\320\363\313\233"
 386      560E2F96 
 386      C3677878 
 386      91E5D0F3 
ARM GAS  /tmp/cc98pesb.s 			page 31


 386      CB9B
 387 0ce8 87975896 		.ascii	"\207\227X\226n\226Y.\222/\344\360\231e\3606~\271N\311"
 387      6E96592E 
 387      922FE4F0 
 387      9965F036 
 387      7EB94EC9 
 388 0cfc F1CFCDF1 		.ascii	"\361\317\315\361\220\322\341\357\340\020\006o\241\330"
 388      90D2E1EF 
 388      E010066F 
 388      A1D8
 389 0d0a 19BD11E1 		.ascii	"\031\275\021\341\322S\301\374#4\225\316/\300\323\226"
 389      D253C1FC 
 389      233495CE 
 389      2FC0D396 
 390 0d1a 5BE5C665 		.ascii	"[\345\306e\037w\017a\027\024\207\311=\002'_v\313\341"
 390      1F770F61 
 390      171487C9 
 390      3D02275F 
 390      76CBE1
 391 0d2d 197505AF 		.ascii	"\031u\005\257C\311@\027\201\252\201\322\200N\003\025"
 391      43C94017 
 391      81AA81D2 
 391      804E0315 
 392 0d3d 015D06BA 		.ascii	"\001]\006\272\012t\006\350,P!\320\011\240\353@U@\347"
 392      0A7406E8 
 392      2C5021D0 
 392      09A0EB40 
 392      5540E7
 393 0d50 80AE011D 		.ascii	"\200\256\001\035\005J\005\272\000t\004\350\022\320I"
 393      054A05BA 
 393      007404E8 
 393      12D049
 394 0d5f A0E340D9 		.ascii	"\240\343@\331@\247\200r\201\262\200r\200*\200j\200\022"
 394      40A78072 
 394      81B28072 
 394      802A806A 
 394      8012
 395 0d71 80EA806A 		.ascii	"\200\352\200j\201\312\200J\201\322\201*\201\362\200"
 395      81CA804A 
 395      81D2812A 
 395      81F280
 396 0d80 0A80F281 		.ascii	"\012\200\362\2012\201\222\200\212\201\342\201\316\003"
 396      32819280 
 396      8A81E281 
 396      CE03
 397 0d8e 25021D03 		.ascii	"%\002\035\003\312\000J\301\322\027hZg|\354\247-\307"
 397      CA004AC1 
 397      D217685A 
 397      677CECA7 
 397      2DC7
 398 0da0 9EABE289 		.ascii	"\236\253\342\211(\256\212G\345\360\021y\341\264\361"
 398      28AE8A47 
 398      E5F01179 
 398      E1B4F1
 399 0daf 8573410E 		.ascii	"\205sA\016?\277\254\022\352x|\271e<'\376!\237\332L\313"
 399      3FBFAC12 
 399      EA787CB9 
ARM GAS  /tmp/cc98pesb.s 			page 32


 399      653C27FE 
 399      219FDA4C 
 400 0dc4 CF11AE41 		.ascii	"\317\021\256A\265Es\015\252[\016\277\307Y\3036I\243"
 400      B545730D 
 400      AA5B0EBF 
 400      C759C336 
 400      49A3
 401 0dd6 8BCEF49F 		.ascii	"\213\316\364\237\006\0003\377\247\001\211D\177\014."
 401      060033FF 
 401      A7018944 
 401      7F0C2E
 402 0de5 2C178468 		.ascii	",\027\204h+\032\212k\226\027\264\231o\334\242\210\226"
 402      2B1A8A6B 
 402      9617B499 
 402      6FDCA288 
 402      96
 403 0df6 B717B37F 		.ascii	"\267\027\263\177\264\020\361\017\371\306~\307\362~\300"
 403      B410F10F 
 403      F9C67EC7 
 403      F27EC0
 404 0e05 EC11C949 		.ascii	"\354\021\311I\177%\207\367\2335/\"~\346[\223\364X\213"
 404      7F2587F7 
 404      9B352F22 
 404      7EE65B93 
 404      F4588B
 405 0e18 CF30BE5B 		.ascii	"\3170\276[p\262_Z^\316|R\370\034\226Z~j\360[\215ai\253"
 405      70B25F5A 
 405      5ECE7C52 
 405      F81C965A 
 405      7E6AF05B 
 406 0e30 F10364E5 		.ascii	"\361\003d\345\211\210\227\336!\320\230\274\002g\370"
 406      898897DE 
 406      21D098BC 
 406      0267F8
 407 0e3f 0A7C6CB9 		.ascii	"\012|l\271\002\315\272:_\340\223\226\367\002f\315\210"
 407      02CDBA3A 
 407      5FE09396 
 407      F70266CD 
 407      88
 408 0e50 7336CA72 		.ascii	"s6\312r\232\370@\016\363m\375\252\345\215\025W\202s"
 408      9AF8400E 
 408      F36DFDAA 
 408      E58D1557 
 408      8273
 409 0e62 FC3EECA2 		.ascii	"\374>\354\242\034^\261\314\232\031\3761p\3112^\372\227"
 409      1C5EB1CC 
 409      9A19FE31 
 409      70C9325E 
 409      FA97
 410 0e74 4FE7C0F1 		.ascii	"O\347\300\361N\025\036\247[R\345|\370d\217\015Z\355"
 410      4E151EA7 
 410      5B52E57C 
 410      F8648F0D 
 410      5AED
 411 0e86 6AB1A9A1 		.ascii	"j\261\251\241F\350e\377_\373\032[\273M\207\260\201\254"
 411      46E865FF 
 411      5FFB1A5B 
ARM GAS  /tmp/cc98pesb.s 			page 33


 411      BB4D87B0 
 411      81AC
 412 0e98 DD06F0B2 		.ascii	"\335\006\360\262\336\364~C\2262\015V\361\375\244Ak\376"
 412      DEF47E43 
 412      96320D56 
 412      F1FDA441 
 412      6BFE
 413 0eaa FF100D5C 		.ascii	"\377\020\015\\`\025\250\011\263\377C\3009\321\302?-"
 413      6015A809 
 413      B3FF43C0 
 413      39D1C23F 
 413      2D
 414 0ebb AE9AFDD3 		.ascii	"\256\232\375\323\242Y\0047Sp\375\353\356\022k<\315^"
 414      A2590437 
 414      5370FDEB 
 414      EE126B3C 
 414      CD5E
 415 0ecd 23C622CA 		.ascii	"#\306\"\312\336:\030\277t\257\3134\377\322\335b2\014"
 415      DE3A18BF 
 415      74AFCB34 
 415      FFD2DD62 
 415      320C
 416 0edf 2ECD3F1E 		.ascii	".\315?\036\267b\362\3618o\366M\254#\016g/\214\217\""
 416      B762F2F1 
 416      386FF64D 
 416      AC230E67 
 416      2F8C8F22 
 417 0ef3 DBEF499F 		.ascii	"\333\357I\237\315\273R\315\277t\267\231D\265\311E\335"
 417      CDBB52CD 
 417      BF74B799 
 417      44B5C945 
 417      DD
 418 0f04 C0EF2B7E 		.ascii	"\300\357+~\241\337\033\024\034\252\367\013\376\253\336"
 418      A1DF1B14 
 418      1CAAF70B 
 418      FEABDE
 419 0f13 67AF9F7F 		.ascii	"g\257\237\177\320W\373|\326\357\365\012\016]\277a\233"
 419      D057FB7C 
 419      D6EFF50A 
 419      0E5DBF61 
 419      9B
 420 0f24 9B6F5080 		.ascii	"\233oP\200\217\233\227\277\317~7\255\257\337\237\374"
 420      8F9B97BF 
 420      CF7E37AD 
 420      AFDF9FFC 
 421 0f34 74A1FBF6 		.ascii	"t\241\373\366\370\005\271y\223\353\240\220\215\237\376"
 421      F805B979 
 421      93EBA090 
 421      8D9FFE
 422 0f43 C6CD2D28 		.ascii	"\306\315-(\304\315;(  (\320\215H\011qs\367\334\241\335"
 422      C4CD3B28 
 422      202028D0 
 422      8D480971 
 422      73F7DCA1 
 423 0f58 B11F20DE 		.ascii	"\261\037 \336A\301>\372\377\3724`\275\267\315\357\376"
 423      41C13EFA 
 423      FFFA3460 
ARM GAS  /tmp/cc98pesb.s 			page 34


 423      BDB7CDEF 
 423      FE
 424 0f69 E38BF7B4 		.ascii	"\343\213\367\264\0337*~\367\367\221\247\370\031\263"
 424      1B372A7E 
 424      F7F791A7 
 424      F819B3
 425 0f78 38E46BBF 		.ascii	"8\344k\277Po_\375\237\203\203\002\364~!\301\177\037"
 425      506F5FFD 
 425      9F838302 
 425      F47E21C1 
 425      7F1F
 426 0f8a E9BE8AD5 		.ascii	"\351\276\212\325L\272\317~\277P\243l;\335n\255~\273"
 426      4CBACF7E 
 426      BF50A36C 
 426      3BDD6EAD 
 426      7EBB
 427 0f9c 57E01E7F 		.ascii	"W\340\036\177"
 428 0fa0 9F60E7E5 		.ascii	"\237`\347\345\361\372\205\267\257\316\333\327#dg\260"
 428      F1FA85B7 
 428      AFCEDBD7 
 428      236467B0 
 429 0fb0 8F4FC0DE 		.ascii	"\217O\300\336P\277\240@O\237\277\356\363\013\366\331"
 429      50BFA040 
 429      4F9FBFEE 
 429      F30BF6D9 
 430 0fc0 A3D66F0E 		.ascii	"\243\326o\016\012\362\377\355O3-8\324\315/\320\333\177"
 430      0AF2FFED 
 430      4F332D38 
 430      D4CD2FD0 
 430      DB7F
 431 0fd2 DF1E1FB8 		.ascii	"\337\036\037\270\023\342\355\273\007\254Q\355\337\033"
 431      13E2EDBB 
 431      07AC51ED 
 431      DF1B
 432 0fe0 126C13EC 		.ascii	"\022l\023\354\363\225Wp\200>T\373\267\372\010\022\225"
 432      F3955770 
 432      803E54FB 
 432      B7FA0812 
 432      95
 433 0ff1 7BBDADFC 		.ascii	"{\275\255\374\203\365\241\276{p\360\306\217\224\301"
 433      83F5A1BE 
 433      7B70F0C6 
 433      8F94C1
 434 1000 1F2B83E1 		.ascii	"\037+\203\341\270Q\031\274\301Nt<\324;t\277\255^\277"
 434      B85119BC 
 434      C14E743C 
 434      D43B74BF 
 434      AD5EBF
 435 1013 CF2F30F4 		.ascii	"\317/0\364\343\217\364\241\277u\333\027\022\354\346"
 435      E38FF4A1 
 435      BF75DB17 
 435      12ECE6
 436 1022 1FE4EDE5 		.ascii	"\037\344\355\345\357\006V\374:0(\320\347\327>^\177\362"
 436      EF0656FC 
 436      3A3028D0 
 436      E7D73E5E 
 436      7FF2
ARM GAS  /tmp/cc98pesb.s 			page 35


 437 1034 335A1BE0 		.ascii	"3Z\033\340\005\006\004\372\270\351\367\370\374\331k"
 437      050604FA 
 437      B8E9F7F8 
 437      FCD96B
 438 1043 9F7FA83E 		.ascii	"\237\177\250>\364\233\275>!\240\313F\222\341\366\277"
 438      F49BBD3E 
 438      21A0CB46 
 438      92E1F6BF 
 439 1053 CA08F926 		.ascii	"\312\010\371&\304M\037\022\272\007&\020\267\275}\275"
 439      C44D1F12 
 439      BA072610 
 439      B7BD7DBD 
 440 1063 82357AFD 		.ascii	"\2025z\375W>\241\372\235\272\235\016^\376_{}\023\242"
 440      573EA1FA 
 440      9DBA9D0E 
 440      5EFE5F7B 
 440      7D13A2
 441 1076 F70BF407 		.ascii	"\367\013\364\007=\377\376\177\212\002\370\343\246\335"
 441      3DFFFE7F 
 441      8A02F8E3 
 441      A6DD
 442 1084 A1F3D099 		.ascii	"\241\363\320\231\202\033\020\342\027\242\377\312\333"
 442      821B10E2 
 442      17A2FFCA 
 442      DB
 443 1091 1B14818E 		.ascii	"\033\024\201\216\020\246c\015\365~_ \030\371\237\246"
 443      10A6630D 
 443      F57E5F20 
 443      18F99FA6 
 444 10a1 C473830E 		.ascii	"\304s\203\016\014\272\331]\267u\247\247\207\306s\253"
 444      0CBAD95D 
 444      B775A7A7 
 444      87C673AB 
 445 10b1 6EABE7EE 		.ascii	"n\253\347\356\255[>\263r\337\276Y\247\365Ti\335\265"
 445      AD5B3EB3 
 445      72DFBE59 
 445      A7F55469 
 445      DDB5
 446 10c3 9EE47A27 		.ascii	"\236\344z'\234\266\354\322\356\200\223\007=\031\241"
 446      9CB6ECD2 
 446      EE809307 
 446      3D19A1
 447 10d2 9F5A6DD1 		.ascii	"\237Zm\321j=t\177\260!\247\035\273\335\265j\270\320"
 447      6A3D747F 
 447      B021A71D 
 447      BBDDB56A 
 447      B8D0
 448 10e4 FDC11A8E 		.ascii	"\375\301\032\216\204\023\317_\300\250\007\035\245\030"
 448      8413CF5F 
 448      C0A8071D 
 448      A518
 449 10f2 6B0F7AFE 		.ascii	"k\017z\376\302(\3457d\304\375\363\317M#\377\254\336"
 449      C228E537 
 449      64C4FDF3 
 449      CF4D23FF 
 449      ACDE
 450 1104 B17B9BE7 		.ascii	"\261{\233\347G\364\270\221\0367\030\357}\242\322\355"
ARM GAS  /tmp/cc98pesb.s 			page 36


 450      47F4B891 
 450      1E3718EF 
 450      7DA2D2ED 
 451 1114 F23099F0 		.ascii	"\3620\231\360\261Z\273\223\330\251\325\351\266~\016"
 451      B15ABB93 
 451      D8A9D5E9 
 451      B67E0E
 452 1123 27ADCE63 		.ascii	"'\255\316c\213'\326\356\362Tk?\207+#n\203\265\307\026"
 452      8B27D6EE 
 452      F2546B3F 
 452      872B236E 
 452      83B5C716 
 453 1137 BD87CE1D 		.ascii	"\275\207\316\035|\330\242\337\261\215\236\334\331i\013"
 453      7CD8A2DF 
 453      B18D9EDC 
 453      D9690B
 454 1146 3BEDDCE6 		.ascii	";\355\334\346\251r\337\246\363Tm\336\346\356\251\336"
 454      A972DFA6 
 454      F3546DDE 
 454      E6EEA9DE 
 455 1156 B1038EAA 		.ascii	"\261\003\216\252-\204\337N\016Z8\250u\333\265p\251\333"
 455      2D84DF4E 
 455      0E5A38A8 
 455      75DBB570 
 455      A9DB
 456 1168 BED353C3 		.ascii	"\276\323S\303\312\3513}\250\265x\306Z\255'\206\260\251"
 456      CAE9337D 
 456      A8B578C6 
 456      5AAD2786 
 456      B0A9
 457 117a DD3D3C21 		.ascii	"\335=<!x\273w\375\336S\345\001p\260\357\013\217-j\367"
 457      78BB77FD 
 457      DE53E501 
 457      70B0EF0B 
 457      8F2D6AF7 
 458 118e CD20E0DF 		.ascii	"\315 \340\337\376\326D\223U\355\035\360)\251D\235v\263"
 458      FED64493 
 458      55ED1DF0 
 458      29A9449D 
 458      76B3
 459 11a0 7E1794A5 		.ascii	"~\027\224\2453\315\250Y\2225\306\241\377\001\025\002"
 459      33CDA859 
 459      9235C6A1 
 459      FF011502 
 460 11b0 ADB8     		.ascii	"\255\270"
 461              		.text
 462              		.section	.gnu.lto_.symtab.935a159eafbf258d,"",%progbits
 463 0000 5356435F 		.ascii	"SVC_Handler\000"
 463      48616E64 
 463      6C657200 
 464 000c 00       		.ascii	"\000"
 465 000d 00       		.ascii	"\000"
 466 000e 00       		.ascii	"\000"
 467 000f 00000000 		.ascii	"\000\000\000\000\000\000\000\000"
 467      00000000 
 468 0017 C2000000 		.ascii	"\302\000\000\000"
 469 001b 5F706F72 		.ascii	"_port_irq_epilogue\000"
ARM GAS  /tmp/cc98pesb.s 			page 37


 469      745F6972 
 469      715F6570 
 469      696C6F67 
 469      756500
 470 002e 00       		.ascii	"\000"
 471 002f 00       		.ascii	"\000"
 472 0030 00       		.ascii	"\000"
 473 0031 00000000 		.ascii	"\000\000\000\000\000\000\000\000"
 473      00000000 
 474 0039 C4000000 		.ascii	"\304\000\000\000"
 475 003d 5F706F72 		.ascii	"_port_switch_from_isr\000"
 475      745F7377 
 475      69746368 
 475      5F66726F 
 475      6D5F6973 
 476 0053 00       		.ascii	"\000"
 477 0054 02       		.ascii	"\002"
 478 0055 00       		.ascii	"\000"
 479 0056 00000000 		.ascii	"\000\000\000\000\000\000\000\000"
 479      00000000 
 480 005e BE000000 		.ascii	"\276\000\000\000"
 481 0062 5F706F72 		.ascii	"_port_exit_from_isr\000"
 481      745F6578 
 481      69745F66 
 481      726F6D5F 
 481      69737200 
 482 0076 00       		.ascii	"\000"
 483 0077 02       		.ascii	"\002"
 484 0078 00       		.ascii	"\000"
 485 0079 00000000 		.ascii	"\000\000\000\000\000\000\000\000"
 485      00000000 
 486 0081 C0000000 		.ascii	"\300\000\000\000"
 487 0085 63685363 		.ascii	"chSchIsPreemptionRequired\000"
 487      68497350 
 487      7265656D 
 487      7074696F 
 487      6E526571 
 488 009f 00       		.ascii	"\000"
 489 00a0 02       		.ascii	"\002"
 490 00a1 00       		.ascii	"\000"
 491 00a2 00000000 		.ascii	"\000\000\000\000\000\000\000\000"
 491      00000000 
 492 00aa CC000000 		.ascii	"\314\000\000\000"
 493              		.text
 494              		.section	.gnu.lto_.opts,"",%progbits
 495 0000 272D666D 		.ascii	"'-fmath-errno' '-fsigned-zeros' '-ftrapping-math' '"
 495      6174682D 
 495      6572726E 
 495      6F272027 
 495      2D667369 
 496 0033 2D666E6F 		.ascii	"-fno-trapv' '-fno-openmp' '-fno-openacc' '-mcpu=cor"
 496      2D747261 
 496      70762720 
 496      272D666E 
 496      6F2D6F70 
 497 0066 7465782D 		.ascii	"tex-m7' '-mno-thumb-interwork' '-mthumb' '-O2' '-fo"
 497      6D372720 
ARM GAS  /tmp/cc98pesb.s 			page 38


 497      272D6D6E 
 497      6F2D7468 
 497      756D622D 
 498 0099 6D69742D 		.ascii	"mit-frame-pointer' '-falign-functions=16' '-ffuncti"
 498      6672616D 
 498      652D706F 
 498      696E7465 
 498      72272027 
 499 00cc 6F6E2D73 		.ascii	"on-sections' '-fdata-sections' '-fno-common' '-flto"
 499      65637469 
 499      6F6E7327 
 499      20272D66 
 499      64617461 
 500 00ff 2700     		.ascii	"'\000"
 501              		.text
 502              		.comm	__gnu_lto_v1,1,1
 503              		.comm	__gnu_lto_slim,1,1
 504              		.ident	"GCC: (GNU Tools for Arm Embedded Processors 7-2017-q4-major) 7.2.1 20170904 (release) [ARM
ARM GAS  /tmp/cc98pesb.s 			page 39


DEFINED SYMBOLS
                            *ABS*:0000000000000000 chcore_v7m.c
                            *COM*:0000000000000001 __gnu_lto_v1
                            *COM*:0000000000000001 __gnu_lto_slim

NO UNDEFINED SYMBOLS
