ARM GAS  /tmp/cck0Iehu.s 			page 1


   1              		.cpu cortex-m7
   2              		.eabi_attribute 20, 1
   3              		.eabi_attribute 21, 1
   4              		.eabi_attribute 23, 3
   5              		.eabi_attribute 24, 1
   6              		.eabi_attribute 25, 1
   7              		.eabi_attribute 26, 1
   8              		.eabi_attribute 30, 2
   9              		.eabi_attribute 34, 1
  10              		.eabi_attribute 18, 4
  11              		.file	"chdynamic.c"
  12              		.section	.gnu.lto_.profile.2e5332bd2badd2e2,"",%progbits
  13 0000 789C6363 		.ascii	"x\234cc```\001bF\206\014\003\000\001x\000\244"
  13      60606001 
  13      6246860C 
  13      03000178 
  13      00A4
  14              		.text
  15              		.section	.gnu.lto_.icf.2e5332bd2badd2e2,"",%progbits
  16 0000 789C6363 		.ascii	"x\234cc``\340c@\000&\206mM\307\276p0Nz2\357\007?\003"
  16      6060E063 
  16      40002686 
  16      6D4DC7BE 
  16      70304E7A 
  17 0019 002E6D06 		.ascii	"\000.m\006-"
  17      2D
  18              		.text
  19              		.section	.gnu.lto_.jmpfuncs.2e5332bd2badd2e2,"",%progbits
  20 0000 789C858F 		.ascii	"x\234\205\217=\012\302P\020\204g\336\313\317S\220\\"
  20      3D0AC250 
  20      108467DE 
  20      CBCF5390 
  20      5C
  21 0011 20E0513C 		.ascii	" \340Q<\207GIe\245\010\266b!\271\203\205\177\210M\020"
  21      87474965 
  21      A508B662 
  21      21B98385 
  21      7F884D10 
  22 0025 45B0F122 		.ascii	"E\260\361\"\226\202\010B\334\215& Q\\\230bavf\277\000"
  22      96820842 
  22      DC8D2620 
  22      515C9862 
  22      617666BF 
  23 003a 4097A8C6 		.ascii	"@\227\250\306 `1\035\246\026\275\324RdDV\344\211|\017"
  23      2060311D 
  23      A616BDD4 
  23      52644456 
  23      E4897C0F 
  24 004e E4D08C2D 		.ascii	"\344\320\214-\027\373\343\300\215lj\365b\316\230\231"
  24      17FBE3C0 
  24      8D6C6AF5 
  24      62CE9899 
  25 005e 47887299 		.ascii	"G\210r\231\010\024\307\354\262\271\267\324\021\022\\"
  25      0814C7EC 
  25      B2B9B7D4 
  25      11125C
  26 006d 304669D1 		.ascii	"0Fi\321\236jy\250\237\2328\351\357\316\241\372\235\370"
ARM GAS  /tmp/cck0Iehu.s 			page 2


  26      9E6A79A8 
  26      9F9A38E9 
  26      EFCEA1FA 
  26      9DF8
  27 007f 9792280A 		.ascii	"\227\222(\012L\002\3423\333$\004\352u\323\355\365\344"
  27      4C02E233 
  27      DB2404EA 
  27      75D3EDF5 
  27      E4
  28 0090 EB79838E 		.ascii	"\353y\203\216\253w\235+\352\350\027Pm\001h\376\004:"
  28      AB779D2B 
  28      EAE81750 
  28      6D0168FE 
  28      043A
  29 00a2 E4B72C7A 		.ascii	"\344\267,z\001\031\256k@\177\011\312\227\315\227\227"
  29      0119AE6B 
  29      407F09CA 
  29      97CD9797 
  30 00b2 F104A81A 		.ascii	"\361\004\250\032[$"
  30      5B24
  31              		.text
  32              		.section	.gnu.lto_.inline.2e5332bd2badd2e2,"",%progbits
  33 0000 789C6363 		.ascii	"x\234cc``\010g@\000&\006\011)CF\006&\211\206\365\214"
  33      60600867 
  33      40002606 
  33      09294346 
  33      06268986 
  34 0016 0C6C0BE4 		.ascii	"\014l\013\344\231@\202\314<@\211\011~`\232\221\201\225"
  34      994082CC 
  34      3C408909 
  34      7E609A91 
  34      8195
  35 0028 0F2832C1 		.ascii	"\017(2\301\017\310g\204\250\225>q\204\221\201}\207\032"
  35      0FC86784 
  35      A8953E71 
  35      8491817D 
  35      871A
  36 003a 16B56012 		.ascii	"\026\265`\022\310\003\000\347\203\012\211"
  36      C80300E7 
  36      830A89
  37              		.text
  38              		.section	.gnu.lto_.pureconst.2e5332bd2badd2e2,"",%progbits
  39 0000 789C6363 		.ascii	"x\234cc```\007b&\206]\214\214\273\030\001\005\342\001"
  39      60606007 
  39      6226865D 
  39      8C8CBB18 
  39      0105E201 
  40 0014 87       		.ascii	"\207"
  41              		.text
  42              		.section	.gnu.lto_chThdCreateFromHeap.2e5332bd2badd2e2,"",%progbits
  43 0000 789C9555 		.ascii	"x\234\225U[LTg\020\376\347\374gw\017,x+\265\326\030"
  43      5B4C5467 
  43      10FEE7FC 
  43      67770F2C 
  43      782BB5D6 
  44 0015 8369899A 		.ascii	"\203i\211\232\264n\373\320j\232\366\241\341\305&\345"
  44      B46EFBD0 
ARM GAS  /tmp/cck0Iehu.s 			page 3


  44      6A9AF6A1 
  44      E1C526E5 
  45 0025 45E24393 		.ascii	"E\342C\223&\026\227U6qY\262\013V\373\302\021P\240\024"
  45      26169755 
  45      367159B2 
  45      0B56FBC2 
  45      1150A014 
  46 0039 A356B776 		.ascii	"\243V\267v9\"\275Pm\324\212\026Q\344\322\025\024\360"
  46      3922BD50 
  46      6DD48A16 
  46      51E4D215 
  46      14F0
  47 004b 022245AB 		.ascii	"\002\"E\253\202\310E@`\331\252\241\326\032/\235\371"
  47      82C84540 
  47      60D9AAA1 
  47      D61A2F9D 
  47      F9
  48 005c CFB185C5 		.ascii	"\317\261\205\305\232\272\311n\316\371\347\373f\346\237"
  48      9ABAC96E 
  48      CEF9E7FB 
  48      66E69F
  49 006b F966D6CC 		.ascii	"\371f\326\314\030[\2450\266\034\030{\013\237\301\304"
  49      185BA530 
  49      B61C187B 
  49      0B9FC1C4 
  50 007b 40DAD2C2 		.ascii	"@\332\322\302\330\006E\222\344\235f\246F\362{\215\214"
  50      D8064592 
  50      E49D66A6 
  50      46F27B8D 
  50      8C
  51 008c A9511C64 		.ascii	"\251Q\034d\375\\\006\240\007U\001\226)q\0312\341\013"
  51      FD5C06A0 
  51      07550196 
  51      29711932 
  51      E10B
  52 009e BE9DC385 		.ascii	"\276\235\303\205\2342\215\027p\2153\220\361\365v\263"
  52      9C328D17 
  52      708D3390 
  52      F1F576B3 
  53 00ae BF6F0ABD 		.ascii	"\277o\012\275\002\304\342k0\324P\036\265p\217\252f\251"
  53      02C4E26B 
  53      30D4501E 
  53      B5708FAA 
  53      66A9
  54 00c0 81AFDACD 		.ascii	"\201\257\332\315E\345\255j\204\306%\346Cx9\314\201\237"
  54      45E5AD6A 
  54      84C625E6 
  54      437839CC 
  54      819F
  55 00d2 610E453F 		.ascii	"a\016E?\002\013\021\\\036\332y'\202\277\007\014\237"
  55      020B115C 
  55      1EDA7927 
  55      82BF070C 
  55      9F
  56 00e3 AF34373E 		.ascii	"\25747>\2342\277T\020\307J\271\372\252\3069T\000\037"
  56      9C32BF54 
  56      10C74AB9 
ARM GAS  /tmp/cck0Iehu.s 			page 4


  56      FAAAC639 
  56      54001F
  57 00f6 4FC42306 		.ascii	"O\304#\006Ga>\302\277\335p\361l4\217\027\324\356\374"
  57      47613EC2 
  57      BFDD70F1 
  57      6C348F17 
  57      D4EEFC
  58 0109 0385B241 		.ascii	"\003\205\262A\275\261GPe8\026N\225\031T\012jVo\305%"
  58      BDB14750 
  58      6538164E 
  58      9519540A 
  58      6A566FC5 
  59 011e E04B05F5 		.ascii	"\340K\005\365\324\211\275\367\243\015j\227\177fi\266"
  59      D489BDF7 
  59      A30D6A97 
  59      7F6669B6 
  60 012e BA54E326 		.ascii	"\272T\343&8\036N\306jU\011\362\276\254\301Q\316\023"
  60      381E4EC6 
  60      6A5509F2 
  60      BEACC151 
  60      CE13
  61 0140 04B9B7A9 		.ascii	"\004\271\267\251g\273\311 \237\323\343\232\241:\234"
  61      67BBC920 
  61      9FD3E39A 
  61      A13A9C
  62 014f 6A665023 		.ascii	"jfP#\250\347\206\253\216(|\231\240>h\255=\026eP\007"
  62      A8E786AB 
  62      8E287C99 
  62      A03E68AD 
  62      3D166550 
  63 0164 FC73BF17 		.ascii	"\374s\277\027q-P\033N\2660\370E\220G\324\202\032\340"
  63      712D501B 
  63      4EB630F8 
  63      459047D4 
  63      821AE0
  64 0177 CB05B974 		.ascii	"\313\005\271t\363\275C\322\223\270?\210\270\012\004"
  64      F3BD43D2 
  64      93B83F88 
  64      B80A04
  65 0186 C2A90A83 		.ascii	"\302\251\012\203\0230\237\360\241\234\376n\253\336\261"
  65      13309FF0 
  65      A19CFE6E 
  65      ABDEB1
  66 0195 59F85A56 		.ascii	"Y\370ZV\2353jt,\000T\371\236\352P$\377H\270>p\2433#"
  66      9D336A74 
  66      2C0054F9 
  66      9EEA5024 
  66      FF48B83E 
  67 01ad EE3B35A0 		.ascii	"\356;5\240\252\201P\321\334m\252\332\244\312\032\217"
  67      AA8150D1 
  67      DC6DAADA 
  67      A4CA1A8F 
  68 01bd 8093BAF7 		.ascii	"\200\223\272\367z\364^':\310\010\035\030\351\333'\363"
  68      7AF45E27 
  68      3AC8081D 
  68      18E9DB27 
  68      F3
ARM GAS  /tmp/cck0Iehu.s 			page 5


  69 01ce 8F05F3C7 		.ascii	"\217\005\363\307\255\273*\314H\245\244\356\372g|\223"
  69      ADBB2ACC 
  69      48A5A4EE 
  69      FA677C93 
  70 01de AD531568 		.ascii	"\255S\025h\230\230\230A=\331\377\240\315\312?\021\324"
  70      98989841 
  70      3DD9FFA0 
  70      CDCA3F11 
  70      D4
  71 01ef 91BCA63D 		.ascii	"\221\274\246=\212A\015\371g?\241J\320\364Tj\357\241"
  71      8A410DF9 
  71      673FA14A 
  71      D0F4546A 
  71      EFA1
  72 0201 473BA2CD 		.ascii	"G;\242\3152\234\2068h\304\357)\210#y\241\252\316\200"
  72      329C8638 
  72      68C4EF29 
  72      882379A1 
  72      AACE80
  73 0214 19FE01E4 		.ascii	"\031\376\001\344\250\370\0114\024\233\305\271\217\303"
  73      A8F80934 
  73      149BC5B9 
  73      8FC3
  74 0222 382E83B3 		.ascii	"8.\203\263\010=\007f\026\006\357\320\336u22\370P\263"
  74      083D0766 
  74      1606EFD0 
  74      DE753232 
  74      F850B3
  75 0235 681BACCE 		.ascii	"h\033\254\316m\007^\014\202\034\034\310\013\310F\236"
  75      6D075E0C 
  75      821C1CC8 
  75      0BC8469E 
  76 0245 83FB17EC 		.ascii	"\203\373\027\354\312.(TK\262\246i<\022Z\236\221\251"
  76      CA2E2854 
  76      4BB2A669 
  76      3C125A9E 
  76      91A9
  77 0257 EE39B40B 		.ascii	"\3569\264\013\365|\036S\205f\362\316'd\323\212\331\\"
  77      F57C1E53 
  77      8566F2CE 
  77      2764D38A 
  77      D95C
  78 0269 C06CE807 		.ascii	"\300l\350\007\007\224\217\277\333\3016S@}\3648\027\347"
  78      07948FBF 
  78      DBC13653 
  78      407DF438 
  78      17E7
  79 027b 6996BF73 		.ascii	"i\226\277sh\344\225\331\200\335\265J\370#\231\200\306"
  79      68E495D9 
  79      80DDB54A 
  79      F8239980 
  79      C6
  80 028c C10CA46C 		.ascii	"\301\014\244l\35472\"\200\204\032\015\244\271\251@\342"
  80      EC373222 
  80      80841A0D 
  80      A4B9A940 
  80      E2
ARM GAS  /tmp/cck0Iehu.s 			page 6


  81 029d 990EA483 		.ascii	"\231\016\244\203\030F>\031\313\303B\341T\253\001\226"
  81      18463E19 
  81      CBC342E1 
  81      54AB0196 
  82 02ad 8F37C4A7 		.ascii	"\2177\304\247\354\000\013\302\246\222\276B\013\225\311"
  82      EC000BC2 
  82      A692BE42 
  82      0B95C9
  83 02bc CF15CCAB 		.ascii	"\317\025\314\253\2622\330a\311|\250*\032\217\362\341"
  83      B232D861 
  83      C97CA82A 
  83      1A8FF2E1 
  84 02cc E0306883 		.ascii	"\3400h\203L\346\347&?7\243\331_5v\306D\002\212\006\005"
  84      4CE6E726 
  84      3F37A3D9 
  84      5F3576C6 
  84      44028A06 
  85 02e1 7E85391A 		.ascii	"~\2059\032\237\302\006 +V\324\037s@'\254\037r\256\326"
  85      9FC20620 
  85      2B56D41F 
  85      734027AC 
  85      1F72AED6 
  86 02f5 B7144519 		.ascii	"\267\024E\031Na\221^\224|\2748\256\031\014:\014Y\376"
  86      4E61915E 
  86      947CBC38 
  86      AE190C3A 
  86      0C59FE
  87 0308 A19A3E2B 		.ascii	"\241\232>+\001\320\347\026_q\201\305\366:\015\037\336"
  87      01D0E716 
  87      5F7181C5 
  87      F63A0D1F 
  87      DE
  88 0319 7907B593 		.ascii	"y\007\265\223A;\330\374<\202\240\276\210p\234U\307\001"
  88      413BD8FC 
  88      3C82A0BE 
  88      88709C55 
  88      C701
  89 032b E12E124E 		.ascii	"\341.\022NA\\\266\266\251\2602F\217\011x\204\371\022"
  89      415CB6B6 
  89      A9B03246 
  89      8F097884 
  89      F912
  90 033d BBFDF36B 		.ascii	"\273\375\363kG\253\341?<H\344\341\022y\000\221\324\244"
  90      47ABE13F 
  90      3C48E4E1 
  90      12790091 
  90      D4A4
  91 034f 48661D27 		.ascii	"Hf\035'\024\366\033\341\242\237\216\263\3508\231p\227"
  91      14F61BE1 
  91      A29F8EB3 
  91      E8389970 
  91      97
  92 0360 09377502 		.ascii	"\0117u\002nl\357\355\016 \234\242\343L\204\273B\270"
  92      6E6CEFED 
  92      0E209CA2 
  92      E34C84BB 
  92      42B8
ARM GAS  /tmp/cck0Iehu.s 			page 7


  93 0372 E9583DE9 		.ascii	"\351X=\351)\002\363?[`p\025\342\220\224;\244\326\310"
  93      2902F33F 
  93      5B607015 
  93      E290943B 
  93      A4D6C8
  94 0385 D48D4888 		.ascii	"\324\215H\210\205\016\264\215\340\206\373\263\270\254"
  94      850EB48D 
  94      E086FBB3 
  94      B8AC
  95 0393 2D7C14BE 		.ascii	"-|\024\276<f1F\3014Y\366\261+\030t\222m\322H\364\355"
  95      3C663146 
  95      C13459F6 
  95      B12B1874 
  95      926DD248 
  96 03a9 5F50C429 		.ascii	"_P\304)\026\203k\223\225\333\205-\277N\312\275N\312"
  96      16836B93 
  96      95DB852D 
  96      BF4ECABD 
  96      4ECA
  97 03bb 05765CA2 		.ascii	"\005v\\\242\345\274\373\360\275\310yg\245\335\352\316"
  97      E5BCFBF0 
  97      BDC87967 
  97      A5DDEACE 
  98 03cb 580DCB40 		.ascii	"X\015\313@\213\245\257JUd\2545t\303<1\034\267\202\355"
  98      8BA5AF4A 
  98      5564AC35 
  98      74C33C31 
  98      1CB782ED 
  99 03df 1D129E40 		.ascii	"\035\022\236@\017\310\"o\006\275\342\037eom}\177\324"
  99      0FC8226F 
  99      06BDE21F 
  99      656F6D7D 
  99      7FD4
 100 03f1 BC16833D 		.ascii	"\274\026\203=\215\260w~:|\321*\330}\304\206\033 \013"
 100      8DB0777E 
 100      3A7CD12A 
 100      D87DC486 
 100      1B200B
 101 0404 C5891A30 		.ascii	"\305\211\0320\024pNw\301\265z\320\033\0373Q\301\323"
 101      14704E77 
 101      C1B57AD0 
 101      1B1F3351 
 101      C1D3
 102 0416 7DB84519 		.ascii	"}\270E\031\364\243\202\3210\260uk>G\003~J\356\203\306"
 102      F4A382D1 
 102      30B0756B 
 102      3E47037E 
 102      4AEE83C6 
 103 042a 67503388 		.ascii	"gP3\210\307`\00025\376\002\371-\231-\244|\232\244\034"
 103      C7600032 
 103      35FE02F9 
 103      2D992DA4 
 103      7C9AA41C 
 104 043e 434D1CBB 		.ascii	"CM\034\273\331\365\235\305\350\243oc\335y\013\325[\022"
 104      D9F59DC5 
 104      E8A36F63 
 104      DD790BD5 
ARM GAS  /tmp/cck0Iehu.s 			page 8


 104      5B12
 105 0450 4BA1BAAE 		.ascii	"K\241\272\256\271\301\\\002\305\033\310\343L\215\307"
 105      B9C15C02 
 105      C51BC8E3 
 105      4C8DC7
 106 045f 200506E9 		.ascii	" \005\006\351:hl\317\275\334e\265\035\240hx\225\027"
 106      3A686CCF 
 106      BDDC65B5 
 106      1DA06878 
 106      9517
 107 0471 E12694C0 		.ascii	"\341&\224\300\016,1\3463\0046\372\007<\331\270I!g3\001"
 107      0E2C31E6 
 107      330436FA 
 107      073CD9B8 
 107      49216733 
 108 0486 60185941 		.ascii	"`\030YA\330X\362x3\027\031M\274\307K>\2248\203\0211"
 108      D858F278 
 108      3317194D 
 108      BCC74B3E 
 108      94388311 
 109 049b 8974C783 		.ascii	"\211t\307\203\301\312\277\242\211;\013\013\037\2441"
 109      C1CABFA2 
 109      893B0B0B 
 109      1FA431
 110 04aa 7C590889 		.ascii	"|Y\010\211\266\314\370<#\321<j\350\342\217\342\262\031"
 110      B6CCF83C 
 110      23D13C6A 
 110      E8E28FE2 
 110      B219
 111 04bc FA92315A 		.ascii	"\372\2221Z\365hwO\255\365I\027FE\027B\242\013\341%\377"
 111      F568774F 
 111      ADF54917 
 111      46451742 
 111      A20BE125 
 112 04d1 5D2F79F7 		.ascii	"]/y\367!\337\361\325\"\204>\316\262\261C\206\241\256"
 112      21DFF1D5 
 112      22843ECE 
 112      B2B14386 
 112      A1AE
 113 04e3 53D49FEA 		.ascii	"S\324\237\352\211\364\257\273\003\333LK*\324<\254q\004"
 113      89F4AFBB 
 113      03DB4C4B 
 113      2AD43CAC 
 113      7104
 114 04f5 835BB084 		.ascii	"\203[\260\204\20507\277\030\267\273 Q\211\244\256\326"
 114      853037BF 
 114      18B7BB20 
 114      5189A4AE 
 114      D6
 115 0506 A2257817 		.ascii	"\242%x\027~\365~+\340f\002\362\205\366wl)n\227\303\346"
 115      7EF57E2B 
 115      E06602F2 
 115      85F6776C 
 115      296E97C3 
 116 051b 4D49CD70 		.ascii	"MI\315pxl\361)\316\225\316\304\364\214d\247\333f\247"
 116      786CF129 
 116      CE95CEC4 
ARM GAS  /tmp/cck0Iehu.s 			page 9


 116      F48C64A7 
 116      DB66A7
 117 052e 67B7F7CD 		.ascii	"g\267\367\315\305o\333\334^\233'\335\346\365\330\361"
 117      C56FDBDC 
 117      5E9B27DD 
 117      E6F5D8F1 
 118 053e 30797D6A 		.ascii	"0y}j\222\313i_dg\246\024GRZ\232\354u~\346\220\361\314"
 118      92CB695F 
 118      6467A614 
 118      47525A9A 
 118      EC757EE6 
 119 0555 21A7799C 		.ascii	"!\247y\234n)m\025O\362\254\226\322\223\371\247\3364"
 119      6E296D15 
 119      4FF2AC96 
 119      D293F9A7 
 119      DE34
 120 0567 293DED39 		.ascii	")=\3559\0028S\355k2\222\035h\360\256\367.Ja\246\265"
 120      023853ED 
 120      6B32921D 
 120      68F0AEF7 
 120      2E4A61A6 
 121 057c 496B321C 		.ascii	"Ik2\034K\377\247\003\273\333\345r\247\332\322\334\236"
 121      4BFFA703 
 121      BBDBE572 
 121      A7DAD2DC 
 121      9E
 122 058d 74AFEDFD 		.ascii	"t\257\355\375e\011\361\011\353\020aw{\034+\326.v\241"
 122      6509F109 
 122      EB106177 
 122      7B1C2BD6 
 122      2E76A1
 123 05a0 BB0F9FCF 		.ascii	"\273\017\237\317\221c]\272->!\361\203\304\177\363ry"
 123      91635DBA 
 123      2D3E21F1 
 123      83C47FF3 
 123      7279
 124 05b2 9DDE15AB 		.ascii	"\235\336\025\253\355vt6-!qY\354\312$\257\003/\375Zl"
 124      ED767436 
 124      2D217159 
 124      ECCA24AF 
 124      032FFD5A 
 125 05c7 DC1B4CF2 		.ascii	"\334\033L\3620\213\313\341r{\326\263\277\001\200\204"
 125      308BCBE1 
 125      727BD6B3 
 125      BF018084 
 126 05d7 1DF1     		.ascii	"\035\361"
 127              		.text
 128              		.section	.gnu.lto_chThdCreateFromMemoryPool.2e5332bd2badd2e2,"",%progbits
 129 0000 789C9555 		.ascii	"x\234\225UmPTU\030>\357=w\357.,\210\037dFN\20331\352"
 129      6D505455 
 129      183EEF3D 
 129      77EF2E2C 
 129      881F6446 
 130 0019 4CB9F5A3 		.ascii	"L\271\365\243t\232\232\251q\232\261&~$\375\250_\016"
 130      749A9AA9 
 130      719AB126 
 130      7E24FDA8 
ARM GAS  /tmp/cck0Iehu.s 			page 10


 130      5F0E
 131 002b 2E9BEC8C 		.ascii	".\233\354\214\3132\273`\372\213+\240`T\243&\253\255"
 131      CB32BB60 
 131      FA8B2BA0 
 131      6054A326 
 131      ABAD
 132 003d 2B6E39A6 		.ascii	"+n9\246\262\243\242!\002\002\255\240H%\210\204\237|"
 132      B2A3A221 
 132      0202ADA0 
 132      48258884 
 132      9F7C
 133 004f C88780C0 		.ascii	"\310\207\200\300\212\3428ff\332\373\236{!Y\310\311\375"
 133      8AE23866 
 133      66DAFB9E 
 133      7B2159C8 
 133      C9FD
 134 0061 71E7DC7B 		.ascii	"q\347\334{\236\3479\357\307\363\236U\030cA\023c\211"
 134      9EE739EF 
 134      C7F39E55 
 134      18634113 
 134      6389
 135 0073 C0D81BB8 		.ascii	"\300\330\033\270\006\003\003is\023c\353M\222$\357P\230"
 135      06030369 
 135      731363EB 
 135      4D9224EF 
 135      5098
 136 0085 1AC9EF9F 		.ascii	"\032\311\357\237aL\215\342 k\337e\000Z\250&`Y\022\227"
 136      614C8DE2 
 136      206BDF65 
 136      005AA826 
 136      60591297 
 137 0099 210BBEE2 		.ascii	"!\013\276\342\3338\234\317-\361\361\002\356\343\014"
 137      DB389CCF 
 137      2DF1F102 
 137      EEE30C
 138 00a8 647C1D6D 		.ascii	"d|\035m\364\366N\243W\200x|\015\215\324\227F-\334\247"
 138      F4F64EA3 
 138      5780787C 
 138      0D8DD497 
 138      462DDCA7 
 139 00bc AAD96A70 		.ascii	"\252\331jp{K\344\316\322f5\302\307%\346Ax)\314\205\237"
 139      7B4BE4CE 
 139      D26635C2 
 139      C725E641 
 139      7829CC85 
 140 00d1 602E9D7E 		.ascii	"`.\235~\014\026\"\370Fy}\276\211\277\003\014\327\177"
 140      0C1622F8 
 140      46797DBE 
 140      89BF030C 
 140      D77F
 141 00e3 ADEF3C30 		.ascii	"\255\357<0m\376^A\274\376#W_\366q\016e\300\237$\342"
 141      6DFE5E41 
 141      BCFE2357 
 141      5FF6710E 
 141      65C09F24 
 142 00f8 2706C761 		.ascii	"'\006\307a>\302\263{\312.\002\177WPO\237\334\377 z\214"
 142      3EC2B37B 
ARM GAS  /tmp/cck0Iehu.s 			page 11


 142      CA2E027F 
 142      57504F9F 
 142      DCFF207A 
 143 010d 3AC7AB06 		.ascii	":\307\253\006e\037\206[\036\316\225\031T\010n {\340"
 143      651F865B 
 143      1ECE9519 
 143      54086E20 
 143      7BE0
 144 011f 26E7EF0B 		.ascii	"&\347\357\013nOC\3676\203\316\275X\034\2677G]\346\343"
 144      6E4F43F7 
 144      3683CEBD 
 144      581CB737 
 144      475DE6E3 
 145 0133 06A80C27 		.ascii	"\006\250\014'c\271N\010\362\331\241\023\307L\374CA~"
 145      63B94E08 
 145      F2D9A113 
 145      C74CFC43 
 145      417E
 146 0145 D85C531E 		.ascii	"\330\\S\036\245\223\333\367\211\230\025\250\012\247"
 146      A593DBF7 
 146      899815A8 
 146      0AA7
 147 0153 2A0CAA05 		.ascii	"*\014\252\005uX-\250\006\236(\250{\277\271\177D\322"
 147      75582DA8 
 147      069E28A8 
 147      7BBFB97F 
 147      44D2
 148 0165 A9213D66 		.ascii	"\251!=f#\324\204s\215\014~\206\371D\030\311\355\353"
 148      23D48473 
 148      8D0C7E86 
 148      F94418C9 
 148      EDEB
 149 0177 326B659F 		.ascii	"2ke\237\203\257%U\2717\365\262\007\001\337\257tW\215"
 149      83AF2555 
 149      B937F5B2 
 149      0701DFAF 
 149      74578D
 150 018a 44F28F85 		.ascii	"D\362\217\205\366\301\353\355\231\011{\324\240\252\006"
 150      F6C1EBED 
 150      99097BD4 
 150      A0AA06
 151 0199 47022F6D 		.ascii	"G\002/mU\325\006\025\325MP\253\251\237D\365\240h\003"
 151      55D50615 
 151      D54D50AB 
 151      A99F44F5 
 151      A06803
 152 01ac 237470B8 		.ascii	"#tp\2707 \363O\004\363\300\226]e\012R)\252\376\342\231"
 152      3720F34F 
 152      04F3C096 
 152      5D650A52 
 152      29AAFEE2 
 153 01c1 DFE76854 		.ascii	"\337\347hT#\234\232\030\230N=\325\367\260\305\314?\025"
 153      239C9A18 
 153      984E3DD5 
 153      F7B0C5CC 
 153      3F15
 154 01d3 D4E1FC86 		.ascii	"\324\341\374\206}&\235\332Y\0347F\225\240~Jj\317\221"
ARM GAS  /tmp/cck0Iehu.s 			page 12


 154      7D269DDA 
 154      591C3746 
 154      95A07E4A 
 154      6ACF91
 155 01e6 4785D18A 		.ascii	"G\205\321\212\014g \001NC\202\037\021u\220@6Aw4\200"
 155      0C672001 
 155      4E43821F 
 155      11759040 
 155      36417734 
 156 01fb 02E3985C 		.ascii	"\002\343\230\\\025\177\301\246C\212\370\356\341\360"
 156      157FC1A6 
 156      438AF8EE 
 156      E1F0
 157 0209 049DC12F 		.ascii	"\004\235\301/\010\375\025\024\026\006o\333\371\266\235"
 157      08FD1514 
 157      16066FDB 
 157      F9B69D
 158 0218 D18607BD 		.ascii	"\321\206\007\275\207{\003Uy\255\030\007\010r\250??("
 158      877B0355 
 158      79AD1807 
 158      0872A83F 
 158      3F28
 159 022a EBA10E04 		.ascii	"\353\241\016\004\026\354\312)\370Z\365gO\367\361\010"
 159      16ECCA29 
 159      F85AF567 
 159      4FF7F108 
 160 023a 38FB9460 		.ascii	"8\373\224`5\345\221]\350\313F\014\025~#u>!\232&\214"
 160      35E5915D 
 160      E8CB460C 
 160      157E2375 
 160      3E219A26 
 161 024f E61C4643 		.ascii	"\346\034FC\017\0344>\226\036\345v\270\305\020T\037="
 161      0F1C343E 
 161      961EE576 
 161      B8C51054 
 161      1F3D
 162 0261 CEC3B988 		.ascii	"\316\303\271\210-.\335\330\330!\277\010\330\341H\011"
 162      2D2EDDD8 
 162      D821BF08 
 162      D8E14809 
 163 0271 1F668E0F 		.ascii	"\037f\216\017I\0012\267\211\021#\002\310\254\321@\256"
 163      490132B7 
 163      89112302 
 163      C8ACD140 
 163      AE
 164 0282 8B0132D0 		.ascii	"\213\0012\320\014 +\3042\322d,\037\013\205\323\251\006"
 164      0C202BC4 
 164      32D2642C 
 164      1F0B85D3 
 164      A906
 165 0294 D926CC10 		.ascii	"\331&\314\020W9A\026\202\\\177o\241\221\312\344\345"
 165      57394116 
 165      825C7F6F 
 165      A191CAE4 
 165      E5
 166 02a5 268CABA2 		.ascii	"&\214\253\242\"\324f\314\372[5\371x\224\007\375\317"
 166      22D466CC 
ARM GAS  /tmp/cck0Iehu.s 			page 13


 166      FA5B35F9 
 166      789407FD 
 166      CF
 167 02b6 A019B298 		.ascii	"\240\031\262\230\227+>\036\315\372!;^T\032OC8\353\203"
 167      972B3E1E 
 167      CDFA213B 
 167      5E541A4F 
 167      4338EB83 
 168 02ca DCAB754D 		.ascii	"\334\253uM\201(\235\016\213\264\3647a\212x1\240\374"
 168      81289D0E 
 168      8BB4F437 
 168      618A7831 
 168      A0FC
 169 02dc 10647B07 		.ascii	"\020d{\007\253\373\314\004@\361\315\236\242\002\243"
 169      ABFBCC04 
 169      40F1CD9E 
 169      A202A3
 170 02eb E5551A35 		.ascii	"\345U\0325\314\256\220\032\307\340<X\274<\202\240\236"
 170      CCAE901A 
 170      C7E03C58 
 170      BC3C82A0 
 170      9E
 171 02fc 88709C59 		.ascii	"\210p\234Y\303\001\341Z\010g\"\\\345`C\337,\355L\352"
 171      C301E15A 
 171      0867225C 
 171      E56043DF 
 171      2CED4CEA 
 172 0310 B96743ED 		.ascii	"\271gC\3559#\371Z\353sUmc\275\342\207\242\365X\372x"
 172      3923F95A 
 172      EB73556D 
 172      63BDE287 
 172      A2F558FA 
 173 0325 1F9F86B1 		.ascii	"\037\237\206\261\303\357\324\030\334k\315\273\334i\266"
 173      C3EFD418 
 173      DC6BCDBB 
 173      DC69B6
 174 0334 1C54B5AD 		.ascii	"\034T\265\255\030h\005?\024b1P\376\002XP;\307\267\361"
 174      1868053F 
 174      14623150 
 174      FE025850 
 174      3BC7B7F1 
 175 0348 334D59C2 		.ascii	"3MY\302\303P\237\316k\375\262\343R\025\374Gl\302}\027"
 175      C3509FCE 
 175      6BFDB2E3 
 175      5215FC47 
 175      6CC27D17 
 176 035c 293649A4 		.ascii	")6I\244;)\007\203\206\223\011w\211p\321S\343\024\015"
 176      3B290783 
 176      86930977 
 176      8970D153 
 176      E3140D
 177 036f 6720DC65 		.ascii	"g \334e\302\305L\300\335\335?\332\006\2043j8\205pW\010"
 177      C2C54CC0 
 177      DDDD3FDA 
 177      0684336A 
 177      38857057 
 178 0384 3703FB22 		.ascii	"7\003\373\"MaR\357\323M\012W!\001Iy\203j\265L\325\213"
ARM GAS  /tmp/cck0Iehu.s 			page 14


 178      4D6152EF 
 178      D34D0A57 
 178      21014979 
 178      836AB54C 
 179 039a 807868C3 		.ascii	"\200xh\303\275a\274(\217\027\225\264\204\217\323\267"
 179      BD61BC28 
 179      8F1795B4 
 179      848FD3B7 
 180 03aa E5667D9C 		.ascii	"\345f}\234\014\223G'~\005\203v\332\2334V\275\201\005"
 180      0C934727 
 180      7E058376 
 180      DA9B3456 
 180      BD8105
 181 03bd 3B399DC5 		.ascii	";9\235\305\240c\262\373;\321L\327\310\375\327\310\375"
 181      A063B2FB 
 181      3BD14CD7 
 181      C8FDD7C8 
 181      FD
 182 03ce C08E4AB8 		.ascii	"\300\216J\270\373\303\356\243\367#\347\325I\273\325"
 182      FBC3EEA3 
 182      F723E7D5 
 182      49BBD5
 183 03dd 1DD8A5E9 		.ascii	"\035\330\245\351\342~\352=\241\232dl\024t\301<\321\312"
 183      E27EEA3D 
 183      A19A646C 
 183      1474C13C 
 183      D1CA
 184 03ef DBA1D636 		.ascii	"\333\241\3266\011\277@7\310\"n\006=\342\337e\177M]_"
 184      09BF4037 
 184      C8226E06 
 184      3DE2DF65 
 184      7F4D5D5F 
 185 0403 D4BC7A9D 		.ascii	"\324\274z\235=\203\260w\016\035\275`\026\354^b\303u"
 185      3D83B077 
 185      0E1DBD60 
 185      16EC5E62 
 185      C375
 186 0415 90859745 		.ascii	"\220\205\227E\015\030\015AWA\307i\320\032\037;q\012"
 186      0D180D41 
 186      5741C769 
 186      D01A1F3B 
 186      710A
 187 0427 667AF046 		.ascii	"fz\360Fe\320\207S\200\033\375[\266l\342\270\201?\377"
 187      65D08753 
 187      801BFD5B 
 187      B66CE2B8 
 187      813FFF
 188 043a 03F0F159 		.ascii	"\003\360\361Y\324\014\3421\350\207,\037\217%]\177\234"
 188      D40CE231 
 188      E8872C1F 
 188      8F255D7F 
 188      9C
 189 044b 18923334 		.ascii	"\030\22234$\261\324\304\2737:\367\032\365>\216\273U"
 189      24B1D4C4 
 189      BB373AF7 
 189      1AF53E8E 
 189      BB55
ARM GAS  /tmp/cck0Iehu.s 			page 15


 190 045d 9AE456FF 		.ascii	"\232\344V\377l\037\177\016)00\245]g\303\015aW#5o\020"
 190      6C1F7F0E 
 190      293030A5 
 190      5D67C30D 
 190      61572335 
 191 0473 2CF437F6 		.ascii	",\3647\366\370\217`\014\211=\017\022\014!K\014\334\265"
 191      F88F600C 
 191      893D0F12 
 191      0C214B0C 
 191      DCB5
 192 0485 F1C39EAA 		.ascii	"\361\303\236\252\036\250\271{\3170\256n\204a\241n\""
 192      1EA8B97B 
 192      CF30AE6E 
 192      8461A16E 
 192      22
 193 0496 F510F94A 		.ascii	"\365\020\371J\301\302l\360\357\331\316E~\023\2532\307"
 193      C1C26CF0 
 193      EFD9CE45 
 193      7E13AB32 
 193      C7
 194 04a7 4340B829 		.ascii	"C@\270)\356\006\252\330\341P\305\237\321\024\311\013"
 194      EE06AAD8 
 194      E150C59F 
 194      D114C90B 
 195 04b7 D8C61198 		.ascii	"\330\306\021\230\353\343q\302\226t\357=\231u\004n\337"
 195      EBE371C2 
 195      9674EF3D 
 195      9975046E 
 195      DF
 196 04c8 D25D76AC 		.ascii	"\322]v\254\250d\246v\355\351\215\177\264\273\273\306"
 196      A864A676 
 196      EDE98D7F 
 196      B4BBBBC6 
 197 04d8 3CD6D35B 		.ascii	"<\326\323[\242\247\267EO\303\0338\2525\260k\264\260"
 197      A2A7B745 
 197      4FC31B38 
 197      AA35B06B 
 197      B4B0
 198 04ea 72953842 		.ascii	"r\2258B\273vd\375V\033\202\332v\321M\352\016\322\277"
 198      BB7664FD 
 198      561B82DA 
 198      76D14DEA 
 198      0ED2BF
 199 04fd EB0A6E35 		.ascii	"\353\012n5,)S\363\261cxW\336\201%l\004c\363\212\341"
 199      2C2953F3 
 199      B1637857 
 199      DE81256C 
 199      0463F38A 
 200 0512 BD079C4A 		.ascii	"\275\007\234J\"u6\007\226`.\374A\345y\300\273\022H\013"
 200      22753607 
 200      96602EFC 
 200      41E579C0 
 200      BB12480B 
 201 0526 4F7CCB92 		.ascii	"O|\313\222\352t\330,\356\324\264L\233\313\2624\325\276"
 201      EA74D82C 
 201      EED4B44C 
 201      9BCBB234 
ARM GAS  /tmp/cck0Iehu.s 			page 16


 201      D5BE
 202 0538 D29E9491 		.ascii	"\322\236\224\221\231bwZ\254\264v\272__\374\246\305\351"
 202      9962775A 
 202      ACB476BA 
 202      5F5FFCA6 
 202      C5E9
 203 054a B6B8322C 		.ascii	"\266\2702,n\227\025?\246\254KKv\330\255\213\254Lr\244"
 203      6E97153F 
 203      A6AC4B4B 
 203      76D8AD8B 
 203      AC4C72A4 
 204 055e CBB8B6C9 		.ascii	"\313\270\266\311\351.\273SJ\377\234'\273VI\031)\374"
 204      E92EBB53 
 204      4AFF9C27 
 204      BB564919 
 204      29FC
 205 0570 0B77BA94 		.ascii	"\013w\272\224\221\376\014\302\3664\353\352\314\024\033"
 205      91FE0CC2 
 205      F634EBEA 
 205      CC141B
 206 057f 6EB8D7B9 		.ascii	"n\270\327\271\027\2452\303\232\344\325\231\266e\377"
 206      17A532C3 
 206      9AE4D599 
 206      B665FF
 207 058e 53C0EA74 		.ascii	"S\300\352t8\234i\226t\247+\303myoy\342\322\304\265\210"
 207      389C6996 
 207      74A72BC3 
 207      6D796F79 
 207      E2D2C4B5 
 208 05a3 B03A5DB6 		.ascii	"\260:]\266\025k\026;P\356\243g\023\262\255\315\260,"
 208      156B163B 
 208      50EEA367 
 208      13B2ADCD 
 208      B02C
 209 05b5 4D4CFA20 		.ascii	"ML\372 \351\337\270\034n\273{\305*\253\025\305\246'"
 209      E9DFB81C 
 209      6EBB7BC5 
 209      2AAB15C5 
 209      A627
 210 05c7 262D8F5F 		.ascii	"&-\217_\231\354\266a\322\257\304'\274\306$\0273:l\016"
 210      99ECB661 
 210      D2AFC427 
 210      BCC62417 
 210      333A6C0E 
 211 05db A76B1DFB 		.ascii	"\247k\035\373\007\255\251:\364"
 211      07ADA93A 
 211      F4
 212              		.text
 213              		.section	.gnu.lto_.symbol_nodes.2e5332bd2badd2e2,"",%progbits
 214 0000 789C55C9 		.ascii	"x\234U\311\253\021\200@\020\003\320\344>\224A-P\331"
 214      AB118040 
 214      1003D0E4 
 214      3E94412D 
 214      50D9
 215 0012 9E630685 		.ascii	"\236c\006\205FS\005\032M\005\010\3045\301\237\005\014"
 215      4653051A 
 215      4D0508C4 
ARM GAS  /tmp/cck0Iehu.s 			page 17


 215      35C19F05 
 215      0C
 216 0023 2732C9BC 		.ascii	"'2\311\274d\000Z\015\314B\001\232\021\320\352C\251\262"
 216      64005A0D 
 216      CC42019A 
 216      11D0EA43 
 216      A9B2
 217 0035 5298080F 		.ascii	"R\230\010\017\212y\005\010\241P\330)6\201\215\342\022"
 217      8A790508 
 217      A150D829 
 217      36818DE2 
 217      12
 218 0046 B828FE0F 		.ascii	"\270(\376\017\026\016\335|\322\352\032\252)\2670\350"
 218      160EDD7C 
 218      D2EA1AAA 
 218      29B730E8 
 219 0056 6A6DFACF 		.ascii	"jm\372\317\365\211\217\323 \252\343\006V\323)."
 219      F5898FD3 
 219      20AAE306 
 219      56D3292E 
 220              		.text
 221              		.section	.gnu.lto_.refs.2e5332bd2badd2e2,"",%progbits
 222 0000 789C6363 		.ascii	"x\234cc```\004b\006\000\000D\000\010"
 222      60606004 
 222      62060000 
 222      440008
 223              		.text
 224              		.section	.gnu.lto_.decls.2e5332bd2badd2e2,"",%progbits
 225 0000 789CB55A 		.ascii	"x\234\265ZyXTW\226\257\373nmT\025`\203\323c2\314L&\037"
 225      79585457 
 225      96AFFB6E 
 225      6D541560 
 225      83D36332 
 226 0018 3D617A11 		.ascii	"=az\021M2Iz\371\272\223qz:\231\351\364\227\257\235|"
 226      4D32497A 
 226      F9BA9371 
 226      7A3A99E9 
 226      F497AF9D 
 227 002d 3DF963BA 		.ascii	"=\371c\272\232@EH\330\246\252\210q\376\351b\021EP\\"
 227      9A404548 
 227      D8A6AA88 
 227      71FEE962 
 227      1145505C 
 228 0041 50D954C4 		.ascii	"P\331T\304\215UpE\001\025A\001Q\020E@d\265P (\010\002"
 228      8D557045 
 228      01154101 
 228      51104540 
 228      64B55020 
 229 0058 22A032E7 		.ascii	"\"\2402\347.U\357UQ\245I\372\233\372\270\274w\356;\367"
 229      2E55EF55 
 229      51A549FA 
 229      9BFAB8BC 
 229      77EE3BF7 
 230 006c 9CDF39F7 		.ascii	"\234\3379\367\234s\357[\2242\231\354\3742\231\354c\265"
 230      9C73EF5B 
 230      943299EC 
 230      FC3299EC 
ARM GAS  /tmp/cck0Iehu.s 			page 18


 230      63B5
 231 007e 4CA61664 		.ascii	"L\246\026d\262y\370a\322\007M\013\255\020\261\363_\300"
 231      B279F861 
 231      D2074D0B 
 231      AD10B1F3 
 231      5FC0
 232 0090 F12EE987 		.ascii	"\361.\351\207\243\036\216~\320\224\320\256\003\375\011"
 232      A31E8E7E 
 232      D094D0AE 
 232      03FD09
 233 009f 1C87E028 		.ascii	"\034\207\340(\343}\023p>Gh\220\247\204\246\203\266H"
 233      E37D1370 
 233      3E476890 
 233      A784A683 
 233      B648
 234 00b1 902DF80D 		.ascii	"\220-\370\015\202\242\227\341\350\003m1\264\317\221"
 234      82A297E1 
 234      E8036D31 
 234      B4CF91
 235 00c0 7B7DD7E0 		.ascii	"{}\327\340h\205\343\233p\374\236\300tj\341\350\013m"
 235      6885E39B 
 235      70FC9EC0 
 235      746AE1E8 
 235      0B6D
 236 00d2 09B49704 		.ascii	"\011\264\227\004\206E\001\307/\340\370\017\210a|Y`\230"
 236      864501C7 
 236      2FE0F80F 
 236      88617C59 
 236      6098
 237 00e4 E68156C1 		.ascii	"\346\201V\301\261\001\216\365\320\232\240]\206\326\010"
 237      B1018EF5 
 237      D09AA05D 
 237      86D608
 238 00f3 AD0E5A06 		.ascii	"\255\016Z\0064\017\216\375oa\314\337C\373\001\307\376"
 238      340F8EFD 
 238      6F61CCDF 
 238      43FB01C7 
 238      FE
 239 0104 1AB47FE2 		.ascii	"\032\264\177\342\266\310\\\3301\015v\374\215\223\035"
 239      B6C85CD8 
 239      310D76FC 
 239      8D931D
 240 0113 C41FEE6C 		.ascii	"\304\037\356l\370\204\333\361C\220\345\015m\200\333"
 240      F884DBF1 
 240      4390E50D 
 240      6D80DB
 241 0122 FC6D6CF1 		.ascii	"\374ml\361\220\330r\307\215=\341\234o\316\311\246E."
 241      90D872C7 
 241      8D3DE19C 
 241      6FCEC9A6 
 241      452E
 242 0134 6C22D3F5 		.ascii	"l\"\323\365\206\223mi\030]K(\315\306\311\030\371h\220"
 242      86936D69 
 242      185D4B28 
 242      CDC6C918 
 242      F96890
 243 0147 1CC8F1C6 		.ascii	"\034\310\361\306\314~/ \027k\320+@fVL6(\330U5\220\327"
ARM GAS  /tmp/cck0Iehu.s 			page 19


 243      CC7E2F20 
 243      176BD02B 
 243      4066564C 
 243      3628D855 
 244 015e C7AEECD2 		.ascii	"\307\256\354\3222r\021\220'\007.\325j\030\263\005\001"
 244      32721190 
 244      27072ED5 
 244      6A18B305 
 244      01
 245 016f 5D365A58 		.ascii	"]6ZX\346\311\350*\"\373\364\204\345\270'\026\0209\277"
 245      E6C9E82A 
 245      22FBF484 
 245      E5B82716 
 245      1039BF
 246 0182 30D97B50 		.ascii	"0\331{P\207=\350\371\303\236\274\002\017\354E\317\273"
 246      873DE8F9 
 246      C39EBC02 
 246      0FEC45CF 
 246      BB
 247 0193 EBF30B89 		.ascii	"\353\363\013\211\376O4\210D\2467t\225\334?=\343\311"
 247      FE4F3488 
 247      44A63774 
 247      95DC3F3D 
 247      E3C9
 248 01a5 BA08C798 		.ascii	"\272\010\307\230\265\277H\207\027\323\363\221\204\251"
 248      B5BF4887 
 248      17D3F391 
 248      84A9
 249 01b3 3AF9D222 		.ascii	":\371\322\"\013\373\251wc\031:\213\260\315\226\3753"
 249      0BFBA977 
 249      63193A8B 
 249      B0CD96FD 
 249      33
 250 01c4 0FCA74F8 		.ascii	"\017\312t\370\017\204Shl\236.W#M\300z\213%\316\222\023"
 250      0F845368 
 250      6C9E2E57 
 250      234DC07A 
 250      8B25CE92 
 251 01d9 6FF1785F 		.ascii	"o\361x_\206\216#?t\014\371\311P5\012 \322\317\241\245"
 251      868E233F 
 251      740CF9C9 
 251      50350A20 
 251      D2CFA1A5 
 252 01ed 3274063A 		.ascii	"2t\006:+\241\363 \221X5\235\365jE\217\305\362\012:\217"
 252      2BA1F320 
 252      9158359D 
 252      F56A458F 
 252      C5F20A3A 
 253 0202 C0088429 		.ascii	"\300\010\204)\0178\357\023\015S\261\271k\246R\213w\""
 253      0F38EF13 
 253      0D53B1B9 
 253      6BA6528B 
 253      7722
 254 0214 8AE64062 		.ascii	"\212\346@b\353\240\027\316fDQuF\203\026\3471\"7\266"
 254      EBA017CE 
 254      66445175 
 254      468316E7 
ARM GAS  /tmp/cck0Iehu.s 			page 20


 254      312237B6 
 255 0228 F5B2272E 		.ascii	"\365\262'.fD\357\\\317\011\214\2172\242\340\331d\203"
 255      6644EF5C 
 255      CF098C8F 
 255      32A2E0D9 
 255      6483
 256 023a 372E6344 		.ascii	"7.cD\347\356\332\257u\370\"#\262\357l\334\244\220\223"
 256      E7EEDAAF 
 256      75F82223 
 256      B2EF6CDC 
 256      A49093
 257 024d 9922BA23 		.ascii	"\231\"\272#\345\244\257\246x\256\012\323>\200\333\200"
 257      E5A4AFA6 
 257      78AE0AD3 
 257      3E80DB80 
 258 025d 68DF9DDA 		.ascii	"h\337\235\332\221;*;\337e\326yq~\272\312\233\315\214"
 258      913B2A3B 
 258      DF65D679 
 258      717EBACA 
 258      9BCD8C
 259 0270 2099A8C5 		.ascii	" \231\250\305l\242\006&\312STKv\020\0137\307[\026\011"
 259      6CA20626 
 259      CA53544B 
 259      76100B37 
 259      C75B1609 
 260 0284 48AF434D 		.ascii	"H\257CM`w#\330-CW\321\022\370\177\005\004Q\023\033b"
 260      607723D8 
 260      2D4357D1 
 260      12F87F05 
 260      0451131B 
 261 0299 CF5DD0EA 		.ascii	"\317]\320\3526\330\375F\256\333]'C\315H\307\235\002"
 261      36D8FD46 
 261      AEDB5D27 
 261      43CD48C7 
 261      9D02
 262 02ab BC67E70A 		.ascii	"\274g\347\012\033\005\334D\015\020F\213J\033\274\220"
 262      1B05DC44 
 262      0D10468B 
 262      4A1BBC90 
 263 02bb 2EC0CD50 		.ascii	".\300\315P\324\002^\027G3\177\017V,\313\270N\374}\035"
 263      D4025E17 
 263      47337F0F 
 263      562CCBB8 
 263      4EFC7D1D 
 264 02cf 2E5C13FD 		.ascii	".\\\023\375\015|LC\332\216\233\005\336\370\000\013\242"
 264      0D7C4C43 
 264      DA8E9B05 
 264      DEF8000B 
 264      A2
 265 02e0 5367465E 		.ascii	"SgF^gF\372\001U\336=^\305\215\354#\341\227Wr\270]\213"
 265      6746FA01 
 265      55DE3D5E 
 265      C58DEC23 
 265      E1975772 
 266 02f7 8F30D6C2 		.ascii	"\2170\326\302\351\204\023\336\370\004#l\201\351\303"
 266      E98413DE 
 266      F804236C 
ARM GAS  /tmp/cck0Iehu.s 			page 21


 266      81E9C3
 267 0306 03336F20 		.ascii	"\0033o {\223\216\321\357\000y\243\271\347\000\306\025"
 267      7B938ED1 
 267      EF0079A3 
 267      B9E700C6 
 267      15
 268 0317 824340BE 		.ascii	"\202C@\276\2660 _c\001y=\365\341~\025\276@\331\205\336"
 268      B630205F 
 268      6301793D 
 268      F5E17E15 
 268      BE40D985 
 269 032c 8EB92E2F 		.ascii	"\216\271./wq\326\007\026\277\306\343\254\033:\273\354"
 269      7771D607 
 269      16BFC6E3 
 269      AC1B3ABB 
 269      EC
 270 033d 7136DFF1 		.ascii	"q6\337\361\313\214\207\304\356^\230\303\036\321\356"
 270      CB8C87C4 
 270      EE5E98C3 
 270      1ED1EE
 271 034c D7789CE5 		.ascii	"\327x\234\345\357\337\222\253\304\0330\325Q\221u\367"
 271      EFDF92AB 
 271      C41B30D5 
 271      519175F7 
 272 035c A2E04E47 		.ascii	"\242\340NG\277[\035\275\303\257\326\256\265X\004d\005"
 272      BF5B1DBD 
 272      C3AFD6AE 
 272      B5580464 
 272      05
 273 036d 1DB7451D 		.ascii	"\035\267E\035\240\222)\261\244\315\355\361\3045L\311"
 273      A09229B1 
 273      A4CDEDF1 
 273      C4354CC9 
 274 037d 83F8AC03 		.ascii	"\203\370\254\003n\015\031p\257d\346\225\364Yb\310]P"
 274      6E0D1970 
 274      AF64E695 
 274      F45962C8 
 274      5D50
 275 038f 72475462 		.ascii	"rGTb\265)\351:\266\261F\215\367\310\251\353*\312*ky"
 275      B529E93A 
 275      B6B1468D 
 275      F7C8A9EB 
 275      2ACA2A6B 
 276 03a4 3D590664 		.ascii	"=Y\006d\374\235]\267\275\360!v\25565!E\203K)!L]\273"
 276      FC9D5DB7 
 276      BDF02176 
 276      AD363521 
 276      45834B29 
 277 03bc 9FA17487 		.ascii	"\237\241t\207\346\276[4\267\226@U@\367\000\312\260\013"
 277      E6BE5B34 
 277      B7964055 
 277      40F700CA 
 277      B00B
 278 03ce 285913DD 		.ascii	"(Y\023\335_{0\355\001\304\307\345\023\007\224\270\222"
 278      5F7B30ED 
 278      01C4C7E5 
 278      130794B8 
ARM GAS  /tmp/cck0Iehu.s 			page 22


 278      92
 279 03df 69BFD0DF 		.ascii	"i\277\320\337R\257\300\027\031\221S}\373'\270\215\235"
 279      52AFC017 
 279      1991537D 
 279      FB27B88D 
 279      9D
 280 03f0 976FAF1C 		.ascii	"\227o\257\034Q\343NFX\347\237}\216\357\261\363\244\242"
 280      51E34E46 
 280      58E79F7D 
 280      8EEFB1F3 
 280      A4A2
 281 0402 A45A2F3C 		.ascii	"\244Z/<\301\210\334s\025\367U8^A\011[\021\365aE4o\270"
 281      C188DC73 
 281      15F75538 
 281      5E41095B 
 281      11F56145 
 282 0419 F709C65B 		.ascii	"\367\011\306[\331\265\333]u\245^8\215\021\025\323Y\025"
 282      D9B5DB5D 
 282      75A55E38 
 282      8D1115D3 
 282      5915
 283 042b DE388B11 		.ascii	"\3368\213\021\215\375\363\01758\227\021e\231\317\252"
 283      8DFDF30F 
 283      35389711 
 283      6599CFAA 
 284 043b E4389F11 		.ascii	"\3448\237\021k7\026\357$uV\311BRE\212\300\330\354I9"
 284      6B3716EF 
 284      247556C9 
 284      4252458A 
 284      C0D8EC49 
 285 0450 EB22867F 		.ascii	"\353\"\206\177\005]\2732\272\216x\341b:D8\333r*\301"
 285      055DBB32 
 285      BA8E78E1 
 285      623A4438 
 285      DB722AC1 
 286 0464 1305686C 		.ascii	"\023\005hl\321\366V\306\030\231\244y\360\314S\3213J"
 286      D1F656C6 
 286      1899A479 
 286      F0CC53D1 
 286      334A
 287 0476 E298F584 		.ascii	"\342\230\365\204\305\331\305\317\300\305J\356\342'\320"
 287      C5D9C5CF 
 287      C0C54AEE 
 287      E227D0
 288 0485 39079DA4 		.ascii	"9\007\235\244r\317\214\035\227\3432\246\343\330\266"
 288      72CF8C1D 
 288      97E332A6 
 288      E3D8B6
 289 0494 27E95E76 		.ascii	"'\351^v\035\275\303\257\237\240\321\026'\000&\301\256"
 289      1DBDC3AF 
 289      9FA0D116 
 289      270026C1 
 289      AE
 290 04a5 631EB955 		.ascii	"c\036\271U\022+\270Tr\3332\227\241\303\347\230\222\254"
 290      122BB854 
 290      72DB3297 
 290      A1C3E798 
ARM GAS  /tmp/cck0Iehu.s 			page 23


 290      92AC
 291 04b7 EADC6382 		.ascii	"\352\334c\202\250d\346M\026mkAI\274\250\004t\272S\222"
 291      A864E64D 
 291      166D6B41 
 291      49BCA804 
 291      74BA5392 
 292 04cb E05AC9EC 		.ascii	"\340Z\311\354\266\323'\264\370\"sp\362\366\221\203^"
 292      B6D327B4 
 292      F8227370 
 292      F2F69183 
 292      5E
 293 04dc F83223E6 		.ascii	"\3702#\346\206\322:\020\233=\035\220q\025\035[\274y"
 293      86D23A10 
 293      9B3D1D90 
 293      71151D5B 
 293      BC79
 294 04ee 95A1D93F 		.ascii	"\225\241\331?\273\376\231\034\337d\274\355)-\235J\334"
 294      BBFE991C 
 294      DF64BCED 
 294      292D9D4A 
 294      DC
 295 04ff C7A0965D 		.ascii	"\307\240\226]\356\232\303v\250\0154\0247\002\316\344"
 295      EE9AC376 
 295      A80D3414 
 295      3702CEE4 
 296 050f 6F8433C5 		.ascii	"o\2043\3055\316\332\2539\023j<\300\324\235\336\262\025"
 296      35CEDAAB 
 296      39136A3C 
 296      C0D49DDE 
 296      B215
 297 0521 62F13E23 		.ascii	"b\361>#z\322\223+\264x\236\021gS\037\236\362\300\211"
 297      7AD2932B 
 297      B4789E11 
 297      67531F9E 
 297      F2C089
 298 0534 4A4AAC7B 		.ascii	"JJ\254{l-\365\306\251\214\030\216\257\272-\307;\030"
 298      6C2DF5C6 
 298      A98C188E 
 298      AFBA2DC7 
 298      3B18
 299 0546 51B2F64E 		.ascii	"Q\262\366N\276\032\214\361\203HB\222\312\346\307*\333"
 299      BE1A8CF1 
 299      83484292 
 299      CAE6C72A 
 299      DB
 300 0557 F1AA8962 		.ascii	"\361\252\211b9\316\242\274\302\221\342;\237K\"h\351"
 300      39CEA2BC 
 300      C291E23B 
 300      9F4B2268 
 300      E9
 301 0568 DA756476 		.ascii	"\332udv\323\301\240\035\242A~\334\2368\213e\237\005"
 301      D3C1A01D 
 301      A2417EDC 
 301      9E388B65 
 301      9F05
 302 057a 2F91A137 		.ascii	"/\221\2417\374\3202\260f'X\343\307\255\331.\370\241"
 302      FCD032B0 
ARM GAS  /tmp/cck0Iehu.s 			page 24


 302      662758E3 
 302      C7ADD92E 
 302      F8A1
 303 058c 34815A93 		.ascii	"4\201Z\223\277'\357\202'>\300\024\364\024?h\302\222"
 303      BF27EF82 
 303      273EC014 
 303      F4143F68 
 303      C292
 304 059e F879F518 		.ascii	"\370y\365\030\215\237,\320\220!jH\027\334\250\310t\255"
 304      8D9F2CD0 
 304      90216A48 
 304      17DCA8C8 
 304      74AD
 305 05b0 226E5B4B 		.ascii	"\"n[K\221\007.f*\342.n\276\246\262\225\021\307\341\273"
 305      91072E66 
 305      2AE22E6E 
 305      BEA6B295 
 305      11C7E1BB 
 306 05c4 5D0CB705 		.ascii	"]\014\267\005\331;\355\324\326]\200$[D\222%\360:\262"
 306      D93BEDD4 
 306      D65D8024 
 306      5B449225 
 306      F03AB2
 307 05d7 3D736009 		.ascii	"=s`\011>\301<\232\234\362\254\004\326\016\246ndS^\231"
 307      3EC13C9A 
 307      9CF2AC04 
 307      D60EA66E 
 307      64535E99 
 308 05eb D2B5BA5C 		.ascii	"\322\265\272\\\267\352\254\252w\321^\320\224\343BS\367"
 308      B7EAACAA 
 308      77D15ED0 
 308      94E34253 
 308      F7
 309 05fc AE071372 		.ascii	"\256\007\023r\\\303T\355\257)\271\246\302\227\230\252"
 309      5CC354ED 
 309      AF29B9A6 
 309      C29798AA 
 310 060c 8EA9CBDB 		.ascii	"\216\251\313\333\304\274\030\006\031\007A\306~g\031"
 310      C4BC1806 
 310      190741C6 
 310      7E6719
 311 061b 2E901C70 		.ascii	".\220\034p\355\267\321\204\273}|o\267\204\344GZ\372"
 311      EDB7D184 
 311      BB7D7C6F 
 311      B784E447 
 311      5AFA
 312 062d 1BF83A53 		.ascii	"\033\370:S<r\240\351(\251\233\001\032\364gI\320\004"
 312      3C72A0E9 
 312      28A99B01 
 312      1AF46749 
 312      D004
 313 063f B0A0C9DE 		.ascii	"\260\240\311\336b\335\351\201;\030\254\214\251\343s"
 313      62DDE981 
 313      3B18AC8C 
 313      A9E373
 314 064e F655A434 		.ascii	"\366U\2444\336\362\275\330\3452t\012\302\371\004\211"
 314      DEF2BDD8 
ARM GAS  /tmp/cck0Iehu.s 			page 25


 314      E532740A 
 314      C2F90489 
 315 065e F162501D 		.ascii	"\361bP\035\300U\027\200\352|A\\\017\377q\027]\017\213"
 315      C0551780 
 315      EA7C415C 
 315      0FFF7117 
 315      5D0F8B
 316 0671 C08A42D1 		.ascii	"\300\212B\321\212\000\356\210u\011y\251Z|\207)IK\265"
 316      8A00EE88 
 316      750979A9 
 316      5A7C8729 
 316      494BB5
 317 0684 76AAA485 		.ascii	"v\252\244\205\247\216\006N)\014=,\016-\022\035\260\000"
 317      A78E064E 
 317      290C3D2C 
 317      0E2D121D 
 317      B000
 318 0696 48890B20 		.ascii	"H\211\013 $\245J:/\310\361\010\3232\2254\222\343\336"
 318      24A54A3A 
 318      2FC8F108 
 318      D3329534 
 318      92E3DE
 319 06a9 94636E4D 		.ascii	"\224cnM\251\353\305\3355\260\007\222\243\243\000\350"
 319      A9EBC5DD 
 319      35B00792 
 319      A3A300E8 
 320 06b9 8808A8D4 		.ascii	"\210\010\250\3246\253\345)S\011\016;,\302(\356\260\216"
 320      36ABE529 
 320      53090E3B 
 320      2CC228EE 
 320      B08E
 321 06cb 0B3ABEA1 		.ascii	"\013:\276\241\215\263\236lC\370\214\212\372\271\365"
 321      8DB39E6C 
 321      43F88C8A 
 321      FAB9F5
 322 06da F199591D 		.ascii	"\361\231Y\035\256\246\204\274(\276`L\216\002\374\020"
 322      AEA684BC 
 322      28BE604C 
 322      8E02FC10 
 323 06ea 8C42CC11 		.ascii	"\214B\314\021dC,C\345 \352\244\200m;\374L\013\300\037"
 323      64432C43 
 323      E520EAA4 
 323      806D3BFC 
 323      4C0BC01F 
 324 06fe FB33E986 		.ascii	"\3733\351\206s5=\272\210\2112\260\206\\\222\241\323"
 324      73353DBA 
 324      888932B0 
 324      865C92A1 
 324      D3
 325 070f 60CB29E6 		.ascii	"`\313)\346\215#\331\3653\036\032\316\275\376E\334\267"
 325      8D23D9F5 
 325      331E1ACE 
 325      BDFE45DC 
 325      B7
 326 0720 1FCF5FD0 		.ascii	"\037\317_\320I\215\252p0\252\322n\324\371\306\370|-"
 326      498DAA70 
 326      30AAD26E 
ARM GAS  /tmp/cck0Iehu.s 			page 26


 326      D4F9C6F8 
 326      7C2D
 327 0732 AE634659 		.ascii	"\256cFY\237\356\275\243\302\215\214x\234~i\277'na\304"
 327      9FEEBDA3 
 327      C28D8C78 
 327      9C7E69BF 
 327      276E61C4 
 328 0746 D6A2E676 		.ascii	"\326\242\346v%ngD\317\341g\225J|\213\021{\272\306\213"
 328      256E6744 
 328      CFE16795 
 328      4A7C8B11 
 328      7BBAC68B 
 329 075a 55B89B12 		.ascii	"U\270\233\022B\333\374\320\220\306q\323\371\247\357"
 329      42DBFCD0 
 329      90C671D3 
 329      F9A7EF
 330 0769 8B55F502 		.ascii	"\213U\365\002@\325;n9G\263\377.\326bA\250F\320\241j"
 330      40D53B6E 
 330      3947B3FF 
 330      2ED66241 
 330      A846D0A1 
 331 077e 7176F47C 		.ascii	"qv\364|\303\331\027W\333\002\005\227\251\032\037\275"
 331      C3D91757 
 331      DB020597 
 331      A91A1FBD 
 332 078e F1C4130F 		.ascii	"\361\304\023\0173\3022s\366\226\022\2172\242s\373\343"
 332      33C23273 
 332      F696128F 
 332      32A273FB 
 332      E3
 333 079f 3E0F3CCE 		.ascii	">\017<\316\210\372\326\344sr<\311\210C\227\373,\012"
 333      88FAD6E4 
 333      73723CC9 
 333      884397FB 
 333      2C0A
 334 07b1 3CCD88CA 		.ascii	"<\315\210\312\015\227\237\250\361,#2\313\327\305i\360"
 334      0D979FA8 
 334      F12C2332 
 334      CBD7C569 
 334      F0
 335 07c2 534614CE 		.ascii	"SF\024\316O\244\3520L\011\265\274\362Z"
 335      4FA4EA30 
 335      4C09B5BC 
 335      F25A
 336 07d0 AEC092CF 		.ascii	"\256\300\222\317\237\334$T%\327c\266\346\344\300v^{"
 336      9FDC2454 
 336      25D763B6 
 336      E6E4C076 
 336      5E7B
 337 07e2 65ED9575 		.ascii	"e\355\225uj\344\317~\276\001\376\376\271\304\332\252"
 337      6AE4CF7E 
 337      BE01FEFE 
 337      B9C4DAAA 
 338 07f2 C124C5BD 		.ascii	"\301$\305\275\302\015\033-9\325\314\232\213`M\273\340"
 338      C20D1B2D 
 338      39D5CC9A 
 338      8B604DBB 
ARM GAS  /tmp/cck0Iehu.s 			page 27


 338      E0
 339 0803 2B5A7F48 		.ascii	"+Z\177H\240\361D&@\306\206X\377;\323R\225\200)\373\025"
 339      A0F14426 
 339      40C68658 
 339      FF3BD352 
 339      958029FB 
 340 0818 67F640C2 		.ascii	"g\366@\302\275\\d\036\2260_v\311,\025=+\341\276\344"
 340      BD5C641E 
 340      96305F76 
 340      C92C153D 
 340      2BE1BEE4 
 341 082c CC7D0239 		.ascii	"\314}\0029\2637\374Qd\257sf?\271\200\335*a?\357\314"
 341      B337FC51 
 341      64AF7366 
 341      3FB980DD 
 341      2A613FEF 
 342 0841 3E859C90 		.ascii	">\205\234\220_\227p\327\272\366\012\345\336Bo\211\240"
 342      5F9770D7 
 342      BAF60AE5 
 342      DE426F89 
 342      A0
 343 0852 C1CD0FBA 		.ascii	"\301\315\017\272\012\301\334\004\327P#\037\001\221\201"
 343      0AC1DC04 
 343      D750231F 
 343      019181
 344 0861 6E42005D 		.ascii	"nB\000]\023\374\321uh\267\240\265@\353\200v\003Z\033"
 344      13FCD175 
 344      68B7A0B5 
 344      40EB8076 
 344      035A1B
 345 0874 B46668AD 		.ascii	"\264fh\255\202?M6\026_M\235\213h|\201\004\031\017.\231"
 345      823F4D36 
 345      165F4D9D 
 345      8B687C81 
 345      04190F2E 
 346 0889 1D586D8F 		.ascii	"\035Xm\217On\274\245~\031EV\357\332l\211\035\017%>m"
 346      4F6EBCA5 
 346      7E194556 
 346      EFDA6C89 
 346      1D0F253E 
 347 089e 70ED53CA 		.ascii	"p\355S\312M\266\177\326\221Q\2054\377\244\2742\324i"
 347      4DB67FD6 
 347      91518534 
 347      FFA4BC32 
 347      D469
 348 08b0 CFBF9ECA 		.ascii	"\317\277\236\312\334iO\334J\003\017\317NT\234D\310?"
 348      DC694FDC 
 348      4A030FCF 
 348      4E549C44 
 348      C83F
 349 08c2 C097E983 		.ascii	"\300\227\351\203\332\225y7\231E\024\214@U\240\263\327"
 349      DA957937 
 349      9945148C 
 349      4055A0B3 
 349      D7
 350 08d3 75887063 		.ascii	"u\210pc\363\231\261\275\216\306n\341;\034\352W\373\340"
 350      F399B1BD 
ARM GAS  /tmp/cck0Iehu.s 			page 28


 350      8EC66EE1 
 350      3B1CEA57 
 350      FBE0
 351 08e5 2E2E8DF8 		.ascii	"..\215\370\265\007\374\332\315\375F\262!np\004c+\313"
 351      B507FCDA 
 351      CDFD46B2 
 351      216E7004 
 351      632BCB
 352 08f8 867B0385 		.ascii	"\206{\003\205m\002\036dDvou\017\337\264_ \364\311\336"
 352      6D021E64 
 352      44766F75 
 352      0FDFB45F 
 352      20F4C9DE 
 353 090c B4241DCF 		.ascii	"\264$\035\317\015\362\304b\360\321\2436%\036g\314\307"
 353      0DF2C462 
 353      F0D1A336 
 353      251E67CC 
 353      C7
 354 091d E6F31331 		.ascii	"\346\363\0231\236f\304\223\003Wo\252\261\205=s8\377"
 354      9E66C493 
 354      03576FAA 
 354      B1853D73 
 354      38FF
 355 092f B4235B83 		.ascii	"\264#[\203\223(\361\213\375\365\275\265Z\344\353\257"
 355      9328F18B 
 355      FDF5BDB5 
 355      5AE4EBAF 
 356 093f F3F5F7F5 		.ascii	"\363\365\367\365'\377\341\317\237\234\007\300\217\246"
 356      27FFE1CF 
 356      9F9C07C0 
 356      8FA6
 357 094d 5880FF62 		.ascii	"X\200\377b\177z\305\037h\235\216t\006\370\333\177\001"
 357      7F7AC51F 
 357      689D8E74 
 357      06F8DB7F 
 357      01
 358 095e 01AE0D9C 		.ascii	"\001\256\015\234\200\255\365\02070\036\007\240\257\271"
 358      80ADF510 
 358      37301E07 
 358      A0AFB9
 359 096d 81CCB98D 		.ascii	"\201\314\271\215\005\212\362\343\026K\222\022\015\203"
 359      058AF2E3 
 359      164B9212 
 359      0D83
 360 097b 6B6B38AF 		.ascii	"kk8\257\013\327J&\361\236\303$\222q\314\311\016\201"
 360      0BD74A26 
 360      F19EC324 
 360      9271CCC9 
 360      0E81
 361 098d DB0F816B 		.ascii	"\333\017\201k%\201\273\017t\216p\375\271p\276\027\373"
 361      2581BB0F 
 361      748E70FD 
 361      B970BE17 
 361      FB
 362 099e A31C687B 		.ascii	"\243\034h{\240\355\206\266\013Z6\264,h\231\3202\240"
 362      A0ED86B6 
 362      0B5A36B4 
ARM GAS  /tmp/cck0Iehu.s 			page 29


 362      2C6899D0 
 362      32A0
 363 09b0 A5435B0B 		.ascii	"\245C[\013-\026\232\005\332<\004\364\003h\243\320\356"
 363      2D169A05 
 363      DA3C04F4 
 363      0368A3D0 
 363      EE
 364 09c1 3BE0BFFE 		.ascii	";\340\277\376;\026\214PO\357\300L\216H\301w \3279e\207"
 364      3B168C50 
 364      4FEFC04C 
 364      8E48C177 
 364      20D73965 
 365 09d6 769B8FF8 		.ascii	"v\233\217\370\377\201\326\323\350\263\217\246\025\271"
 365      FF81D6D3 
 365      E8B38FA6 
 365      15B9
 366 09e4 0BED444E 		.ascii	"\013\355DN\340n-\250&\317\256,f\374c\340\321A\327\374"
 366      E06E2DA8 
 366      26CFAE2C 
 366      66FC63E0 
 366      D141D7FC 
 367 09f8 CE5331EE 		.ascii	"\316S1\3560\025c,\237\034\214-\203\253'\351\3552\030"
 367      3015632C 
 367      9F1C8C2D 
 367      83AB27E9 
 367      ED3218
 368 0a0b 3BCE8D7D 		.ascii	";\316\215}\012\201\376\010\000OA{\350\000\372\336i\305"
 368      0A81FE08 
 368      004F417B 
 368      E800FADE 
 368      69C5
 369 0a1d 33160F13 		.ascii	"3\026\017\023<\036\306\335\225L\011\214I\007\030\023"
 369      3C1EC6DD 
 369      954C098C 
 369      49071813 
 370 0a2d CF83F10C 		.ascii	"\317\203\361\014T\277\030\206\365\020\266\354_Bc\353"
 370      54BF1886 
 370      F510B6EC 
 370      5F4263EB 
 371 0a3d A66B0CB6 		.ascii	"\246k\014\266\202\004\371\336\266S\025K\203`\032\330"
 371      8204F9DE 
 371      B653154B 
 371      83601AD8 
 372 0a4d 12B999F6 		.ascii	"\022\271\231\366MQ\240\353 \260_\177\002 f8\24098\237"
 372      4D51A0EB 
 372      20B05F7F 
 372      02206638 
 372      A039389F 
 373 0a61 05308F1D 		.ascii	"\0050\217\035\300\\-P\344_\334\304\012\020A4\006\210"
 373      C05C2D50 
 373      E45FDCC4 
 373      0A104134 
 373      0688
 374 0a73 66DC2C3B 		.ascii	"f\334,;\256u<\340#\334\353\250\376!\213c[\026.\224/"
 374      AE753CE0 
 374      23DCEBA8 
 374      FE218B63 
ARM GAS  /tmp/cck0Iehu.s 			page 30


 374      5B162E94 
 375 0a88 2970CF78 		.ascii	")p\317x\201\233q,p|\253wI\221\267o+\331\352\021w\214"
 375      819B712C 
 375      707CAB77 
 375      4991B76F 
 375      2BD9EA11 
 376 0a9e 8B37D684 		.ascii	"\2137\326\204\333\306\364\340\264b\246\224lm\307]\211"
 376      DBC6F4E0 
 376      B462A694 
 376      6C6DC75D 
 376      89
 377 0aaf 18D8A122 		.ascii	"\030\330\241\"\367\211dV\007\305\315\3108\035\317\340"
 377      F7896456 
 377      07C5CDC8 
 377      381DCFE0 
 378 0abf 5E2E50D4 		.ascii	"^.P\324_J\264l\016\242\3175\276v\016\326!\307\340\006"
 378      5F4AB46C 
 378      0EA2CF35 
 378      BE760ED6 
 378      21C7E006 
 379 0ad3 91D7FF43 		.ascii	"\221\327\377C\234\242Q\316nw\317\310\002v\353\2773w"
 379      9CA251CE 
 379      6E77CFC8 
 379      0276EBBF 
 379      3377
 380 0ae5 C4615FF4 		.ascii	"\304a_\364\320Y\372\210S^/(y\011\220\313\256J\036\263"
 380      D059FA88 
 380      535E2F28 
 380      790990CB 
 380      AE4A1EB3 
 381 0af9 AE967B6F 		.ascii	"\256\226{o\310\215\3672\342\251\367\210\352I\321{C6"
 381      C88DF732 
 381      E2A9F788 
 381      EA49D17B 
 381      4336
 382 0b0b EB2D3420 		.ascii	"\353-4 \366\344\363\200H\304\213\321#g\204S\022\203"
 382      F6E4F380 
 382      48C48BD1 
 382      23678453 
 382      1283
 383 0b1d B6BA8228 		.ascii	"\266\272\202(\243\343\010\276\235\200o\007\324\221\355"
 383      A3E308BE 
 383      9D806F07 
 383      D491ED
 384 0b2c D0D2A06D 		.ascii	"\320\322\240m\206\226\012-\011\332zh\353\2604L\206?"
 384      86960A2D 
 384      09DA7A68 
 384      EBB0344C 
 384      863F
 385 0b3e 607E215E 		.ascii	"`~!^\237\006\255D\212\333\255\322h\275\244\240<~\021"
 385      9F06AD44 
 385      8ADBADD2 
 385      68BDA4A0 
 385      3C7E11
 386 0b51 B7F5574C 		.ascii	"\267\365WL\364\006\254C3\356\231%Y\237\214\245Y\017"
 386      F406AC43 
 386      33EE9925 
ARM GAS  /tmp/cck0Iehu.s 			page 31


 386      599F8CA5 
 386      590F
 387 0b63 E316647D 		.ascii	"\343\026d}\022T\332\365\244\322\256\2030\"\354\304\342"
 387      1254DAF5 
 387      A4D2AE83 
 387      3022ECC4 
 387      E2
 388 0b74 4D60F146 		.ascii	"M`\361F\260,E\264\2148\276C\361\340\341\220\305\262"
 388      B02C45B4 
 388      8C38BE43 
 388      F1E0E190 
 388      C5B2
 389 0b86 55479FA3 		.ascii	"UG\237\243\314\"\354 \177a\326\017\177\237T\010[\312"
 389      CC22EC20 
 389      7F61D60F 
 389      7F9F5408 
 389      5BCA
 390 0b98 135E1729 		.ascii	"\023^\027)\317\3439QA\342\031x\2346?l.\357\035\342s"
 390      CFE33951 
 390      41E21978 
 390      9C363F6C 
 390      2EEF1DE2 
 391 0bad 491E8C6C 		.ascii	"I\036\214l\020^\340\247Gg\270W\267\200\2436\271\347"
 391      105EE0A7 
 391      4767B857 
 391      B780A336 
 391      B9E7
 392 0bbf 96386A2B 		.ascii	"\2268j+p\212\216\332\302\034\345fAE\333\300=\342\232"
 392      708A8EDA 
 392      C21CE566 
 392      4145DBC0 
 392      3DE29A
 393 0bd2 6A8FCA94 		.ascii	"j\217\312\224\370d\022\225DT\252\230\223\303\264\324"
 393      F8641295 
 393      4454AA98 
 393      93C3B4D4 
 394 0be2 DACBD4D5 		.ascii	"\332\313\324\325:n\011,\207\233\237k\010\311\203J\276"
 394      3A6E092C 
 394      879B9F6B 
 394      08C9834A 
 394      BE
 395 0bf3 3E11B3B7 		.ascii	">\021\263\267\274\210\273\341\347,<\010\363V\367\314"
 395      BC88BBE1 
 395      E72C3C08 
 395      F356F7CC 
 396 0c03 0C6F5BB9 		.ascii	"\014o[\271\2228\034x\026\3566\037\225\370\304\307[\322"
 396      92381C78 
 396      16EE361F 
 396      95F8C4C7 
 396      5BD2
 397 0c15 97D12719 		.ascii	"\227\321'\031\333\370\012\314o\342X\3364Iw\344\201\351"
 397      DBF80ACC 
 397      6FE258DE 
 397      344977E4 
 397      81E9
 398 0c27 96AA584C 		.ascii	"\226\252XL\037F\354q\305\374\206\344\326`)\343%\017"
 398      1F46EC71 
ARM GAS  /tmp/cck0Iehu.s 			page 32


 398      C5FC86E4 
 398      D66029E3 
 398      250F
 399 0c39 1DF6B9E2 		.ascii	"\035\366\271\342\225\314b\355a>\213pc\213\362\234w\016"
 399      95CC62ED 
 399      613E8B70 
 399      638BF29C 
 399      770E
 400 0c4b 0BEF5166 		.ascii	"\013\357Qf\177\314\314\207[Ft\3025\273Dz\365\217\305"
 400      7FCCCC87 
 400      5B4674C2 
 400      35BB447A 
 400      F58FC5
 401 0c5e 6A7EC699 		.ascii	"j~\306\231{\341}\304\354\217D\366\263\256\331%31Z\310"
 401      7BE17DC4 
 401      EC8F44F6 
 401      B3AED925 
 401      33315AC8 
 402 0c72 E78D6E5B 		.ascii	"\347\215n[\235\331\027\336\324X\271t\262\015\351s\315"
 402      9DD917DE 
 402      D458B974 
 402      B20DE973 
 402      CD
 403 0c83 2E917EEB 		.ascii	".\221~\353G\216k\351\210\353\265\224\317s!+\245#nJ\351"
 403      478E6BE9 
 403      88EBB594 
 403      CF73212B 
 403      A5236E4A 
 404 0c98 FC245963 		.ascii	"\374$YcHx\337\025cv\204VR\330\3766\027\344f\351p\274"
 404      4878DF15 
 404      63768456 
 404      52D8FE36 
 404      17E466E9 
 405 0cae 966C7FFF 		.ascii	"\226l\177\377\372\310\370\326x\025\012X\3147\277\276"
 405      FAC8F8D6 
 405      78150A58 
 405      CC37BFBE 
 406 0cbe FEEC0C36 		.ascii	"\376\354\0146\275\260\375e\002\257\016+v\365o\"YP\012"
 406      BDB0FD65 
 406      02AF0E2B 
 406      76F56F22 
 406      59500A
 407 0cd1 C1572FD6 		.ascii	"\301W/\326\346\203x\261\255\320.Xz/\000\333A^k\313 "
 407      E68378B1 
 407      ADD02E58 
 407      7A2F00DB 
 407      415E6BCB 
 408 0ce6 B58E40E5 		.ascii	"\265\216@\3459\344Py\332\2624\314\344<\250!\0279\373"
 408      39E45079 
 408      DAB234CC 
 408      E43CA821 
 408      1739FB
 409 0cf9 37DD3EC8 		.ascii	"7\335>\310\350(\"\274\002\204\027\200\360|\207\202\335"
 409      E82822BC 
 409      02841780 
 409      F07C8782 
 409      DD
ARM GAS  /tmp/cck0Iehu.s 			page 33


 410 0d0a 94C5278B 		.ascii	"\224\305'\213\274\027\253EL\211\373\373\325\332,\036"
 410      BC17AB45 
 410      4C89FBFB 
 410      D5DA2C1E 
 411 0d1a 968590E7 		.ascii	"\226\205\220\347u.\331\235\213K\221C\025.tQ\205\333"
 411      752ED99D 
 411      8B4B9143 
 411      152E7451 
 411      85DB
 412 0d2c E06A2B19 		.ascii	"\340j+\031_\016\020\017s\270\247\341\374\024\300-\201"
 412      5F0E100F 
 412      73B8A7E1 
 412      FC14C02D 
 412      81
 413 0d3d 56ECE08F 		.ascii	"V\354\340\217\321l\237m\026\202\201\254\377\355\200"
 413      D16C9F6D 
 413      168281AC 
 413      FFED80
 414 0d4c 810CB1EF 		.ascii	"\201\014\261\357\337\244\361\345Z\313\015>\344\371Z"
 414      DFA4F1E5 
 414      5ACB0D3E 
 414      E4F95A
 415 0d5b 6EF931A7 		.ascii	"n\3711\247\223\251<\315G8:]\262|.\230\325\003 \367\371"
 415      93A93CCD 
 415      47383A5D 
 415      B27C2E98 
 415      D50320F7 
 416 0d70 B3FA2893 		.ascii	"\263\372(\223\317\352Q\020\\\376\255g\365(7\340$\010"
 416      CFEA5110 
 416      5CFEAD67 
 416      F52837E0 
 416      2408
 417 0d82 3F0EC28F 		.ascii	"?\016\302\2179\314\352h\246dV+\020S\342~V\0072\371\254"
 417      39CCEA68 
 417      A664562B 
 417      1053E27E 
 417      560732F9 
 418 0d97 9EC06C77 		.ascii	"\236\300lw\267\220\335yVK%\345UF\306\211y\325\223I\213"
 418      B790DD79 
 418      564B25E5 
 418      5546C689 
 418      79D59349 
 419 0dac EB51EC22 		.ascii	"\353Q\354\"\347\3322\275\310\265\203\256\012oS6\007"
 419      E7DA32BD 
 419      C8B583AE 
 419      0A6F5336 
 419      07
 420 0dbd 4D5E6B5E 		.ascii	"M^k^\342.w[\302k\263Yj\037v\245\2466c\011\331\320\320"
 420      E22E775B 
 420      C26BB359 
 420      6A1F76A5 
 420      A6366309 
 421 0dd4 D8DB8FED 		.ascii	"\330\333\217\355yHx\355{T\2062\317q8\211O\310\374\303"
 421      794878ED 
 421      7B548632 
 421      CF713889 
 421      4FC8FCC3 
ARM GAS  /tmp/cck0Iehu.s 			page 34


 422 0de8 4573A51A 		.ascii	"Es\245\032\372\272\030\026*\366V9'3\271\324S\372:\370"
 422      FABA1816 
 422      2AF65639 
 422      2733B9D4 
 422      53FA3AF8 
 423 0dfc 4FDF97BC 		.ascii	"O\337\227\274\016>\203\311\353\340J\314_\007\347\304"
 423      0E3E83C9 
 423      EBE04ACC 
 423      5F07E7C4 
 424 0e0c 26B7383C 		.ascii	"&\2678<W\200\353\022w\235\305\222\327\301%\325\373\357"
 424      5780EB12 
 424      779DC592 
 424      D7C125D5 
 424      FBEF
 425 0e1e AB713BAD 		.ascii	"\253q;\2552BC\351\275\"-\012\320\361\007\274s\212\365"
 425      324243E9 
 425      BD222D0A 
 425      D0F107BC 
 425      738AF5
 426 0e31 F1F4A9E8 		.ascii	"\361\364\251\350y2B4\344,\365\267\033\371\250\012bB"
 426      79324234 
 426      E42CF5B7 
 426      1BF9A80A 
 426      6242
 427 0e43 5441C682 		.ascii	"TA\306\202\232\272G\305{\274\361n\035\275\261\037\314"
 427      9ABA47C5 
 427      7BBCF16E 
 427      1DBDB11F 
 427      CC
 428 0e54 DA98A3C1 		.ascii	"\332\230\243\301\373\031Q8\227\331\257\303\371\214("
 428      FB195138 
 428      97D9AFC3 
 428      F98C28
 429 0e63 AD4C18E1 		.ascii	"\255L\030\341\3372T\221\227\035\367,\311g\020.\241\027"
 429      DF325491 
 429      971DF72C 
 429      C967102E 
 429      A117
 430 0e75 D5EBDBAE 		.ascii	"\325\353\333\256=\300\210\334\365\373\333\237\247\215"
 430      3DC088DC 
 430      F5FBDB9F 
 430      A78D
 431 0e83 66F9B187 		.ascii	"f\371\261\2073\340\251Z@x\011?w)\031~\211\025{\262\254"
 431      33E0A95A 
 431      4078093F 
 431      7729197E 
 431      89157BB2 
 432 0e98 5D706677 		.ascii	"]pfww\237r\021\373\3615\354\022\017\373+`b\003\204}"
 432      779F7211 
 432      FBF135EC 
 432      120FFB2B 
 432      60620384 
 433 0ead 3DB42668 		.ascii	"=\264&h\227\2415B\253sH\203\206\227\034\027\305\205"
 433      97A13542 
 433      AB734883 
 433      86971C17 
 433      C585
ARM GAS  /tmp/cck0Iehu.s 			page 35


 434 0ebf CAA4BBD1 		.ascii	"\312\244\273\321\314\227s\355\267\303}\316\334\322\262"
 434      CC9773ED 
 434      B7C37DCE 
 434      DCD2B2
 435 0ece C21F89A6 		.ascii	"\302\037\211\246\373\320\000\274\264`\327F\313*\027"
 435      FBD000BC 
 435      B460D746 
 435      CB2A17
 436 0edd 4626AEDA 		.ascii	"F&\256\332\265[$\272\2332\271\023\211[j\234\331\035"
 436      B55B24BA 
 436      9B32B913 
 436      895B6A9C 
 436      D91D
 437 0eef 9F5955F7 		.ascii	"\237YU\367\016\224c|L\307\236\352\217\236L\206U\311"
 437      0E94637C 
 437      4CC79EEA 
 437      8F9E4C86 
 437      55C9
 438 0f01 97417A94 		.ascii	"\227Az\224Ec\372\032\014\276*\006\313%\032\365.\035"
 438      4563FA1A 
 438      0CBE2A06 
 438      CB251AF5 
 438      2E1D
 439 0f13 8A9AC18F 		.ascii	"\212\232\301\217\337\324\247\344u\353\215\354\022Oi"
 439      DFD4A7E4 
 439      75EB8DEC 
 439      124F69
 440 0f22 5C5F7328 		.ascii	"\\_s(\356\327Y\031 G\022:\231\273\322\345\270\216\305"
 440      EED75919 
 440      2047123A 
 440      99BBD2E5 
 440      B88EC5
 441 0f35 55FAD622 		.ascii	"U\372\326\"\250\242-\224\220w?\2721\245@\276:\1777\217"
 441      A8A22D94 
 441      90773FBA 
 441      31A540BE 
 441      3A7F378F 
 442 0f49 846E00F8 		.ascii	"\204n\000\370V\216\352&\240j\347\010$\212[\035\024\267"
 442      568EEA26 
 442      A06AE708 
 442      248A5B1D 
 442      14B7
 443 0f5b 31C5CC99 		.ascii	"1\305\314\231\363Y\252\231I\266So\343\365\254\365\271"
 443      F359AA99 
 443      49B6536F 
 443      E3F5ACF5 
 443      B9
 444 0f6c 95641D26 		.ascii	"\225d\035&^ku\234G\207*\360\211\355\333\222\366'\323"
 444      5E6B759C 
 444      47872AF0 
 444      89EDDB92 
 444      F627D3
 445 0f7f 95E27724 		.ascii	"\225\342w$\035\230v^\315\310?\341\355\366K\221NZ\032"
 445      1D98765E 
 445      CDC83FE1 
 445      EDF64B91 
 445      4E5A1A
ARM GAS  /tmp/cck0Iehu.s 			page 36


 446 0f92 6ED94A43 		.ascii	"n\331JC\347NK\215 ua\247Ci"
 446      E74E4B8D 
 446      207561A7 
 446      4369
 447 0fa0 E8929686 		.ascii	"\350\222\226\206c=\233j<q\276'\235\352=\005\0332U\216"
 447      633D9B6A 
 447      3C71BE27 
 447      9DEA3D05 
 447      1B32558E 
 448 0fb4 0FEDA543 		.ascii	"\017\355\245CQ/8J\034m\373R\344\027\351\364K\221\036"
 448      512F384A 
 448      1C6DFB52 
 448      E417E9F4 
 448      4B911E
 449 0fc7 B8D02D86 		.ascii	"\270\320-\206D\027f\017\356\025\023Ss{\020\242\317\307"
 449      4417660F 
 449      EE151353 
 449      737B10A2 
 449      CFC7
 450 0fd9 EDCE4BAA 		.ascii	"\355\316K\252\341\233t\233\367\254\317K\233\201t^\265"
 450      E19B749B 
 450      F7ACCF4B 
 450      9B81745E 
 450      B5
 451 0fea 898A4BCE 		.ascii	"\211\212K\316\334\222\320uy\343%\243\354d\236\373\001"
 451      DC92D075 
 451      79E325A3 
 451      EC649EFB 
 451      01
 452 0ffb 7E1F44DB 		.ascii	"~\037D\333\035"
 452      1D
 453 1000 68B7B1C3 		.ascii	"h\267\261\303\3750O4\253\253DkK\227\254t-\330\025X\226"
 453      FD304F34 
 453      ABAB446B 
 453      4B97AC74 
 453      2DD81558 
 454 1015 B4E42DF4 		.ascii	"\264\344-\364\216\213\205*|\222\2713g\303\215k^\310"
 454      8E8B852A 
 454      7C92B933 
 454      67C38D6B 
 454      5EC8
 455 1027 37C0F5FD 		.ascii	"7\300\365\375\340 \240y1\262G\3514\337\006\200\361\256"
 455      E020A079 
 455      31B247E9 
 455      34DF0680 
 455      F1AE
 456 1039 E85C2BE6 		.ascii	"\350\\+\346\373\307\015M\207\317{H\247z\300!h\207x\266"
 456      FBC70D4D 
 456      87CF7B48 
 456      A77AC021 
 456      688778B6 
 457 104d 0CD16C29 		.ascii	"\014\321l)?\177\346\234\266\027u#\022\\\213\330b\204"
 457      3F7FE69C 
 457      B6177523 
 457      125C8BD8 
 457      6284
 458 105f D87F3892 		.ascii	"\330\1778\222F\351y\333\017\261~\350\025\330\201\263"
ARM GAS  /tmp/cck0Iehu.s 			page 37


 458      46E979DB 
 458      0FB17EE8 
 458      15D881B3 
 459 106f 12C23604 		.ascii	"\022\3026\004\331{\004.C\260\311\245\177\\\000\222J"
 459      D97B042E 
 459      43B0C9A5 
 459      7F5C0092 
 459      4A
 460 1080 65D7993A 		.ascii	"e\327\231:\333O\306\370\031\036q\034\353\022De\222!"
 460      DB4FC6F8 
 460      191E711C 
 460      EB124465 
 460      9221
 461 1092 0BB0CAEC 		.ascii	"\013\260\312\354\227\355\240D#\021\317\270\302\013\353"
 461      97EDA044 
 461      2311CFB8 
 461      C20BEB
 462 10a1 1A357DA8 		.ascii	"\0325}\250\007\256\376\227L\266Y\035\301\336]M\347\315"
 462      07AEFE97 
 462      4CB6591D 
 462      C1DE5D4D 
 462      E7CD
 463 10b3 A9F0053A 		.ascii	"\251\360\005:o\256\226\346\304\215s\233\274XRB\014\336"
 463      6FAE96E6 
 463      C48D739B 
 463      BC585242 
 463      0CDE
 464 10c5 67497937 		.ascii	"gIy7\365\353*5\355$\365|\204uf\0165\326ji'Y\022FYg\\"
 464      F5EB2A35 
 464      ED24F57C 
 464      8475660E 
 464      35D66A69 
 465 10e0 FFFC534F 		.ascii	"\377\374SO{N?`\235U;Z\363X\242\223\235\356\030\353\034"
 465      7B4E3F60 
 465      9D553B5A 
 465      F358A293 
 465      9DEE18EB 
 466 10f5 B9D6BE43 		.ascii	"\271\326\276C)MtrC$f\372C\232\351\343\266Loo\231\334"
 466      294D7472 
 466      432466FA 
 466      439AE9E3 
 466      B64C6F6F 
 467 110b E4F96A8E 		.ascii	"\344\371j\216%\247\017\3565*T\005\375\211\220V\350]"
 467      25A70FEE 
 467      352A5405 
 467      FD899056 
 467      E85D
 468 111d C286EE89 		.ascii	"\302\206\356\211\341\002\247\344F\031\367!\3645\356"
 468      E102A7E4 
 468      4619F721 
 468      F435EE
 469 112c 05CB27F0 		.ascii	"\005\313'\360\2530\372\342\300\2012%\336\346\365\315"
 469      AB30FAE2 
 469      C0813225 
 469      DEE6F5CD 
 470 113c 8C9E7265 		.ascii	"\214\236re\364#WFO\263\316\316[\203\023\036\264\023"
 470      F4235746 
ARM GAS  /tmp/cck0Iehu.s 			page 38


 470      4FB3CECE 
 470      5B83131E 
 470      B413
 471 114e C20F3D66 		.ascii	"\302\017=f\235\243\353\036\356E\356\355\233\245\366"
 471      9DA3EB1E 
 471      EE45EEED 
 471      9BA5F6
 472 115d CDD8ECBB 		.ascii	"\315\330\354\273\265\333\332\246\344\3665\220\307\203"
 472      B5DBDAA6 
 472      E4F63590 
 472      C783
 473 116b 7116F246 		.ascii	"q\026\362F\031\270\320\244h\336\244\263ys\324\274\344"
 473      19B8D0A4 
 473      68DEA4B3 
 473      7973D4BC 
 473      E4
 474 117c 92A2010D 		.ascii	"\222\242\001\015.f\346M\216\265?\363\246`\310\335;\263"
 474      2E66E64D 
 474      8EB53FF3 
 474      A660C8DD 
 474      3BB3
 475 118e 6F6F465D 		.ascii	"ooF]\036\003H@<e\000sk\033\037)\334n\302\346)\276g6"
 475      1E034840 
 475      3C650073 
 475      6B1B1F29 
 475      DC6EC2E6 
 476 11a6 7CD38F93 		.ascii	"|\323\217\223o\"\300\327\307\236\242\324\247\202\377"
 476      6F22C0D7 
 476      C79EA2D4 
 476      A782FF
 477 11b5 F722CA86 		.ascii	"\367\"\312\206\236\210\000\237`\366\342\027Y\344\004"
 477      9E88009F 
 477      60F6E217 
 477      59E404
 478 11c4 D8D682B6 		.ascii	"\330\326\202\266&9.g\300\246\207\216L\"_^\"\326\273"
 478      26392E67 
 478      C0A6878E 
 478      4C225F5E 
 478      22D6BB
 479 11d7 5D3A652F 		.ascii	"]:e/Z7\017\037\351\254PJ+A\234\\Z\011\342\345\266\367"
 479      5A370F1F 
 479      E9AC504A 
 479      2B419C5C 
 479      5A09E2E5 
 480 11ed 4CB945DD 		.ascii	"L\271E\335\007\344\324j\350\343\236\270\232\324\233"
 480      07E4D46A 
 480      E8E39EB8 
 480      9AD49B
 481 11fc A1713F2B 		.ascii	"\241q?+k\345\304\352\0049\267\2726e\366\252\212[\015"
 481      6BE5C4EA 
 481      0439B7BA 
 481      3665F6AA 
 481      8A5B0D
 482 120f FBC7DE43 		.ascii	"\373\307\336C\353\230\325\300\206b\345v\253\341\224"
 482      EB98D5C0 
 482      8662E576 
 482      ABE194
ARM GAS  /tmp/cck0Iehu.s 			page 39


 483 121e 599D48AD 		.ascii	"Y\235H\255\236\337\327s\306\0237;G\233\233uo\275\234"
 483      9EDFD773 
 483      C613373B 
 483      479B9B75 
 483      6FBD9C
 484 1231 05D6A533 		.ascii	"\005\326\2453\335\036\366\034Ib\235\315\373\022\357"
 484      DD1EF61C 
 484      49629DCD 
 484      FB12EF
 485 1240 6ADC2E86 		.ascii	"j\334.\206\311\024\354\006\033\330\372\274\263\035j"
 485      C914EC06 
 485      1BD8FABC 
 485      B31D6A
 486 124f DB140D2B 		.ascii	"\333\024\015+\346\367\361)\0026\264N\004\273\316\006"
 486      E6F7F129 
 486      0236B44E 
 486      04BBCE06 
 487 125f 3685823D 		.ascii	"6\205\202=?\225\264Q\203\373\031\330\364\314\242\024"
 487      3F95B451 
 487      83FB19D8 
 487      F4CCA214 
 488 126f 6F7B2033 		.ascii	"o{ 3\2643\211'\207=\334bH\245\0306\3310T\244\267\224"
 488      B4338927 
 488      873DDC62 
 488      48A51836 
 488      D93054A4 
 489 1285 608E612E 		.ascii	"`\216a.KUt1\261\352#\312\2046\212\0106\332\020lfA\222"
 489      4B557431 
 489      B1EA23CA 
 489      84368A08 
 489      36DA106C 
 490 129c D7548EA5 		.ascii	"\327T\216\245\363I\000K\236\240\261\371$G`\3362\366"
 490      F349004B 
 490      9EA0B1F9 
 490      244760DE 
 490      32F6
 491 12ae 709B5223 		.ascii	"p\233R#~\277D\336\312\211\274[\345\344\233\200@\372"
 491      7EBF44DE 
 491      CA89BC5B 
 491      E5E49B80 
 491      40FA
 492 12c0 18887E39 		.ascii	"\030\210~95:'\367\331\314\027\245w\021\3756A\304\276"
 492      353A27F7 
 492      D9CC17A5 
 492      7711FD36 
 492      41C4BE
 493 12d3 4DEE631B 		.ascii	"M\356c\033C\011\362U\333\\q9\377pN\011\344\271+\011"
 493      4309F255 
 493      DB5C7139 
 493      FF704E09 
 493      E4B92B09 
 494 12e7 955AB7DA 		.ascii	"\225Z\267\332\266\333\264\245\311\251\272\311\015k\247"
 494      B6DBB4A5 
 494      C9A9BAC9 
 494      0D6BA7
 495 12f6 F997CCE4 		.ascii	"\371\227\314\344\0139\3337\236\213\3317\236\205\326"
 495      0B39DB37 
ARM GAS  /tmp/cck0Iehu.s 			page 40


 495      9E8BD937 
 495      9E85D6
 496 1305 B4CBC819 		.ascii	"\264\313\310\031\314N\271\037\332!'\302\322)\230\355"
 496      CC4EB91F 
 496      DA2127C2 
 496      D22998ED 
 497 1315 0C4C3A05 		.ascii	"\014L:\005\223~\252\342\234\267\3241k\035\034\223\301"
 497      937EAAE2 
 497      9CB7D431 
 497      6B1D1C93 
 497      C1
 498 1326 1D93411D 		.ascii	"\035\223A\035ci\310\310t\360\342\274\303V(\2233gR\346"
 498      6369C8C8 
 498      74F0E2BC 
 498      C3562893 
 498      336752E6 
 499 133a E6D18A14 		.ascii	"\346\321\212\024-~\300&\275(e>\315}\035\310\246\023"
 499      2D7EC026 
 499      BD28653E 
 499      CD7D1DC8 
 499      A613
 500 134c 1CC9E7F7 		.ascii	"\034\311\347\367pq]\2057\314o\025\224\251\336^\325\206"
 500      70715D85 
 500      37CC6F15 
 500      94A9DE5E 
 500      D586
 501 135e 8DE4556D 		.ascii	"\215\344Um\254\345\335\367\011\037\312\022\3478K\356"
 501      ACE5DDF7 
 501      091FCA12 
 501      E7384BEE 
 502 136e 54A976D1 		.ascii	"T\251v\321\271\356\3333\270\315\023\237\364\246\212"
 502      B9EEDB33 
 502      B8CD139F 
 502      F4A68A
 503 137d 9BEE77AD 		.ascii	"\233\356w\255\365\342\302\372\223\024\267\216\301>\023"
 503      F5E2C2FA 
 503      9314B78E 
 503      C13E13
 504 138c 0C484072 		.ascii	"\014H@r*m\267(m\267\263\264=TZ\373@u\010\256f\302\012"
 504      2A6DB728 
 504      6DB7B3B4 
 504      3D545AFB 
 504      407508AE 
 505 13a3 8A77977A 		.ascii	"\212w\227z\341fF$W\327d+!\216\321^\032j\344\216-\357"
 505      E1664624 
 505      57D7642B 
 505      218ED15E 
 505      1A6AE48E 
 506 13b9 C4794423 		.ascii	"\304yD#\333j\377\266ygKn\271\373\273\320\375\324\360"
 506      DB6AFFB6 
 506      79674B6E 
 506      B9FBBBD0 
 506      FDD4F0
 507 13cc 7DB6C8EE 		.ascii	"}\266\310\356\250\351KRr\260\323s\252M\371\273\231\345"
 507      A8E94B52 
 507      72B0D373 
 507      AA4DF9BB 
ARM GAS  /tmp/cck0Iehu.s 			page 41


 507      99E5
 508 13de F502E144 		.ascii	"\365\002\341D96\260(W.'\224#\336\003\024o\312\332\202"
 508      3936B028 
 508      572E2794 
 508      23DE0314 
 508      6FCADA82 
 509 13f2 58152E5C 		.ascii	"X\025.\\D1N\035.{(\027]9\232\354\340\312\203\242\361"
 509      44314E1D 
 509      2E7B2817 
 509      5D399AEC 
 509      E0CA83A2 
 510 1407 079D851D 		.ascii	"\007\235\205\035\242\302\016BI\366\302'\230\260\376"
 510      A2C20E42 
 510      49F6C227 
 510      98B0FE
 511 1416 C42BAD6A 		.ascii	"\304+\255j\321\225\005N\256\314\023\245\3459K\313\247"
 511      D195054E 
 511      AECC13A5 
 511      E5394BCB 
 511      A7
 512 1427 D2B6955F 		.ascii	"\322\266\225_\277\354\260\275Ju\210\265\002\036>\005"
 512      BFECB0BD 
 512      4A7588B5 
 512      021E3E05 
 513 1437 347CFA7A 		.ascii	"4|\372z\342\2225\370\034S=8\2707\215\177\312\3742\220"
 513      E29235F8 
 513      1C533D38 
 513      B8378D7F 
 513      CAFC3290 
 514 144b DDDBCEEF 		.ascii	"\335\333\316\357R\262\250o&\367\274{\033'vhp#\343\235"
 514      52B2A86F 
 514      26F7BC7B 
 514      1B277668 
 514      7023E39D 
 515 145f DC79A583 		.ascii	"\334y\245\203\177$\376\022Yv\327\217\214x\273M\257R"
 515      7F24FE12 
 515      5976D78F 
 515      8C78BB4D 
 515      AF52
 516 1471 5B7A95B0 		.ascii	"[z\225\260\364\252-l\350R9'P1$P\021M\240#4\201\350 "
 516      F4AA2D6C 
 516      E8523927 
 516      50312450 
 516      114DA023 
 517 1489 C2FD604B 		.ascii	"\302\375`K\316\230\227\224\273\342y\334\363\205\307"
 517      CE989794 
 517      BBE279DC 
 517      F385C7
 518 1498 F7687EB0 		.ascii	"\367h~\260\317\322\\E\267\027\207\357&Xb\023a\233|T"
 518      CFD25C45 
 518      B71787EF 
 518      26586213 
 518      619B7C54 
 519 14ac EE830E83 		.ascii	"\356\203\016\203\363`\235\225\014.\204\236?Bt\035\223"
 519      F3609D95 
 519      0C2E849E 
 519      3F42741D 
ARM GAS  /tmp/cck0Iehu.s 			page 42


 519      93
 520 14bd FF40A60C 		.ascii	"\377@\246\0145\004\205\030\214\362\317\214\006\203\""
 520      35048518 
 520      8CF2CF8C 
 520      068322
 521 14cc 3A6895C1 		.ascii	":h\225\301\364\323\300\320\250\010C\240)42\306`\014"
 521      F4D3C0D0 
 521      A80843A0 
 521      293432C6 
 521      600C
 522 14de 5C111AF6 		.ascii	"\\\021\032\366i\330JsLHXT`09\2172-\177\373\255\300("
 522      69D84A73 
 522      4C485854 
 522      6030398F 
 522      322D7FFB 
 523 14f5 53A0D11C 		.ascii	"S\240\321\034h2\006Cg\310\232\310\240\210\260\340\245"
 523      68320643 
 523      67C89AC8 
 523      A088B0E0 
 523      A5
 524 1506 C1EADFFC 		.ascii	"\301\352\337\374\356\343WV,_.S\232\302\376\327\2407"
 524      EEE35756 
 524      2C5F2E53 
 524      9AC2FED7 
 524      A037
 525 1518 BF131863 		.ascii	"\277\023\030c2\006\206G\005\007\205\007\206\207}\032"
 525      32068647 
 525      05078507 
 525      86877D1A 
 526 1528 B82A3838 		.ascii	"\270*880\310\030\361\223\310\250H\303O\014A\237\206"
 526      30C818F1 
 526      93C8A848 
 526      C34F0C41 
 526      9F86
 527 153a 05BEBDF4 		.ascii	"\005\276\275\364\365\245\313\003\303\"\203\303cB@\245"
 527      F5A5CB03 
 527      C32283C3 
 527      634240A5 
 528 154a 3924C4F0 		.ascii	"9$\304\360\331\322P\231<\322\360\225Y\013\310\242\365"
 528      D9D25099 
 528      3CD2F095 
 528      590BC8A2 
 528      F5
 529 155b 1C5E8CC9 		.ascii	"\034^\214\311\020\"'R\345\244\327SrIoVG\033\243\276"
 529      10222752 
 529      E5A4D753 
 529      72496F56 
 529      471BA3BE 
 530 156f 0C8353CF 		.ascii	"\014\203S\317\010C\304*\203\371\263\230\310\340\327"
 530      0843C42A 
 530      83F9B398 
 530      C8E0D7
 531 157e F5E6F7BF 		.ascii	"\365\346\367\277\241\035\301Q\021\021Q\221pF \332\240"
 531      A11DC151 
 531      11115191 
 531      704620DA 
 531      A0
ARM GAS  /tmp/cck0Iehu.s 			page 43


 532 158f 048782AC 		.ascii	"\004\207\202\254\340(\243\001\320h\3414\312\270\206"
 532      E028A301 
 532      D068E134 
 532      CAB886
 533 159e E88BC611 		.ascii	"\350\213\306\021\346\257\024Q\253#\015F\265\321\020"
 533      E6AF1451 
 533      AB230D46 
 533      B5D110
 534 15ad 141E6D0C 		.ascii	"\024\036m\014\213\322\350\3651a\221\3467@\345\317$\006"
 534      8BD2E8F5 
 534      316191E6 
 534      3740E5CF 
 534      2406
 535 15bf 3B1A6A93 		.ascii	";\032j\223\033\021\004\312#\015\201z04(&\334\2547\257"
 535      1B1104CA 
 535      230D817A 
 535      30342826 
 535      DCAC37AF 
 536 15d3 89369840 		.ascii	"\2116\230@\211\332&#\360\2052LkL\201z\360\025\014\200"
 536      89DA2623 
 536      F085324C 
 536      6B4C817A 
 536      F0150C80 
 537 15e7 812A3301 		.ascii	"\201*3\001\2417\257\374v\346FG\031\315\246\300\367~"
 537      A137AFFC 
 537      76E64647 
 537      19CDA6C0 
 537      F77E
 538 15f9 FFE18A0F 		.ascii	"\377\341\212\017\277\"}\321a\341\006\243)\3607+V\000"
 538      BF227DD1 
 538      61E106A3 
 538      29F0372B 
 538      5600
 539 160b BF0D940A 		.ascii	"\277\015\224\012\254\015\0173\231\325\206hC$\350[\245"
 539      AC0D0F33 
 539      99D58668 
 539      4324E85B 
 539      A5
 540 161c 357C6988 		.ascii	"5|i\2104G\004\231\276\000\267G\230V\375O\214!\306\260"
 540      34470499 
 540      BE00B747 
 540      9856FD4F 
 540      8C21C6B0 
 541 1630 2838546F 		.ascii	"(8To\016\005w\204\230\364\264C\036m4|\351\355\320\245"
 541      0E057784 
 541      98F4B443 
 541      1E6D347C 
 541      E9EDD0A5 
 542 1644 37AB5607 		.ascii	"7\253V\007\205\231A\204\267\204\233\310\366\222\022"
 542      85994184 
 542      B7849BC8 
 542      F69212
 543 1653 7A338A51 		.ascii	"z3\212Q\032V\023\005\312\325f\320\036\015\007\223!\""
 543      1A561305 
 543      CAD566D0 
 543      1E0D0793 
 543      2122
ARM GAS  /tmp/cck0Iehu.s 			page 44


 544 1665 1A07479A 		.ascii	"\032\007G\232=\364z\356#\025?*\240\027\376S\015:\220"
 544      3DF47AEE 
 544      23153F2A 
 544      A017FE53 
 544      0D3A90
 545 1678 0B9C41D1 		.ascii	"\013\234A\321\2410k*\023\201iZ\245\200\006\014\253\315"
 545      A1306B2A 
 545      1381695A 
 545      A580060C 
 545      ABCD
 546 168a 6663B40F 		.ascii	"fc\264\017S\2447\032>3\030\015\221\301\200\011\204G"
 546      53A4371A 
 546      3E33180D 
 546      91C18009 
 546      8447
 547 169c 7DFA79B4 		.ascii	"}\372y\264\332\360U\23098*\304\2404\206\254\201\021"
 547      DAF05598 
 547      39382AC4 
 547      A03486AC 
 547      8111
 548 16ae 72603179 		.ascii	"r`1y\260i}\007\264\331\216f\322\017\342>\013\017ZeR"
 548      B0697D07 
 548      B4D98E66 
 548      D20FE23E 
 548      0B0F5A65 
 549 16c3 99236004 		.ascii	"\231#`\004P&s\220\331\2406\323\003\021\031\364i\220"
 549      50267390 
 549      D9A036D3 
 549      031119F4 
 549      6990
 550 16d5 C9C083E2 		.ascii	"\311\300\203\342\2557\301O\266\023\215\311\374EPx\330"
 550      AD37C14F 
 550      B6138DC9 
 550      FC455078 
 550      D8
 551 16e6 AA48BDF9 		.ascii	"\252H\275\371_\377\222\311\012\345q)\207\2643\310\203"
 551      5FFF92C9 
 551      0AE57129 
 551      87B433C8 
 551      83
 552 16f7 43838C8A 		.ascii	"C\203\214\212\250p\010\177E\244a\265\301\210\203\315"
 552      A870087F 
 552      45A461B5 
 552      C18883CD 
 553 1707 5F09A668 		.ascii	"_\011\246h!\234D\350*\210 \275\031\033\227/\207\266"
 553      219C44E8 
 553      2A8820BD 
 553      191B972F 
 553      87B6
 554 1719 4C30FE54 		.ascii	"L0\376T0\276#\030\337\026\214o\011\306\177\026\214o"
 554      30BE2318 
 554      DF168C6F 
 554      09C67F16 
 554      8C6F
 555 172b 6A8964E2 		.ascii	"j\211d\342U\030\364-\363\305\005&\375\227oG\000.\035"
 555      5518F42D 
 555      F3C50526 
ARM GAS  /tmp/cck0Iehu.s 			page 45


 555      FD976F47 
 555      002E1D
 556 173e 151A1C15 		.ascii	"\025\032\034\025i\206,\226\223\350\364\260\317\271\""
 556      69862C96 
 556      93E8F4B0 
 556      CFB922
 557 174d 223A2A2A 		.ascii	"\":**\\\315\247\302\254\206\013\0211\300\247\242\377"
 557      5CCDA7C2 
 557      AC860B11 
 557      31C0A7A2 
 557      FF
 558 175e F5E69F7F 		.ascii	"\365\346\237\177\363\342#\246\252\011j\020\350\375\331"
 558      F3E223A6 
 558      AA096A10 
 558      E8FDD9
 559 176d 77190B31 		.ascii	"w\031\0131\006C\177\365\235\324\2561\331\022\345;\251"
 559      06437FF5 
 559      9DD4AE31 
 559      D912E53B 
 559      A9
 560 177e 866885A1 		.ascii	"\206h\205\241\236\222\352\2427\377\372/+ZD\010\255\011"
 560      9E92EAA2 
 560      37FFFA2F 
 560      2B5A4408 
 560      AD09
 561 1790 A406EACD 		.ascii	"\244\006\352\315\277\374.\260x>\202\030\005\221\022"
 561      BFFC2EB0 
 561      783E8218 
 561      059112
 562 179f 2D5F0DB9 		.ascii	"-_\015\271\257XM\242\032\007\031W\371\362\271\0131\230"
 562      AF584DA2 
 562      1A071957 
 562      F9F2B90B 
 562      3198
 563 17b1 828D61D1 		.ascii	"\202\215a\321\346(\250\300Z\310\"C\260YO\012\264\226"
 563      E628A8C0 
 563      5AC82243 
 563      B0594F0A 
 563      B496
 564 17c3 4C30AFCD 		.ascii	"L0\257\315\037\374\305%\230\010#Pt"
 564      1FFCC525 
 564      98082350 
 564      74
 565 17d0 6269D79B 		.ascii	"bi\327\233m.\243\232\314\276\301\241\377\031\032\262"
 565      6D2EA39A 
 565      CCBEC1A1 
 565      FF191AB2 
 566 17e0 0240990D 		.ascii	"\002@\231\015\377f\214\212x\037|\360-\346\303i\015\223"
 566      FF668C8A 
 566      781F7CF0 
 566      2DE6C369 
 566      0D93
 567 17f2 BDE424EE 		.ascii	"\275\344$\356C\252\353#P\005\025fep\350\037\202\276"
 567      43AAEB23 
 567      50051566 
 567      6570E81F 
 567      82BE
ARM GAS  /tmp/cck0Iehu.s 			page 46


 568 1804 30C444AF 		.ascii	"0\304D\257\374+\011\333\312\030\023\251\217\206\220"
 568      FC2B09DB 
 568      CA1813A9 
 568      8F8690
 569 1813 0F7C8243 		.ascii	"\017|\202C\211\372\367\302\241~\277GR\335\020\242\015"
 569      89FAF7C2 
 569      A17EBF47 
 569      52DD10A2 
 569      0D
 570 1824 0E258369 		.ascii	"\016%\203i\027\234\257\\c\3728\022N\277\370n!\263\206"
 570      179CAF5C 
 570      63FA3812 
 570      4EBFF86E 
 570      21B386
 571 1837 3883656D 		.ascii	"8\203em\014\025\343\251\207\252g\326\377\313{+\177\375"
 571      0C15E3A9 
 571      87AA67D6 
 571      FFCB7B2B 
 571      7FFD
 572 1849 D1EF3FF0 		.ascii	"\321\357?\360\014\012_\035\264\306\004\031\035\016\253"
 572      0C0A5F1D 
 572      B4C60419 
 572      1D0EAB
 573 1858 CC6FBF9D 		.ascii	"\314o\277\235\373![\003W|\270\362\203\225\242\302\010"
 573      FB215B03 
 573      577CB8F2 
 573      8395A2C2 
 573      08
 574 1869 5398490F 		.ascii	"S\230I\017\3136(\365\240\330\177\013*=\250z\256\234"
 574      CB3628F5 
 574      A0D87F0B 
 574      2A3DA87A 
 574      AE9C
 575 187b CE887EE9 		.ascii	"\316\210~\351\333\313\226\275\251\266Q\377\007)0\266"
 575      DBCB96BD 
 575      A9B651FF 
 575      072930B6 
 576 188b F2       		.ascii	"\362"
 577              		.text
 578              		.section	.gnu.lto_.symtab.2e5332bd2badd2e2,"",%progbits
 579 0000 63685468 		.ascii	"chThdCreateFromHeap\000"
 579      64437265 
 579      61746546 
 579      726F6D48 
 579      65617000 
 580 0014 00       		.ascii	"\000"
 581 0015 00       		.ascii	"\000"
 582 0016 00       		.ascii	"\000"
 583 0017 00000000 		.ascii	"\000\000\000\000\000\000\000\000"
 583      00000000 
 584 001f F3010000 		.ascii	"\363\001\000\000"
 585 0023 63685468 		.ascii	"chThdCreateFromMemoryPool\000"
 585      64437265 
 585      61746546 
 585      726F6D4D 
 585      656D6F72 
 586 003d 00       		.ascii	"\000"
ARM GAS  /tmp/cck0Iehu.s 			page 47


 587 003e 00       		.ascii	"\000"
 588 003f 00       		.ascii	"\000"
 589 0040 00000000 		.ascii	"\000\000\000\000\000\000\000\000"
 589      00000000 
 590 0048 FB010000 		.ascii	"\373\001\000\000"
 591 004c 63685363 		.ascii	"chSchWakeupS\000"
 591      6857616B 
 591      65757053 
 591      00
 592 0059 00       		.ascii	"\000"
 593 005a 02       		.ascii	"\002"
 594 005b 00       		.ascii	"\000"
 595 005c 00000000 		.ascii	"\000\000\000\000\000\000\000\000"
 595      00000000 
 596 0064 00020000 		.ascii	"\000\002\000\000"
 597 0068 63685468 		.ascii	"chThdCreateSuspendedI\000"
 597      64437265 
 597      61746553 
 597      75737065 
 597      6E646564 
 598 007e 00       		.ascii	"\000"
 599 007f 02       		.ascii	"\002"
 600 0080 00       		.ascii	"\000"
 601 0081 00000000 		.ascii	"\000\000\000\000\000\000\000\000"
 601      00000000 
 602 0089 06020000 		.ascii	"\006\002\000\000"
 603 008d 63684865 		.ascii	"chHeapAllocAligned\000"
 603      6170416C 
 603      6C6F6341 
 603      6C69676E 
 603      656400
 604 00a0 00       		.ascii	"\000"
 605 00a1 02       		.ascii	"\002"
 606 00a2 00       		.ascii	"\000"
 607 00a3 00000000 		.ascii	"\000\000\000\000\000\000\000\000"
 607      00000000 
 608 00ab 0C020000 		.ascii	"\014\002\000\000"
 609 00af 6368506F 		.ascii	"chPoolAlloc\000"
 609      6F6C416C 
 609      6C6F6300 
 610 00bb 00       		.ascii	"\000"
 611 00bc 02       		.ascii	"\002"
 612 00bd 00       		.ascii	"\000"
 613 00be 00000000 		.ascii	"\000\000\000\000\000\000\000\000"
 613      00000000 
 614 00c6 10020000 		.ascii	"\020\002\000\000"
 615              		.text
 616              		.section	.gnu.lto_.opts,"",%progbits
 617 0000 272D666D 		.ascii	"'-fmath-errno' '-fsigned-zeros' '-ftrapping-math' '"
 617      6174682D 
 617      6572726E 
 617      6F272027 
 617      2D667369 
 618 0033 2D666E6F 		.ascii	"-fno-trapv' '-fno-openmp' '-fno-openacc' '-mcpu=cor"
 618      2D747261 
 618      70762720 
 618      272D666E 
ARM GAS  /tmp/cck0Iehu.s 			page 48


 618      6F2D6F70 
 619 0066 7465782D 		.ascii	"tex-m7' '-mno-thumb-interwork' '-mthumb' '-O2' '-fo"
 619      6D372720 
 619      272D6D6E 
 619      6F2D7468 
 619      756D622D 
 620 0099 6D69742D 		.ascii	"mit-frame-pointer' '-falign-functions=16' '-ffuncti"
 620      6672616D 
 620      652D706F 
 620      696E7465 
 620      72272027 
 621 00cc 6F6E2D73 		.ascii	"on-sections' '-fdata-sections' '-fno-common' '-flto"
 621      65637469 
 621      6F6E7327 
 621      20272D66 
 621      64617461 
 622 00ff 2700     		.ascii	"'\000"
 623              		.text
 624              		.comm	__gnu_lto_v1,1,1
 625              		.comm	__gnu_lto_slim,1,1
 626              		.ident	"GCC: (GNU Tools for Arm Embedded Processors 7-2017-q4-major) 7.2.1 20170904 (release) [ARM
ARM GAS  /tmp/cck0Iehu.s 			page 49


DEFINED SYMBOLS
                            *ABS*:0000000000000000 chdynamic.c
                            *COM*:0000000000000001 __gnu_lto_v1
                            *COM*:0000000000000001 __gnu_lto_slim

NO UNDEFINED SYMBOLS
