ARM GAS  /tmp/ccFtzDNJ.s 			page 1


   1              		.cpu cortex-m7
   2              		.eabi_attribute 20, 1
   3              		.eabi_attribute 21, 1
   4              		.eabi_attribute 23, 3
   5              		.eabi_attribute 24, 1
   6              		.eabi_attribute 25, 1
   7              		.eabi_attribute 26, 1
   8              		.eabi_attribute 30, 2
   9              		.eabi_attribute 34, 1
  10              		.eabi_attribute 18, 4
  11              		.file	"chmemcore.c"
  12              		.section	.gnu.lto_.profile.30ee257fd79e6f36,"",%progbits
  13 0000 789C6363 		.ascii	"x\234cc```\001bF\006}m\000\001\001\000f"
  13      60606001 
  13      6246067D 
  13      6D000101 
  13      0066
  14              		.text
  15              		.section	.gnu.lto_.icf.30ee257fd79e6f36,"",%progbits
  16 0000 789C6363 		.ascii	"x\234cc``P`@\000V\206\2737&\234da\354\377\373\3769/"
  16      60605060 
  16      40005686 
  16      BB37269C 
  16      6461ECFF 
  17 0018 CBEFCD7B 		.ascii	"\313\357\315{\226\261\260^y9\351:'\333\357\225[fr0\000"
  17      96B1B05E 
  17      7939E93A 
  17      27DBEF95 
  17      5B667230 
  18 002d 000F3F0F 		.ascii	"\000\017?\017\371"
  18      F9
  19              		.text
  20              		.section	.gnu.lto_.jmpfuncs.30ee257fd79e6f36,"",%progbits
  21 0000 789C6363 		.ascii	"x\234cc``\320a@\000\026\020ffddd\257\237\303\314\000"
  21      6060D061 
  21      40001610 
  21      66666464 
  21      64AF9FC3 
  22 0016 C48C209A 		.ascii	"\304\214 \232\025C\204\015\250\016\000\230\376\007\026"
  22      1543840D 
  22      A80E0098 
  22      FE0716
  23              		.text
  24              		.section	.gnu.lto_.inline.30ee257fd79e6f36,"",%progbits
  25 0000 789C6363 		.ascii	"x\234cc``\250`@\000\026\006\006V\026F\006&\226\005\362"
  25      6060A860 
  25      40001606 
  25      06561646 
  25      06269605 
  26 0015 0C6C0BE4 		.ascii	"\014l\013\344\231 b\302B\214L\214\012\214@6\210`\221"
  26      992062C2 
  26      428C4C8C 
  26      0A8C4036 
  26      886091
  27 0028 68D8C608 		.ascii	"h\330\306\010\221e\373\240\307\303\300t\201\237\005"
  27      9165FBA0 
  27      C7C3C074 
ARM GAS  /tmp/ccFtzDNJ.s 			page 2


  27      819F05
  28 0037 A48E9541 		.ascii	"\244\216\225AT\204\221\011\254\004\254\230Ef\301U4u"
  28      54849109 
  28      AC04AC98 
  28      4566C155 
  28      3475
  29 0049 1C20756C 		.ascii	"\034 ul\014l\254@+\200bp+\030\000\033\353\015\240"
  29      0C6CAC40 
  29      2B806270 
  29      2B18001B 
  29      EB0DA0
  30              		.text
  31              		.section	.gnu.lto_.pureconst.30ee257fd79e6f36,"",%progbits
  32 0000 789C6363 		.ascii	"x\234cc``\340\002b\026\006\011\026\011\326]\214l,\000"
  32      6060E002 
  32      62160609 
  32      1609D65D 
  32      8C6C2C00 
  33 0014 05B20113 		.ascii	"\005\262\001\023"
  34              		.text
  35              		.section	.gnu.lto__core_init.30ee257fd79e6f36,"",%progbits
  36 0000 789C8591 		.ascii	"x\234\205\221\315k\023A\030\306\337g'\331\346`*\202"
  36      CD6B1341 
  36      18C6DF67 
  36      27D9E660 
  36      2A82
  37 0012 07A91EBC 		.ascii	"\007\251\036\274\344\320\213\203\027\375\003\012\376"
  37      E4D08B83 
  37      17FD030A 
  37      FE
  38 001f 03FD03D6 		.ascii	"\003\375\003\326$]H\240\333\225F\305[&-5\361\023)\266"
  38      245D48A0 
  38      DB9546C5 
  38      5B262D35 
  38      F11329B6 
  39 0033 8A2CB2D0 		.ascii	"\212,\262\320\203'-\3014\355\372\321\256\353\027xh\241"
  39      83272DC1 
  39      34EDFAD1 
  39      AEEB1778 
  39      68A1
  40 0045 174145A4 		.ascii	"\027AE\244\326\036D\204\"^\224V\337\331,\332V\250\003"
  40      D61E4484 
  40      225E9456 
  40      DFD92CDA 
  40      56A803
  41 0058 C33E3BF3 		.ascii	"\303>;\363>\317\374\336\031\223\210J\006\321I\376\036"
  41      3ECFFCDE 
  41      1993884A 
  41      06D149FE 
  41      1E
  42 0069 E4094130 		.ascii	"\344\011A0\256-\022\3252\006\240\205\312\200\252\006"
  42      AE2D12D5 
  42      3206A085 
  42      CA80AA06 
  43 0079 AAB82CAE 		.ascii	"\252\270,\256\013D\365\265\300\350\275\243x\2047\226"
  43      0B44F5B5 
  43      C0E8BDA3 
ARM GAS  /tmp/ccFtzDNJ.s 			page 3


  43      78843796 
  44 0089 CDF36AEC 		.ascii	"\315\363j\354\200'\210&y\352\201\373\350%.\373~\361"
  44      80278826 
  44      79EA81FB 
  44      E8252EFB 
  44      7EF1
  45 009b DBA7AC38 		.ascii	"\333\247\2548\001\255\375\205hionJ}`\313\332\255\375"
  45      01ADFD85 
  45      68696F6E 
  45      4A7D60CB 
  45      DAADFD
  46 00ae E3CABFA9 		.ascii	"\343\312\277\251R\236\000Z\020\211OK\322\265\257W[M"
  46      529E005A 
  46      10894F4B 
  46      D2B5AF57 
  46      5B4D
  47 00c0 88FED8F7 		.ascii	"\210\376\330\367>\270\3274\023\337\233\236\232\212j"
  47      3EB8D734 
  47      13DF9B9E 
  47      9A8A6A
  48 00cf 87B5ABFD 		.ascii	"\207\265\253\375\327\325N\\+\315\315\211\254\231\302"
  48      D7D54E5C 
  48      2BCDCD89 
  48      AC99C2
  49 00de 2C729841 		.ascii	",r\230A\256C\2039\230\004\026\323\313\351Pm\376\252"
  49      AE438339 
  49      980416D3 
  49      CBE9506D 
  49      FEAA
  50 00f0 AB70B167 		.ascii	"\253p\261g\272\265\272/E\324\340\002\356M\205tA\030"
  50      BAB5BA2F 
  50      45D4E002 
  50      EE4D8574 
  50      4118
  51 0102 5A8D86F4 		.ascii	"Z\215\206\364\031#?\352\0333s\320F\016\235\034\213\226"
  51      19233FEA 
  51      1B3373D0 
  51      460E9D1C 
  51      8B96
  52 0114 BA2E094F 		.ascii	"\272.\011O\0301M\020|y\333U\335P\031^\360u>\257\265"
  52      18314D10 
  52      7C79DB55 
  52      DD50195E 
  52      F0753EAF 
  53 0129 46D7C7BB 		.ascii	"F\327\307\273}\334\206'\004\036\360\025\0058\024o\264"
  53      7DDC8627 
  53      041EF015 
  53      0538146F 
  53      B4
  54 013a 5FBEFB99 		.ascii	"_\276\373\231\221w\365-\371g=\221\302C\370\230\210\251"
  54      9177F52D 
  54      F9673D91 
  54      C243F898 
  54      88A9
  55 014c F108726B 		.ascii	"\361\010rkzzgz\332\027\330\231\016\314s\372\343$}~\375"
  55      7A7A677A 
  55      DA17D899 
ARM GAS  /tmp/ccFtzDNJ.s 			page 4


  55      0ECC73FA 
  55      E3247D7E 
  56 0161 D5C76E2E 		.ascii	"\325\307n.np\372\012t\304\002\307st\210j\247\215+\263"
  56      6E70FA0A 
  56      74C402C7 
  56      7374886A 
  56      A78D2BB3 
  57 0175 7FDAF82F 		.ascii	"\177\332\370/\367\223\335\270\243\230[\337\"\236\306"
  57      F793DDB8 
  57      A3985BDF 
  57      229EC6
  58 0184 DCDB418D 		.ascii	"\334\333A\215\177A\237\355\012\372\274\003\372\202A"
  58      7F419FED 
  58      0AFABC03 
  58      FA8241
  59 0193 BF62C49F 		.ascii	"\277b\304\237\272\032c\306\257\331\340c\370%8\262O\226"
  59      BA1A63C6 
  59      AFD9E063 
  59      F82538B2 
  59      4F96
  60 01a5 5CC796F9 		.ascii	"\\\307\226\371A\373\234\354+\225\013\345\376\323g\006"
  60      41FB9CEC 
  60      2B950BE5 
  60      FED36706 
  61 01b5 CAAE2C6A 		.ascii	"\312\256,j\355V\216\036?&\245[\221E\327q\334!V\203\345"
  61      ED568E1E 
  61      3F26A55B 
  61      9145D771 
  61      DC215683 
  62 01ca 82AC0C17 		.ascii	"\202\254\014\027y\337\261\235\242;l\037)\322\036\313"
  62      79DFB19D 
  62      A23B6C1F 
  62      29D21ECB 
  63 01da 2AD9F953 		.ascii	"*\331\371S\226=4`Y\331\344\247\220\257\330\226\365\033"
  63      963D3460 
  63      59D9E4A7 
  63      90AFD896 
  63      F51B
  64 01ec BD26F464 		.ascii	"\275&\364d"
  65              		.text
  66              		.section	.gnu.lto_chCoreAllocAlignedWithOffsetI.30ee257fd79e6f36,"",%progbits
  67 0000 789C8D54 		.ascii	"x\234\215T\333K\224Q\020\237\371\316\371v\327\325]K"
  67      DB4B9451 
  67      109FF9CE 
  67      F976D7D5 
  67      5D4B
  68 0012 097A90F0 		.ascii	"\011z\220\360!\221^\372\010\272\374\001R\004=E/\365"
  68      21915EFA 
  68      08BAFC01 
  68      52043D45 
  68      2FF5
  69 0024 5064DB96 		.ascii	"Pd\333\226\013\256\033\255E\364\342\311\365\266]@*\015"
  69      0BAE1BAD 
  69      45F4E2C9 
  69      F5B65D40 
  69      2A0D
  70 0036 9645364D 		.ascii	"\226E6MBB*\262\213\335\334\262\322n\226Qav\223\262\240"
ARM GAS  /tmp/ccFtzDNJ.s 			page 5


  70      42422AB2 
  70      8BDDDCB2 
  70      D26E9651 
  70      617693B2 
  71 004b 88C08AA0 		.ascii	"\210\300\212\240\314l\346|\237\230!\341\201\235=\363"
  71      CC6CE67C 
  71      9F9821E1 
  71      819D3DF3 
  72 005b 3BF33B33 		.ascii	";\363;3\363;\263\353\002\200a\011\260\201\276\227\323"
  72      F33BB3EB 
  72      02806109 
  72      B081BE97 
  72      D3
  73 006c 075D8046 		.ascii	"\007]\200F}\037\300\036\217a\230UnP^\261\277\007@e\011"
  73      7D1FC01E 
  73      8F619855 
  73      6E505EB1 
  73      BF074065 
  74 0081 C795B62B 		.ascii	"\307\225\266+\321\264\303LD\336(\017B\205!\244\211\025"
  74      D1B4C34C 
  74      44DE280F 
  74      428521A4 
  74      8915
  75 0093 B85F1C16 		.ascii	"\270_\034\026\330_u*)\366\211\244\000\224\344\216\334"
  75      D85F752A 
  75      29F689A4 
  75      0094E48E 
  75      DC
  76 00a4 4FBCF5B3 		.ascii	"O\274\365\263\213\230On[\355\327~\327\202\343JU\252"
  76      8B984F6E 
  76      5BEDD77E 
  76      D782E34A 
  76      55AA
  77 00b6 F49187EE 		.ascii	"\364\221\207\356\343\261\352\225Ia@#Ew`\036\236\301"
  77      E3B1EA95 
  77      49614023 
  77      4577601E 
  77      9EC1
  78 00c8 3C2EE62C 		.ascii	"<.\346,.\240\330\346=O\356\372\304\012\004\332\017\305"
  78      2EA0D8E6 
  78      3D4FEEFA 
  78      C40A04DA 
  78      0FC5
  79 00da DB0FC8C2 		.ascii	"\333\017\310\302V\315\033n\025j~R\010<\207\342o\"A\200"
  79      56CD1B6E 
  79      156A7E52 
  79      083C87E2 
  79      6F224180 
  80 00ee E7B190C2 		.ascii	"\347\261\220\302\353G\307\206\334b\225\246\266\3654"
  80      EB47C786 
  80      DC6295A6 
  80      B6F534
  81 00fd D4791D6A 		.ascii	"\324y\035j_S^kLQJ\211\027\376%K\300NM\376vh\360\265"
  81      5F535E6B 
  81      4C514A89 
  81      17FE254B 
  81      C04E4DFE 
ARM GAS  /tmp/ccFtzDNJ.s 			page 6


  82 0115 5FACD6E4 		.ascii	"_\254\326\344\307Ok\2268\334\247Msm\256\300\213\323"
  82      C74F6B96 
  82      38DCA74D 
  82      736DAEC0 
  82      8BD3
  83 0127 24BE8485 		.ascii	"$\276\204\205L\250\177\361\343r\246X\253\311{U\327)"
  83      4CA87FF1 
  83      E372A658 
  83      ABC97B55 
  83      D729
  84 0139 2C68D1EC 		.ascii	",h\321\354WM\263\232c\252W\311\2440\361\362T>/\012\277"
  84      574DB39A 
  84      63AA57C9 
  84      A430F1F2 
  84      543E2F0A 
  85 014e 978E9FF4 		.ascii	"\227\216\237\364\212\365\232:z\244\363\235t\250\303"
  85      8AF59A3A 
  85      7AA4F39D 
  85      74A8C3
  86 015d 47853AA6 		.ascii	"G\205:\246\014&^\235\226\370\346\364\357\006\237Kb\027"
  86      0C265E9D 
  86      96F8E6F4 
  86      EF069F4B 
  86      6217
  87 016f 16E0152C 		.ascii	"\026\340\025,H\011`AI\3074?+\2001qr\362\221\231V\277"
  87      48096041 
  87      49C7343F 
  87      2B803171 
  87      72F29199 
  88 0185 C76BA999 		.ascii	"\307k\251\231y\237:n\345\314A\252\335\020\334\274dc"
  88      799F3A6E 
  88      E5CC41AA 
  88      DD10DCBC 
  88      6463
  89 0197 B2719131 		.ascii	"\262q\2211\335l<\354f\260\361\262\311d\223\305\007>"
  89      DD6C3CEC 
  89      66B0F1B2 
  89      C96493C5 
  89      073E
  90 01a9 64A9FCC8 		.ascii	"d\251\374\310jgk\315g#\013\220\003\234)\0278\027@\035"
  90      6A676BCD 
  90      67230B90 
  90      039C2917 
  90      3817401D 
  91 01bd D54023A2 		.ascii	"\325@#\242\322\020\247'\246],\015\0371\326Xs\240\253"
  91      D210A727 
  91      A65D2C0D 
  91      1F31D658 
  91      73A0AB
  92 01d0 844B4B08 		.ascii	"\204KK\010\221\020\276\204\360\333(\332\230$\230zz\331"
  92      9110BE84 
  92      F0DB28DA 
  92      9824987A 
  92      7AD9
  93 01e2 DB76428F 		.ascii	"\333vB\217\221\304qZ\331x\215\372\375\210\225\003\023"
  93      91C4715A 
  93      D9788DFA 
ARM GAS  /tmp/ccFtzDNJ.s 			page 7


  93      FD889503 
  93      13
  94 01f3 71267199 		.ascii	"q&q\231\370\253&.l$[\223Mx\217\225\371\214p]\2042\353"
  94      F8AB262E 
  94      6C245B93 
  94      4D788F95 
  94      F98C705D 
  95 020a E2871FDD 		.ascii	"\342\207\037\335^;\312E\2277V_\177\340\346\313]Z\354"
  95      5E3BCA45 
  95      9737565F 
  95      7FE0E6CB 
  95      5D5AEC
  96 021d CECE4FCF 		.ascii	"\316\316O\317\335\025c\312C@J\240\326\264#6r\320\237"
  96      DD1563CA 
  96      43404AA0 
  96      D6B42336 
  96      72D09F
  97 0230 C2264C0A 		.ascii	"\302&L\0127v\323p_g\275\351\340\\\317\213Q\217\325\256"
  97      3776D370 
  97      5F67BDE9 
  97      E05CCF8B 
  97      518FD5AE 
  98 0244 68E5F393 		.ascii	"h\345\363\223\334\300\0246\260\332\2007\321\342\212"
  98      DCC01436 
  98      B0DA8037 
  98      D1E28A
  99 0253 921325BA 		.ascii	"\222\023%\272)[B\314\346\002\276\324:\230\207\340)\375"
  99      295B42CC 
  99      E602BED4 
  99      3A9887E0 
  99      29FD
 100 0265 6668CC37 		.ascii	"fh\3147\005\363\022\3544L\3759`\246\356\331k\337\266"
 100      05F312EC 
 100      344CFD39 
 100      60A6EED9 
 100      6BDFB6
 101 0278 CEC67208 		.ascii	"\316\306r\010\236\354\227\264'\310.\241\275k\243\035"
 101      9EEC97B4 
 101      27C82EA1 
 101      BD6BA31D 
 102 0288 92ABA3B2 		.ascii	"\222\253\243\262'\243\256pT\256\255\312X\213\337\216"
 102      27A3AE70 
 102      54AEADCA 
 102      588BDF8E 
 103 0298 CA9A890C 		.ascii	"\312\232\211\014\267\376#C\217\226\001Y\206^\222\341"
 103      B7FE2343 
 103      8F960159 
 103      865E92E1 
 104 02a8 1D56F575 		.ascii	"\035V\365u/v\356\346t\274\342\364;\241\177\021\032\003"
 104      2F76EEE6 
 104      74BCE2F4 
 104      3BA17F11 
 104      1A03
 105 02ba 3A1EE87E 		.ascii	":\036\350~,\235\027\231<\227\360,m\217Ie\343\207\370"
 105      2C9D1799 
 105      3C97F02C 
 105      6D8F4965 
ARM GAS  /tmp/ccFtzDNJ.s 			page 8


 105      E387F8
 106 02cd CD4C0E98 		.ascii	"\315L\016\230Ie\267\247\257,\265\223K\2733\371Bw\321"
 106      4965B7A7 
 106      AF2CB593 
 106      4BBB33F9 
 106      4277D1
 107 02e0 B293C569 		.ascii	"\262\223\305iN\354\211\374\214\006$t\341\337\021qa\236"
 107      4EEC89FC 
 107      8C062474 
 107      E1DF1171 
 107      619E
 108 02f2 181C1F42 		.ascii	"\030\034\037B\322L\376l\356g\337`\237f\0319\336\000"
 108      D24CFE6C 
 108      EE67DF60 
 108      9F661939 
 108      DE00
 109 0304 28B24A22 		.ascii	"(\262J\"\341\240U\\\032\334e\025\225\2046\205\326\224"
 109      E1A0555C 
 109      1ADC6515 
 109      95843685 
 109      D694
 110 0316 EFD81C8A 		.ascii	"\357\330\034\212X\001\336G\242\213\226-\265\254H\324"
 110      5801DE47 
 110      A28B962D 
 110      B5AC48D4 
 111 0326 0A44C2E1 		.ascii	"\012D\302\341H\031\355JC\233\254\350\366\000\235\207"
 111      4819ED4A 
 111      439BACE8 
 111      F6009D87 
 112 0336 83E14064 		.ascii	"\203\341@d{pa\000d4\264;h\026\227\206\266\226\271\""
 112      7B706100 
 112      6434B43B 
 112      68169786 
 112      B696B922 
 113 034a 5BB64483 		.ascii	"[\266D\203\345\262,\270\253\034\267\375\001\266\266"
 113      E5B22CB8 
 113      AB1CB7FD 
 113      01B6B6
 114 0359 A53F     		.ascii	"\245?"
 115              		.text
 116              		.section	.gnu.lto_chCoreAllocAlignedWithOffset.30ee257fd79e6f36,"",%progbits
 117 0000 789C9555 		.ascii	"x\234\225U]LTW\020>s\317\275\273\313\002\013\362\320"
 117      5D4C5457 
 117      103E73CF 
 117      BDBBCB02 
 117      0BF2D0
 118 0013 268D0F6B 		.ascii	"&\215\017kR\2426\215\267M\332\232&}iH\377bhRyi\237,"
 118      52A2368D 
 118      B74DDA9A 
 118      267D6948 
 118      FF626852 
 119 002b AEAB6CC2 		.ascii	"\256\253l\302\262f\027\015\366\305\353.\202[\2451U\260"
 119      B266170D 
 119      F6C5EB2E 
 119      825BA531 
 119      55B0
 120 003d C15556AD 		.ascii	"\301UV\255\261@\250V\251-*\260\025\025\254\250E\020"
ARM GAS  /tmp/ccFtzDNJ.s 			page 9


 120      B140A856 
 120      A92D2AB0 
 120      1515ACA8 
 120      4510
 121 004f 1151913F 		.ascii	"\021Q\221?\213\022Smc\264\024\354\3149\027d\201\030"
 121      8B12536D 
 121      63B414EC 
 121      CC391764 
 121      8118
 122 0061 BD0F67CF 		.ascii	"\275\017g\317\231\231o\316\3147sf-\214\261a\033c\237"
 122      99996FCE 
 122      CC377366 
 122      2D8CB161 
 122      1B639F
 123 0074 02631FE0 		.ascii	"\002c\037\340\036,\014\224\255\027\030\333`S\024\255"
 123      1E2C0C94 
 123      AD1718DB 
 123      605314AD 
 124 0084 D0CA0C3B 		.ascii	"\320\312\014;\337\322\314\230\221\304\315\243*\217*"
 124      DFD2CC98 
 124      91C4CDA3 
 124      2A8F2A
 125 0093 68D24C03 		.ascii	"h\322L\003\240\215a\003\266^\341\252\006\353a\013\337"
 125      A08D6103 
 125      B65EE1AA 
 125      06EB610B 
 125      DF
 126 00a4 CEA1ADF0 		.ascii	"\316\241\255\360P\204o\346\021\316@\305\343\375\363"
 126      50846FE6 
 126      11CE40C5 
 126      E3FDF3
 127 00b3 E5FD0E3A 		.ascii	"\345\375\016:\0028\361XY\374w\233e\341\001\303\010\032"
 127      0238F158 
 127      59FC779B 
 127      65E101C3 
 127      081A
 128 00c5 B11D5DF6 		.ascii	"\261\035]\366\003\241\215\037G\270\302\312\320\272\026"
 128      03A18D1F 
 128      47B8C2CA 
 128      D0BA16
 129 00d4 E6C21198 		.ascii	"\346\302\021\230K\301\374\014\013\321v\357\206\313\347"
 129      4BC1FC0C 
 129      0BD176EF 
 129      86CBE7
 130 00e3 92F987C0 		.ascii	"\222\371\207\300p\337\033\256)Q\347\357\027\270\236"
 130      70DF1BAE 
 130      2951E7EF 
 130      17B89E
 131 00f2 FDDC7835 		.ascii	"\375\334x5\3029\034\005>\025\210\"\006\277\300|4\337"
 131      C2391C05 
 131      3E158822 
 131      06BFC07C 
 131      34DF
 132 0104 3A3AD66B 		.ascii	"::\326k\345K\004\264\262\271t\223\335\204\336\253ze"
 132      E54B04B4 
 132      B2B97493 
 132      DD84DEAB 
ARM GAS  /tmp/ccFtzDNJ.s 			page 10


 132      7A65
 133 0116 7FC8C02B 		.ascii	"\177\310\300+U\370u:XeP'\300\377l\353\276\351\340\237"
 133      55F8753A 
 133      58655027 
 133      C0FF6CEB 
 133      BEE9E09F 
 134 012a 09704767 		.ascii	"\011pGg\321\333&\366a\325K\022\313\341\330,\027\037"
 134      D1DB26F6 
 134      61D54B12 
 134      CBE1D82C 
 134      171F
 135 013c 87F90468 		.ascii	"\207\371\004h\215\205\017\332\371\347\002|\346\321\276"
 135      8D850FDA 
 135      F9E7027C 
 135      E6D1BE
 136 014b ECF47D02 		.ascii	"\354\364}\002<^\225\266'd\264\030*f\013'\342\341\364"
 136      3C5E95B6 
 136      2764B418 
 136      2A660B27 
 136      E2E1F4
 137 015e A175DF4F 		.ascii	"\241u\337O\343\245\311\026\025\352!\235\370@\032\032"
 137      E3A5C916 
 137      15EA219D 
 137      F8401A1A 
 138 016e C002938A 		.ascii	"\300\002\223\212B\003\277\330\215j\213\220\227q\230"
 138      4203BFD8 
 138      8D6A8B90 
 138      977198
 139 017d 8261D088 		.ascii	"\202a\320\210\2461,\3424\363\366\235\357y\030)\312\220"
 139      A6312CE2 
 139      34F3F69D 
 139      EF791829 
 139      CA90
 140 018f 64D4DD3E 		.ascii	"d\324\335>Q\334\001|;\010\360\310\320\246\230j\306w"
 140      51DC017C 
 140      3B08F0C8 
 140      D0A6986A 
 140      C677
 141 01a1 A57AC1AE 		.ascii	"\245z\301\256\320\346\022#\032L\215p\015N>#B\351\371"
 141      D0E61223 
 141      1A4C8D70 
 141      0D4E3E23 
 141      42E9F9
 142 01b4 DE2EE4A1 		.ascii	"\336.\344\241\011C\205\337\310;\217\213\346\024Fs\232"
 142      094385DF 
 142      C83B8F8B 
 142      E6144673 
 142      9A
 143 01c5 5A0A176C 		.ascii	"Z\012\027l0j\213\352\212\015\225v\3632QxI\306\214\""
 143      306A8BEA 
 143      8A0D9576 
 143      F3325178 
 143      49C68C22 
 144 01d9 D2076720 		.ascii	"\322\007g \235\212\330\363\370D\"\357\223\301~m4\036"
 144      9D8AD8F3 
 144      F84422EF 
 144      93C17E6D 
ARM GAS  /tmp/ccFtzDNJ.s 			page 11


 144      341E
 145 01eb 02137F63 		.ascii	"\002\023\177cw\352^\023o\201\346Y\360-\002?\272\243"
 145      77EA5E13 
 145      6F81E659 
 145      F02D023F 
 145      BAA3
 146 01fd 6E7022BF 		.ascii	"np\"\277\201=\334\370\336P\0100\013\373p\026\322\017"
 146      813DDCF8 
 146      DE500830 
 146      0BFB7016 
 146      D20F
 147 020f 5ED262C6 		.ascii	"^\322b\306\370\223b,\364kwko\246\275\254\0005\023\366"
 147      F893622C 
 147      F46B776B 
 147      6FA6BDAC 
 147      003513F6 
 148 0223 2D76850A 		.ascii	"-v\205\012T_\215\272\304B\213\225\026\233\0104\001\267"
 148      545F8DBA 
 148      C4428B95 
 148      169B0834 
 148      01B7
 149 0235 163B2D89 		.ascii	"\026;-\211$L\242%\231\026\007-)\302w\252\010i\016\031"
 149      244CA225 
 149      9916072D 
 149      29C277AA 
 149      08690E19 
 150 0249 A531EA77 		.ascii	"\2451\352w\266\011\013\214\317\307\210\2610\036q\027"
 150      B6090B8C 
 150      CFC788B1 
 150      301E7117 
 151 0259 8AB12150 		.ascii	"\212\261!Pf)K\371\263\313\002\277\213\\\213\207\215"
 151      66294BF9 
 151      B3CB02BF 
 151      8B5C8B87 
 151      8D
 152 026a 7A959E99 		.ascii	"z\225\236\231\006N8\207\272\273\020\354k\334}\350\322"
 152      064E3887 
 152      BABB10EC 
 152      6BDC7DE8 
 152      D2
 153 027b F406DAF6 		.ascii	"\364\006\332\366\300n6\220:\263Y\234\313\030\264\222"
 153      C06E3690 
 153      3AB3599C 
 153      CB18B492 
 154 028b 4E9BA1AB 		.ascii	"N\233\241\253^\260\223\323]\014\316\317\254\367\005"
 154      5EB093D3 
 154      5D0CCECF 
 154      ACF705
 155 029a 2CF345AA 		.ascii	",\363E\252\367E\2527\260#\012=\337\212\303\217\354\363"
 155      F745AA37 
 155      B0230A3D 
 155      DF8AC38F 
 155      ECF3
 156 02ac 4E2915C6 		.ascii	"N)\025\306w\316\010\267\022\240\246\377\270aS1}\370"
 156      77CE08B7 
 156      12A0A6FF 
 156      B8615331 
ARM GAS  /tmp/ccFtzDNJ.s 			page 12


 156      7DF8
 157 02be 03E68996 		.ascii	"\003\346\211\226\372k\244\343\232\202\022h\003U\304"
 157      FA6BA4E3 
 157      9A821268 
 157      0355C4
 158 02cd CDE09298 		.ascii	"\315\340\222\230\033?44\015&\315k6\3216\262}\360\343"
 158      1B3F3434 
 158      0D26CD6B 
 158      36D136B2 
 158      7DF0E3
 159 02e0 E1CB8902 		.ascii	"\341\313\211\002\335Nh\350\000\0259\013:\005\007\214"
 159      DD4E68E8 
 159      0015390B 
 159      3A05078C 
 160 02f0 B6BDE13A 		.ascii	"\266\275\341:M\274\032\254K9\362JZ:#\270\244\275uL3"
 160      4DBC1AAC 
 160      4B39F24A 
 160      5A3A23B8 
 160      A4BD754C 
 161 0305 591DAA72 		.ascii	"Y\035\252r\224\033\261B\347,c@Pz\231\320\234\320\321"
 161      941BB142 
 161      E72C6340 
 161      507A99D0 
 161      9CD0D1
 162 0318 DBA5DC74 		.ascii	"\333\245\334t\020\374\363\233\013\216\031\016f\314\002"
 162      10FCF39B 
 162      0B8E190E 
 162      66CC02
 163 0327 E1A0931C 		.ascii	"\341\240\223\034\250\354\016\204\312\212J\032s\246q"
 163      A8EC0E84 
 163      CA8A4A1A 
 163      73A671
 164 0336 D9596D27 		.ascii	"\331Ym'\013\272\206\0025\313a\231:\003\260g\250c\030"
 164      0BBA8602 
 164      35CB6199 
 164      3A03B067 
 164      A86318
 165 0349 5CC164BA 		.ascii	"\\\301d\272\210Y\\\312\271\206IQd\023\216\245\224\024"
 165      88595CCA 
 165      B9864951 
 165      64138EA5 
 165      9414
 166 035b 88BDDE52 		.ascii	"\210\275\336RY-\006\257\012O\360K\201\253\030\316\035"
 166      592D06AF 
 166      0A4FF04B 
 166      81AB18CE 
 166      1D
 167 036c 08761581 		.ascii	"\010v\025\201\264\263\232\320\377\212\302\\Jl\002l\225"
 167      B4B39AD0 
 167      FF8AC25C 
 167      4A6C026C 
 167      95
 168 037d 3C754DF0 		.ascii	"<uM\360f#\324\261\341\307Mvi\225\200\316\3136\236\274"
 168      6623D4B1 
 168      E1C74D76 
 168      699580CE 
 168      CB369EBC 
ARM GAS  /tmp/ccFtzDNJ.s 			page 13


 169 0391 6825E709 		.ascii	"h%\347\011\3425\326\325\215\\\263\256\0373l(\210r9\035"
 169      E235D6D5 
 169      8D5CB3AE 
 169      1F336C28 
 169      8872391D 
 170 03a5 6A43F7BF 		.ascii	"jC\367\277uDa7D\270\035\256\341\337A7\321\201\212\243"
 170      75446137 
 170      44B81DAE 
 170      E1DF4137 
 170      D1818AA3 
 171 03b9 CD3DA336 		.ascii	"\315=\2436\275\206rw\322\003\354\201(\224\"\210\222"
 171      BD867277 
 171      D203EC81 
 171      28942288 
 171      92
 172 03ca 63701D74 		.ascii	"cp\035t\012*2\021\245\035/\224\344\005\037\024\233\262"
 172      0A2A3211 
 172      A51D2F94 
 172      E4051F14 
 172      9BB2
 173 03dc 4414CBA4 		.ascii	"D\024\313\244MA\022\246\202\3428Y2\212\315\2341ES\350"
 173      4D4112A6 
 173      82E23859 
 173      328ACD9C 
 173      314553E8 
 174 03f0 1069274B 		.ascii	"\020i'Ko_HY\012\212\237\246|\226RN\221!\3244~)MR\205"
 174      6F5F4859 
 174      0A8A9FA6 
 174      7C96524E 
 174      9121D434 
 175 0409 95EDA955 		.ascii	"\225\355\251U\013Y\245Jb\306\3669\244\325\234\347a\342"
 175      0B59A54A 
 175      62C6F639 
 175      A4D59CE7 
 175      61E2
 176 041b C63398B8 		.ascii	"\3063\230\270)\230\000\223\211^db\020\012\273\232\336"
 176      29980093 
 176      895E6462 
 176      100ABB9A 
 176      DE
 177 042c 9A0C628E 		.ascii	"\232\014b\216\350\2470\326\015\377}qD\010u\207j\326"
 177      E8A730D6 
 177      0DFF7D71 
 177      44087587 
 177      6AD6
 178 043e 8522927A 		.ascii	"\205\"\222z\225]\215\221\036\343+\033\016\237N$\203"
 178      955D8D91 
 178      1EE32B1B 
 178      0E9F4E24 
 178      83
 179 044f E709EED6 		.ascii	"\347\011\356\326\354\301E\327Rt}qu\352\007]\336\027"
 179      ECC145D7 
 179      52747D71 
 179      75EA075D 
 179      DE17
 180 0461 C6E93031 		.ascii	"\306\35101\260\202\321\273\245\223/\216M\2767j\355)"
 180      B082D1BB 
ARM GAS  /tmp/ccFtzDNJ.s 			page 14


 180      A5932F8E 
 180      4DBE376A 
 180      ED29
 181 0473 A7CEB853 		.ascii	"\247\316\270SK\334\351l\334\251^\236p\0364\211\2616"
 181      4BDCE96C 
 181      DCA95E9E 
 181      701E3489 
 181      B136
 182 0485 D9761A92 		.ascii	"\331v\032\22240u\254\311\277\026s\324\214W\334jH\234"
 182      343075AC 
 182      C9BF1673 
 182      D48C57DC 
 182      6A489C
 183 0498 98220362 		.ascii	"\230\"\003b\212\014\212)2}d\014\311\221\321;\\zl\225"
 183      8A0C8A29 
 183      327D640C 
 183      C991D13B 
 183      5C7A6C95 
 184 04ac B883B17B 		.ascii	"\270\203\261{x\334\\\177\332B\367\227\3634L\360!\244"
 184      78DC5C7F 
 184      DA42F797 
 184      F3344CF0 
 184      21A4
 185 04be C1A2B94A 		.ascii	"\301\242\271J\367\223^\300_zq)\352\277{\333\000\207"
 185      F7935EC0 
 185      5F7A7129 
 185      EABF7BDB 
 185      0087
 186 04d0 3650E6E8 		.ascii	"6P\346\350.C\317\361y\335zv\256\273@\317\310\361,\367"
 186      2E43CFF1 
 186      79DD7A76 
 186      AEBB40CF 
 186      C8F12CF7 
 187 04e4 64E5AF59 		.ascii	"d\345\257Y\341\361\351.\332\373\002o.~G\327}\001\335"
 187      E1F1E92E 
 187      DAFB026F 
 187      2E7E47D7 
 187      7D01DD
 188 04f7 E5F37A7D 		.ascii	"\345\363z}y\270\313\365,\327\003~\027\352\275n\257\313"
 188      79B8CBF5 
 188      2CD7037E 
 188      17EABD6E 
 188      AFCB
 189 0509 E7772F72 		.ascii	"\347w/r15\340\371\312\255e\347zV\345Y|+W\006\334\371"
 189      3135E0F9 
 189      CAAD65E7 
 189      7A56E559 
 189      7C2B5706 
 190 051f B0FADDE7 		.ascii	"\260\372\335\347\363\353\317\327=y\256\3345+\334\250"
 190      F3EBCFD7 
 190      3D79AEDC 
 190      352BDCA8 
 191 052f 09AC0B2C 		.ascii	"\011\254\013,\312a\332\332\354\3345\356\217^(\256\325"
 191      CA61DADA 
 191      ECDC35EE 
 191      8F5E28AE 
 191      D5
ARM GAS  /tmp/ccFtzDNJ.s 			page 15


 192 0540 3E7F7E40 		.ascii	">\177~@\177\177ifFf\001\232P\\\313\326.\366\24275\317"
 192      7F7F6966 
 192      4666019A 
 192      505CCBD6 
 192      2EF6A237 
 193 0556 5D90BFE4 		.ascii	"]\220\277\344\205\234!@\317\310\314\372$\353ih\336\200"
 193      859C2140 
 193      CFC8CCFA 
 193      24EB6968 
 193      DE80
 194 0568 27B06C95 		.ascii	"'\260l\225\313\205\016S3\263\226:\227g\007\334\253\375"
 194      CB850E53 
 194      33B3963A 
 194      976707DC 
 194      ABFD
 195 057a 9ED79DE9 		.ascii	"\236\327\235\351o0\305\317\254\310\205\317\277\216\375"
 195      6F30C5CF 
 195      ACC885CF 
 195      BF8EFD
 196 0589 0F18D93C 		.ascii	"\017\030\331<\213"
 196      8B
 197              		.text
 198              		.section	.gnu.lto_chCoreGetStatusX.30ee257fd79e6f36,"",%progbits
 199 0000 789C8D90 		.ascii	"x\234\215\220K/\003Q\024\307\317\231;}\010\352\003\260"
 199      4B2F0351 
 199      14C7CF99 
 199      3B7D08EA 
 199      03B0
 200 0012 E8D6C68D 		.ascii	"\350\326\306\215\015\037\240\261\262\364\011t41\211"
 200      0D1FA0B1 
 200      B2F40974 
 200      343189
 201 0021 318992D8 		.ascii	"1\211\222\330\365jQ\302BDid\"MD\304B\020\365\250G2\261"
 201      F56A51C2 
 201      42446964 
 201      224D44C4 
 201      4210F5A8 
 202 0038 20169E0B 		.ascii	" \026\236\013\211\307\212\025i\232\260E9\247ce!&\231"
 202      89C78A15 
 202      699AB045 
 202      39A76365 
 202      212699
 203 004b B9E7FCCF 		.ascii	"\271\347\374\317\271\347\367\237\343\007\200\033\004"
 203      B9E7F79F 
 203      E307801B 
 203      04
 204 0058 68A3B39E 		.ascii	"h\243\263\236^\024\200\332\3249\300PPC\344@\005\021"
 204      5E1480DA 
 204      D439C050 
 204      5043E440 
 204      0511
 205 006a 121A2670 		.ascii	"\022\032&pR\314\010\274\032^w\304\204p\250M\247\364"
 205      52CC08BC 
 205      1A5E77C4 
 205      8470A84D 
 205      A7F4
 206 007c F56CFE29 		.ascii	"\365l\376)\304)b\230\322b\3518_\323\270\254TR\271s\013"
ARM GAS  /tmp/ccFtzDNJ.s 			page 16


 206      C4296298 
 206      D262E938 
 206      5FD3B8AC 
 206      5452B973 
 207 0091 D5D9FCA5 		.ascii	"\325\331\374\245\252r\204\006\263\324\236\307\006\334"
 207      AA728406 
 207      B3D49EC7 
 207      06DC
 208 009f C406666C 		.ascii	"\304\006fla#P\367\343F9S\353\327\271J\3426\372\201\214"
 208      612350F7 
 208      E3463953 
 208      EBD7B94A 
 208      E236FA81 
 209 00b4 C0DAB5CF 		.ascii	"\300\332\265\317U\345\257\264r?\026\261\320NtG\320\010"
 209      55E5AFB4 
 209      723F16B1 
 209      D04E7447 
 209      D008
 210 00c6 47E88223 		.ascii	"G\350\202#\235#\037\177\002\300\243a\214n\223O\345\302"
 210      9D231F7F 
 210      02C0A361 
 210      8C6E934F 
 210      E5C2
 211 00d8 38A514A5 		.ascii	"8\245\024\245\\x\301\344\336\363\335R\035\017\235\027"
 211      5C78C1E4 
 211      DEF3DD52 
 211      1D0F9D17 
 212 00e8 48ACD991 		.ascii	"H\254\331\221\243\213\000\033\365!\243\013\205\342}"
 212      A38B001B 
 212      F521A30B 
 212      85E27D
 213 00f7 20F1A982 		.ascii	" \361\251\202$\344\030OZ>\365:\035\312\341\002:\302"
 213      24E4184F 
 213      5A3EF53A 
 213      1DCAE102 
 213      3AC2
 214 0109 8FBBF4C3 		.ascii	"\217\273\364\303;\354\226\012\333'\017\357A\271\252"
 214      3BEC960A 
 214      DB270FEF 
 214      41B9AA
 215 0118 E8099303 		.ascii	"\350\011\223\003,`\0163|\011p\017%\303\336\322\267U"
 215      2C600E33 
 215      7C09700F 
 215      25C3DED2 
 215      B755
 216 012a 1E4B235C 		.ascii	"\036K#\\\005\177jz\202\370\017m\377\017\332A\205\306"
 216      057F6A7A 
 216      82F80F6D 
 216      FF0FDA41 
 216      85C6
 217 013c 9BC1C3DF 		.ascii	"\233\301\303\3374\235\346\223\222\312\216\242'\370*"
 217      349DE693 
 217      92CA8EA2 
 217      27F82A
 218 014b 0E74AF6B 		.ascii	"\016t\257kExb\200t(a2\374\223\262\3631\232H\273\242"
 218      45786280 
 218      74286132 
ARM GAS  /tmp/ccFtzDNJ.s 			page 17


 218      FC93B2F3 
 218      319A48BB 
 219 0160 FD4564B7 		.ascii	"\375Ed\267m\305dgOlPF\272\315\250\331\321?\320e\332"
 219      6DC56467 
 219      4F6C5046 
 219      BACDA8D9 
 219      D13FD065 
 220 0175 D2E0D88E 		.ascii	"\322\340\330\2167\267\266Hi\307\245a[\226\335KQ\217"
 220      37B7B648 
 220      69C7A561 
 220      5B96DD4B 
 220      518F
 221 0187 1995F13E 		.ascii	"\031\225\361>\203\352V\3142\354\276X\223\001\337S/\254"
 221      83EA56CC 
 221      32ECBE58 
 221      9301DF53 
 221      2FAC
 222 0199 96       		.ascii	"\226"
 223              		.text
 224              		.section	.gnu.lto_.symbol_nodes.30ee257fd79e6f36,"",%progbits
 225 0000 789C6363 		.ascii	"x\234cc``H\006b\006\246_\214\365\014\014\023\31610\000"
 225      60604806 
 225      6206A65F 
 225      8CF50C0C 
 225      13CE3130 
 226 0015 A95D0D8E 		.ascii	"\251]\015\216\014\014\254?\031\031\032\225\200R\254"
 226      0C0CAC3F 
 226      19191A95 
 226      8052AC
 227 0024 FF181915 		.ascii	"\377\030\031\025@\364\177F&\020\315\364\233\261\236"
 227      40F47F46 
 227      2610CDF4 
 227      9BB19E
 228 0033 114529D3 		.ascii	"\021E)\323\037\306z&T\221\277\214\365\314(\"\014\000"
 228      1FC67A26 
 228      5491BF8C 
 228      F5CC2822 
 228      0C00
 229 0045 A06917B4 		.ascii	"\240i\027\264"
 230              		.text
 231              		.section	.gnu.lto_.refs.30ee257fd79e6f36,"",%progbits
 232 0000 789C1D88 		.ascii	"x\234\035\210A\012\200@\014\304\222\216\366\264\207"
 232      410A8040 
 232      0CC4928E 
 232      F6B487
 233 000f 0541F011 		.ascii	"\005A\360\021\376\377{\026\017\011$\015\274\303\201"
 233      FEFF7B16 
 233      0F09240D 
 233      BCC381
 234 001e 5AF52B95 		.ascii	"Z\365+\225\311\306\255WN\\x\353S\263\304\360\001\026"
 234      C9C6AD57 
 234      4E5C78EB 
 234      53B3C4F0 
 234      0116
 235 0030 6300D4   		.ascii	"c\000\324"
 236              		.text
 237              		.section	.gnu.lto_.decls.30ee257fd79e6f36,"",%progbits
ARM GAS  /tmp/ccFtzDNJ.s 			page 18


 238 0000 789CA556 		.ascii	"x\234\245V{PT\327\031\277\337=\313\262,\273\310\240"
 238      7B5054D7 
 238      19BFDF3D 
 238      CBB22CBB 
 238      C8A0
 239 0012 937132A4 		.ascii	"\223q2\244\3438dd:\023nHf\242\366\217\216\206\351\250"
 239      E3386464 
 239      3A136E48 
 239      66A2F68F 
 239      8E86E9A8 
 240 0026 D39A76C2 		.ascii	"\323\232v\302d\032\373Go\326e\015\333\302\342\260K\253"
 240      641AFB47 
 240      6FD6650D 
 240      DBC2E2B0 
 240      4BAB
 241 0038 FDA71761 		.ascii	"\375\247\027a\221\200 \010\232\010>V\260F\224\215ZP"
 241      91802008 
 241      9A083E56 
 241      B046948D 
 241      5A50
 242 004a 22685C01 		.ascii	"\"h\\\001\025\037(1\361\001\021$\010F\211\362\224\000"
 242      151F2831 
 242      F1011124 
 242      084689F2 
 242      9400
 243 005c 12B5DF39 		.ascii	"\022\265\3379\347\356\003\004\323\264w\370\330s\316"
 243      E7EE0304 
 243      D3B477F8 
 243      D873CE
 244 006b FDBEDFEF 		.ascii	"\375\276\337\357{\235s\217V\020\004\215Q\020R\211 T"
 244      7B9D738F 
 244      5610048D 
 244      51105289 
 244      2054
 245 007d 82203CC3 		.ascii	"\202 <\303'\010\327N\243\210(\265(\253\004\376hP\352"
 245      2708D74E 
 245      A38828B5 
 245      28AB04FE 
 245      6850EA
 246 0090 519A502E 		.ascii	"Q\232P.\2404\243\240\231p\007\345.\312=a\362\343D<-"
 246      A034A3A0 
 246      997007E5 
 246      2ECA3D61 
 246      F2E3443C 
 247 00a5 FE7E80D2 		.ascii	"\376~\200\322\203r\037\245\013\245\015\245W\305\357"
 247      83721FA5 
 247      0BA50DA5 
 247      57C5EF
 248 00b4 40694701 		.ascii	"@iG\001\025\373Ex\205\250\244\303\337\010\2249(r\200"
 248      15FB4578 
 248      85A8A4C3 
 248      DF089439 
 248      287280
 249 00c7 7F6D01F8 		.ascii	"\177m\001\370Sq\233\324\265q\025;\360\331\212\012\241"
 249      53719BD4 
 249      B571153B 
 249      F0D98A0A 
ARM GAS  /tmp/ccFtzDNJ.s 			page 19


 249      A1
 250 00d8 33605263 		.ascii	"3`Rc\212K(/L\217\037\254\346B\217\357\015(\021(sP^\002"
 250      8A4B282F 
 250      4C8F1FAC 
 250      E6428FEF 
 250      0D281128 
 251 00f0 CE0BD370 		.ascii	"\316\013\323p\226\002\267\363r\326\252\376\377iJ\014"
 251      9602B7F3 
 251      72D6AAFE 
 251      FF694A0C 
 252 0100 ED2A0FA8 		.ascii	"\355*\017\250\271\236\016\253\230@{S\305A\222K`\225"
 252      B99E0EAB 
 252      98407B53 
 252      C541924B 
 252      6095
 253 0112 1E68F566 		.ascii	"\036h\365f\341\322\241\007\307\307\215|\211jx\232\373"
 253      E1D2A107 
 253      C7C78D7C 
 253      896A789A 
 253      FB
 254 0123 DBC388C8 		.ascii	"\333\303\210\310\306\316\261\177m\320\307T*\374\321"
 254      C6CEB17F 
 254      6DD0C754 
 254      2AFCD1
 255 0132 E511018E 		.ascii	"\345\021\001\216\002\361b\355\035\357\2571\220w\230"
 255      02F162ED 
 255      1DEFAF31 
 255      907798
 256 0141 E6979987 		.ascii	"\346\227\231\207wP\334\010=hp:\330\\r'\014\247s\364"
 256      7750DC08 
 256      3D68703A 
 256      D85C7227 
 256      0CA773F4 
 257 0155 30AF9888 		.ascii	"0\257\230\210\315-\243\265:\320Gg+\312\006\305\225\241"
 257      CD2DA3B5 
 257      3AD04767 
 257      2BCA06C5 
 257      95A1
 258 0167 842C17E0 		.ascii	"\204,\027\3408D\302\347\020)@\035DS\356c\020#@5.V\341"
 258      3844C2E7 
 258      1029401D 
 258      4453EE63 
 258      10234035 
 259 017e E23ECAE7 		.ascii	"\342>\312\347\351/\231_\327\241(\363\240\026\364P\003"
 259      E92F995F 
 259      D7A128F3 
 259      A016F450 
 259      03
 260 018f 84E96068 		.ascii	"\204\351`h\253\364\364?.\"S\355\351\223\247BoC;`\022"
 260      ABF4F43F 
 260      2E2253ED 
 260      E993A742 
 260      6F433B60 
 261 01a4 209CB906 		.ascii	" \234\271\006\300\377\343/\0256\177\346}\200\257\343"
 261      C0FFE32F 
 261      15367FE6 
 261      7D80AFE3 
ARM GAS  /tmp/ccFtzDNJ.s 			page 20


 262 01b4 AAC87F54 		.ascii	"\252\310\177TU:\361\232\200oET1D/.\373S\001 \020\225"
 262      553AF19A 
 262      806F4554 
 262      31442F2E 
 262      FB530120 
 263 01ca BFE774DE 		.ascii	"\277\347t\336\207\227\201\017\002\354\370\222\350'\013"
 263      8797810F 
 263      02ECF892 
 263      E8270B
 264 01d9 3079CE57 		.ascii	"0y\316W\301\367\332\347\224?HP+q\260qc\263\276\023:"
 264      C1F7DAE7 
 264      943F4850 
 264      2B71B071 
 264      63B3BE13 
 265 01ee F0EDFB82 		.ascii	"\360\355\373\202P\240Kf5\351=rkO\030\311\00769\363l"
 265      50A04B66 
 265      35E93D72 
 265      6B4F18C9 
 265      073639F3 
 266 0203 D4338B17 		.ascii	"\3243\213\027H\304\351\325\201K;Cy\201\302qZ\271\351"
 266      48C4E9D5 
 266      814B3B43 
 266      7981C271 
 266      5AB9E9
 267 0216 5971D0DC 		.ascii	"Yq\320\334m4\353\005\031J\270\010\037\274\004\036\254"
 267      6D34EB05 
 267      194AB808 
 267      1FBC041E 
 267      AC
 268 0227 C529AC85 		.ascii	"\305)\254\205\000\247a.\376\267i8\231\353\321\256>\355"
 268      00A7612E 
 268      FEB76938 
 268      99EBD1AE 
 268      3EED
 269 0239 7C97E2EA 		.ascii	"|\227\342\352T<W\016F\225\\\312RZ\320n\011\323\203/"
 269      543C570E 
 269      46955CCA 
 269      525AD06E 
 269      09D3832F 
 270 024d FC65FA82 		.ascii	"\374e\372\202\266\012\234\204N\200\023p\033}\253\207"
 270      B60A9C84 
 270      4E801370 
 270      1B7DAB87 
 271 025d F9B4A92E 		.ascii	"\371\264\251.\334t\220v\356\325\216\356\274\374 \215"
 271      DC749076 
 271      EED58EEE 
 271      BCFC208D 
 272 026d C8AB4919 		.ascii	"\310\253I\031p\255\301=\341!l\015\273\242\021\330Z\367"
 272      70ADC13D 
 272      E1216C0D 
 272      BBA211D8 
 272      5AF7
 273 027f D987DDC1 		.ascii	"\331\207\335\301>\2753|\361\356p\355\246\340@\247eC"
 273      3EBD337C 
 273      F1EE70ED 
 273      A6E040A7 
 273      6543
ARM GAS  /tmp/ccFtzDNJ.s 			page 21


 274 0291 80D3E798 		.ascii	"\200\323\347\230\323gA\365\272\361\321\350)=z\335\211"
 274      D36741F5 
 274      BAF1D1E8 
 274      293D7ADD 
 274      89
 275 02a2 5E9FDD15 		.ascii	"^\237\335\025V\242x6(J\272H\325\240\301\357s\303T\237"
 275      56A27836 
 275      284ABA48 
 275      D5A0C1EF 
 275      73C3549F 
 276 02b6 9B98CFD7 		.ascii	"\233\230\317\327\277\257\371\024\310\004wZ9\226Y\024"
 276      BFAFF914 
 276      C804775A 
 276      39965914 
 277 02c6 AA4275FD 		.ascii	"\252Bu\375\222#)\034\351\274\037\351\374T\244\013\014"
 277      9223291C 
 277      E9BC1FE9 
 277      FC54A40B 
 277      0C
 278 02d7 E9D0E0E1 		.ascii	"\351\320\340\341\322`\362\011\337_\303Y\015\331\232"
 278      D260F209 
 278      DF5FC359 
 278      0DD99A
 279 02e6 C0086874 		.ascii	"\300\010ht\376\020.M\312\373\247\255\003\275\242\232"
 279      FE102E4D 
 279      CAFBA7AD 
 279      03BDA29A 
 280 02f6 F7A795E1 		.ascii	"\367\247\225\341{2\224\375h\347\022\251\032\\\364\023"
 280      7B3294FD 
 280      68E712A9 
 280      1A5CF413 
 281 0306 5F9C4ADC 		.ascii	"_\234J\334\314\210?\271\327\343\321\223\012N\\R\367"
 281      CC883FB9 
 281      D7E3D193 
 281      0A4E5C52 
 281      F7
 282 0317 E84210EF 		.ascii	"\350B\020\357\006\035Nk\372\016\326\030y7xX\347\344"
 282      061D4E6B 
 282      FA0ED618 
 282      79377858 
 282      E7E4
 283 0329 8E5489A4 		.ascii	"\216T\211\244\232\353\036rvW\350\360e$\036\031\020p"
 283      9AEB1E72 
 283      7657E8F0 
 283      65241E19 
 283      1070
 284 033b 5E44F2F3 		.ascii	"^D\362\363\242\3323\354\326\220\023LW<\342\356\376\013"
 284      A2DA33EC 
 284      D690134C 
 284      573CE2EE 
 284      FE0B
 285 034d 44EBF9F6 		.ascii	"D\353\371\366\035\275\031\343\334H3s\035\243\372\332"
 285      1DBD19E3 
 285      DC483373 
 285      1DA3FADA 
 286 035d EF6024DD 		.ascii	"\357`$\335\276\354(P\312\0252W\2007#\341u<\010\256\341"
 286      BEEC2850 
ARM GAS  /tmp/ccFtzDNJ.s 			page 22


 286      CA153257 
 286      803723E1 
 286      753C08AE 
 287 0372 4110A91E 		.ascii	"A\020\251\036\004_a\022\256b\022\220\240b\367\376F#"
 287      045F6112 
 287      AE621290 
 287      A062F7FE 
 287      4623
 288 0384 49278CA0 		.ascii	"I'\214\240\303\335\177\231\370\030\256\334\237_\345"
 288      C3DD7F99 
 288      F818AEDC 
 288      9F5FE5
 289 0393 A40CADC8 		.ascii	"\244\014\255\310p\303\317\200\204\323S\334\234\236\342"
 289      70C3CF80 
 289      84D353DC 
 289      9C9EE2
 290 03a2 4075E5BE 		.ascii	"@u\345\276Y\206\034\337\351\304\360\274\007\224\000"
 290      59861CDF 
 290      E9C4F0BC 
 290      079400
 291 03b1 6D605037 		.ascii	"m`P7\332\340\326\326\"B\2163_4\203\337\344~\253\205"
 291      DAE0D6D6 
 291      22428E33 
 291      5F3483DF 
 291      E47EAB85 
 292 03c5 D95151D1 		.ascii	"\331QQ\321\205\254\202(\330m\320\202vW\230\335-\230"
 292      85AC8228 
 292      D86DD082 
 292      765798DD 
 292      2D98
 293 03d7 4DA9B008 		.ascii	"M\251\260\010\321\2707\243\360\220\212b{\267\214\022"
 293      D1B837A3 
 293      F0908A62 
 293      7BB78C12 
 294 03e7 79CE8D45 		.ascii	"y\316\215E\225~~OQ\266\030(\001|\203\356S\003\337\271"
 294      957E7E4F 
 294      51B61828 
 294      017C83EE 
 294      5303DFB9 
 295 03fb 285188E3 		.ascii	"(Q\210\343\024H5\350}\031{-\2230\355/\247\325\216\245"
 295      144835E8 
 295      7D197B2D 
 295      9330ED2F 
 295      A7D58EA5 
 296 040f CA3C3597 		.ascii	"\312<5\227K\"\322\321\037\252$\250iQchih\313&$[\303"
 296      4B22D2D1 
 296      1FAA24A8 
 296      69516368 
 296      6968CB26 
 297 0426 F279A66C 		.ascii	"\362y\246l$K\204\350\331\334\350z\251\026\217y\350B"
 297      244B84E8 
 297      D9DCE87A 
 297      A9168F79 
 297      E842
 298 0438 E04E7F36 		.ascii	"\340N\1776)\004~P\247\213\021\276\305\320f\012\023\271"
 298      29047E50 
 298      A78B11BE 
ARM GAS  /tmp/ccFtzDNJ.s 			page 23


 298      C5D0660A 
 298      13B9
 299 044a 9A8F6EFE 		.ascii	"\232\217n\376\267\341\325r\305\345\241gEtM9B\000\303"
 299      B7E1D572 
 299      C5E5A167 
 299      45744D39 
 299      4200C3
 300 045d BFCCF103 		.ascii	"\277\314\361\003\262u\231\365\355\035x\025\355ntW\037"
 300      B27599F5 
 300      ED1D7815 
 300      ED6E7457 
 300      1F
 301 046e 01B285F9 		.ascii	"\001\262\205\371\010#\247\253\232\264\021\005*\377\022"
 301      0823A7AB 
 301      9AB41105 
 301      2AFF12
 302 047d A0D56147 		.ascii	"\240\325aG`\017D\370\242:\261\375\251[\213L\235\030"
 302      600F44F8 
 302      A23AB1FD 
 302      A95B8B4C 
 302      9D18
 303 048f 4647C99C 		.ascii	"FG\311\234-\212k.}\017\335\352\367\212\017\340.\203"
 303      2D8A6B2E 
 303      7D0FDDEA 
 303      F78A0FE0 
 303      2E83
 304 04a1 1FC919EE 		.ascii	"\037\311\031\3561\022\027\207\377\270\302}\214\250\226"
 304      31121787 
 304      FFB8C27D 
 304      8CA896
 305 04b0 5D2FA72B 		.ascii	"]/\247+\365\300\014\277\363\032\262\001\334c\206O\362"
 305      F5C00CBF 
 305      F31AB201 
 305      DC63864F 
 305      F2
 306 04c1 3BAAC4C0 		.ascii	";\252\304\300F\351\012\250\201\000\367y\243\320_T\276"
 306      46E90AA8 
 306      8100F779 
 306      A3D05F54 
 306      BE
 307 04d2 B83DAFC0 		.ascii	"\270=\257\300\020\250La\375\312\275\252r/S\256\333]"
 307      10A84C61 
 307      FDCABDAA 
 307      722F53AE 
 307      DB5D
 308 04e4 B6D740DC 		.ascii	"\266\327@\334\334\245\332\214\203\207\215|{\376\002"
 308      DCA5DA8C 
 308      83878D7C 
 308      7BFE02
 309 04f3 A759855D 		.ascii	"\247Y\205]\345\352\327t\200\356\300=\315\303\333\364"
 309      E5EAD774 
 309      80EEC03D 
 309      CDC3DBF4 
 310 0503 A48EEB96 		.ascii	"\244\216\353\226\335k>\257n\345Wp\372\343\316\356b\243"
 310      DD6B3EAF 
 310      6EE55770 
 310      FAE3CEEE 
ARM GAS  /tmp/ccFtzDNJ.s 			page 24


 310      62A3
 311 0515 3E9B268B 		.ascii	">\233&\213\223F\004v\362\000\315\034\366\012\364\363"
 311      93460476 
 311      F200CD1C 
 311      F60AF4F3 
 312 0525 C6BF3676 		.ascii	"\306\2776v\362\261\20142$Me\306\201\001\015DG\002\252"
 312      F2B18134 
 312      32244D65 
 312      C681010D 
 312      444702AA 
 313 0539 03DF61F4 		.ascii	"\003\337a\364\253/\300\010\356\206A5\035\370\224(\010"
 313      AB2FC008 
 313      EE864135 
 313      1DF89428 
 313      08
 314 054a 3FF04FBA 		.ascii	"?\360O\272\214c\035\373\235f\257\015a;\2140\276G\010"
 314      8C631DFB 
 314      9D66AF0D 
 314      613B8C30 
 314      BE4708
 315 055d 38CC0987 		.ascii	"8\314\011\207\036\367<\204\300ZR\354\207\370\376\001"
 315      1EF73C84 
 315      C05A52EC 
 315      87F8FE01 
 316 056d F3EF075A 		.ascii	"\363\357\007ZQ\356%\325>\262\243i<D\257bg\377\024v["
 316      51EE25D5 
 316      3EB2A369 
 316      3C44AF62 
 316      67FF1476 
 317 0582 EB836C63 		.ascii	"\353\203lc \366\350\213\260\313\212z[h\331[\2605\177"
 317      20F6E88B 
 317      B0CB8A7A 
 317      5B68D95B 
 317      B0357F
 318 0595 D8A54D77 		.ascii	"\330\245Mwy\322\347\301\030V\250\017;\023O\375\000\313"
 318      79D2E7C1 
 318      1856A80F 
 318      3B134FFD 
 318      00CB
 319 05a7 EF71E5CF 		.ascii	"\357q\345\317\242\000\343\254\007\274W\250\005\317_"
 319      A200E3AC 
 319      07BC57A8 
 319      05CF5F
 320 05b6 A116F023 		.ascii	"\241\026\360#\361\352\346\241\275\301\344<\337a\267"
 320      F1EAE6A1 
 320      BDC1E43C 
 320      DF61B7
 321 05c5 5B276E85 		.ascii	"['n\205\315t\367y\212q,P\317\243\011\\|\354\273\373"
 321      CD74F779 
 321      8A712C50 
 321      CFA3095C 
 321      7CECBBFB 
 322 05d9 8CDEFCF5 		.ascii	"\214\336\374\365\366!z\367y\202A\374\350\337\214\013"
 322      F6217AF7 
 322      798241FC 
 322      E8DF8C0B 
 323 05e9 54F72BF6 		.ascii	"T\367+\366\026\226i\311\327\234\243\256\264\347\214"
ARM GAS  /tmp/ccFtzDNJ.s 			page 25


 323      169669C9 
 323      D79CA3AE 
 323      B4E78C
 324 05f8 381347BA 		.ascii	"8\023G\2728\023\007\036\237g\331\361\251\210\364l\367"
 324      3813071E 
 324      9F67D9F1 
 324      A988F46C 
 324      F7
 325 0609 713C6139 		.ascii	"q<a9\242\253HT80T\244\235\261\2416\210jC\275\316J\260"
 325      A2AB4854 
 325      383054A4 
 325      9DB1A136 
 325      886A43BD 
 326 0620 A1AE6F42 		.ascii	"\241\256oB3\265\274\376\017Z\206\030\341\265a\023\372"
 326      33B5BCFE 
 326      0F5A8618 
 326      E1B56113 
 326      FA
 327 0631 659F70D7 		.ascii	"e\237p\327\206\361\366\325\342\364\324\245\314\023\241"
 327      86F1F6D5 
 327      E2F4D4A5 
 327      CC13A1
 328 0640 33B239BD 		.ascii	"3\2629\275l\231\"\243{\224\343\034Uo\235\3018\335\177"
 328      6C9922A3 
 328      7B94E31C 
 328      556F9DC1 
 328      38DD7F
 329 0653 7747BE81 		.ascii	"wG\276\201\357\223E\364V\324U|\361\271^\333(FB\226H"
 329      EF9345F4 
 329      56D4557C 
 329      F1B95EDB 
 329      28464296 
 330 0668 C1B29933 		.ascii	"\301\262\2313N\356L6s\246\245\257nS(i\347\033\3533\367"
 330      4EEE4C36 
 330      73A6A5AF 
 330      6E532869 
 330      E71BEB33 
 331 067d B9BA59F8 		.ascii	"\271\272Y\370\275\365\340\367\366\342N\222\323\314\356"
 331      BDF5E0F7 
 331      F6E24E92 
 331      D3CCEE
 332 068c 39AEE5FC 		.ascii	"9\256\345\374\236\363\221\350K\027\016'\177psD\372\301"
 332      9EF391E8 
 332      4B170E27 
 332      7F707344 
 332      FAC1
 333 069e EDDCFD5D 		.ascii	"\355\334\375]\221\221\224\0071\260\313\017n9\303T\260"
 333      91919407 
 333      31B0CB0F 
 333      6E39C354 
 333      B0
 334 06af 093769AB 		.ascii	"\0117i\253\302\203\037O\206L\3200\264\\?Z\356T\264M"
 334      C2831F4F 
 334      864CD030 
 334      B45C3F5A 
 334      EE54B44D 
 335 06c3 0CEDC6DD 		.ascii	"\014\355\306\335\372\0042\312\301\016\270w\035\016#"
ARM GAS  /tmp/ccFtzDNJ.s 			page 26


 335      FA0432CA 
 335      C10EB877 
 335      1D0E23
 336 06d2 4E2D9BE4 		.ascii	"N-\233\344\3267\354\320\342\325\010\362\251!]9\267\377"
 336      D637ECD0 
 336      E2D508F2 
 336      A9215D39 
 336      B7FF
 337 06e4 E8696097 		.ascii	"\350i`\227%ZW~\251\372\370\253\262Z\343\214\027\274"
 337      255A577E 
 337      A9FAF8AB 
 337      B25AE38C 
 337      17BC
 338 06f6 42915E34 		.ascii	"B\221^4\012D\365\246\321\332\320\371\221Vu\366\366\005"
 338      0A44F5A6 
 338      D1DAD0F9 
 338      915675F6 
 338      F605
 339 0708 925FB12B 		.ascii	"\222_\261+Oq\245+K\232D\252\011y^ga\263\250\241\263"
 339      4F71A52B 
 339      4B9A44AA 
 339      09795E67 
 339      61B3A8A1 
 340 071d C9FE6E61 		.ascii	"\311\376na\376nr\036H\017&\267\271\217#\237\325\014"
 340      FE6E721E 
 340      480F26B7 
 340      B98F239F 
 340      D50C
 341 072f 6954C02B 		.ascii	"iT\300+;I_n.\007\\\316\202/\362\007_4\025\254\230\201"
 341      3B495F6E 
 341      2E075CCE 
 341      822FF207 
 341      5F3415AC 
 342 0745 ED1B1DCB 		.ascii	"\355\033\035\313\015#\3679\330\235\254K\327t\376T\036"
 342      0D23F739 
 342      D89DAC4B 
 342      D774FE54 
 342      1E
 343 0756 9892CAAD 		.ascii	"\230\222\312\255~\264\255S\321\266\211\363\205\267\245"
 343      7EB4AD53 
 343      D1B689F3 
 343      85B7A5
 344 0765 C494648B 		.ascii	"\304\224d\213dJ\262\254\223\342\022\255\253\255\361"
 344      644AB2AC 
 344      93E212AD 
 344      ABADF1
 345 0774 8EB4046B 		.ascii	"\216\264\004k\212d\246\343\024{\354\302\267$)\305.\231"
 345      8A64A6E3 
 345      147BECC2 
 345      B72429C5 
 345      2E99
 346 0786 53929353 		.ascii	"S\222\223Sl8J\262\256\226\354\251f|\237lI6\247\244Z"
 346      6C384AB2 
 346      AE96ECA9 
 346      667C9F6C 
 346      4936A7A4 
 347 079b 62CCBA65 		.ascii	"b\314\272e\357\2747/.6V\320\332\255\377\260\310\216"
ARM GAS  /tmp/ccFtzDNJ.s 			page 27


 347      EFBC372F 
 347      2E3656D0 
 347      DAADFFB0 
 347      C88E
 348 07ad 45529A3D 		.ascii	"ER\232=UJJ1\233\222$\252\376\241\331,\231R\223_\263"
 348      554A4A31 
 348      9B9224AA 
 348      FEA1D92C 
 348      9952935F 
 349 07c2 A5D82CAF 		.ascii	"\245\330,\257YL\253\255\322\302\2307bb"
 349      594CABAD 
 349      D2C29837 
 349      6262
 350 07d0 25ABCD9C 		.ascii	"%\253\315\234\224\226`\221\354\216\204\004\313\232\230"
 350      94966091 
 350      EC8E8404 
 350      CB9A98
 351 07df 44412F53 		.ascii	"DA/S@\331j\263:\342\376\177\267\204W\314\211q8Z\232"
 351      40D96AB3 
 351      3AE2FE7F 
 351      B78457CC 
 351      8971385A 
 352 07f4 84AE2C4D 		.ascii	"\204\256,M\262~h\263$\374\321\352H\374\375\2325v\213"
 352      B27E68B3 
 352      24FCD1EA 
 352      48FCFD9A 
 352      35768B
 353 0807 6345E48B 		.ascii	"cE\344\213\336\206\363\227\313,\216x\207\311\221f\177"
 353      DE86F397 
 353      CB2C8E78 
 353      87C99166 
 353      7F
 354 0818 5F6F4E94 		.ascii	"_oN\224U\344`\233e\235\003\307!\262\234f\2659\026\311"
 354      55E4609B 
 354      659D03C7 
 354      21B29C66 
 354      B53916C9 
 355 082c 8E5F0504 		.ascii	"\216_\005\004<9Po\210\311&t\334f\221d\014\324\224\226"
 355      3C39506F 
 355      88C92674 
 355      DC669164 
 355      0CD49496 
 356 0840 E4901DEB 		.ascii	"\344\220\035\353\327Z\354\030r\260\012!\375$\204}\275"
 356      D75AEC18 
 356      72B00A21 
 356      FD24847D 
 356      BD
 357 0851 5D923155 		.ascii	"]\2221U\250\217vZ\213-\001}X\366?\244\311\013\350OU"
 357      A88F765A 
 357      8B2D017D 
 357      58F63FA4 
 357      C90BE84F 
 358 0866 A210A20E 		.ascii	"\242\020\242\016e\207Q\226\023-\246\265\362j\223\335"
 358      65875196 
 358      132DA6B5 
 358      F26A93DD 
 359 0876 22CB0675 		.ascii	"\"\313\006u\206l\262\214\257\326\244\331\314\262\034"
ARM GAS  /tmp/ccFtzDNJ.s 			page 28


 359      866CB28C 
 359      AFD6A4D9 
 359      CCB21C
 360 0885 F3D6E2C5 		.ascii	"\363\326\342\305\213u\336\231\306\234hJ\325\363d\274"
 360      8B75DE99 
 360      C69C684A 
 360      D5F364BC 
 361 0895 F986ECD0 		.ascii	"\371\206\354\320y\007\241\346\304\370\365\366\367l\030"
 361      7907A1E6 
 361      C4F8F5F6 
 361      F76C18
 362 08a4 D55F17FF 		.ascii	"\325_\027\377w\216\246:\002\334\303\210\321\265\320"
 362      778EA63A 
 362      02DCC388 
 362      D1B5D0
 363 08b3 B529A90E 		.ascii	"\265)\251\0169\215\241\374\274p\251\241]Z\372\356\312"
 363      398DA1FC 
 363      BC70A9A1 
 363      5D5AFAEE 
 363      CA
 364 08c4 B895EB50 		.ascii	"\270\225\353P\205\305\367\267\205\311\210\211\221`\221"
 364      85C5F7B7 
 364      85C98889 
 364      916091
 365 08d3 E5B797C6 		.ascii	"\345\267\227\306\377\346\017\357\2560\232\222\376nZ"
 365      FFE60FEF 
 365      AE309A92 
 365      FE6E5A
 366 08e2 6FC7BE4B 		.ascii	"o\307\276K\302\032\375\366gq`+Hq+\343W\304\373\375N"
 366      C21AFDF6 
 366      6771602B 
 366      48712BE3 
 366      57C4FBFD 
 367 08f7 B65BED32 		.ascii	"\266[\3552\366<M+\313\300\357\320\363\020\026\005\215"
 367      F63C4D2B 
 367      CBC0EFD0 
 367      F3101605 
 367      8D
 368 0908 E13FE410 		.ascii	"\341?\344\020\037\370"
 368      1FF8
 369              		.text
 370              		.section	.gnu.lto_.symtab.30ee257fd79e6f36,"",%progbits
 371 0000 5F636F72 		.ascii	"_core_init\000"
 371      655F696E 
 371      697400
 372 000b 00       		.ascii	"\000"
 373 000c 00       		.ascii	"\000"
 374 000d 00       		.ascii	"\000"
 375 000e 00000000 		.ascii	"\000\000\000\000\000\000\000\000"
 375      00000000 
 376 0016 C2000000 		.ascii	"\302\000\000\000"
 377 001a 63685F6D 		.ascii	"ch_memcore\000"
 377      656D636F 
 377      726500
 378 0025 00       		.ascii	"\000"
 379 0026 00       		.ascii	"\000"
 380 0027 00       		.ascii	"\000"
ARM GAS  /tmp/ccFtzDNJ.s 			page 29


 381 0028 00000000 		.ascii	"\000\000\000\000\000\000\000\000"
 381      00000000 
 382 0030 E3000000 		.ascii	"\343\000\000\000"
 383 0034 6368436F 		.ascii	"chCoreAllocAlignedWithOffsetI\000"
 383      7265416C 
 383      6C6F6341 
 383      6C69676E 
 383      65645769 
 384 0052 00       		.ascii	"\000"
 385 0053 00       		.ascii	"\000"
 386 0054 00       		.ascii	"\000"
 387 0055 00000000 		.ascii	"\000\000\000\000\000\000\000\000"
 387      00000000 
 388 005d C8000000 		.ascii	"\310\000\000\000"
 389 0061 6368436F 		.ascii	"chCoreAllocAlignedWithOffset\000"
 389      7265416C 
 389      6C6F6341 
 389      6C69676E 
 389      65645769 
 390 007e 00       		.ascii	"\000"
 391 007f 00       		.ascii	"\000"
 392 0080 00       		.ascii	"\000"
 393 0081 00000000 		.ascii	"\000\000\000\000\000\000\000\000"
 393      00000000 
 394 0089 CA000000 		.ascii	"\312\000\000\000"
 395 008d 6368436F 		.ascii	"chCoreGetStatusX\000"
 395      72654765 
 395      74537461 
 395      74757358 
 395      00
 396 009e 00       		.ascii	"\000"
 397 009f 00       		.ascii	"\000"
 398 00a0 00       		.ascii	"\000"
 399 00a1 00000000 		.ascii	"\000\000\000\000\000\000\000\000"
 399      00000000 
 400 00a9 CD000000 		.ascii	"\315\000\000\000"
 401 00ad 5F5F6865 		.ascii	"__heap_base__\000"
 401      61705F62 
 401      6173655F 
 401      5F00
 402 00bb 00       		.ascii	"\000"
 403 00bc 02       		.ascii	"\002"
 404 00bd 00       		.ascii	"\000"
 405 00be 00000000 		.ascii	"\000\000\000\000\000\000\000\000"
 405      00000000 
 406 00c6 E6000000 		.ascii	"\346\000\000\000"
 407 00ca 5F5F6865 		.ascii	"__heap_end__\000"
 407      61705F65 
 407      6E645F5F 
 407      00
 408 00d7 00       		.ascii	"\000"
 409 00d8 02       		.ascii	"\002"
 410 00d9 00       		.ascii	"\000"
 411 00da 00000000 		.ascii	"\000\000\000\000\000\000\000\000"
 411      00000000 
 412 00e2 E8000000 		.ascii	"\350\000\000\000"
 413              		.text
ARM GAS  /tmp/ccFtzDNJ.s 			page 30


 414              		.section	.gnu.lto_.opts,"",%progbits
 415 0000 272D666D 		.ascii	"'-fmath-errno' '-fsigned-zeros' '-ftrapping-math' '"
 415      6174682D 
 415      6572726E 
 415      6F272027 
 415      2D667369 
 416 0033 2D666E6F 		.ascii	"-fno-trapv' '-fno-openmp' '-fno-openacc' '-mcpu=cor"
 416      2D747261 
 416      70762720 
 416      272D666E 
 416      6F2D6F70 
 417 0066 7465782D 		.ascii	"tex-m7' '-mno-thumb-interwork' '-mthumb' '-O2' '-fo"
 417      6D372720 
 417      272D6D6E 
 417      6F2D7468 
 417      756D622D 
 418 0099 6D69742D 		.ascii	"mit-frame-pointer' '-falign-functions=16' '-ffuncti"
 418      6672616D 
 418      652D706F 
 418      696E7465 
 418      72272027 
 419 00cc 6F6E2D73 		.ascii	"on-sections' '-fdata-sections' '-fno-common' '-flto"
 419      65637469 
 419      6F6E7327 
 419      20272D66 
 419      64617461 
 420 00ff 2700     		.ascii	"'\000"
 421              		.text
 422              		.comm	__gnu_lto_v1,1,1
 423              		.comm	__gnu_lto_slim,1,1
 424              		.ident	"GCC: (GNU Tools for Arm Embedded Processors 7-2017-q4-major) 7.2.1 20170904 (release) [ARM
ARM GAS  /tmp/ccFtzDNJ.s 			page 31


DEFINED SYMBOLS
                            *ABS*:0000000000000000 chmemcore.c
                            *COM*:0000000000000001 __gnu_lto_v1
                            *COM*:0000000000000001 __gnu_lto_slim

NO UNDEFINED SYMBOLS
