ARM GAS  /tmp/ccbvZDD7.s 			page 1


   1              		.cpu cortex-m7
   2              		.eabi_attribute 20, 1
   3              		.eabi_attribute 21, 1
   4              		.eabi_attribute 23, 3
   5              		.eabi_attribute 24, 1
   6              		.eabi_attribute 25, 1
   7              		.eabi_attribute 26, 1
   8              		.eabi_attribute 30, 2
   9              		.eabi_attribute 34, 1
  10              		.eabi_attribute 18, 4
  11              		.file	"chvt.c"
  12              		.section	.gnu.lto_.profile.824102bfb0a47c80,"",%progbits
  13 0000 789C6363 		.ascii	"x\234cc```\001bF\006u\025\000\000\352\000W"
  13      60606001 
  13      62460675 
  13      150000EA 
  13      0057
  14              		.text
  15              		.section	.gnu.lto_.icf.824102bfb0a47c80,"",%progbits
  16 0000 789C6363 		.ascii	"x\234cc``\020a@\000f\206)\333gNdg\232tv\346A>\346\246"
  16      60601061 
  16      40006686 
  16      29DB674E 
  16      64679A74 
  17 001a 699F7AD8 		.ascii	"i\237z\330\030\000U3\010\002"
  17      18005533 
  17      0802
  18              		.text
  19              		.section	.gnu.lto_.jmpfuncs.824102bfb0a47c80,"",%progbits
  20 0000 789C6363 		.ascii	"x\234cc``Pa@\000f fba\004\002\376\3729\314\014@\314"
  20      60605061 
  20      40006620 
  20      66626104 
  20      02FEFA39 
  21 0018 08C44C40 		.ascii	"\010\304L@\314\314\014\024\004\2111\000\000c\034\005"
  21      CCCC0C14 
  21      04893100 
  21      00631C05 
  22 0028 E9       		.ascii	"\351"
  23              		.text
  24              		.section	.gnu.lto_.inline.824102bfb0a47c80,"",%progbits
  25 0000 789C6363 		.ascii	"x\234cc``\310g@\000f\006\006v6F\006&\216\003v\014l\013"
  25      6060C867 
  25      40006606 
  25      06763646 
  25      06268E03 
  26 0018 E4994062 		.ascii	"\344\231@bL\014\242z@!\3713\275\254\014\334+\334\230"
  26      4C0CA27A 
  26      4021F933 
  26      BDAC0CDC 
  26      2BDC98
  27 002b 20EAF878 		.ascii	" \352\370x\031\231\031\024\030A:\004\200\244\003\230"
  27      19991914 
  27      18413A04 
  27      80A40398 
  28 003b ADC0C1B7 		.ascii	"\255\300\301\267!\227\201\343\203\036\023\003\343\013"
  28      219781E3 
ARM GAS  /tmp/ccbvZDD7.s 			page 2


  28      831E1303 
  28      E30B
  29 0049 76160809 		.ascii	"v\026\010\011\"8\300L\016\020!\000f\012\200\255\003"
  29      2238C04C 
  29      0E102100 
  29      660A80AD 
  29      03
  30 005a 00EAF60E 		.ascii	"\000\352\366\016-"
  30      2D
  31              		.text
  32              		.section	.gnu.lto_.pureconst.824102bfb0a47c80,"",%progbits
  33 0000 789C6363 		.ascii	"x\234cc```\007bf\006)&)f)\000\001\303\000d"
  33      60606007 
  33      62660629 
  33      26296629 
  33      0001C300 
  34              		.text
  35              		.section	.gnu.lto__vt_init.824102bfb0a47c80,"",%progbits
  36 0000 789C8D93 		.ascii	"x\234\215\223MK[A\024\206\317;\023o.)\272,\024\373\007"
  36      4D4B5B41 
  36      1486CF3B 
  36      136F2E29 
  36      BA2C14FB 
  37 0015 DC3808A2 		.ascii	"\3348\010\242?\240\340\037\360\027\330T0\320\022L\322"
  37      3FA0E01F 
  37      F017D854 
  37      30D0124C 
  37      D2
  38 0026 E22E5753 		.ascii	"\342.WSID\205R\032\013\022\352\245\2454\033\021?j{\333"
  38      49448552 
  38      1A0B12EA 
  38      A5A5341B 
  38      113F6A7B 
  39 003b AAB7E987 		.ascii	"\252\267\351\207\332\017\003n\272hW\025DB(\012n\214"
  39      DA0F036E 
  39      BA685715 
  39      4442280A 
  39      6E8C
  40 004d 687A66E2 		.ascii	"hzf\342\302Mo30\334\303y\357\234\363>\314\031\213\210"
  40      C24D6F33 
  40      30DCC379 
  40      EF9CF33E 
  40      CC198B88 
  41 0061 8625510F 		.ascii	"\206%Q\017\177\333yC\022\304\203\035\242Q[\000:plPZ"
  41      7FDB7943 
  41      12C4831D 
  41      A2515B00 
  41      3A706C50 
  42 0076 208D29F9 		.ascii	" \215)\371H\242\224\335\367D\307\013\207\227\377\270"
  42      48A294DD 
  42      F744C70B 
  42      8797FFB8 
  43 0086 76CD29FA 		.ascii	"v\315)\372(\360\361\031\336za\031\035\304\277\375^<"
  43      28F0F119 
  43      DE7A6119 
  43      1DC4BFFD 
  43      5E3C
ARM GAS  /tmp/ccbvZDD7.s 			page 3


  44 0098 CFB75AA1 		.ascii	"\317\267Z\241F\036+\260\010\034,\354\266\370\316y=\353"
  44      461E2BB0 
  44      081C2CEC 
  44      B6F8CE79 
  44      3DEB
  45 00aa F8D5A798 		.ascii	"\370\325\247\230\353\263\210r\254s\023\307\247\011)"
  45      EBB38872 
  45      AC7313C7 
  45      A70929
  46 00b9 7494F1A9 		.ascii	"t\224\361\251\202\261Z\366\254\034\321\307\270\324\314"
  46      82B15AF6 
  46      AC1CD1C7 
  46      B8D4CC
  47 00c8 78A91C9E 		.ascii	"x\251\034\236\224\005\011\350\312\236W\375\031N\237"
  47      940509E8 
  47      CA9E57FD 
  47      194E9F
  48 00d7 3936275C 		.ascii	"96'\\]\235s+\231\243\207m.\236\260\025\201U\266\372"
  48      5D9D732B 
  48      99A3876D 
  48      2E9EB015 
  48      8155B6FA 
  49 00eb 12D78DB0 		.ascii	"\022\327\215\260\272\371\353\324V\363\332\255{\265 "
  49      BAF9EBD4 
  49      56F3DAAD 
  49      7BB520
  50 00fa 255EC145 		.ascii	"%^\301E\336xe\265\366#3..\324DA\206\360\032*/\265Qx"
  50      DE7865B5 
  50      F623332E 
  50      2ED44441 
  50      86F01A2A 
  51 0112 50CDF47A 		.ascii	"P\315\364z\363\217^\025\241\233\275\275\334\254\270"
  51      F38F5E15 
  51      A19BBDBD 
  51      DCACB8
  52 0121 35BDDCC6 		.ascii	"5\275\334\306\265r,\257\263\334\202wP\334i\015\351\006"
  52      B5722CAF 
  52      B3DC8277 
  52      50DC690D 
  52      E906
  53 0133 F1F46211 		.ascii	"\361\364b\021\027\310\377\355\273\036\304\270\021\310"
  53      17C8FFED 
  53      BB1EC4B8 
  53      11C8
  54 0141 E86B46A1 		.ascii	"\350kF\241\031\3377\307X\012d\374\020\314\370\3210~"
  54      19DF37C7 
  54      580A64FC 
  54      10CCF8D1 
  54      307E
  55 0153 6A301E1F 		.ascii	"j0\036\037L\354E\232E\374\034\204\270\031\200haK#\232"
  55      4CEC459A 
  55      45FC1C84 
  55      B8198068 
  55      614B239A 
  56 0167 C1DB3688 		.ascii	"\301\3336\210\317k\247\207ROP\030\365\272\304\027\256"
  56      CF6BA787 
  56      524F5018 
ARM GAS  /tmp/ccbvZDD7.s 			page 4


  56      F5BAC417 
  56      AE
  57 0178 5A41E9F8 		.ascii	"ZA\351\370`\362\331\225f\335|\015r\363\355\262\033\377"
  57      60F2D995 
  57      66DD7C0D 
  57      72F3EDB2 
  57      1BFF
  58 018a 646936C2 		.ascii	"di6\302\352\375Q\343\306\306w\355&\244\335\354\0307"
  58      EAFD51E3 
  58      C6C677ED 
  58      26A4DDEC 
  58      1837
  59 019c 0B55EFA4 		.ascii	"\013U\357\244\265\341\206P\346\232\1770\346nL\231\273"
  59      B5E18650 
  59      E69A7F30 
  59      E66E4C99 
  59      BB
  60 01ad 376F28C7 		.ascii	"7o(\307#\310/\201\357\250[\015\305\357\014\252\201\333"
  60      23C82F81 
  60      EFA85B0D 
  60      C5EF0CAA 
  60      81DB
  61 01bf 8323EAC6 		.ascii	"\203#\352\306P\354f\254?u\367V,\256\242:\216'\273z{"
  61      50EC66AC 
  61      3F75F756 
  61      2CAEA23A 
  61      8E27BB7A 
  62 01d4 948A2755 		.ascii	"\224\212'U\"\245\222\211(g\357\245:\243\364\027\215"
  62      22A59289 
  62      2867EFA5 
  62      3AA3F417 
  62      8D
  63 01e5 943E80   		.ascii	"\224>\200"
  64              		.text
  65              		.section	.gnu.lto_chVTDoSetI.824102bfb0a47c80,"",%progbits
  66 0000 789C9D55 		.ascii	"x\234\235U\335O\\E\024\237s\347~,\273\302\222\246i\026"
  66      DD4F5C45 
  66      149F73E7 
  66      7E2CBBC2 
  66      92A66916 
  67 0014 420C0F12 		.ascii	"B\014\017\022\302\203\275ibl\214\276\030_x\360\311\376"
  67      C283BD69 
  67      626C8CBE 
  67      185F78F0 
  67      C9FE
  68 0026 0548698A 		.ascii	"\005Hi\212A!\260%\372\304-\333-\342GR\215\200\271\275"
  68      4121B025 
  68      FAC42DDB 
  68      2DE24752 
  68      8D80B9BD 
  69 003a 6D360552 		.ascii	"m6\005R\243\251\370\201(\210\355\026\012\005]\240\245"
  69      A3A9F881 
  69      2888ED16 
  69      0A055DA0 
  69      A5
  70 004b 58A07C54 		.ascii	"X\240|T\333.e\033\242\255%\324\200\005\317\231\271\260"
  70      DB2E651B 
ARM GAS  /tmp/ccbvZDD7.s 			page 5


  70      A2AD25D4 
  70      8005CF99 
  70      B9B0
  71 005d 7653A861 		.ascii	"vS\250a\222\335\23593\3477\277\337\371\230\325\031c"
  71      92DD9D39 
  71      33E737BF 
  71      DFF998D5 
  71      1963
  72 006f 2F7918DB 		.ascii	"/y\030\333\207\277\205\370\001\235\201rl\230\261\303"
  72      87BF85F8 
  72      019D8172 
  72      6C98B1C3 
  73 007f 1E055439 		.ascii	"\036\005T9\341rr\336\243*\274\275\2071\313\253M\373"
  73      E17272DE 
  73      A32ABCBD 
  73      8731CBAB 
  73      4DFB
  74 0091 98F59406 		.ascii	"\230\365\224\006@v\313\003\254F\341\252\0065\212\312"
  74      4076CB03 
  74      AC46E1AA 
  74      06358ACA 
  75 00a1 DCF101FF 		.ascii	"\334\361\001\377\204CO\335\\\247Rp\332\302\021mZ\325"
  75      84434FDD 
  75      5CA75270 
  75      DAC2116D 
  75      5AD5
  76 00b3 8F5AE180 		.ascii	"\217Z\341\200\303\031k\344\362\014|\013\005x\352\362"
  76      C3196BE4 
  76      F20C7C0B 
  76      0578EAF2 
  77 00c3 91AF1CFE 		.ascii	"\221\257\034\376>w8\200\212\313{C\366\315\014Z*\220"
  77      3E773880 
  77      8ACB7B43 
  77      F6CD0C5A 
  77      2A90
  78 00d5 8BCBD3B7 		.ascii	"\213\313\323\267\346\306\015\276\027\030\316\037|\371"
  78      E6C60DBE 
  78      1718CE1F 
  78      7CF9
  79 00e3 E7B49ADF 		.ascii	"\347\264\232\337jY\265Vt\254\205[\3178\234C\007p\004"
  79      6A59B556 
  79      74AC855B 
  79      CF389C43 
  79      077004
  80 00f6 84EF2007 		.ascii	"\204\357 \007\332!\207\241\211\301\367\220\217\307\373"
  80      DA2187A1 
  80      89C1F790 
  80      8FC7FB
  81 0105 D61E44FD 		.ascii	"\326\036D\375\022X\301\345\350\335\330\011\237\004\316"
  81      1258C1E5 
  81      E8DDD809 
  81      9F04CE
  82 0114 C465E89B 		.ascii	"\304e\350\233\205n/\177Q\000\317|~\374N\272\013\034"
  82      856E2F7F 
  82      5100CF7C 
  82      7EFC4EBA 
  82      0B1C
ARM GAS  /tmp/ccbvZDD7.s 			page 6


  83 0126 6BE4D64E 		.ascii	"k\344\326N\207\253\320%\201;\021\370\007\001\2542\370"
  83      87ABD025 
  83      813B11F8 
  83      0701AC32 
  83      F8
  84 0137 51001FFF 		.ascii	"Q\000\037\377\253\345\232\237\277,\\\333\037^jP\\\327"
  84      ABE59A9F 
  84      BF2C5CDB 
  84      1F5E6A50 
  84      5CD7
  85 0149 7E676773 		.ascii	"~ggs\310*t\270\006\335\251\2544\006?\011\3473\221\373"
  85      C82A74B8 
  85      06DDA9AC 
  85      34063F09 
  85      E73391FB 
  86 015d 27382F14 		.ascii	"'8/\024\316\223\321\226\223\353\367^h\025\202t8\233"
  86      CE93D196 
  86      93EBF75E 
  86      68158274 
  86      389B
  87 016f EA8A2939 		.ascii	"\352\212)9\007\371t~~`)\356\341\257\012\337\272\301"
  87      07F9747E 
  87      7E6029EE 
  87      E1AF0ADF 
  87      BAC1
  88 0181 63CBFEBC 		.ascii	"c\313\376\274f\341{\325\311\376(d}f\251\304;\372(o\032"
  88      66E17BD5 
  88      C9FE2864 
  88      7D66A9C4 
  88      3BFA286F 
  89 0196 783C16AD 		.ascii	"x<\026\255o\363\362\327\204\353JSg\\u]\207\235\300\251"
  89      6FF3F2D7 
  89      84EB4A53 
  89      675C755D 
  89      879DC0A9 
  90 01aa 903540AE 		.ascii	"\2205@\256\230\260G\257v]o|\275\332\220\256\253\320"
  90      98B047AF 
  90      765D6F7C 
  90      BDDA90AE 
  90      ABD0
  91 01bc 0B79701E 		.ascii	"\013yp\036\362\"\353)\204\013T-\214)\353;m\243Z\324"
  91      F222EB29 
  91      840B542D 
  91      8C29EB3B 
  91      6DA35AD4 
  92 01d0 5A5DABC3 		.ascii	"Z]\253\303H\344\314,\376\263#\033\030m)\2146UTbh\302"
  92      48E4CC2C 
  92      FEB3231B 
  92      186D298C 
  92      36555462 
  93 01e6 A053960C 		.ascii	"\240S\226\014a\365\2205\215\276\274@i\363\001iM\007"
  93      61F59035 
  93      8DBEBC40 
  93      69F30169 
  93      4D07
  94 01f8 0A961F28 		.ascii	"\012\226\037(\336\231\302% Ng\2119c\357\342\365\323"
  94      DE99C225 
ARM GAS  /tmp/ccbvZDD7.s 			page 7


  94      204E6789 
  94      3963EFE2 
  94      F5D3
  95 020a 3E2BCAEA 		.ascii	">+\312\352\271\202\223P\224\335\201Z;1\0222\210\023"
  95      B9829350 
  95      94DD815A 
  95      3B311232 
  95      8813
  96 021c 526E0CF7 		.ascii	"Rn\014\367\214\030\224k.\004w\367\014\365\353\0218y"
  96      8C18946B 
  96      2E0477F7 
  96      0CF5EB11 
  96      3879
  97 022e 182B3192 		.ascii	"\030+1\222\355p\217\315\275\320G\012q\363\213\263\213"
  97      ED708FCD 
  97      BDD0470A 
  97      71F38BB3 
  97      8B
  98 023f 4B9A7986 		.ascii	"K\232y\206\2524\227\342\337\017\021h\020%\012\027\301"
  98      AA3497E2 
  98      DF0F1168 
  98      10250A17 
  98      C1
  99 0250 B4B94F82 		.ascii	"\264\271O\202O4\257\203o\2116V71\353\333@\323`@\240"
  99      4F34AF83 
  99      6F893656 
  99      3731EBDB 
  99      40D36040 
 100 0265 01A10D12 		.ascii	"\001\241\015\022Z:\233\203\332\310\375\206,\002#M6\367"
 100      5A3A9B83 
 100      DAC8FD86 
 100      2C02234D 
 100      36F7
 101 0277 D3055D89 		.ascii	"\323\005]\211s\255@6\233g\376W@\232\020\320\331\271"
 101      73AD4036 
 101      9B67FE57 
 101      409A10D0 
 101      D9B9
 102 0289 3065D43C 		.ascii	"0e\324<\264<h\210\020\032U^\350\336\307\031H\003\034"
 102      B43C6888 
 102      101A555E 
 102      E8DEC719 
 102      48031C
 103 029c BCFE17A8 		.ascii	"\274\376\027\250\201\237]\012\035\027\247W<\222B\344"
 103      819F5D0A 
 103      1D17A757 
 103      3C9242E4 
 104 02ac 80C37D10 		.ascii	"\200\303}\020\023\034\024\231\315\345\361PXqwO\001E"
 104      131C1499 
 104      CDE5F150 
 104      5871774F 
 104      0145
 105 02be 6808CC06 		.ascii	"h\010\314\006.\022:\014\246\240\267K\220\353%r\231h"
 105      2E123A0C 
 105      A6A0B74B 
 105      90EB2572 
 105      9968
ARM GAS  /tmp/ccbvZDD7.s 			page 8


 106 02d0 AFC75D6C 		.ascii	"\257\307]l|\021\346\320\247G?\234*\223D\0036Wll\013"
 106      7C11E6D0 
 106      A7473F9C 
 106      2A934403 
 106      36576C6C 
 107 02e5 74C94DCA 		.ascii	"t\311M\312\011H9\223qWNVj\310\336`\"f\260I\3148\214"
 107      09483993 
 107      71574E56 
 107      6AC8DE60 
 107      2266B049 
 108 02fc 08BEF496 		.ascii	"\010\276\364\226\300%\227\321\323IFY\202\221\312\360"
 108      C02597D1 
 108      D3494659 
 108      8291CAF0 
 109 030c ED414673 		.ascii	"\355AFs \313\013\251\310\2718\003\222C,\256K\016j\012"
 109      20CB0BA9 
 109      C8B93803 
 109      92432CAE 
 109      4B0E6A0A 
 110 0320 87DC2D19 		.ascii	"\207\334-\031\250pY0\320\210\301(2\210\303\221\211\336"
 110      A8705930 
 110      D088C128 
 110      3288C391 
 110      89DE
 111 0332 98AB4748 		.ascii	"\230\253GH\306\261\004\200\341Q\226\333\012\220\023"
 111      C6B10480 
 111      E15196DB 
 111      0A9013
 112 0341 EFEA7861 		.ascii	"\357\352xa\011p\313\257\330m\203\270\021\340v\307$ "
 112      0970CBAF 
 112      D86D83B8 
 112      11E076C7 
 112      2420
 113 0353 516DA340 		.ascii	"Qm\243@\033\0233\255\333\250!\016W\222\361\030\243\032"
 113      1B1333AD 
 113      DBA8210E 
 113      5792F118 
 113      A31A
 114 0365 D2A4BAD9 		.ascii	"\322\244\272\331p\206d\224\012(\325i\233\342\375*\360"
 114      70866494 
 114      0A28D569 
 114      9BE2FD2A 
 114      F0
 115 0376 74C2BB8A 		.ascii	"t\302\273\212\352\020l\354\275I\276\035f\343I\244\011"
 115      EA106CEC 
 115      BD49BE1D 
 115      66E349A4 
 115      09
 116 0387 62A6CB5E 		.ascii	"b\246\313^\271\036\367>\016\255R&^\337\024n2)\364\032"
 116      B91EF73E 
 116      0EAD5226 
 116      5EDF146E 
 116      3229F41A 
 117 039b C17925DC 		.ascii	"\301y%\334\274Lc*\334\216'\310\234J\222\233\336@kL$"
 117      BC4C632A 
 117      DC8E27C8 
 117      9C4A929B 
ARM GAS  /tmp/ccbvZDD7.s 			page 9


 117      DE406B4C 
 118 03b0 FAB69104 		.ascii	"\372\266\221\004\025f\222%1Kh\206L\302B\330\220I\360"
 118      15669225 
 118      314B6886 
 118      4CC242D8 
 118      9049F0
 119 03c3 FCAF243C 		.ascii	"\374\257$<KP\327\223P\277\211\370cS\271\305\225f\223"
 119      4B50D793 
 119      50BF89F8 
 119      6353B9C5 
 119      956693
 120 03d6 97217302 		.ascii	"\227!s\002\217\341\271\005\354\357I\330\033\3040\215"
 120      8FE1B905 
 120      ECEF49D8 
 120      1BC4308D 
 121 03e6 5016E7FF 		.ascii	"P\026\347\377\336H\306\023_\221\233\233\274\"\273\350"
 121      DE48C613 
 121      5F919B9B 
 121      BC22BBE8 
 122 03f6 15B9B5D9 		.ascii	"\025\271\265\331+RI\227\307\351\0211\350\35690\361@"
 122      2B524997 
 122      C7E91131 
 122      E8EE3930 
 122      F140
 123 0408 EBF2CA5D 		.ascii	"\353\362\312]\361\257n\300\332\032\207\333\210\372\007"
 123      F1AF6EC0 
 123      DA1A87DB 
 123      88FA07
 124 0417 F6F1ED26 		.ascii	"\366\361\355&!J\366\217\206-\250\342\257\201M\245\322"
 124      214AF68F 
 124      862DA8E2 
 124      AF814DA5 
 124      D2
 125 0428 AB0ED82B 		.ascii	"\253\016\330+x\301s\346\301\3627K\314\242\262\222\267"
 125      78C173E6 
 125      C1F2374B 
 125      CCA2B292 
 125      B7
 126 0439 CD570E96 		.ascii	"\315W\016\226\276^\272/xh\177i\271YL\363\362\252={\237"
 126      BE5EBA2F 
 126      78687F69 
 126      B9594CF3 
 126      F2AA3D7B 
 127 044e 37CDF22A 		.ascii	"7\315\362*\2632hVU\026\243\265:\270\273\230\361\352"
 127      B3326856 
 127      5516A3B5 
 127      3AB8BB98 
 127      F1EA
 128 0460 6085B6BF 		.ascii	"`\205\266\277\244\254\350\035\275:x\340\320[\305\274"
 128      A4ACE81D 
 128      BD3A78E0 
 128      D05BC5BC 
 129 0470 A2A8920C 		.ascii	"\242\250\222\014\301\"\250\370\027\276\004\303\030"
 129      C122A8F8 
 129      17BE04C3 
 129      18
 130              		.text
ARM GAS  /tmp/ccbvZDD7.s 			page 10


 131              		.section	.gnu.lto_chVTDoResetI.824102bfb0a47c80,"",%progbits
 132 0000 789C9594 		.ascii	"x\234\225\224\337K\024Q\024\307\357w\316\354\314f\264"
 132      DF4B1451 
 132      14C7EF77 
 132      CEECCC66 
 132      B4
 133 0011 8F11E583 		.ascii	"\217\021\345\203\017\201\010\325%\210\004_\373\017\352"
 133      0F8108D5 
 133      2588045F 
 133      FB0FEA
 134 0020 2F281314 		.ascii	"/(\023\024\212\215u\223\350\305\321\315\037Y\017\021"
 134      8A8D7593 
 134      E8C5D1CD 
 134      1F590F11 
 135 0030 ED0632D4 		.ascii	"\355\0062\324<\264l=\330\0172k\315j\332J\263\374\221"
 135      3CB46C3D 
 135      D80F326B 
 135      CD6ADA4A 
 135      B3FC91
 136 0043 2618243D 		.ascii	"&\030$=\244\330\017\242\022\202@\311\355\334;n\033\261"
 136      A4D80FA2 
 136      128240C9 
 136      EDDC3B6E 
 136      1BB1
 137 0055 860ECC9D 		.ascii	"\206\016\314\235s\357\231\3739\337s\356\017K\010q\322"
 137      73EF99FB 
 137      39DF73EE 
 137      0F4B0871 
 137      D2
 138 0066 14A286BF 		.ascii	"\024\242\206\277\333\370\005\011\030\347\306\204h\011"
 138      DBF80509 
 138      18E7C684 
 138      6809
 139 0074 1B80329C 		.ascii	"\033\2002\2340D\263\201f\234\245\013\204\\\307|\326"
 139      3044B381 
 139      669CA50B 
 139      845CC77C 
 139      D6
 140 0085 A8CA38FC 		.ascii	"\250\3128\374\370\027S\221v\247m\213KB\244\370U\017"
 140      F8175391 
 140      76A76D8B 
 140      4B42A4F8 
 140      550F
 141 0097 6EA38AFF 		.ascii	"n\243\212\377\2328u\323\2453\344\022`rwa\264{6\242\272"
 141      9A3875D3 
 141      A533E412 
 141      60727761 
 141      B47B36A2 
 142 00ac 062AB89B 		.ascii	"\006*\270\233\231\233\237\266\251\032\202\355\237\327"
 142      999B9FB6 
 142      A91A82ED 
 142      9FD7
 143 00ba BFCD9895 		.ascii	"\277\315\230\225i\307iu\374\271+\344lw\211\320\007b"
 143      69C76975 
 143      FCB92BE4 
 143      6C7789D0 
 143      0762
ARM GAS  /tmp/ccbvZDD7.s 			page 11


 144 00cc 20EEA01C 		.ascii	" \356\240\034\275(\027<$p\027\225\352\377\367\267\226"
 144      BD28173C 
 144      24701795 
 144      EAFFF7B7 
 144      96
 145 00dd 939B2CD3 		.ascii	"\223\233,\323+\304\304=X\002l\334\230\014\371\316r\276"
 145      2BC4C43D 
 145      58026CDC 
 145      980CF9CE 
 145      72BE
 146 00ef C3F147D2 		.ascii	"\303\361G\322x\275?b\250i\304\215i\252&\244\032K\215"
 146      78BD3F62 
 146      A869C48D 
 146      69AA26A4 
 146      1A4B8D
 147 0102 D9AA0943 		.ascii	"\331\252\011C\003E'38I\307\027\247\311PV\302\027\237"
 147      03452733 
 147      3849C717 
 147      A7C95056 
 147      C2179F
 148 0115 D1DAFFC9 		.ascii	"\321\332\377\311\035\202Bw\223\301ASm\271q[\351'\255"
 148      1D824277 
 148      93C14153 
 148      6DB9715B 
 148      E927AD
 149 0128 7920373A 		.ascii	"y 7:hy\270\324\302E\250p)\324\315\270,\353T\276\251"
 149      6879B8D4 
 149      C245A870 
 149      29D4CDB8 
 149      2CEB54BE 
 150 013d 8E37EF36 		.ascii	"\2167\3576\312\036'p\021\372\341!\251\213\203\373\220"
 150      CA1E2770 
 150      11FAE121 
 150      A98B83FB 
 150      90
 151 014e 9A3DBC23 		.ascii	"\232=\274# SI\224\361\017j\247K\026\0064E\245\211\007"
 151      20534994 
 151      F10F6AA7 
 151      4B160634 
 151      45A58907 
 152 0162 054A4D40 		.ascii	"\005JM@1\327%\310\302\303\"\352\221F%R\355\303\241\200"
 152      31D725C8 
 152      C2C322EA 
 152      91462552 
 152      EDC3A180 
 153 0176 C5138989 		.ascii	"\305\023\211\211\212?\325\245\363_\273D\277\310}\014"
 153      8A3FD5A5 
 153      F35FBB44 
 153      BFC87D0C 
 154 0186 C9ACA08E 		.ascii	"\311\254\240\216\227\013u,\215Z\275p9\3153\024\357I"
 154      970B752C 
 154      8D5ABD70 
 154      39CD3314 
 154      EF49
 155 0198 90F25457 		.ascii	"\220\362TW6TB\223\027\023\032e\255\212zZ\\\203gJ\232"
 155      36544293 
 155      17131A65 
ARM GAS  /tmp/ccbvZDD7.s 			page 12


 155      AD8A7A5A 
 155      5C83674A 
 156 01ad 1148BB5A 		.ascii	"\021H\273Z\220f\257S\332`\2217\264&i\366\252\250\347"
 156      9066AF53 
 156      DA609137 
 156      B42669F6 
 156      AAA8E7
 157 01c0 C52C8795 		.ascii	"\305,\207\2254K\321~|\274\226\261K\341\266\376W\230"
 157      344BD17E 
 157      7CBC96B1 
 157      4BE1B6FE 
 157      5798
 158 01d2 8D179AA6 		.ascii	"\215\027\232\246\217\305K\310\2777\256\015\201\021\236"
 158      8FC54BC8 
 158      BF37AE0D 
 158      81119E
 159 01e1 A5E93D1F 		.ascii	"\245\351=\037\312V\350\177\374a\275\261\263\331/o\355"
 159      CA56E87F 
 159      FC61BDB1 
 159      B3D92F6F 
 159      ED
 160 01f2 E65F4E98 		.ascii	"\346_N\230\007<\265\226<\326\233X8\037a\001pi\003\306"
 160      073CB596 
 160      3CD69B58 
 160      381F6101 
 160      706903C6 
 161 0206 F81A185D 		.ascii	"\370\032\030]\011\33674\263\024\016\202{\233]*\303\270"
 161      09DE3734 
 161      B3140E82 
 161      7B9B5D2A 
 161      C3B8
 162 0218 8ECE7789 		.ascii	"\216\316w\211\362.N'\332\214\025oL\355\217W\220I\336"
 162      F22E4E27 
 162      DA8C156F 
 162      4CED8F57 
 162      9049DE
 163 022b 142C6D42 		.ascii	"\024,mBKK/.}\327W\204\211|\2360\311\324\257h\3652i\275"
 163      4B4B2F2E 
 163      7DD75784 
 163      897C9E30 
 163      C9D4AF68 
 164 0243 28FA32E9 		.ascii	"(\3722\351d\011|$\271:{d}\364h\235<x\244\356\204\334"
 164      64097C24 
 164      B93A7B64 
 164      7DF4689D 
 164      3C78A4EE 
 165 0259 57DF70A8 		.ascii	"W\337p\250\341@\374\370\341\206\250\254Uv\264qw\365"
 165      E140FCF8 
 165      E186A8AC 
 165      5576B471 
 165      77F5
 166 026b 5E29A38D 		.ascii	"^)\243\2152\026\227\215\261Z\036m\212\357\252\025\324"
 166      3216978D 
 166      B15A1E6D 
 166      8AEFAA15 
 166      D4
 167 027c 143FF61B 		.ascii	"\024?\366\033\213\264\203\015"
ARM GAS  /tmp/ccbvZDD7.s 			page 13


 167      8BB4830D 
 168              		.text
 169              		.section	.gnu.lto_.symbol_nodes.824102bfb0a47c80,"",%progbits
 170 0000 789C6363 		.ascii	"x\234cc``p\000b\006\246\237\214\365\014\014\023\316"
 170      60607000 
 170      6206A69F 
 170      8CF50C0C 
 170      13CE
 171 0012 313000A9 		.ascii	"10\000\251]\015\216\014\014\254\177\030\031\024@2\277"
 171      5D0D8E0C 
 171      0CAC7F18 
 171      19144032 
 171      BF
 172 0023 18EB1951 		.ascii	"\030\353\031Qd\230~3\3263\241\2100\000\000\025\033\017"
 172      64987E33 
 172      D633A188 
 172      30000015 
 172      1B0F
 173 0035 E8       		.ascii	"\350"
 174              		.text
 175              		.section	.gnu.lto_.refs.824102bfb0a47c80,"",%progbits
 176 0000 789C1587 		.ascii	"x\234\025\207\261\021\000 \014\204\340\315\245q\004"
 176      B1110020 
 176      0C84E0CD 
 176      A57104
 177 000f 3BF71F52 		.ascii	";\367\037RS\000G\003\367\323\250q\224\351\322J\260\364"
 177      53004703 
 177      F7D3A871 
 177      94E9D24A 
 177      B0F4
 178 0021 CC6C1E0A 		.ascii	"\314l\036\012\300\000\201"
 178      C00081
 179              		.text
 180              		.section	.gnu.lto_.decls.824102bfb0a47c80,"",%progbits
 181 0000 789CB53A 		.ascii	"x\234\265:[P\024Y\226u\363\326\213\242\000\027\335\016"
 181      5B501459 
 181      9675F3D6 
 181      8BA20017 
 181      DD0E
 182 0012 2396DD30 		.ascii	"#\226\3350:\252\273+vl\321\356\036\333\336\355\230\235"
 182      3AAABB2B 
 182      766CD1EE 
 182      1EDBDEED 
 182      989D
 183 0024 0D276276 		.ascii	"\015'bvfc\346\243gw\243#&\266k\020K\245\207\327\026"
 183      6663E6A3 
 183      6777A323 
 183      26B66B10 
 183      4BA587D7 
 184 0039 89DAB11F 		.ascii	"\211\332\261\037\223\274T|\001\212(\210-\">\020PT|!"
 184      93BC547C 
 184      018A2888 
 184      2D223E10 
 184      50547C21 
 185 004d 2AA222A2 		.ascii	"*\242\"\242 \212\"\210<E\004\224\207\240(\210\260\347"
 185      208A2288 
 185      3C450494 
ARM GAS  /tmp/ccbvZDD7.s 			page 14


 185      87A02888 
 185      B0E7
 186 005f 3EAA32AB 		.ascii	">\2522\253\310R\243'\266\340T\346\271y\356y\335s\317"
 186      C852A327 
 186      B6E054E6 
 186      B979EE79 
 186      DD73CF
 187 0072 BDF764E9 		.ascii	"\275\367d\3515\032M\372\\\215&R\257\321\244\"\215f\012"
 187      351A4DFA 
 187      5C8D2652 
 187      AFD1A422 
 187      8D660A
 188 0085 3E5A68BB 		.ascii	">Zh\273\010@\256\367\001np\334\246a\037\014\360\020"
 188      0840AEF7 
 188      016E70DC 
 188      A6611F0C 
 188      F010
 189 0097 A00F6000 		.ascii	"\240\017`\000\000\272i&\221\306\355s\025p\037\270\376"
 189      00BA6926 
 189      91C6ED73 
 189      15701FB8 
 189      FE
 190 00a8 09600AEE 		.ascii	"\011`\012\356\337\000\334C\214\237F`<?\006\250\2056"
 190      DF00DC43 
 190      8C9F4660 
 190      3C3F06A8 
 190      8536
 191 00ba 1D5C5FC0 		.ascii	"\035\\_\300\365&@\035\300\035\200\333\210\361}\350\205"
 191      F526401D 
 191      C01D80DB 
 191      88F17DE8 
 191      85
 192 00cb FF5DC0CD 		.ascii	"\377]\300\315\234\177 \300,\025]\011\377\273\036\362"
 192      9C7F20C0 
 192      2C155D09 
 192      FFBB1EF2 
 193 00db 8D803700 		.ascii	"\215\2007\0004*d6\303}+@\223\206\311F\3346PS\343#L\227"
 193      342A6436 
 193      C37D2B40 
 193      9386C946 
 193      DC365053 
 194 00f3 DD02B8AF 		.ascii	"\335\002\270\257\212l\247<\247\016J\271\340^79N\371"
 194      8A6CA73C 
 194      A70E4AB9 
 194      E05E3739 
 194      4EF9
 195 0105 4E79035C 		.ascii	"Ny\003\\\336\014\025y\351\030\335J,\316\306\0330\012"
 195      DE0C1579 
 195      E918DD4A 
 195      2CCEC61B 
 195      300A
 196 0117 34212DA0 		.ascii	"4!-\240\317j\262\036\372\003:\313\204\346\000z{\350"
 196      CF6AB21E 
 196      FA033ACB 
 196      84E6007A 
 196      7BE8
 197 0129 C62E5FF6 		.ascii	"\306._\366t\006\240Yg\237W\353\030j\004\264\243\260"
ARM GAS  /tmp/ccbvZDD7.s 			page 15


 197      7406A059 
 197      679F57EB 
 197      186A04B4 
 197      A3B0
 198 013b 22598F05 		.ascii	"\"Y\217\005D\370\2146\307\265j\261\201\336\327]\354"
 198      44F88C36 
 198      C7B56AB1 
 198      81DED75D 
 198      EC
 199 014c A935CF2B 		.ascii	"\2515\317+\224\330\307\370\277\032t\032a\247\300\303"
 199      94D8C7F8 
 199      BF1A741A 
 199      61A7C0C3 
 200 015c 85AF8B4D 		.ascii	"\205\257\213MZP\006\331\314(RK\232\256L\275,\017`l\005"
 200      5A5006D9 
 200      CC28524B 
 200      9AAE4CBD 
 200      2C0F606C 
 201 0171 85D0594C 		.ascii	"\205\320YLhN\326\206b\277\331\031\204Uj\2024C@\177\372"
 201      684ED686 
 201      62BFD919 
 201      84556A82 
 201      3443407F 
 202 0186 0095A120 		.ascii	"\000\225\241 t\026\005\001\223sh6|\227\"-\343\236\023"
 202      74160501 
 202      93736836 
 202      7C97222D 
 202      E39E13
 203 0199 B7A15E67 		.ascii	"\267\241^g^/I\361RN\202\344\363o\3449*\001\352\343\224"
 203      5E2F49F1 
 203      524E82E4 
 203      F36FE439 
 203      2A01EAE3 
 204 01ae FA3C32A3 		.ascii	"\372<2\2433h\036\243=x*\275\300\027\377\212\250,\224"
 204      33681EA3 
 204      3D782ABD 
 204      C017FF8A 
 204      A82C94
 205 01c1 8C25B60A 		.ascii	"\214%\266\012\310j\336O\304\224\017f\316\337Y'Is\320"
 205      C86ADE4F 
 205      C4940F66 
 205      CEDF5927 
 205      4973D0
 206 01d4 45A0BF80 		.ascii	"E\240\277\2000\357C\272\303\305\013wT\216\254\356\002"
 206      30EF43BA 
 206      C3C50B77 
 206      548EACEE 
 206      02
 207 01e5 7AAA461F 		.ascii	"z\252F\037\031\361FD\235\262o\374\365\020q\364\307&"
 207      19F14644 
 207      9DB26FFC 
 207      F51071F4 
 207      C726
 208 01f7 343585A1 		.ascii	"45\205\241\341\310\3233c~\254\201<\277p\375\332~3\336"
 208      E1C8D333 
 208      637EAC81 
 208      3CBF70FD 
ARM GAS  /tmp/ccbvZDD7.s 			page 16


 208      DA7E33DE 
 209 020b 428985C3 		.ascii	"B\211\205\303Y\023\023\001\310d]GD\201\325:\253\306"
 209      59131301 
 209      C8645D47 
 209      4481D53A 
 209      ABC6
 210 021d 6533BA0A 		.ascii	"e3\272\012r\240\023\021\203.C\343%h\344z\027|\274}\255"
 210      72A01311 
 210      832E43E3 
 210      2568E47A 
 210      177CBC7D 
 211 0232 2409A812 		.ascii	"$\011\250\022\231\320\025Y\357\217ML\241\363i\315\335"
 211      99D01559 
 211      EF8F4D4C 
 211      A1F369CD 
 211      DD
 212 0243 26DCC864 		.ascii	"&\334\310d\304\327m\033\361*\243\332\253\214\233e\237"
 212      C4D76D1B 
 212      F12AA3DA 
 212      AB8C9B65 
 212      9F
 213 0254 5D4E2232 		.ascii	"]N\"2\256\201\214*Y\006\210dBRN4O\004\3404\032\026\302"
 213      AE818C2A 
 213      59068864 
 213      42524E34 
 213      4F04E034 
 214 026b C9E20B6F 		.ascii	"\311\342\013oL\336\204\324x7$\363\213\375T\310\015\020"
 214      4CDE84D4 
 214      783724F3 
 214      8BFD54C8 
 214      0D10
 215 027d 725D1672 		.ascii	"r]\026r\315)$\247\242\343S\274\223\205^\352\203\261"
 215      CD2924A7 
 215      A2E353BC 
 215      93855EEA 
 215      83B1
 216 028f 325F9CC3 		.ascii	"2_\234\303\220\362\222\322\343f\274\217!\317&v\235\362"
 216      90F292D2 
 216      E366BC8F 
 216      21CF2676 
 216      9DF2
 217 02a1 6181350B 		.ascii	"a\2015\013\3207m\251\251\006\026X9\010\360\242\234\221"
 217      D0376DA9 
 217      A9061658 
 217      3908F0A2 
 217      9C91
 218 02b3 5D189FE4 		.ascii	"]\030\237\344\035_\237n6\343R\212\230\256vf\355\361"
 218      1D5F9F6E 
 218      36E3528A 
 218      98AE7666 
 218      EDF1
 219 02c5 41332D56 		.ascii	"A3-V\213\305l\261\316\264\244\321\350\003\2008C\267"
 219      8BC56CB1 
 219      CEB4A4D1 
 219      E8038038 
 219      43B7
 220 02d7 41D55B44 		.ascii	"A\325[D\377{\240\177\013\232I\224C\017\340\276\031Y"
ARM GAS  /tmp/ccbvZDD7.s 			page 17


 220      FF7BA07F 
 220      0B9A4994 
 220      430FE0BE 
 220      1959
 221 02e9 5013402B 		.ascii	"P\023@+@#@\003\262\320\250\317%\306\227\337k\232\333"
 221      40234003 
 221      B2D0A8CF 
 221      25C697DF 
 221      6B9ADB
 222 02fc F4BC4792 		.ascii	"\364\274G\222\266\230I\344\327\203Q\244\257+zN\320\000"
 222      B69849E4 
 222      D78351A4 
 222      AF2B7A4E 
 222      D000
 223 030e 5D005F2E 		.ascii	"]\000_.\037X\262\267\304A\020\336\005\262;\262\017\240"
 223      1F58B2B7 
 223      C44110DE 
 223      05B23BB2 
 223      0FA0
 224 0320 9782A7A5 		.ascii	"\227\202\247\245i\230\361$\241z\312\223\351I\312\264"
 224      6998F124 
 224      A17ACA93 
 224      E949CAB4 
 225 0330 847CF31E 		.ascii	"\204|\363\036\223\215\263\366&HU\363\321}\240\257\365"
 225      938DB3F6 
 225      264855F3 
 225      D17DA0AF 
 225      F5
 226 0341 A40F96C9 		.ascii	"\244\017\226\311\025Q~WA\242!\035e\243\206\277\315\222"
 226      15517E57 
 226      41A2211D 
 226      65A386BF 
 226      CD92
 227 0353 CA1331E5 		.ascii	"\312\0231\345vS\225\233\302\242\201\306\031q\340Bj\001"
 227      7653959B 
 227      C2A281C6 
 227      1971E042 
 227      6A01
 228 0365 B7867CD4 		.ascii	"\267\206|\324\235[\307\271\275\237s+\233\002\267&H\007"
 228      9D5BC7B9 
 228      BD9F732B 
 228      9B02B726 
 228      4807
 229 0377 E7D380A9 		.ascii	"\347\323\200\251\340]]\201vR\366-\321\024F\273\364\342"
 229      E05D5D81 
 229      7652F62D 
 229      D11446BB 
 229      F4E2
 230 0389 B90BBE6D 		.ascii	"\271\013\276m@E\022\321\014\312\010!\366\015W\002\024"
 230      404512D1 
 230      0CCA0821 
 230      F60D5702 
 230      14
 231 039a 9F727E10 		.ascii	"\237r~\020k\207V\201]8)A\234]\220\253E\340<\004'_\372"
 231      6B875681 
 231      5D382941 
 231      9C5D90AB 
ARM GAS  /tmp/ccbvZDD7.s 			page 18


 231      45E03C04 
 232 03b1 CF192025 		.ascii	"\317\031 %W\366\234\211s~\330\302\304n\024\375X\223"
 232      57F69C89 
 232      737ED8C2 
 232      C46E14FD 
 232      5893
 233 03c3 200B5374 		.ascii	" \013St\231\246\253\306\365\330\245\224l$\342\251\270"
 233      99A6ABC6 
 233      F5D8A594 
 233      6C24E2A9 
 233      B8
 234 03d4 E0F2DA1A 		.ascii	"\340\362\332\032S;xT\203\276\205E\332\030A'\302\232"
 234      533B7854 
 234      83BE8545 
 234      DA184127 
 234      C29A
 235 03e6 BD9DE3FE 		.ascii	"\275\235\343\3768\011S\244p\343T\272\316k\362\355\244"
 235      380953A4 
 235      70E354BA 
 235      CE6BF2ED 
 235      A4
 236 03f7 C93792E7 		.ascii	"\3117\222\347\336\312\361\334\"\337\017s\244\234v\251"
 236      DECAF1DC 
 236      22DF0F73 
 236      A49C76A9 
 237 0407 FC65EF17 		.ascii	"\374e\357\027\217K$\011\346\260\244%d\250C\016\340\016"
 237      8F4B2409 
 237      E6B0A425 
 237      64A8430E 
 237      E00E
 238 0419 B218A076 		.ascii	"\262\030\240v\370Cm\360\247A\017\321\207\320\275\370"
 238      F8436DF0 
 238      A7410FD1 
 238      87D0BDF8 
 239 0429 5CE24D03 		.ascii	"\\\342M\003\276\304\344\252\254\022\205;\213{\375i\023"
 239      BEC4E4AA 
 239      AC12853B 
 239      8B7BFD69 
 239      13
 240 043a 09F54788 		.ascii	"\011\365G\2106\346'\266\347\372\321F2\360\335\254\261"
 240      36E627B6 
 240      E7FAD146 
 240      32F0DDAC 
 240      B1
 241 044b E3FA937C 		.ascii	"\343\372\223|_\332H\302\3621k<V\234\260\322\253!\275"
 241      5FDA48C2 
 241      F2316B3C 
 241      569CB0D2 
 241      AB21BD
 242 045e D4901EE7 		.ascii	"\324\220\036\347*\322\270\376\312\220\026,i\007K\306"
 242      2AD2B8FE 
 242      CA90162C 
 242      69074BC6 
 243 046e FF0E223C 		.ascii	"\377\016\"<^\"\311\010\250P\227lG\227\247\035}\324\216"
 243      5E22C908 
 243      A850976C 
 243      4797A71D 
ARM GAS  /tmp/ccbvZDD7.s 			page 19


 243      7DD48E
 244 0481 CE9E737D 		.ascii	"\316\236s}F\\\313\354\220F\2375\032]\2520CF\367\037"
 244      465CCBEC 
 244      90469F35 
 244      1A5DAA30 
 244      4346F71F 
 245 0495 4DF3F7AA 		.ascii	"M\363\367\252J?U\345\251S\225\235\322\275\265f\256\312"
 245      4A3F55E5 
 245      A953959D 
 245      D2BDB566 
 245      AECA
 246 04a7 FD452E55 		.ascii	"\375E.U\200\012=\221Uy\342\251\312\000U\345\336\363"
 246      800A3D91 
 246      5579E2A9 
 246      CA0055E5 
 246      DEF3
 247 04b9 971526DC 		.ascii	"\227\025&\334\314T\271\235\035\337#\260d\370\234\340"
 247      CC54B99D 
 247      1DDF23B0 
 247      64F89CE0 
 248 04c9 156D7BE3 		.ascii	"\025m{\343\214<\033\032\000\237\352m\332\313\223\345"
 248      8C3C1B1A 
 248      009FEA6D 
 248      DACB93E5 
 249 04d9 10953CD2 		.ascii	"\020\225<\322\322\313q+\240\331m\025\255\034\275L\036"
 249      D2CB712B 
 249      A0D96D15 
 249      AD1CBD4C 
 249      1E
 250 04ea 9F6C4B4F 		.ascii	"\237lKO6\363\356d\347\220\321]3\354\203[\231\254S\003"
 250      36F3EE64 
 250      E790D15D 
 250      33EC835B 
 250      99AC5303 
 251 04fe 05A7FC18 		.ascii	"\005\247\374\030q9]j\273\2637\233\031\276\010\320;u"
 251      71395D6A 
 251      BBB3379B 
 251      19BE08D0 
 251      3B75
 252 0510 ADFB30EE 		.ascii	"\255\3730\356e\264-U\371\005da\374\204,\214SS\001\212"
 252      65B42D55 
 252      F9056461 
 252      FC842C8C 
 252      5353018A 
 253 0524 A5F113B6 		.ascii	"\245\361\023\2664\336N\031\3163\340aJ.\2645\275~\340"
 253      34DE4E19 
 253      CE33E061 
 253      4A2EB435 
 253      BD7EE0
 254 0537 EF5C5168 		.ascii	"\357\\Qh~\322\310\031g\022\022\305'|Ey\015\215\343\212"
 254      7ED2C819 
 254      671212C5 
 254      277C4579 
 254      0D8DE38A 
 255 054b A5F11799 		.ascii	"\245\361\027\231\303dI\177\003q2!{\356\023\276\240\344"
 255      C364497F 
 255      03713221 
ARM GAS  /tmp/ccbvZDD7.s 			page 20


 255      7BEE13BE 
 255      A0E4
 256 055d E7A5E5EA 		.ascii	"\347\245\345\352\361\033&\343\354\316GW\004o2\342\004"
 256      F11B26E3 
 256      ECCE4757 
 256      046F32E2 
 256      04
 257 056e 6F326E96 		.ascii	"o2n\226}XIW-I\000[d\031o\234\253\226\224\376z\267\037"
 257      7D584957 
 257      2D49005B 
 257      64196F9C 
 257      AB9694FE 
 258 0585 5EA3A542 		.ascii	"^\243\245B\006\023v\356\363jH\242W!/\223\361\272\275"
 258      061376EE 
 258      F36A48A2 
 258      57212F93 
 258      F1BABD
 259 0598 29645A25 		.ascii	")dZ%\200\224x\301%\005\2042)\017\216o\272d\304\035T"
 259      809478C1 
 259      25058432 
 259      290F8E6F 
 259      BA64C41D 
 260 05ad 0A2A7899 		.ascii	"\012*x\231x\"\000\367j\335\206e\026\037\226\361\255"
 260      782200F7 
 260      6ADD8665 
 260      161F96F1 
 260      AD
 261 05be 674EF8E2 		.ascii	"gN\370\342A\366\360\362\303\372*\035~\301\220\322me"
 261      41F6F0F2 
 261      C3FA2A1D 
 261      7EC190D2 
 261      6D65
 262 05d0 FD46BC46 		.ascii	"\375F\274FG\221\213o\232\262M8\203!'\273\257U\232\030"
 262      47918B6F 
 262      9AB24D38 
 262      832127BB 
 262      AF559A18 
 263 05e4 0F892CA2 		.ascii	"\017\211,\242\023\373n6\032\361\217\354\341\331Se\225"
 263      13FB6E36 
 263      1AF18FEC 
 263      E1D95365 
 263      95
 264 05f5 7C83381F 		.ascii	"|\2038\037\320\204\256]\035\376\370\000{V\231\222\270"
 264      D084AE5D 
 264      1DFEF800 
 264      7B569992 
 264      B8
 265 0606 D1848B29 		.ascii	"\321\204\213)\"\274\270\3654S\357\315\370-^\215\277"
 265      22BCB8F5 
 265      3453EFCD 
 265      F82D5E8D 
 265      BF
 266 0617 3F1BF693 		.ascii	"?\033\366\223(\015\014OU1<\277td\237\036\2271q\235S"
 266      280D0C4F 
 266      55313CBF 
 266      74649F1E 
 266      9731719D 
ARM GAS  /tmp/ccbvZDD7.s 			page 21


 267 062c 93DFE32B 		.ascii	"\223\337\343+\354>\2710\271\322\037\3270$\367\302\331"
 267      EC3EB930 
 267      B9D21FD7 
 267      3024F7C2 
 267      D9
 268 063d A706DCC2 		.ascii	"\247\006\334\302\020\347~7\220\355w\017\366\265M`\374"
 268      10E77E37 
 268      90ED770F 
 268      F6B54D60 
 268      FC
 269 064e 943DEB78 		.ascii	"\224=\353xp\265\330\037\017p\313^\356<\033\200_0\244"
 269      70B5D81F 
 269      0F70CB5E 
 269      EE3C1B80 
 269      5F30A4
 270 0661 E6E1D4B0 		.ascii	"\346\341\324\260\011O0\344T\326d\271\026'\350)\222\264"
 270      094F30E4 
 270      54D664B9 
 270      1627E829 
 270      92B4
 271 0673 A9683BF1 		.ascii	"\251h;\361\216\236\0053\231W]C\343'\265\254\211\330"
 271      8E9E0533 
 271      99575D43 
 271      E327B5AC 
 271      89D8
 272 0685 B01A9A76 		.ascii	"\260\032\232ve>8\352\217\327\322.\302\371\372\323\211"
 272      653E38EA 
 272      8FD7D22E 
 272      C2F9FAD3 
 272      89
 273 0696 7EC86A72 		.ascii	"~\310jr\306\351\302\314!\022\247{\300\310\335\262\221"
 273      C6E9C2CC 
 273      2112A77B 
 273      C0C8DDB2 
 273      91
 274 06a7 7A62E33A 		.ascii	"zb\343:B\342\351\255\034\360\226\236{\353G!\010\355"
 274      42E2E9AD 
 274      1CF0969E 
 274      7BEB4721 
 274      08ED
 275 06b9 12828826 		.ascii	"\022\202\210&\303cC%Z\234\306d\034\337:\261\303\337"
 275      C3634325 
 275      5A9CC664 
 275      1CDF3AB1 
 275      C3DF
 276 06cb 2503B670 		.ascii	"%\003\266p'h\234\346\201\214\\Y\306\036\301\253\220"
 276      27689CE6 
 276      818C5C59 
 276      C61EC1AB 
 276      90
 277 06dc BDEA423A 		.ascii	"\275\352B:\244\327\231f\234\311\204\354\254\310=.\270"
 277      A4D79966 
 277      9CC984EC 
 277      ACC83D2E 
 277      B8
 278 06ed 84409C6E 		.ascii	"\204@\234nbqz\000\244\354\223\245\344y\227\262_]\312"
 278      62717A00 
ARM GAS  /tmp/ccbvZDD7.s 			page 22


 278      A4EC93A5 
 278      E47997B2 
 278      5F5DCA
 279 0700 866DFDFB 		.ascii	"\206m\375\373\375\361n\346\341\327=\351M\210\215\030"
 279      FDF16EE6 
 279      E1D73DE9 
 279      4D888D18 
 280 0710 59C8E3CF 		.ascii	"Y\310\343\3176\245\005\260pl\247\271b|\335\244\026\027"
 280      36A505B0 
 280      706CA7B9 
 280      627CDDA4 
 280      1617
 281 0722 32DA7B1B 		.ascii	"2\332{\033\353\233\365\270\204\251w\352\372\203\327"
 281      EB9BF5B8 
 281      84A977EA 
 281      FA83D7
 282 0731 D8A55E35 		.ascii	"\330\245^5\215\244\303\240Z\341{\251V\244\256Z\345\315"
 282      8DA4C3A0 
 282      5AE17BA9 
 282      56A4AE5A 
 282      E5CD
 283 0743 9C11232E 		.ascii	"\234\021#.e\342\316\244m\201IS\316\220\326\035\033\316"
 283      65E2CEA4 
 283      6D814953 
 283      CE90D61D 
 283      1BCE
 284 0755 FAE27A86 		.ascii	"\372\342z\206\234O\031>\355\203\3573d\355\253\316\342"
 284      9C4F193E 
 284      ED83EF33 
 284      64EDABCE 
 284      E2
 285 0766 00FC9021 		.ascii	"\000\374\220!}\011\345\035Z\334\307\220#I]\371$%\007"
 285      7D09E51D 
 285      5ADCC790 
 285      23495DF9 
 285      242507
 286 0779 91F4A1C8 		.ascii	"\221\364\241\310\203A,\017\226\224\217\024i\361 3\347"
 286      83412C0F 
 286      96948F14 
 286      69F12033 
 286      E7
 287 078a 6851D7F7 		.ascii	"hQ\327\367\212\250\231\227D7\376g\300\240S\262AA\334"
 287      8AA89997 
 287      4437FE67 
 287      C0A053B2 
 287      4141DC
 288 079d 1E5834F6 		.ascii	"\036X4\366Jx\266\006}\036\204\346\2035\247\301\232 "
 288      4A78B606 
 288      7D1E84E6 
 288      8335A7C1 
 288      9A20
 289 07af 6ECD49B0 		.ascii	"n\315I\260\346\004\263&\177\367\301\313~x\214\011h-"
 289      E604B326 
 289      7FF7C1CB 
 289      7E788C09 
 289      682D
 290 07c1 1AACC58A 		.ascii	"\032\254\305\212\230\371\3608\215\2312\220P*K"
ARM GAS  /tmp/ccbvZDD7.s 			page 23


 290      98F9F038 
 290      8D993290 
 290      502A4B
 291 07d0 38237811 		.ascii	"8#x\021qV]D\374\326\372B\037\034g`G\220+\251\267\014"
 291      71565D44 
 291      FCD6FA42 
 291      1F1C6760 
 291      47902BA9 
 292 07e6 CE2CE0DE 		.ascii	"\316,\340\336\375\202JwW`M\216\223\031r\03649'kR\346"
 292      FD824A77 
 292      57604D8E 
 292      9319721E 
 292      3439276B 
 293 07fc 4C03DBB2 		.ascii	"L\003\333\262\272g\343dv\024\335\260q\362\010\306)L"
 293      BA67E364 
 293      7614DDB0 
 293      71F208C6 
 293      294C
 294 080e 5CFFE683 		.ascii	"\\\377\346\203\247\364\352\342.y\025\327i\370%\252\000"
 294      A7F4EAE2 
 294      2E7915D7 
 294      69F825AA 
 294      00
 295 081f 49175524 		.ascii	"I\027U$\265\354\032\034\321\342\355LT\336\245#\267\014"
 295      B5EC1A1C 
 295      D1E2ED4C 
 295      54DEA523 
 295      B70C
 296 0831 781713D5 		.ascii	"x\027\023\325\364\342\372Vy.\364\001\217\253\300\343"
 296      F4E2FA56 
 296      792EF401 
 296      8FABC0E3 
 297 0841 8A270F15 		.ascii	"\212'\017\025M*\325\3756\220\370\250\235\237\304g\223"
 297      4D2AD5FD 
 297      3690F8A8 
 297      9D9FC467 
 297      93
 298 0852 CC9DBEE3 		.ascii	"\314\235\276\343s\274\237\011\356\337W{\214\254\314"
 298      73BC9F09 
 298      EEDF577B 
 298      8CACCC
 299 0861 5613FA8B 		.ascii	"V\023\372\213\"h\254,h\262\323:\267\373\340\"\246V\346"
 299      2268AC2C 
 299      68B2D33A 
 299      B7FBE022 
 299      A656E6
 300 0874 8B92D7AE 		.ascii	"\213\222\327\2565\2478A\372\233\270\005\032\264\026"
 300      35A73841 
 300      FA9BB805 
 300      1AB416
 301 0883 A4901D32 		.ascii	"\244\220\0352\252\005\321V.\372:4V\013\212\203\345."
 301      AA05D156 
 301      2EFA3A34 
 301      560B8A83 
 301      E52E
 302 0895 BA7AD680 		.ascii	"\272z\326\200\0257d+\254\334\021k\023\017\246\370\342"
 302      1537642B 
ARM GAS  /tmp/ccbvZDD7.s 			page 24


 302      ACDC116B 
 302      130FA6F8 
 302      E2
 303 08a6 D34C487A 		.ascii	"\323LHzJg\263A\231l\256\322\300\271\005]o\312]kd\007"
 303      4A67B341 
 303      996CAED2 
 303      C0B9055D 
 303      6FCA5D6B 
 304 08bc 4C53A44E 		.ascii	"LS\244NE\0212\245\2164_\326\342\213L\312\213\344\376"
 304      451132A5 
 304      8E345FD6 
 304      E28B4CCA 
 304      8BE4FE
 305 08cf 1CEFA6DC 		.ascii	"\034\357\246\334\361j\312\3431\334ri=\311K\365\240\320"
 305      F16ACAE3 
 305      31DC7269 
 305      3DC94BF5 
 305      A0D0
 306 08e1 6D59A15B 		.ascii	"mY\241[\316Q-\335\370\"\321WYC \204\362\371\347\256"
 306      CE512DDD 
 306      F822D157 
 306      59432084 
 306      F2F9E7AE 
 307 08f5 60E6FBE7 		.ascii	"`\346\373\347\370\316\223\015\010\247\032\251\237\357"
 307      F8CE930D 
 307      08A71AA9 
 307      9FEF
 308 0903 BE3A376E 		.ascii	"\276:7n\306\333(\242-L84\244E\326 \004\275\020s\004"
 308      C6DB28A2 
 308      2D4C3834 
 308      A445D620 
 308      04BD1073 
 309 0918 A9846850 		.ascii	"\251\204hP3\260\272'`g\001&K\002\365\207\376B\232\341"
 309      33B0BA27 
 309      60670126 
 309      4B02F587 
 309      FE429AE1 
 310 092c DE48AF2A 		.ascii	"\336H\257*1\321\010\326\220G\260\213\004[\232\2307\216"
 310      31D108D6 
 310      9047B08B 
 310      045B9A98 
 310      378E
 311 093e 66578DF9 		.ascii	"fW\215\371\2308\365\272wQw\274\232\272lV\032\365\300"
 311      9838F5BA 
 311      775177BC 
 311      9ABA6C56 
 311      1AF5C0
 312 0951 CDA81697 		.ascii	"\315\250\026\227Q\027k\022\362}q\0263\252\363\315\236"
 312      51176B12 
 312      F27D7116 
 312      33AAF3CD 
 312      9E
 313 0962 2E03CE61 		.ascii	".\003\316a\310\253\035\327\362\374\360~\206l)\254\273"
 313      C8AB1DD7 
 313      F2FCF07E 
 313      866C29AC 
 313      BB
ARM GAS  /tmp/ccbvZDD7.s 			page 25


 314 0973 A7C78718 		.ascii	"\247\307\207\030\322zx\262L\217\213\030\262\373\301"
 314      D27A78B2 
 314      4C8F8B18 
 314      B2FBC1
 315 0982 B322032E 		.ascii	"\263\"\003.\246\210\3200\325\323\003\211\332\252\020"
 315      A688D030 
 315      D5D30389 
 315      DAAA10
 316 0991 0CBB5D57 		.ascii	"\014\273]WV}\004\252\332\234\025\023~H\314\376\007z"
 316      567D04AA 
 316      DA9C1513 
 316      7E48CCFE 
 316      077A
 317 09a3 48EC12CC 		.ascii	"H\354\022\314\350\241<:63S\257=\276\262\336\210\317"
 317      E8A13C3A 
 317      363353AF 
 317      3DBEB2DE 
 317      88CF
 318 09b5 3051CF06 		.ascii	"0Q\317\006\356L\370\341s\014\221\306\316\337\327\343"
 318      EE4CF8E1 
 318      730C91C6 
 318      CEDFD7E3 
 319 09c5 8B0C69DE 		.ascii	"\213\014i\336\366\252\335\007_fH\325\335\015\027\264"
 319      F6AADD07 
 319      5F6648D5 
 319      DD0D17B4 
 320 09d5 F82A430E 		.ascii	"\370*C\016\\o\227t\270\232!e\353\257O\030q\015C\262"
 320      5C6F9774 
 320      B89A2165 
 320      EBAF4F18 
 320      710D43B2 
 321 09e9 4AD7C69B 		.ascii	"J\327\306\233p\035C\012\246FR\314\270\236[^v+\227o\235"
 321      701D430A 
 321      A64652CC 
 321      B89E5B5E 
 321      762B976F 
 322 09fe 2D801E2A 		.ascii	"-\200\036*\337P\205\371\326WH\307\2767\222n\2545\"\013"
 322      DF5085F9 
 322      D65748C7 
 322      BE37926E 
 322      AC35220B 
 323 0a12 FBCCB45A 		.ascii	"\373\314\264Z,\354L:\265S\367\244`\375&)\247\202Y\323"
 323      2CEC4C3A 
 323      B553F7A4 
 323      60FD2629 
 323      A78259D3 
 324 0a26 0DD6BC12 		.ascii	"\015\326\274\022\024\347\343*\301\363t\336\371\337\354"
 324      14E7E32A 
 324      C1F374DE 
 324      F9DFEC
 325 0a35 384DC8FB 		.ascii	"8M\310\373=\311\345\3434#\356S\020?U%V\262\036WP\367"
 325      3DC9E5E3 
 325      3423EE53 
 325      103F5525 
 325      56B21E57 
 326 0a4b 79524FAF 		.ascii	"yRO\257\023T\177'\223\367x\222\237\230F\336\251 \357"
 326      13547F27 
ARM GAS  /tmp/ccbvZDD7.s 			page 26


 326      93F77892 
 326      9F9846DE 
 326      A920EF
 327 0a5e F424DF2E 		.ascii	"\364$\337.xh~[A\375X\335+\224\332\25520\004\301<\010"
 327      78687E5B 
 327      41FD58DD 
 327      2B94DAAD 
 327      323004C1 
 328 0a74 CFD000EF 		.ascii	"\317\320\000\357A*\003c\020@\303\202\005\215\000\274"
 328      412A0363 
 328      1040C382 
 328      058D00BC 
 329 0a84 06780E30 		.ascii	"\006x\0160\016\360\002\340%\3003\200Q\201U\012X|\325"
 329      0EF002E0 
 329      25C03380 
 329      5181550A 
 329      587CD5
 330 0a97 36B32204 		.ascii	"6\263\"\004pP\026!x\031\24150\227VG\210f\275\352f+\354"
 330      70501621 
 330      7819A135 
 330      30975647 
 330      8866BDEA 
 331 0aae 1856F8F4 		.ascii	"\030V\370\364\211\272O)5\331\362u\366\017\270\025&\225"
 331      89BA4F29 
 331      35D9F275 
 331      F60FB815 
 331      2695
 332 0ac0 B41A34E1 		.ascii	"\264\0324\341\232\177\255e\271/\375\360\001\037\022"
 332      9A7FAD65 
 332      B92FFDF0 
 332      011F12
 333 0acf 78787CE4 		.ascii	"xx|\344\354I\204,\326\231L\036\344\256\254G\033XDA\017"
 333      EC49842C 
 333      D6994C1E 
 333      E4AEAC47 
 333      1B584441 
 334 0ae4 D4013225 		.ascii	"\324\0012%\374\226\212Km>3\026\210\246U\\@\015\352W"
 334      FC968A4B 
 334      6D3E3316 
 334      88A6555C 
 334      400DEA57 
 335 0af8 57E7379C 		.ascii	"W\3477\234\033\361\353\024\370u\222\373\215\314\206"
 335      1BF1EB14 
 335      F87592FB 
 335      8DCC86
 336 0b07 F8C7FD18 		.ascii	"\370\307\375\030\227P\245\320\223\356\202\006\001\237"
 336      9750A5D0 
 336      93EE8206 
 336      019F
 337 0b15 61C8E3D1 		.ascii	"a\310\343\321\321\006=\276\304\220\343S\371k0\276F\221"
 337      D1063DBE 
 337      C490E353 
 337      F96B30BE 
 337      4691
 338 0b27 AFF3AADA 		.ascii	"\257\363\252\332*}\321L\213y\246e\246\205|\303\277\205"
 338      2A7DD14C 
 338      8B79A665 
ARM GAS  /tmp/ccbvZDD7.s 			page 27


 338      A6857CC3 
 338      BF85
 339 0b39 DC5BE143 		.ascii	"\334[\341C'\212\3252\313B\237\320:\233\2314Z-\256\217"
 339      278AD532 
 339      CB429FD0 
 339      3A9B9934 
 339      5A2DAE8F 
 340 0b4d D5AAAEE6 		.ascii	"\325\252\256\3466P3\211\253\231\203\255h\015V\026\202"
 340      36503389 
 340      AB9983AD 
 340      680D5616 
 340      82
 341 0b5e EE365959 		.ascii	"\3566YY}k-f\025\251$u\377(Fb\035V\216\004\351\307<\345"
 341      7D6B2D66 
 341      15A92475 
 341      FF284662 
 341      1D568E04 
 342 0b76 167D2F80 		.ascii	"\026}/\200\3409\255\362\202\310\365\\\374\005\270?\217"
 342      E039ADF2 
 342      82C8F55C 
 342      FC05B83F 
 342      8F
 343 0b87 2DE81C40 		.ascii	"-\350\034@\031\300Y\200R\2003\000\247\001N\001\234\004"
 343      19C05980 
 343      52803300 
 343      A7014E01 
 343      9C04
 344 0b99 3801900B 		.ascii	"8\001\220\013\360#\300.\200l\200\215\000\033\000\222"
 344      F023C02E 
 344      806C808D 
 344      001B0092 
 345 0ba9 DDD4BFFD 		.ascii	"\335\324\277\375{\026Q\220\024\0230\246\202\\\312\277"
 345      7B165190 
 345      141330A6 
 345      825CCABF 
 346 0bb9 44EA13C3 		.ascii	"D\352\023\303\245Z<\357\361\377\243ZkM \363,9w\216!"
 346      A55A3CEF 
 346      F1FFA35A 
 346      6B4D20F3 
 346      2C39778E 
 347 0bce 0FE55E4D 		.ascii	"\017\345^M\2574\336\340\225\306M\340\321$A\225\336s"
 347      AF34DEE0 
 347      95C64DE0 
 347      D1244195 
 347      DE73
 348 0be0 2836BB0D 		.ascii	"(6\273\015\005t\234V\037\334H\266D\204\301&\340\270"
 348      05749C56 
 348      1FDC48B6 
 348      4484C126 
 348      E0B8
 349 0bf2 991B9B05 		.ascii	"\231\033\233\005\306n\005\205\267\000\244\270)]_\252"
 349      C66E0585 
 349      B700A4B8 
 349      295D5FAA 
 350 0c02 9B2C91A4 		.ascii	"\233,\221\244d=J\345\361\240\024\341\226\367\024j\244"
 350      643D4AE5 
 350      F1A014E1 
ARM GAS  /tmp/ccbvZDD7.s 			page 28


 350      96F7146A 
 350      A4
 351 0c13 B9A991FA 		.ascii	"\271\251\221\37265v\202\350w\253\321y\000Ky\263il\255"
 351      36357682 
 351      E877ABD1 
 351      79004B79 
 351      B3696CAD 
 352 0c27 11547570 		.ascii	"\021Tupf\025\230\264\015\333\015q4\010\322\201l\035"
 352      661598B4 
 352      0DDB0D71 
 352      3408D281 
 352      6C1D
 353 0c39 2777ED6C 		.ascii	"'w\355l\202\325\203\300\365<\023\224\310\340\012\355"
 353      82D583C0 
 353      F53C1394 
 353      C8E00AED 
 354 0c49 80FBEDA0 		.ascii	"\200\373\355\240\3146\354^\210\266\034\342\205h\242"
 354      CC36EC5E 
 354      88B61CE2 
 354      8568A2
 355 0c58 10290267 		.ascii	"\020)\002gL\233$\314'\352\"\222\005\374\016\021\025"
 355      4C9B24CC 
 355      27EA2292 
 355      05FC0E11 
 355      15
 356 0c69 FFC8C2D8 		.ascii	"\377\310\302\3309\011\247\363W$\251I\236\2442\334\223"
 356      3909A7F3 
 356      5724A949 
 356      9EA432DC 
 356      93
 357 0c7a 94B30A3E 		.ascii	"\224\263\012>'\213V\301\2113\326\313\373\001B\354\244"
 357      278B56C1 
 357      8933D6CB 
 357      FB0142EC 
 357      A4
 358 0c8b B957AA1B 		.ascii	"\271W\252\033+&\273\323\315j\034\2723\014\264h\000\375"
 358      2B26BBD3 
 358      CD6A1CBA 
 358      330CB468 
 358      00FD
 359 0c9d 37C8FD37 		.ascii	"7\310\3757c\271\212^\3374\347\006\013\022RYH\361\014"
 359      63B98A5E 
 359      DF34E706 
 359      0B125259 
 359      48F10C
 360 0cb0 D5CDEECB 		.ascii	"\325\315\356\3134\260\274\375\357\362\000m\345\344."
 360      34B0BCFD 
 360      EFF2006D 
 360      E5E42E
 361 0cbf EF8C204F 		.ascii	"\357\214 O\362\316\3372o\354\006\262tO\356#\036\263"
 361      F2CEDF32 
 361      6FEC06B2 
 361      744FEE23 
 361      1EB3
 362 0cd1 7A5ABEDB 		.ascii	"zZ\276\333\003\036V\313w\314\272J\356\274$u\347Y2S\211"
 362      031E56CB 
 362      77CCBA4A 
ARM GAS  /tmp/ccbvZDD7.s 			page 29


 362      EEBC2475 
 362      E7593253 
 363 0ce6 F388E40C 		.ascii	"\363\210\344\014\331\370$\247\361\304yM__\343\257\020"
 363      D9F824A7 
 363      F1C4794D 
 363      5F5FE3AF 
 363      10
 364 0cf7 F6E25968 		.ascii	"\366\342Yh\207\247~\333\025\326oQSPC\373\021\355J@\273"
 364      87A77EDB 
 364      15D66F51 
 364      535043FB 
 364      11ED4A40 
 365 0d0c E3100BC7 		.ascii	"\343\020\013\307\000\216\002\024\001\024\002\354\007"
 365      008E0214 
 365      011402EC 
 365      07
 366 0d19 D80790E7 		.ascii	"\330\007\220\347\026#}\277a^!>\317\004\251\204\213\327"
 366      16237DBF 
 366      615E213E 
 366      CF04A984 
 366      8BD7
 367 0d2b BDCE4095 		.ascii	"\275\316@\225\"\231d\275\213\272\363_\030\353\003@\274"
 367      229964BD 
 367      8BBAF35F 
 367      18EB0340 
 367      BC
 368 0d3c D33BB162 		.ascii	"\323;\261b\306\037t\233\361\007Tf\374!\030\337|\262"
 368      C61F749B 
 368      F1075466 
 368      FC2118DF 
 368      7CB2
 369 0d4e FD38080C 		.ascii	"\3758\010\014\017\362\361(\000\213\017\201e\371\262"
 369      0FF2F128 
 369      008B0F81 
 369      65F9B2
 370 0d5d 65E48871 		.ascii	"e\344\210qM7\310]Jj\037\331\274\203\367\031\337\367"
 370      4D37C85D 
 370      4A6A1FD9 
 370      BC83F719 
 370      DFF7
 371 0d6f 01C90ECE 		.ascii	"\001\311\016\316\351~P}\272\363h^\243#\321|\020{\356"
 371      E97E507D 
 371      BAF3685E 
 371      A323D17C 
 371      107BEE
 372 0d82 5EE850CE 		.ascii	"^\350P\316=\317\345\222\302F\301\273\3344z\216;\365"
 372      3DCFE592 
 372      C246C1BB 
 372      DC347A8E 
 372      3BF5
 373 0d94 30F8E9C8 		.ascii	"0\370\351\310{\371\351\010P\312~:\314\374\344e-E\305"
 373      7BF9E908 
 373      50CA7E3A 
 373      CCFCE465 
 373      2D45C5
 374 0da7 E01D7939 		.ascii	"\340\035y9u\275Z\335\321H\346*\341T,\207\344Z\312\312"
 374      75BD5ADD 
ARM GAS  /tmp/ccbvZDD7.s 			page 30


 374      D148E62A 
 374      E1542C87 
 374      E45ACACA 
 375 0dbb 99A0BE2E 		.ascii	"\231\240\276.\223\337\224\035}\253\031d\012\224\361"
 375      93DF941D 
 375      7DAB1964 
 375      0A94F1
 376 0dca 8589187D 		.ascii	"\205\211\030}\354]\324\325\377\314b\203\020\037\367"
 376      EC5DD4D5 
 376      FFCC6283 
 376      101FF7
 377 0dd9 4ECCB46D 		.ascii	"N\314\264m(\325\023o\003\315\364\275\342\350\221\300"
 377      28D5136F 
 377      03CDF4BD 
 377      E2E891C0 
 378 0de9 840469C7 		.ascii	"\204\004i\307|Z\207(\341\323\206\037\301\330\244)S\356"
 378      7C5A8728 
 378      E1D3861F 
 378      C1D8A429 
 378      53EE
 379 0dfb A7837748 		.ascii	"\247\203wH\345q\230\226\022\312\325\210?Wl\354\3471"
 379      E5719896 
 379      12CAD588 
 379      3F576CEC 
 379      E731
 380 0e0d 5A5232B8 		.ascii	"ZR2\270\254F\253\030\303\312\303|\014\341X\212\256y"
 380      AC46AB18 
 380      C3CAC37C 
 380      0CE1588A 
 380      AE79
 381 0e1f 4EDEE927 		.ascii	"N\336\351'\214\361\271\314|8\360\241\006ur\005\367\212"
 381      8CF1B9CC 
 381      7C38F0A1 
 381      06757205 
 381      F78A
 382 0e31 B9721E6F 		.ascii	"\271r\036o\365\244\236~\012\030\377\231L\336\246N\256"
 382      F5A49E7E 
 382      0A18FF99 
 382      4CDEA64E 
 382      AE
 383 0e42 18898102 		.ascii	"\030\211\201\002>nd\323\331\356I>\375H\322\311\271\223"
 383      3E6E64D3 
 383      D9EE493E 
 383      FD48D2C9 
 383      B993
 384 0e54 FD479CE7 		.ascii	"\375G\234\347\346h\332\234\272\3773\367Et\375\333fU"
 384      E668DA9C 
 384      BAFF33F7 
 384      4574FDDB 
 384      6655
 385 0e66 4301CBA2 		.ascii	"C\001\313\242\353\325\263\350\327\007hq\215\004w\"v"
 385      EBD5B3E8 
 385      D7076871 
 385      8D047722 
 385      76
 386 0e77 85EC7A9A 		.ascii	"\205\354z\232Ea\333;\330\221\220\027\200+Y\275%\347"
 386      4561DB3B 
ARM GAS  /tmp/ccbvZDD7.s 			page 31


 386      D8919017 
 386      802B59BD 
 386      25E7
 387 0e89 FABA5A1F 		.ascii	"\372\272Z\037\\\315\220\342\3248\320\364>C\022\342\363"
 387      5CCD90E2 
 387      D438D0F4 
 387      3E4312E2 
 387      F3
 388 0e9a 609060B2 		.ascii	"`\220`\262$\274\375\010\216\033\217\226\344\371#\330"
 388      24BCFD08 
 388      8E1B8F96 
 388      E4F923D8 
 389 0eaa 20E74A89 		.ascii	" \347J\211\011d:\314\357\331\321K\247\303ep\354%\320"
 389      09643ACC 
 389      EFD9D14B 
 389      A7C36570 
 389      EC25D0
 390 0ebd A0527D3D 		.ascii	"\240R}=U_@*x\007\222\260\256\302\224\274\342\266\200"
 390      555F402A 
 390      780792B0 
 390      AEC294BC 
 390      E2B680
 391 0ed0 74B731D3 		.ascii	"t\2671\323+\335M'%\203\344\027G\264\270\213*/\224Un"
 391      2BDD4D27 
 391      2583E417 
 391      47B4B88B 
 391      2A2F9455 
 392 0ee5 BEE38BAC 		.ascii	"\276\343\213\2543\235.\231\273\213.,\325\300\267JvI"
 392      339D2E99 
 392      BB8B2E2C 
 392      D5C0B74A 
 392      7649
 393 0ef7 257589BA 		.ascii	"%u\211\272\032\327@\264\232\032 ilGo\262\037\036an\332"
 393      1AD740B4 
 393      9A1A2069 
 393      6C476FB2 
 393      1F1E616E 
 394 0f0c 7771B4DC 		.ascii	"wq\264\334\204\3079\322\366\252\303\027\247\371R\344"
 394      84C739D2 
 394      F6AAC317 
 394      A7F952E4 
 395 0f1c B45417AF 		.ascii	"\264T\027\257#\025\217\004\351}~J\220\216\365Ww7@_r"
 395      23158F04 
 395      E97D7E4A 
 395      908EF557 
 395      7737405F 
 396 0f31 AC986971 		.ascii	"\254\230iq\346\226E\367ynq\276\263\256Ww&\237\001\177"
 396      E69645F7 
 396      796E71BE 
 396      B3AE5777 
 396      269F017F 
 397 0f45 945F70D7 		.ascii	"\224_p\327\252\022\263\020\345\305\213\373\314\231\365"
 397      AA12B310 
 397      E5C58BFB 
 397      CC99F5
 398 0f54 9EE9998C 		.ascii	"\236\351\231\214cw3\177G]\213M\250\0063^\036\357\250"
 398      6377337F 
ARM GAS  /tmp/ccbvZDD7.s 			page 32


 398      475D8B4D 
 398      A806335E 
 398      1EEFA8
 399 0f67 CBA66FBB 		.ascii	"\313\246o\273\\\013\317\015\336\2058\360\0268\360&,"
 399      5C0BCF0D 
 399      DE8538F0 
 399      1638F026 
 399      2C
 400 0f78 3C750077 		.ascii	"<u\000w\000n\273\237\"\376\230)\225\307c\327\313p\025"
 400      006EBB9F 
 400      22FE9829 
 400      95C763D7 
 400      CB7015
 401 0f8b 41CE73E9 		.ascii	"A\316s\351\326\352c}\006\234I\035,L\266V\325c\305 /"
 401      D6EA637D 
 401      069C491D 
 401      2C4CB656 
 401      D563C520 
 402 0fa0 CA2E2683 		.ascii	"\312.&\203|\017\272\337\225\007\271^\036\344i:6\200"
 402      7C0FBADF 
 402      9507B95E 
 402      1EE4693A 
 402      3680
 403 0fb2 5EEFD291 		.ascii	"^\357\322\221\214\344\271\376\317X=%\210\024\334Z\236"
 403      8CE4B9FE 
 403      CF583D25 
 403      8814DC5A 
 403      9E
 404 0fc3 95F31FFC 		.ascii	"\225\363\037\374\264\223\262wq\355\346l?|\204\015zQ"
 404      B493B277 
 404      71EDE66C 
 404      3F7C840D 
 404      7A51
 405 0fd5 5A1C6CB1 		.ascii	"Z\034l\261N0\244i\355\363j\035\276D\021\343\321\322"
 405      4E30A469 
 405      EDF36A1D 
 405      BE4411E3 
 405      D1D2
 406 0fe7 A6443F5E 		.ascii	"\246D?^v\241'd\266\004\266\014'\322\341uN\374.\365\211"
 406      76A12764 
 406      B604B60C 
 406      27D2E175 
 406      4EFC2EF5 
 407 0ffc EF5E7071 		.ascii	"\357^pq"
 408 1000 E6942EEF 		.ascii	"\346\224.\3579\005\250k[g\311\207\3136\301\203|Zy\240"
 408      3905A86B 
 408      5B67C987 
 408      CB36C183 
 408      7C5A79A0 
 409 1014 EF3B391D 		.ascii	"\357;9\035>\360d\356\236kA\365\321\026\217t\250\242"
 409      3EF064EE 
 409      9E6B41F5 
 409      D1168F74 
 409      A8A2
 410 1026 8B321D36 		.ascii	"\2132\0356(\225iUWF\031\233\015-,6\273Tj\001\316ql\302"
 410      28956955 
 410      5746199B 
ARM GAS  /tmp/ccbvZDD7.s 			page 33


 410      0D2D2C36 
 410      BB546A01 
 411 103e 41A81143 		.ascii	"A\250\021C\367f\256.\031\307\2070\216-0~\255\000\035"
 411      F766AE2E 
 411      19C78730 
 411      8E2D307E 
 411      AD001D
 412 1051 006D009D 		.ascii	"\000m\000\235\000\355\362xv\015f\364j\361u\026E;o\367"
 412      00EDF278 
 412      760D66F4 
 412      6AF17516 
 412      453B6FF7 
 413 1065 9F0A4033 		.ascii	"\237\012@3\255\352\234\037\003\267\367\345\354\312\277"
 413      ADEA9C1F 
 413      03B7F7E5 
 413      ECCABF
 414 1074 591364CB 		.ascii	"Y\023d\313\320\015\335\036\311q\330\345\314\277u\317"
 414      D00DDD1E 
 414      C971D8E5 
 414      CCBF75CF 
 415 1084 F726EB71 		.ascii	"\367&\353q#\013\221\212\234\322\277\307\235\354\376"
 415      230B918A 
 415      9CD2BFC7 
 415      9DECFE
 416 1093 F9D6FB6D 		.ascii	"\371\326\373m\376\370\021Cz\213\352\3531~\312t\274\366"
 416      FEF81143 
 416      7A8BEAEB 
 416      317ECA74 
 416      BCF6
 417 10a5 2A65087B 		.ascii	"*e\010{{\377\330\217\337\362\362u\214\276{x\012S\370"
 417      7BFFD88F 
 417      DFF2F275 
 417      8CBE7B78 
 417      0A53F8
 418 10b8 099EF60A 		.ascii	"\011\236\366\012\022\347&\236=\342\017\266[Ts\240\006"
 418      12E7269E 
 418      3DE20FB6 
 418      5B5473A0 
 418      06
 419 10c9 0D70CB07 		.ascii	"\015p\313\007A\304\220\233\225\217'u\257\216\021\326"
 419      41C4909B 
 419      958F2775 
 419      AF8E11D6 
 420 10d9 03D3B676 		.ascii	"\003\323\266v0\330\335\333\015,\226\210\340>\020<\240"
 420      30D8DDDB 
 420      0D2C9688 
 420      E03E103C 
 420      A0
 421 10ea 9EB44851 		.ascii	"\236\264HQto\317]=.2S;\037]h\376\3265\241\007\276$\233"
 421      746FCF5D 
 421      3D2E3253 
 421      3B1F5D68 
 421      FED635A1 
 422 1102 9911E8F9 		.ascii	"\231\021\350\371LV}\340-){\030\264T\3238\035\033\236"
 422      4C567DE0 
 422      2D297B18 
 422      B454D338 
ARM GAS  /tmp/ccbvZDD7.s 			page 34


 422      1D1B9E
 423 1115 8F0DDC31 		.ascii	"\217\015\3341 R\320\201\344\352\234{s\372\371\366\223"
 423      2052D081 
 423      E4EA9C7B 
 423      73FAF9F6 
 423      93
 424 1126 2C0B1741 		.ascii	",\013\027A\306\250\227\223\016?\027\205\263%\232\344"
 424      C6A89793 
 424      0E3F1785 
 424      B3259AE4 
 425 1136 97EB9CDA 		.ascii	"\227\353\234\332\225I\224[\027\267Hz\006\374\206\010"
 425      9549945B 
 425      17B7487A 
 425      06FC8608 
 426 1146 BF1EDE85 		.ascii	"\277\036\336\205\326\001A\273q\210\234\027\000\317\001"
 426      D60141BB 
 426      71889C17 
 426      00CF01
 427 1155 5E01BC74 		.ascii	"^\001\274t\333\224WG2\007\022\363{=U\033\236\246Z\004"
 427      DB945747 
 427      320712F3 
 427      7B3D551B 
 427      9EA65A04 
 428 1169 538D2CF9 		.ascii	"S\215,\371\243\210Q\273\352,#\323\346V\367\0236\267"
 428      A38851BB 
 428      EA2C23D3 
 428      E656F713 
 428      36B7
 429 117b 46D5B6E5 		.ascii	"F\325\266\345\225O\003\267Jd\242\222\370\275\317E\273"
 429      954F03B7 
 429      4A64A292 
 429      F8BDCF45 
 429      BB
 430 118c E683DBD8 		.ascii	"\346\203\333\330\235KJ\034\365\303\347\331\330e\244"
 430      9D4B4A1C 
 430      F5C3E7D9 
 430      D865A4
 431 119b 4E942145 		.ascii	"N\224!E6\236\363\343s\372\003\006\350\375Z\036\277\321"
 431      369EF3E3 
 431      73FA0306 
 431      E8FD5A1E 
 431      BFD1
 432 11ad E9D9D8E5 		.ascii	"\351\331\330\345\241\011\360\312\373x\010$\027\3664"
 432      A109F0CA 
 432      FB780824 
 432      17F634
 433 11bc 75EA3EDA 		.ascii	"u\352>\332+\265\323\201\264\2167&J\353\002\251\254A"
 433      2BB5D381 
 433      B48E3726 
 433      4AEB02A9 
 433      AC41
 434 11ce F6430617 		.ascii	"\366C\006\027W\015i\201\357I\374\021)\215\237;\261\331"
 434      570D6981 
 434      EF49FC11 
 434      298D9F3B 
 434      B1D9
 435 11e0 4F59D77C 		.ascii	"OY\327|\343v\222\232b'\004r%\265\367\214\312q\223\222"
ARM GAS  /tmp/ccbvZDD7.s 			page 35


 435      E376929A 
 435      62270472 
 435      25B5F78C 
 435      CA719392 
 436 11f4 F89E1BB1 		.ascii	"\370\236\033\261\244e\304p\005\342\023\251\361\305\010"
 436      A465C470 
 436      05E213A9 
 436      F1C508
 437 1203 579BD99B 		.ascii	"W\233\331\233\334\246\3043\374\255\257/y\347\336\261"
 437      DCA6C433 
 437      FCADAF2F 
 437      79E7DEB1 
 438 1213 ED820F5B 		.ascii	"\355\202\017[1\032\311\343=5#\031&\334\310h\337\014"
 438      311AC9E3 
 438      3D352319 
 438      26DCC868 
 438      DF0C
 439 1225 D5BDE13F 		.ascii	"\325\275\341?61\221\027\306Ukv#\223\374R\227\264\313"
 439      36319117 
 439      C6556B76 
 439      2393FC52 
 439      97B4CB
 440 1238 32D768C9 		.ascii	"2\327h\311\213\222\340 \224\244\245\357I\316_\277\335"
 440      8B92E020 
 440      94A4A5EF 
 440      49CE5FBF 
 440      DD
 441 1249 E41F98CA 		.ascii	"\344\037\230\312\335\371KD\337\330$h\203P\274\226V\007"
 441      DDF94B44 
 441      DFD82468 
 441      8350BC96 
 441      5607
 442 125b B581CE4E 		.ascii	"\265\201\316N\204\372N\353\306\305J\342\007o#\316\271"
 442      84FA4EEB 
 442      C6C54AE2 
 442      076F23CE 
 442      B9
 443 126c 59B3C50F 		.ascii	"Y\263\305\017\\\\WN\177\037\225\275_ZW\014\363q\235"
 443      5C5C574E 
 443      7F1F95BD 
 443      5F5A570C 
 443      F3719D
 444 127f 3610256A 		.ascii	"6\020%j1\371\365\220\242o\034\264|'hP\262\226x\371a"
 444      31F9F590 
 444      A26F1CB4 
 444      7C276850 
 444      B29678F9 
 445 1294 47469E0F 		.ascii	"GF\236\017\356`\366\355\355;s\211\377\310\302\217\374"
 445      EE60F6ED 
 445      ED3B7389 
 445      FFC8C28F 
 445      FC
 446 12a5 DC23377D 		.ascii	"\334#7}\237\226\371\242\207<\356.M\277l\362j\357&\247"
 446      9F96F9A2 
 446      873CEE2E 
 446      4DBF6CF2 
 446      6AEF26A7 
ARM GAS  /tmp/ccbvZDD7.s 			page 36


 447 12b9 BDF9ECBD 		.ascii	"\275\371\354\275\220$\325\015\352<\355\335\010jl\240"
 447      9024D50D 
 447      EA3CEDDD 
 447      086A6CA0 
 448 12c9 6A6CA626 		.ascii	"jl\246&lr\2320\265=\373\231\301\323`\257\324\255O\316"
 448      6C729A30 
 448      B53DFB99 
 448      C1D360AF 
 448      D4AD4FCE 
 449 12dd EFF1E506 		.ascii	"\357\361\345\006\017/\212\313)\217\233\203R\270\265"
 449      0F2F8ACB 
 449      298F9B83 
 449      52B8B5
 450 12ec 0360ADDC 		.ascii	"\003`\255\334q=\2676U\373\221F\273,62\364\363\340\025"
 450      713DB736 
 450      55FB9146 
 450      BB2C3632 
 450      F4F3E015 
 451 1300 5111F6E0 		.ascii	"Q\021\366\340\220p\373\352\340\305+\302\226\204\375"
 451      9070FBEA 
 451      E0C52BC2 
 451      9684FD
 452 130f 418C5D1A 		.ascii	"A\214]\032\026\025\034J\356\243b\026|\271088*&\330!"
 452      16151C4A 
 452      EEA36216 
 452      7CB93038 
 452      382A26D8 
 453 1324 06C73842 		.ascii	"\006\3078B\241u\2458/\324\370\353\337\377\347\234\305"
 453      A175A538 
 453      2FD4F8EB 
 453      DFFFE79C 
 453      C5
 454 1335 0B16688C 		.ascii	"\013\026h\214+E\302\303&\376\342\275\271\204E\206\206"
 454      2B45C2C3 
 454      26FEE2BD 
 454      B9844586 
 454      86
 455 1346 C72EB5C3 		.ascii	"\307.\265\303\223\230\037b\304\037\242\3551\363VhtK"
 455      93981F62 
 455      C41FA2ED 
 455      31F35668 
 455      744B
 456 1358 EDE16288 		.ascii	"\355\341b\210\311f\213\015\213\024\027,\264\211\377"
 456      C9668B0D 
 456      8B14172C 
 456      B489FF
 457 1367 141C1BE3 		.ascii	"\024\034\033\343\010\016\217\012\015\011\017\016qD|"
 457      080E8F0A 
 457      0D090F0E 
 457      71447C
 458 1376 1A191569 		.ascii	"\032\031\025i\377\324\036\262$\314\325?\"\004xG\332"
 458      FFD41EB2 
 458      24CCD53F 
 458      22047847 
 458      DA
 459 1387 836D4BED 		.ascii	"\203mK\355\313Bb\303E\233\223\227\321\311#\370\235<"
 459      CB4262C3 
ARM GAS  /tmp/ccbvZDD7.s 			page 37


 459      459B9397 
 459      D1C923F8 
 459      9D3C
 460 1399 4083605B 		.ascii	"@\203`[\214\270\024:@G\037\242PX\204\335&j\243\035\366"
 460      8CB8143A 
 460      40471FA2 
 460      505884DD 
 460      266AA31D 
 461 13ae 95DA48FB 		.ascii	"\225\332H\373jqF\350\012\333\3120\207\030\033\022n#"
 461      6A7146E8 
 461      0ADBCA30 
 461      87181B12 
 461      6E23
 462 13c0 CF1C383A 		.ascii	"\317\0348:\304\021\340\326B\224\375\011\306\207\256"
 462      C411E0D6 
 462      4294FD09 
 462      C687AE
 463 13cf 584A94B5 		.ascii	"XJ\224\265\255\024ma\221a\342\027?a\0304\246\320\025"
 463      AD146D61 
 463      9161E217 
 463      3F611834 
 463      A6D015
 464 13e2 FFF51FBF 		.ascii	"\377\365\037\277\212\372\203]\374\215\231\335~c\217"
 464      8AFA835D 
 464      FC8D99DD 
 464      7E638F
 465 13f1 0144085D 		.ascii	"\001D\010]a\212\010\001\253V8\354!K\215\360\025\036"
 465      618A0801 
 465      AB5638EC 
 465      214B8DF0 
 465      151E
 466 1403 ED088BE2 		.ascii	"\355\010\213\342\376\375\3743\233ht\336\030D\362\304"
 466      FEFDFC33 
 466      9B6874DE 
 466      1844F2C4 
 467 1413 267EF37E 		.ascii	"&~\363~\362C\243\"\"\242\"\203\243\243\034bL\360\277"
 467      F243A322 
 467      22A22283 
 467      A3A31C62 
 467      4CF0BF
 468 1426 7EF3BBC5 		.ascii	"~\363\273\305\277[M\332\242\303\302\355\216\230\340"
 468      BF5B4DDA 
 468      A2C3C2ED 
 468      8E98E0
 469 1435 5F2F5E0C 		.ascii	"_/^\014\035\234\003a\210\020W\207\207\305\210\272\250"
 469      1D9C0361 
 469      88105787 
 469      87C588BA 
 469      A8
 470 1446 55917687 		.ascii	"U\221v\207\356\177b\355\261v\342O\246U\214\2156\004"
 470      EE7F62ED 
 470      B176E24F 
 470      A6558C8D 
 470      3604
 471 1458 B861A04F 		.ascii	"\270a\240OD\254h_\015\012\002!\2755\332\243\355\221"
 471      44AC685F 
 471      0D0A0221 
ARM GAS  /tmp/ccbvZDD7.s 			page 38


 471      BD35DAA3 
 471      ED91
 472 146a 3042CB7D 		.ascii	"0B\313}\355+\355\221bDH\314\237\341iD\314r\332\301\260"
 472      ED2BED91 
 472      624448CC 
 472      9FE16944 
 472      CC72DAC1 
 473 147f 2A244C84 		.ascii	"*$L\204\207\001\012\276D\246\277\022\261\211(Vo_E\272"
 473      87010ABE 
 473      44A6BF12 
 473      B1892856 
 473      6F5F45BA 
 474 1493 EA5789A0 		.ascii	"\352W\211\240U4\\b\354\021\32184R\364\261\331\234\256"
 474      55345C62 
 474      EC11D138 
 474      3452F4B1 
 474      D99CAE
 475 14a6 E0571DB4 		.ascii	"\340W\035\264\332Dp\250\015hB\242WD9\354\206\030\":"
 475      DA4470A8 
 475      0D6842A2 
 475      574439EC 
 475      8618223A 
 476 14ba 66B90E00 		.ascii	"f\271\016\000\010V\211\242#:\220\211\2609\354\313\354"
 476      085689A2 
 476      233A9089 
 476      B039ECCB 
 476      EC
 477 14cb 0E7B6428 		.ascii	"\016{d((\017l\243\226|\037m\264\257\016\023C\243\226"
 477      280F6CA3 
 477      967C1F6D 
 477      B4AF0E13 
 477      43A396
 478 14de DAF58EA5 		.ascii	"\332\365\216\245?@\017-\220\304\3700\347/\0029\316\253"
 478      3F400F2D 
 478      90C4F830 
 478      E72F0239 
 478      CEAB
 479 14f0 48DA81DD 		.ascii	"H\332\201\335\262\360\220\3451\0061\002z\000\026#\206"
 479      B2F090E5 
 479      31063102 
 479      7A001623 
 479      86
 480 1501 8876A348 		.ascii	"\210v\243H/\204e\310\222\220\030;\037\272\205_\360\241"
 480      2F8465C8 
 480      9290183B 
 480      1FBA855F 
 480      F0A1
 481 1513 2337A618 		.ascii	"#7\246\030\361\317!\341a\313#m\342\342\277b\364V\204"
 481      F1CF21E1 
 481      61CB236D 
 481      E2E2BF62 
 481      F45684
 482 1526 8281305C 		.ascii	"\202\2010\\\332\310\220\010\2736tE\210C\027\025\276"
 482      DAC89008 
 482      BB367445 
 482      88431715 
 482      BE
ARM GAS  /tmp/ccbvZDD7.s 			page 39


 483 1537 14062CD2 		.ascii	"\024\006,\322\276\012\342=T\\-\304D\013\341\016\010"
 483      BE0AE23D 
 483      545C2DC4 
 483      440BE10E 
 483      08
 484 1548 A3E5308D 		.ascii	"\243\3450\215l\"v,X\0000_p|%8\026\011\216/\005\307B"
 484      6C22762C 
 484      5800305F 
 484      707C2538 
 484      16098E2F 
 485 155f C1F173C1 		.ascii	"\301\361s\301\361\205/\341L\334\011\235~\375\327\252"
 485      F1852FE1 
 485      4CDC099D 
 485      7EFDD7AA 
 486 156f 645BF965 		.ascii	"d[\371e\004\250e\246<C\243\"!\026\310\304\014\213\362"
 486      04A865A6 
 486      3C43A322 
 486      2116C8C4 
 486      0C8BF2
 487 1582 718DB52E 		.ascii	"q\215\265.\":**\334\310\007B\374\352'\314C\210\006\020"
 487      223A2A2A 
 487      DCC80742 
 487      FCEA27CC 
 487      43880610 
 488 1596 F2537A42 		.ascii	"\362SzBp@O\274t\011\015>\222;\354\021\220\214\226\304"
 488      70404FBC 
 488      74090D3E 
 488      923BEC11 
 488      908C96C4 
 489 15aa 2EF7890E 		.ascii	".\367\211\016\211\014\013\265\301\310\373+\233a0W\212"
 489      890C0BB5 
 489      C1C8FB2B 
 489      9B613057 
 489      8A
 490 15bb 241E3FF0 		.ascii	"$\036?\360L*,L\015<\377\374\255\3123\210\013\007\271"
 490      4C2A2C4C 
 490      0D3CFFFC 
 490      ADCA3388 
 490      0B07B9
 491 15ce FA415762 		.ascii	"\372AWb\354\017\254Gh\254\003BO4\313M6\321\307\245\215"
 491      EC0FAC47 
 491      68AC0342 
 491      4F34CB4D 
 491      36D1C7A5 
 492 15e3 2046E8A3 		.ascii	" F\350\243\226-\203\214`p\2104\250\027\375\004;Eb\346"
 492      962D838C 
 492      60708834 
 492      A817FD04 
 492      3B4562E6 
 493 15f7 0C31C206 		.ascii	"\0141\302\006y4l\211#D\014\213\202\210\363\225m\026"
 493      79346C89 
 493      23440C8B 
 493      8288F395 
 493      6D16
 494 1609 FD6C36BA 		.ascii	"\375l6\272\012\330\346-\374\352\253\237\033\235\230"
 494      0AD8E62D 
 494      FCEAAB9F 
ARM GAS  /tmp/ccbvZDD7.s 			page 40


 494      1B9D98
 495 1618 DCFCE5FC 		.ascii	"\334\374\345\374\371\237\375\0370\031\343\013"
 495      F99FFD1F 
 495      3019E30B 
 496              		.text
 497              		.section	.gnu.lto_.symtab.824102bfb0a47c80,"",%progbits
 498 0000 5F76745F 		.ascii	"_vt_init\000"
 498      696E6974 
 498      00
 499 0009 00       		.ascii	"\000"
 500 000a 00       		.ascii	"\000"
 501 000b 00       		.ascii	"\000"
 502 000c 00000000 		.ascii	"\000\000\000\000\000\000\000\000"
 502      00000000 
 503 0014 E3000000 		.ascii	"\343\000\000\000"
 504 0018 63685654 		.ascii	"chVTDoSetI\000"
 504      446F5365 
 504      744900
 505 0023 00       		.ascii	"\000"
 506 0024 00       		.ascii	"\000"
 507 0025 00       		.ascii	"\000"
 508 0026 00000000 		.ascii	"\000\000\000\000\000\000\000\000"
 508      00000000 
 509 002e EA000000 		.ascii	"\352\000\000\000"
 510 0032 63685654 		.ascii	"chVTDoResetI\000"
 510      446F5265 
 510      73657449 
 510      00
 511 003f 00       		.ascii	"\000"
 512 0040 00       		.ascii	"\000"
 513 0041 00       		.ascii	"\000"
 514 0042 00000000 		.ascii	"\000\000\000\000\000\000\000\000"
 514      00000000 
 515 004a EE000000 		.ascii	"\356\000\000\000"
 516 004e 636800   		.ascii	"ch\000"
 517 0051 00       		.ascii	"\000"
 518 0052 02       		.ascii	"\002"
 519 0053 00       		.ascii	"\000"
 520 0054 00000000 		.ascii	"\000\000\000\000\000\000\000\000"
 520      00000000 
 521 005c FE010000 		.ascii	"\376\001\000\000"
 522              		.text
 523              		.section	.gnu.lto_.opts,"",%progbits
 524 0000 272D666D 		.ascii	"'-fmath-errno' '-fsigned-zeros' '-ftrapping-math' '"
 524      6174682D 
 524      6572726E 
 524      6F272027 
 524      2D667369 
 525 0033 2D666E6F 		.ascii	"-fno-trapv' '-fno-openmp' '-fno-openacc' '-mcpu=cor"
 525      2D747261 
 525      70762720 
 525      272D666E 
 525      6F2D6F70 
 526 0066 7465782D 		.ascii	"tex-m7' '-mno-thumb-interwork' '-mthumb' '-O2' '-fo"
 526      6D372720 
 526      272D6D6E 
 526      6F2D7468 
ARM GAS  /tmp/ccbvZDD7.s 			page 41


 526      756D622D 
 527 0099 6D69742D 		.ascii	"mit-frame-pointer' '-falign-functions=16' '-ffuncti"
 527      6672616D 
 527      652D706F 
 527      696E7465 
 527      72272027 
 528 00cc 6F6E2D73 		.ascii	"on-sections' '-fdata-sections' '-fno-common' '-flto"
 528      65637469 
 528      6F6E7327 
 528      20272D66 
 528      64617461 
 529 00ff 2700     		.ascii	"'\000"
 530              		.text
 531              		.comm	__gnu_lto_v1,1,1
 532              		.comm	__gnu_lto_slim,1,1
 533              		.ident	"GCC: (GNU Tools for Arm Embedded Processors 7-2017-q4-major) 7.2.1 20170904 (release) [ARM
ARM GAS  /tmp/ccbvZDD7.s 			page 42


DEFINED SYMBOLS
                            *ABS*:0000000000000000 chvt.c
                            *COM*:0000000000000001 __gnu_lto_v1
                            *COM*:0000000000000001 __gnu_lto_slim

NO UNDEFINED SYMBOLS
