ARM GAS  /tmp/ccNuygpj.s 			page 1


   1              		.cpu cortex-m7
   2              		.eabi_attribute 20, 1
   3              		.eabi_attribute 21, 1
   4              		.eabi_attribute 23, 3
   5              		.eabi_attribute 24, 1
   6              		.eabi_attribute 25, 1
   7              		.eabi_attribute 26, 1
   8              		.eabi_attribute 30, 2
   9              		.eabi_attribute 34, 1
  10              		.eabi_attribute 18, 4
  11              		.file	"hal.c"
  12              		.section	.gnu.lto_.profile.efa027c44cd3368f,"",%progbits
  13 0000 789C6363 		.ascii	"x\234cc```\001bF\006Sv\000\000\351\000H"
  13      60606001 
  13      62460653 
  13      760000E9 
  13      0048
  14              		.text
  15              		.section	.gnu.lto_.icf.efa027c44cd3368f,"",%progbits
  16 0000 789C6363 		.ascii	"x\234cc``\340`@\000F\206\255\247'?`f\000\000\016w\003"
  16      6060E060 
  16      40004686 
  16      ADA7273F 
  16      60660000 
  17 0017 06       		.ascii	"\006"
  18              		.text
  19              		.section	.gnu.lto_.jmpfuncs.efa027c44cd3368f,"",%progbits
  20 0000 789C6363 		.ascii	"x\234cc``\360b@\000F\010\305\3048\205\231\261\371\327"
  20      6060F062 
  20      40004608 
  20      C5C43885 
  20      99B1F9D7 
  21 0014 FECF7CF5 		.ascii	"\376\317|\365\177\033$\34603,`\006Inf\254g`<\300\302"
  21      7F1B24E6 
  21      30332C60 
  21      06496E66 
  21      AC67603C 
  22 002a C800C47F 		.ascii	"\310\000\304\177\376\377\377\317\317\310\004T7\255\365"
  22      FEFFFFCF 
  22      CFC80454 
  22      37ADF5
  23 0039 D079F66E 		.ascii	"\320y\366nf\240*F\006\306-\2142 \314\300\000\000\006"
  23      66A02A46 
  23      06C62D8C 
  23      3220CCC0 
  23      000006
  24 004c D81467   		.ascii	"\330\024g"
  25              		.text
  26              		.section	.gnu.lto_.inline.efa027c44cd3368f,"",%progbits
  27 0000 789C6363 		.ascii	"x\234cc``\320c@\000F\006\006NSF\006& \223m\201<\023"
  27      6060D063 
  27      40004606 
  27      064E5346 
  27      06262093 
  28 0018 58880B85 		.ascii	"X\210\013\205`\342\006\251\0023\031\0004\322\001x"
  28      60E206A9 
  28      02331900 
ARM GAS  /tmp/ccNuygpj.s 			page 2


  28      34D20178 
  29              		.text
  30              		.section	.gnu.lto_.pureconst.efa027c44cd3368f,"",%progbits
  31 0000 789C6363 		.ascii	"x\234cc```\006bF\006\011\000\000}\000#"
  31      60606006 
  31      62460609 
  31      00007D00 
  31      23
  32              		.text
  33              		.section	.gnu.lto_halInit.efa027c44cd3368f,"",%progbits
  34 0000 789C7590 		.ascii	"x\234u\220\275J\003A\020\307gn\223K@\015\026\026J,l"
  34      BD4A0341 
  34      10C7676E 
  34      934B400D 
  34      16164A2C 
  35 0015 D3B80812 		.ascii	"\323\270\010\022\037\300\316\326'\2101\220@\344\300"
  35      1FC0CED6 
  35      27883190 
  35      40E4C0
  36 0024 28D8DDC6 		.ascii	"(\330\335\3063$\242\205\2059-\016YD\215\235H\214z~\340"
  36      3324A285 
  36      85392D0E 
  36      59448D9D 
  36      488C7A7E 
  37 0039 910750D4 		.ascii	"\221\007P\324\322J\021\253(\202\225J\242\263\211\210"
  37      D24A11AB 
  37      2882954A 
  37      A2B38988 
  38 0049 451C5866 		.ascii	"E\034Xfv\346\267\263\377\031\035\000v\020 J>L\007\031"
  38      76E6B7B3 
  38      FF191D00 
  38      7610204A 
  38      3E4C0719 
  39 005d A0B67209 		.ascii	"\240\266r\011\220\015j\210*\020A\004SC\023\227\331*"
  39      900D6A88 
  39      2A104104 
  39      53431397 
  39      D92A
  40 006f C36AFEC9 		.ascii	"\303j\376\311\325\"%A\346\255\275\366\211]\017\035\006"
  40      D5222541 
  40      E6ADBDF6 
  40      895D0F1D 
  40      06
  41 0080 60D35186 		.ascii	"`\323Q\206e\214\000a\017\373\215b\227\356k\345\361\000"
  41      658C0061 
  41      0FFB8D62 
  41      97EE6BE5 
  41      F100
  42 0092 75A03F60 		.ascii	"u\240?`\357\306\357\211\306W^x\217\233x;\026\000(P\235"
  42      EFC6EF89 
  42      C6575E78 
  42      8F9B783B 
  42      16002850 
  43 00a7 3E111E2C 		.ascii	">\021\036,2ME\226\0075\264\344g\270\371\210:\271n\355"
  43      324D4596 
  43      0735B4E4 
  43      67B8F988 
ARM GAS  /tmp/ccNuygpj.s 			page 3


  43      3AB96EED 
  44 00bb 2E60D645 		.ascii	".`\326E\320ah3\352\202\0254\301!\272\206\013r\273\263"
  44      D0616833 
  44      EA821534 
  44      C121BA86 
  44      0B72BBB3 
  45 00cf 0DC76CAA 		.ascii	"\015\307l\252\002\036\022G\005;W\275\012,1\207\371P"
  45      021E1247 
  45      053B57BD 
  45      0A2C3187 
  45      F950
  46 00e1 5DAD8F8B 		.ascii	"]\255\217\213\267\020q\275\224\220J\035\345\336\257"
  46      B71071BD 
  46      94904A1D 
  46      E5DEAF
  47 00f0 9F0B1D12 		.ascii	"\237\013\035\0227\262\335\016\363\3431\315z\204\375"
  47      37B2DD0E 
  47      F3E331CD 
  47      7A84FD
  48 00ff CD8AB555 		.ascii	"\315\212\265U\316!\321\353B\014\250\016.Jl\215s\202"
  48      CE21D1EB 
  48      420CA80E 
  48      2E4A6C8D 
  48      7382
  49 0111 A6C3F4A6 		.ascii	"\246\303\364\246\330J\250\275X\352\216\247\277b-y\337"
  49      D84AA8BD 
  49      58EA8EA7 
  49      BF622D79 
  49      DF
  50 0122 D39EF311 		.ascii	"\323\236\363\021w\366\207\253\377\303\371\211;\377\341"
  50      77F687AB 
  50      FFC3F989 
  50      3BFFE1
  51 0131 5E705E96 		.ascii	"^p^\226\212--\312\012\264\032Z\037\315=\314\223\306"
  51      8A2D2DCA 
  51      0AB41A5A 
  51      1FCD3DCC 
  51      93C6
  52 0143 5482C7D2 		.ascii	"T\202\307\322\2119>\232LM\244\306gf'S\006\217\253\330"
  52      89393E9A 
  52      4C4DA4C6 
  52      67662753 
  52      068FABD8 
  53 0157 C80C8D44 		.ascii	"\310\014\215D972<\031K\363\314t\\\371\3018|\003\310"
  53      3937323C 
  53      194BF3CC 
  53      745CF9C1 
  53      387C03C8 
  54 016b 819DF7   		.ascii	"\201\235\367"
  55              		.text
  56              		.section	.gnu.lto_.symbol_nodes.efa027c44cd3368f,"",%progbits
  57 0000 789C55C9 		.ascii	"x\234U\311\261\015\3020\024E\321\353\3478s0J\230\354"
  57      B10DC230 
  57      1445D1EB 
  57      E7387330 
  57      4A98EC
  58 0013 BBC800B4 		.ascii	"\273\310\000\264i\200\200\247\240\246f\206D\312\034"
ARM GAS  /tmp/ccNuygpj.s 			page 4


  58      698080A7 
  58      A0A66686 
  58      44CA1C
  59 0022 517E5CE1 		.ascii	"Q~\\\341\342\351H\367\365\300\344Cw\031\334~\340|\362"
  59      E2E948F7 
  59      F5C0E443 
  59      7719DC7E 
  59      E07CF2
  60 0035 15D22C2E 		.ascii	"\025\322,.\376\204\"\013\365\201\234\007\017o\231\232"
  60      FE84220B 
  60      F5819C07 
  60      0F6F999A 
  61 0045 F092C526 		.ascii	"\360\222\305&<e]\023\036\262\364\037\"=e\331C$\361\255"
  61      3C655D13 
  61      1EB2F41F 
  61      223D65D9 
  61      4324F1AD 
  62 0059 766CD5C8 		.ascii	"vl\325\310\270\236\212\342r\000\217\244%\254"
  62      B89E8AE2 
  62      72008FA4 
  62      25AC
  63              		.text
  64              		.section	.gnu.lto_.refs.efa027c44cd3368f,"",%progbits
  65 0000 789C6363 		.ascii	"x\234cc```\003bF\006&F&\006\000\000\263\000\023"
  65      60606003 
  65      62460626 
  65      46260600 
  65      00B30013 
  66              		.text
  67              		.section	.gnu.lto_.decls.efa027c44cd3368f,"",%progbits
  68 0000 789CA556 		.ascii	"x\234\245V}LT\307\026\277sg\367\262\037|X\360\275\370"
  68      7D4C54C7 
  68      16BF7367 
  68      F7B21F7C 
  68      58F0BDF8 
  69 0014 87498DD9 		.ascii	"\207I\215\331\246\376\321z\213\232j\372\2226}X\255\212"
  69      A6FED17A 
  69      8B9A6AFA 
  69      92367D58 
  69      AD8A
  70 0026 4AD23669 		.ascii	"J\3226i\336?\333\225]\313&\300\222\335\245\261y\377"
  70      DE3FDB95 
  70      5DCB26C0 
  70      92DDA5B1 
  70      79FF
  71 0038 5C040591 		.ascii	"\\\004\005\221O\245\266P\264\"\306J%OZ\241\265\"\262"
  71      4FA5B650 
  71      B422C64A 
  71      254F5AA1 
  71      B522B2
  72 004b 96828882 		.ascii	"\226\202\210\202\250-\225\012\302\003E)\202\210\037"
  72      A82D950A 
  72      C2034529 
  72      82881F
  73 005a 4845E999 		.ascii	"HE\351\231\231{\271\227\213\244\326\336\354\271s\317"
  73      997BB997 
  73      8BA4D6DE 
ARM GAS  /tmp/ccNuygpj.s 			page 5


  73      ECB973CF 
  74 006a 9CDFFCCE 		.ascii	"\234\337\374\316\2313sfG\3408\256!\230\343\226a\216"
  74      99337366 
  74      47E038AE 
  74      2198E396 
  74      618E
  75 007c 2B86EF09 		.ascii	"+\206\357\011xxhO\202 \220\307\034{\004\020#t\004\201"
  75      7878684F 
  75      822090C7 
  75      1C7B0410 
  75      23740481 
  76 0090 9841AC20 		.ascii	"\230A\254 a \317!\206\213@\334\224\307\012$A\320~\000"
  76      6120CF21 
  76      868B40DC 
  76      94C70A24 
  76      41D07E00 
  77 00a4 321B6C06 		.ascii	"2\033l\006\220\177 \306\367\010$\024M\345}N\346\263"
  77      907F20C6 
  77      F7082414 
  77      4DE57D4E 
  77      E6B3
  78 00b6 CAFC4133 		.ascii	"\312\374A3\360\026`t>\255\242\030o\307(\334\202\014"
  78      F0166074 
  78      3EADA218 
  78      6FC728DC 
  78      820C
  79 00c8 A0DE6E2E 		.ascii	"\240\336n.\352\015\005u\266\005\315\0035\273\354\361"
  79      EA0D0575 
  79      B605CD03 
  79      35BBECF1 
  80 00d8 F3CCF819 		.ascii	"\363\314\370\031\017\352\321\232\301EL\235\013\332\261"
  80      0FEAD19A 
  80      C1454C9D 
  80      0BDAB1
  81 00e7 CEDB012B 		.ascii	"\316\333\001+\303v#2V\312N\017f\346\007D?\335\266{\310"
  81      C3762332 
  81      56CA4E0F 
  81      66E60744 
  81      3FDDB67B 
  82 00fc 827944DC 		.ascii	"\202yD\334\014\245]\353\2662\333\034P/\014\237\335-"
  82      0CA55DEB 
  82      B632DB1C 
  82      502F0C9F 
  82      DD2D
  83 010e ABB340ED 		.ascii	"\253\263@\355\330\266u\217\200\315\024\331\331Xv\210"
  83      D8B6758F 
  83      80CD14D9 
  83      D9587688 
  84 011e 04F4A205 		.ascii	"\004\364\242\005\221\364\205A\327\341\233\337\217\205"
  84      91F48541 
  84      D7E19BDF 
  84      8F85
  85 012c B02E82A8 		.ascii	"\260.\202\250\334\377I\271\031\207\322o)\377\372\361"
  85      DCFF49B9 
  85      1987D26F 
  85      29FFFAF1 
  86 013c D085E512 		.ascii	"\320\205\345\022{L\231\230C\265\010+\223\273\220;\262"
ARM GAS  /tmp/ccNuygpj.s 			page 6


  86      7B4C9998 
  86      43B5082B 
  86      93BB903B 
  86      B2
  87 014d 3F08AF21 		.ascii	"?\010\257!H\276\253\375aG(\262,\310\220\244\315\322"
  87      48BEABFD 
  87      614728B2 
  87      2CC890A4 
  87      CDD2
  88 015f DE54C9FC 		.ascii	"\336T\311\3746\207*\321\\t\004\315\345P\035Z@\330\003"
  88      36872AD1 
  88      5C7404CD 
  88      E5501D5A 
  88      40D803
  89 0172 6821874E 		.ascii	"h!\207N@g\015t\036 \214\201\321\242\327\013G$i\036\372"
  89      40670D74 
  89      1E208C81 
  89      D1A2D70B 
  89      4724691E 
  90 0187 0159D049 		.ascii	"\001Y\320I\204)\006\262\371\242\205\271(\333\237\277"
  90      842906B2 
  90      F9A285B9 
  90      28DB9FBF 
  91 0197 4FC0F988 		.ascii	"O\300\371\210\372\250\376\374Z=?\223\217\206\031}\374"
  91      FAA8FEFC 
  91      5A3D3F93 
  91      8F86197D 
  91      FC
  92 01a8 72687EC3 		.ascii	"rh~\303\026I\342Q=\370\370Q\365\001.\231\223\236c\035"
  92      1649E251 
  92      3DF8F851 
  92      F5012E99 
  92      939E631D 
  93 01bc 293C6EA2 		.ascii	")<n\242NPQ\365\335&#\313\235\011\324[;\353\233y\334"
  93      4E5051F5 
  93      DD2623CB 
  93      9D09D45B 
  93      3BEB9B79 
  94 01d1 C26C7D97 		.ascii	"\302l}\227R\013\005\374\023S\362\036\265K\002\356`J"
  94      520B05FC 
  94      1353F21E 
  94      B54B02EE 
  94      604A
  95 01e3 F6AD0725 		.ascii	"\366\255\007%\006\334\313\224\366\324\321\266\020\334"
  95      06DCCB94 
  95      F6D4D1B6 
  95      10DC
  96 01f1 4F15F3E6 		.ascii	"O\025\363\346K\367\353\214\310f\213\260\331l\013l\266"
  96      4BF7EB8C 
  96      C8668BB0 
  96      D96C0B6C 
  96      B6
  97 0202 7D24F6C0 		.ascii	"}$\366\300h\315K\215#7$iG0\015\252\031\202jE\021\352"
  97      68CD4B8D 
  97      23372469 
  97      47300DAA 
  97      19826A45 
ARM GAS  /tmp/ccNuygpj.s 			page 7


  98 0218 648EC18B 		.ascii	"d\216\301\213C\221\360\342\330\200\337\337(\222\002"
  98      4391F0E2 
  98      D880DFDF 
  98      289202
  99 0227 6998A24F 		.ascii	"i\230\242O\351\321\325*:\237\3148\017\004\0318\364\035"
  99      E9D1D52A 
  99      3A9FCC38 
  99      0F041938 
  99      F41D
 100 0239 00BEA536 		.ascii	"\000\276\2456\002\207Y\243\237 I\027\220\015\265\201"
 100      028759A3 
 100      9F204917 
 100      900DB581 
 101 0249 9C07B908 		.ascii	"\234\007\271\010r\016\344g\220\026d\243\013\313\034"
 101      720EE467 
 101      901664A3 
 101      0BCB1C
 102 0258 FEAA71D8 		.ascii	"\376\252q\330\244w\3308-\274\327U\364Y=Z\324\201\177"
 102      A477D838 
 102      2DBCD755 
 102      F4593D5A 
 102      D4817F
 103 026b D3509F7E 		.ascii	"\323P\237~2u%y\313\3137t\"<\005\346C`\234\274tj\230"
 103      32752579 
 103      CBCB3774 
 103      223C05E6 
 103      43609CBC 
 104 0282 2D8DE1A5 		.ascii	"-\215\341\245\251R\343+\224\354\370\223\023\303\310"
 104      A952E32B 
 104      94ECF893 
 104      13C3C8
 105 0291 18BE49E3 		.ascii	"\030\276I\343\373\314\023\003ehX\305\332\307i\255\002"
 105      FBCC1303 
 105      656858C5 
 105      DAC769AD 
 105      02
 106 02a2 3E410B8C 		.ascii	">A\013\214\377\352x\307\200\021E,xb~Q;\244\365\257\244"
 106      FFEA78C7 
 106      8011452C 
 106      78627E51 
 106      3BA4F5AF 
 107 02b7 984DACAF 		.ascii	"\230M\254\257Q\200\232B\227`\340/\352\256$\323\244\376"
 107      51809A42 
 107      9760E02F 
 107      EAAE24D3 
 107      A4FE
 108 02c9 95FA0F97 		.ascii	"\225\372\017\227\353?\275\371\336\227<>\317\012\276"
 108      EB3FBDF9 
 108      DE973C3E 
 108      CF0ABE
 109 02d8 E278DA60 		.ascii	"\342x\332`(3\006\210q\373\226\334mA\370\0223\3369\370"
 109      28330688 
 109      71FB96DC 
 109      6D41F812 
 109      33DE39F8 
 110 02ec CD1E1333 		.ascii	"\315\036\0233\036$\306\376G\015\003F\334\305\214\345"
 110      1E24C6FE 
ARM GAS  /tmp/ccNuygpj.s 			page 8


 110      470D0346 
 110      DCC58CE5 
 111 02fc CDA73AE4 		.ascii	"\315\247:\344\023)\203\030/\216\266\246[p\0373N\364"
 111      13298318 
 111      2F8EB6A6 
 111      5B701F33 
 111      4EF4
 112 030e B7979A99 		.ascii	"\267\227\232\231q\230\350\231U;K\303\360 3^\354+I\223"
 112      7198E899 
 112      553B4BC3 
 112      F020335E 
 112      EC2B4993 
 113 0322 0FA056A2 		.ascii	"\017\240V\242\347\344\036\371\332\202\3572\343\301\276"
 113      E7E41EF9 
 113      DA82EF32 
 113      E3C1BE
 114 0331 E21CD9B8 		.ascii	"\342\034\331\270\014\324\252\346\243W\214\370!\263u"
 114      0CD4AAE6 
 114      A3578CF8 
 114      21B375
 115 0340 8CB4A55B 		.ascii	"\214\264\245[\361fL\225\303\343\005_\012x\033SZ\213"
 115      F1664C95 
 115      C3E3055F 
 115      0A781B53 
 115      5A8B
 116 0352 772BC556 		.ascii	"w+\305VIN\300\354\303\023&v\344\355\215 \036\012;+,"
 116      494EC0EC 
 116      C3132676 
 116      E4ED8D20 
 116      1E0A3B2B 
 117 0367 388F6243 		.ascii	"8\217bCv\235*\276g\200B\242\2254YL$\217-\341;%\262\007"
 117      769D2ABE 
 117      678042A2 
 117      9534594C 
 117      248F2DE1 
 118 037f 4826BF87 		.ascii	"H&\277\207L\016C;\2716G\247\356\001\300\367\254N\241"
 118      4C0E433B 
 118      B93647A7 
 118      EE01C0F7 
 118      AC4EA1
 119 0392 7B80C06F 		.ascii	"{\200\300o\350\341\307\246\303\243U\370\377\365\360"
 119      E8E1C7A6 
 119      C3A355F8 
 119      FFF5F0
 120 03a1 6E0D7CCA 		.ascii	"n\015|\312\336\030\000\304o\3248,o\214Q\330\030\017"
 120      DE1800C4 
 120      6FD4382C 
 120      6F8C51D8 
 120      180F
 121 03b3 60130C81 		.ascii	"`\023\014\201\214\201\334\006\271\007r\013\344.\310"
 121      8C81DC06 
 121      B907720B 
 121      E42EC8
 122 03c2 7D903B20 		.ascii	"}\220; \203 #j-\222\010\326\250\021\\\323GpuZ\300?\254"
 122      8320236A 
 122      2D9208D6 
 122      A8115CD3 
ARM GAS  /tmp/ccNuygpj.s 			page 9


 122      4770755A 
 123 03d9 57E137F5 		.ascii	"W\3417\365\360\252)\245K\320\353T\364e=\372\327i\350"
 123      F0AA29A5 
 123      4BD0EB54 
 123      F4653DFA 
 123      D769E8
 124 03ec B52ABA4B 		.ascii	"\265*\272K\217\2762\015\255I]\257\036\335\243G\367h"
 124      8FBE320D 
 124      AD495DAF 
 124      1EDDA347 
 124      F768
 125 03fe B83BF5E8 		.ascii	"\270;\365\350\216\351\347\302iv.\014O;\027\300\330\320"
 125      8EE9E7C2 
 125      69762E0C 
 125      4F3B17C0 
 125      D8D0
 126 0410 A4D913FD 		.ascii	"\244\331\023\375z2Q\037\247&\301\327\365\340>5N\330"
 126      7A32511F 
 126      A726C1D7 
 126      F5E03E35 
 126      4ED8
 127 0422 9227C76E 		.ascii	"\222'\307nn\011\303\237\322-\311\227\327\376\274\317"
 127      6E09C39F 
 127      D22DC997 
 127      D7FEBCCF 
 128 0432 A43F1594 		.ascii	"\244?\025\224\225G\343\260\340\177g\361\3314\333\316"
 128      9547E3B0 
 128      E07F67F1 
 128      D934DBCE 
 129 0442 D153E221 		.ascii	"\321S\342!\020\375\256\236\022\303\312)\321\330\322"
 129      10FDAE9E 
 129      12C3CA29 
 129      D1D8D2
 130 0451 556D8A90 		.ascii	"Um\212\220\003\310\2301\000\356/{\007\356\224\253G\244"
 130      03C89831 
 130      00EE2F7B 
 130      07EE94AB 
 130      47A4
 131 0463 B0E0CCC9 		.ascii	"\260\340\314\311\177[\364HsZr\3501\012&@\322\222\343"
 131      7F5BF448 
 131      735A72E8 
 131      310A2640 
 131      D292E3
 132 0476 EA644DAD 		.ascii	"\352dM\255\265\013\026\016.Sh\026\245@\210\275\241%"
 132      B50B160E 
 132      2E536816 
 132      A54088BD 
 132      A125
 133 0488 42F509E5 		.ascii	"B\365\011\345A\254\037zy\326\310P\242(C\320d\017/s\360"
 133      41AC1F7A 
 133      79D6C850 
 133      A22843D0 
 133      640F2F73 
 134 049d 0A2FFDC9 		.ascii	"\012/\375\311\004H\313\312\354\314\235\362\260\373!"
 134      0448CBCA 
 134      ECCC9DF2 
 134      B0FB21
ARM GAS  /tmp/ccNuygpj.s 			page 10


 135 04ac FBD08C63 		.ascii	"\373\320\214c]\274\352L3dZ\254\334\244y2(u\222H\316"
 135      5DBCEA4C 
 135      33645AAC 
 135      DCA47932 
 135      28759248 
 136 04c1 D8A11FD3 		.ascii	"\330\241\037\323\233-\335P\010\034z\237\343\362L\011"
 136      9B2DDD50 
 136      081C7A9F 
 136      E3F24C09 
 137 04d1 F4941B3E 		.ascii	"\364\224\033>\"\365Xp\011;\362\352'F\003a\354\310\343"
 137      22F55870 
 137      093BF2EA 
 137      27460361 
 137      ECC8E3
 138 04e4 3557B5D9 		.ascii	"5W\265\331\354\252V\2365Q`\234\263\213.g\2524\213G\037"
 138      ECAA569E 
 138      3551609C 
 138      B38B2E67 
 138      AA348B47 
 139 04f9 FC13A5F2 		.ascii	"\374\023\245\362s\321f\236d<\215\237\003\357D\003sV"
 139      73D1669E 
 139      643C8D9F 
 139      03EF4403 
 139      7356
 140 050b 9972AF9C 		.ascii	"\231r\257\234\237\277W\332\333-\005\316\015\316\273"
 140      9FBF57DA 
 140      DB2D05CE 
 140      0DCEBB
 141 051a 5E294970 		.ascii	"^)Ip\315\221\014\004\206\340B\243\354\025\370\204\267"
 141      CD910C04 
 141      86E042A3 
 141      EC15F884 
 141      B7
 142 052b C4772334 		.ascii	"\304w#4\001E\313\241-\374|\362\177\362\315P\227\021"
 142      0145CBA1 
 142      2DFC7CF2 
 142      7FF2CD50 
 142      9711
 143 053d 5F615165 		.ascii	"_aQe]\255\256\012\003\256n\330q\267\306\227\025U\334"
 143      5DADAE0A 
 143      03AE6ED8 
 143      71B7C697 
 143      1555DC
 144 0550 90322CD4 		.ascii	"\2202,\324!\332\2522m\345\331\335\017\245S\206\263}"
 144      21DAAA32 
 144      6DE5D9DD 
 144      0FA55386 
 144      B37D
 145 0562 9DFFC525 		.ascii	"\235\377\305%\006Jp\250>3\305 \023\\\316\306\003c*A"
 145      064A70A8 
 145      3E33C520 
 145      135CCEC6 
 145      03632A41 
 146 0576 864A90A1 		.ascii	"\206J\220\241\020l\243\004\347\232J\307C\360\030c\270"
 146      106CA304 
 146      E79A4AC7 
 146      43F01863 
ARM GAS  /tmp/ccNuygpj.s 			page 11


 146      B8
 147 0587 58503616 		.ascii	"XP6\026\"3\324\035\304e\247\267\006b\030A\246J\220\251"
 147      2233D41D 
 147      C465A7B7 
 147      06621841 
 147      A64A90A9 
 148 059b 106CA704 		.ascii	"\020l\247\004_\225\027^3\343\200\221\022\244\2379{\306"
 148      5F95175E 
 148      33E38091 
 148      12A49F39 
 148      7BC6
 149 05ad 6AE0D98E 		.ascii	"j\340\331\216$Y\202\276\336\013\275Y\374\214\371\314"
 149      245982BE 
 149      DE0BBD59 
 149      FC8CF9CC 
 150 05bd A1F9CCE6 		.ascii	"\241\371\314\346\345\204^\256J\221Lr\004wj^\312\252"
 150      E5845EAE 
 150      4A914C72 
 150      04776A5E 
 150      CAAA
 151 05cf A3110008 		.ascii	"\243\021\000\010e\251\021d)\021\344\322\010\012\367"
 151      65A91164 
 151      2911E4D2 
 151      080AF7
 152 05de E45660DC 		.ascii	"\344V`\334\302\"\030\252\275\323?\231\204j\234\223\337"
 152      C22218AA 
 152      BDD33F99 
 152      846A9C93 
 152      DF
 153 05ef 3F99843C 		.ascii	"?\231\204<\225!Oa\310\247\014\215u\377\273o\305\007"
 153      95214F61 
 153      C8A70C8D 
 153      75FFBB6F 
 153      C507
 154 0601 04CA903B 		.ascii	"\004\312\220;\260\353~\360\013\245\3220\271\033\327"
 154      B0EB7EF0 
 154      0BA5D230 
 154      B91BD7
 155 0610 2CDB9EDA 		.ascii	",\333\236\332\"I%<-\274\035\214A\363\317\262\203.\354"
 155      2249253C 
 155      2DBC1D8C 
 155      41F3CFB2 
 155      832EEC
 156 0623 4EFE0518 		.ascii	"N\376\005\030\370\305\370\303\302Pm\255\022\247j\255"
 156      F8C5F8C3 
 156      C2506DAD 
 156      12A76AAD 
 157 0633 16F0C18A 		.ascii	"\026\360\301\212{\370\004|\361\236\033\265\202\026\237"
 157      7BF8047C 
 157      F19E1BB5 
 157      82169F
 158 0642 3305FF09 		.ascii	"3\005\377\011\317j\233\264B\314\352\345\016\277\303"
 158      CF6A9BB4 
 158      42CCEAE5 
 158      0EBFC3
 159 0651 E0D8E88D 		.ascii	"\340\330\350\215_,\306y\022\\\242#\336\265I\214\212"
 159      5F2CC679 
ARM GAS  /tmp/ccNuygpj.s 			page 12


 159      125CA223 
 159      DEB5498C 
 159      8A
 160 0662 736F70BF 		.ascii	"sop\277\343Ov\272=b,\371\366\370\"\227\276*\212\036"
 160      E34F76BA 
 160      3D622CF9 
 160      F6F82297 
 160      BE2A8A1E 
 161 0676 9F18E788 		.ascii	"\237\030\347\210\027}\336X\322.\2145\255\\\367\336\274"
 161      177DDE58 
 161      D22E8C35 
 161      AD5CF7DE 
 161      BC
 162 0687 A8C848CE 		.ascii	"\250\310H\316b\267'\273\023\375\213\027\331\375\257"
 162      62B727BB 
 162      13FD8B17 
 162      D9FDAF
 163 0696 89C93EAF 		.ascii	"\211\311>\257\030\357\211\005\240\303\233\360r\242'"
 163      18EF8905 
 163      A0C39BF0 
 163      72A227
 164 06a5 D1F5B2CB 		.ascii	"\321\365\262\313\261\301-\272\023c\343\223\235.1\301"
 164      B1C12DBA 
 164      1363E393 
 164      9D2E31C1 
 165 06b5 019C892E 		.ascii	"\001\234\211.\321\356tmt$\307\373\355\376\217\223\\"
 165      D1EE746D 
 165      7424C7FB 
 165      EDFE8F93 
 165      5C
 166 06c6 BE85719C 		.ascii	"\276\205q\234I\341\020\377\224\303\367\261O\264\373"
 166      49E110FF 
 166      94C3F7B1 
 166      4FB4FB
 167 06d5 FC4E1800 		.ascii	"\374N\030\000\003\261\307\3515&%'9\275A\036_\222\313"
 167      03B1C7E9 
 167      35262527 
 167      39BD411E 
 167      5F92CB
 168 06e8 E5F40A1E 		.ascii	"\345\364\012\036B\3525&x\234./\231_\334\372\247\237"
 168      42EA3526 
 168      789C2E2F 
 168      995FDCFA 
 168      A79F
 169 06fa 5F92C7EB 		.ascii	"_\222\307\353\367\211\357\274\273v\361\"1:z\271\270"
 169      F789EFBC 
 169      BB76F122 
 169      313A7AB9 
 169      B8
 170 070b 3266D5FA 		.ascii	"2f\325\372\217\026\021\223=\011$>\336\011>\303}\376"
 170      8F161193 
 170      3D09243E 
 170      DE093EC3 
 170      7DFE
 171 071d 0488F5C3 		.ascii	"\004\210\365\303$\267\307\356s\371\223\223\354~!f\025"
 171      24B7C7EE 
 171      73F99393 
ARM GAS  /tmp/ccNuygpj.s 			page 13


 171      EC7E2166 
 171      15
 172 072e 49A710F3 		.ascii	"I\247\020\3636kV\262f\005k\336b\315r\326D\261\346\337"
 172      366B56B2 
 172      66056BDE 
 172      62CD72D6 
 172      44B1E6DF 
 173 0742 AC799335 		.ascii	"\254y\2235kHc\216y3:\312\223\270\321\375a\020x\\\225"
 173      6B48638E 
 173      79333ACA 
 173      93B8D1FD 
 173      6110785C 
 174 0757 E8F62F79 		.ascii	"\350\366/y\206\245\341\004\237\237\214\375\327\323\217"
 174      86A5E104 
 174      9F9F8CFD 
 174      D7D38F
 175 0766 55724BE6 		.ascii	"UrK\346\351#i5o\3608\274N\302\262\366\351Y\350\030\222"
 175      E9236935 
 175      6FF038BC 
 175      4EC2B2F6 
 175      E959E818 
 176 077b 3DFBBAF7 		.ascii	"=\373\272\367\242\242\337Z\037\271d\211}\305\322W\227"
 176      A2A2DF5A 
 176      1FB96489 
 176      7DC5D257 
 176      97
 177 078c FE671533 		.ascii	"\376g\0253\001\257\340\243\244o<ch.\257\033f\030\307"
 177      01AFE0A3 
 177      A46F3C63 
 177      682EAF1B 
 177      6618C7
 178 079f 8528AB61 		.ascii	"\205(\253aw\003[p\234FY\375l\213M\337+\226n\332$\306"
 178      77035B70 
 178      9C4659FD 
 178      6C8B4DDF 
 178      2B966EDA 
 179 07b5 A9EB4C9C 		.ascii	"\251\353L\234(;5\226\256\313\037\225%\255_"
 179      283B3596 
 179      AECB1F95 
 179      25AD5F
 180              		.text
 181              		.section	.gnu.lto_.symtab.efa027c44cd3368f,"",%progbits
 182 0000 68616C49 		.ascii	"halInit\000"
 182      6E697400 
 183 0008 00       		.ascii	"\000"
 184 0009 00       		.ascii	"\000"
 185 000a 00       		.ascii	"\000"
 186 000b 00000000 		.ascii	"\000\000\000\000\000\000\000\000"
 186      00000000 
 187 0013 05010000 		.ascii	"\005\001\000\000"
 188 0017 70616C5F 		.ascii	"pal_default_config\000"
 188      64656661 
 188      756C745F 
 188      636F6E66 
 188      696700
 189 002a 00       		.ascii	"\000"
 190 002b 02       		.ascii	"\002"
ARM GAS  /tmp/ccNuygpj.s 			page 14


 191 002c 00       		.ascii	"\000"
 192 002d 00000000 		.ascii	"\000\000\000\000\000\000\000\000"
 192      00000000 
 193 0035 13010000 		.ascii	"\023\001\000\000"
 194 0039 7374496E 		.ascii	"stInit\000"
 194      697400
 195 0040 00       		.ascii	"\000"
 196 0041 02       		.ascii	"\002"
 197 0042 00       		.ascii	"\000"
 198 0043 00000000 		.ascii	"\000\000\000\000\000\000\000\000"
 198      00000000 
 199 004b 07010000 		.ascii	"\007\001\000\000"
 200 004f 626F6172 		.ascii	"boardInit\000"
 200      64496E69 
 200      7400
 201 0059 00       		.ascii	"\000"
 202 005a 02       		.ascii	"\002"
 203 005b 00       		.ascii	"\000"
 204 005c 00000000 		.ascii	"\000\000\000\000\000\000\000\000"
 204      00000000 
 205 0064 09010000 		.ascii	"\011\001\000\000"
 206 0068 7364496E 		.ascii	"sdInit\000"
 206      697400
 207 006f 00       		.ascii	"\000"
 208 0070 02       		.ascii	"\002"
 209 0071 00       		.ascii	"\000"
 210 0072 00000000 		.ascii	"\000\000\000\000\000\000\000\000"
 210      00000000 
 211 007a 0B010000 		.ascii	"\013\001\000\000"
 212 007e 5F70616C 		.ascii	"_pal_lld_init\000"
 212      5F6C6C64 
 212      5F696E69 
 212      7400
 213 008c 00       		.ascii	"\000"
 214 008d 02       		.ascii	"\002"
 215 008e 00       		.ascii	"\000"
 216 008f 00000000 		.ascii	"\000\000\000\000\000\000\000\000"
 216      00000000 
 217 0097 0F010000 		.ascii	"\017\001\000\000"
 218 009b 68616C5F 		.ascii	"hal_lld_init\000"
 218      6C6C645F 
 218      696E6974 
 218      00
 219 00a8 00       		.ascii	"\000"
 220 00a9 02       		.ascii	"\002"
 221 00aa 00       		.ascii	"\000"
 222 00ab 00000000 		.ascii	"\000\000\000\000\000\000\000\000"
 222      00000000 
 223 00b3 11010000 		.ascii	"\021\001\000\000"
 224              		.text
 225              		.section	.gnu.lto_.opts,"",%progbits
 226 0000 272D666D 		.ascii	"'-fmath-errno' '-fsigned-zeros' '-ftrapping-math' '"
 226      6174682D 
 226      6572726E 
 226      6F272027 
 226      2D667369 
 227 0033 2D666E6F 		.ascii	"-fno-trapv' '-fno-openmp' '-fno-openacc' '-mcpu=cor"
ARM GAS  /tmp/ccNuygpj.s 			page 15


 227      2D747261 
 227      70762720 
 227      272D666E 
 227      6F2D6F70 
 228 0066 7465782D 		.ascii	"tex-m7' '-mno-thumb-interwork' '-mthumb' '-O2' '-fo"
 228      6D372720 
 228      272D6D6E 
 228      6F2D7468 
 228      756D622D 
 229 0099 6D69742D 		.ascii	"mit-frame-pointer' '-falign-functions=16' '-ffuncti"
 229      6672616D 
 229      652D706F 
 229      696E7465 
 229      72272027 
 230 00cc 6F6E2D73 		.ascii	"on-sections' '-fdata-sections' '-fno-common' '-flto"
 230      65637469 
 230      6F6E7327 
 230      20272D66 
 230      64617461 
 231 00ff 2700     		.ascii	"'\000"
 232              		.text
 233              		.comm	__gnu_lto_v1,1,1
 234              		.comm	__gnu_lto_slim,1,1
 235              		.ident	"GCC: (GNU Tools for Arm Embedded Processors 7-2017-q4-major) 7.2.1 20170904 (release) [ARM
ARM GAS  /tmp/ccNuygpj.s 			page 16


DEFINED SYMBOLS
                            *ABS*:0000000000000000 hal.c
                            *COM*:0000000000000001 __gnu_lto_v1
                            *COM*:0000000000000001 __gnu_lto_slim

NO UNDEFINED SYMBOLS
