ARM GAS  /tmp/ccnBHhfT.s 			page 1


   1              		.cpu cortex-m7
   2              		.eabi_attribute 20, 1
   3              		.eabi_attribute 21, 1
   4              		.eabi_attribute 23, 3
   5              		.eabi_attribute 24, 1
   6              		.eabi_attribute 25, 1
   7              		.eabi_attribute 26, 1
   8              		.eabi_attribute 30, 2
   9              		.eabi_attribute 34, 1
  10              		.eabi_attribute 18, 4
  11              		.file	"hal_st.c"
  12              		.section	.gnu.lto_.profile.e994d5b4b631ff39,"",%progbits
  13 0000 789C6363 		.ascii	"x\234cc```\001bF\006)\036\000\000\270\0002"
  13      60606001 
  13      62460629 
  13      1E0000B8 
  13      0032
  14              		.text
  15              		.section	.gnu.lto_.icf.e994d5b4b631ff39,"",%progbits
  16 0000 789C6363 		.ascii	"x\234cc``P`@\000V\206\177\353\367Mdc\\v\370\327~n\246"
  16      60605060 
  16      40005686 
  16      7FEBF74D 
  16      64635C76 
  17 0019 57BD473B 		.ascii	"W\275G;\270\231\247\317_\336\313\3072a\345\323nF\006"
  17      B899A7CF 
  17      5FDECBC7 
  17      3261E5D3 
  17      6E4606
  18 002c 00F9BB0E 		.ascii	"\000\371\273\016V"
  18      56
  19              		.text
  20              		.section	.gnu.lto_.jmpfuncs.e994d5b4b631ff39,"",%progbits
  21 0000 789C6363 		.ascii	"x\234cc``\220a@\000V\020\301\010\004\365s\230\031\230"
  21      60609061 
  21      40005610 
  21      C10804F5 
  21      73981998 
  22 0014 181898A1 		.ascii	"\030\030\230\241L\026\2400\000#\314\002t"
  22      4C16A030 
  22      0023CC02 
  22      74
  23              		.text
  24              		.section	.gnu.lto_.inline.e994d5b4b631ff39,"",%progbits
  25 0000 789C6363 		.ascii	"x\234cc``\310g@\000V\006\006\026\036F\006& \223m\201"
  25      6060C867 
  25      40005606 
  25      06161E46 
  25      06262093 
  26 0016 3C886260 		.ascii	"<\210b`\344\002\021\014l\254\214\214\014\002\214\014"
  26      E402110C 
  26      6CAC8C8C 
  26      0C028C0C 
  27 0026 0C4C6C1F 		.ascii	"\014Ll\037\364\340\222L\014,\314@\345L\027\370\341B"
  27      F4E0924C 
  27      0C2CCC40 
  27      E54C17F8 
ARM GAS  /tmp/ccnBHhfT.s 			page 2


  27      E142
  28 0038 CC2021A8 		.ascii	"\314 !\250Rdq\026L\245\014\000\311\276\010\235"
  28      52647116 
  28      4CA50C00 
  28      C9BE089D 
  29              		.text
  30              		.section	.gnu.lto_.pureconst.e994d5b4b631ff39,"",%progbits
  31 0000 789C6363 		.ascii	"x\234cc``\340\006bV\006\011F)&)f)\026)\000\004\001\000"
  31      6060E006 
  31      62560609 
  31      46292629 
  31      66291629 
  32 0018 A1       		.ascii	"\241"
  33              		.text
  34              		.section	.gnu.lto_stInit.e994d5b4b631ff39,"",%progbits
  35 0000 789C6363 		.ascii	"x\234cc``X\001\304V@,\015\304\214\314\014\214L\023\316"
  35      60605801 
  35      C456402C 
  35      0DC48CCC 
  35      0C8C4C13 
  36 0015 31303472 		.ascii	"104r012\202\030\015\034\214\014\365L\214\365\214=\314"
  36      30313282 
  36      180D1C8C 
  36      0CF54C8C 
  36      F58C3DCC 
  37 0029 5398190F 		.ascii	"S\230\031\017\265?\333\311\244\271\274\001\010\016L"
  37      B53FDBC9 
  37      A4B9BC01 
  37      080E4C
  38 0038 FF21D9B0 		.ascii	"\377!\331\260\342\000\343\034f\006\206i@\014\002\214"
  38      E200E31C 
  38      66068669 
  38      400C028C 
  39 0048 9B193519 		.ascii	"\233\0315\031\200\312\036m\3747\225\227\215\005\"\316"
  39      80CA1E6D 
  39      FC379597 
  39      8D0522CE 
  40 0058 B885918D 		.ascii	"\270\205\221\215\201\021\310X\177\211\365@\303\277\377"
  40      8111C858 
  40      7F89F540 
  40      C3BFFF
  41 0067 ED0D07EE 		.ascii	"\355\015\007\356,b\374\317\012\224\353\000b\240%\015"
  41      2C62FCCF 
  41      0A94EB00 
  41      62A0250D 
  42 0077 07183A99 		.ascii	"\007\030:\231\231@\254\346\003\014o\030\233\027\374"
  42      9940ACE6 
  42      030C6F18 
  42      9B17FC
  43 0086 96066B02 		.ascii	"\226\006k\002\232\264s\347\233\333\354\365\177\0338"
  43      9AB473E7 
  43      9BDBECF5 
  43      7F1B38
  44 0095 E630334E 		.ascii	"\34603Nc\006\232\302\270\225\261\236a\016P\365;\306"
  44      63069AC2 
  44      B895B19E 
  44      610E50F5 
ARM GAS  /tmp/ccnBHhfT.s 			page 3


  44      3BC6
  45 00a7 A605FFB9 		.ascii	"\246\005\377\271\301\352@\240\003(\0114\200\211\201"
  45      C1EA40A0 
  45      03280934 
  45      808981
  46 00b6 C1423F23 		.ascii	"\301B?#?7U\2778#\2574\265H\3379#3)3\270\2444%3_?\031"
  46      3F3755BF 
  46      3823AF34 
  46      B548DF39 
  46      23332933 
  47 00d2 C4CE2F36 		.ascii	"\304\316/647\323\317/\326\317H\314\321/.J\006\321\361"
  47      3437D3CF 
  47      2FD6CF48 
  47      CCD12F2E 
  47      4A06D1F1 
  48 00e6 C5257AC9 		.ascii	"\305%z\311\014\000#\263N{"
  48      0C0023B3 
  48      4E7B
  49              		.text
  50              		.section	.gnu.lto_stStartAlarm.e994d5b4b631ff39,"",%progbits
  51 0000 789C9552 		.ascii	"x\234\225R_H\223Q\024\277\277\357\316ok\325\354\241"
  51      5F489351 
  51      14BFBFEF 
  51      CE6F6BD5 
  51      ECA1
  52 0012 87A03DF4 		.ascii	"\207\240=\364\"b\017^VPA\217F\020h/\372.:\007\033\314"
  52      22620F5E 
  52      5650418F 
  52      4610682F 
  52      FA2E3A07 
  53 0028 26FB668F 		.ascii	"&\373f\217y]\256\251[\024\224\013e\326\007\025f%V\366"
  53      795DAEA9 
  53      5B14940B 
  53      65D60715 
  53      662556F6 
  54 003c 476BD6D7 		.ascii	"Gk\326\327\322\222\012\023+\350\301\207\350aFDI\010"
  54      D2920A13 
  54      2BE8C187 
  54      E8614644 
  54      4908
  55 004e 3E14DAB9 		.ascii	">\024\332\271\337V\330[^\270\367\236s\370\235\337\371"
  55      DF56D85B 
  55      5EB8F79E 
  55      73F89DDF 
  55      F9
  56 005f DD738FCE 		.ascii	"\335s\217\316\030{\2571\226\241{'mp\006\355\354,c\235"
  56      187BAF31 
  56      96A17B27 
  56      6D7006ED 
  56      EC2C639D 
  57 0073 2E0D5086 		.ascii	".\015P\206t\201uh\350@\232\237\347\310'\013\023Z\325"
  57      74817568 
  57      E8409A9F 
  57      E7C8270B 
  57      135AD5
  58 0086 90A4655D 		.ascii	"\220\244e]\030\327O\311\304\216,\247t\332ja\014U\204"
  58      18D74FC9 
ARM GAS  /tmp/ccnBHhfT.s 			page 4


  58      C48E2CA7 
  58      74DA6A61 
  58      0C5584
  59 0099 9A5E5BB1 		.ascii	"\232^[\261\312S<\313\001\215\334\371\245\327\203\233"
  59      CA533CCB 
  59      018DDCF9 
  59      A5D7839B 
  60 00a9 95AB611B 		.ascii	"\225\253a\033\271?\257\337Z(\347\007\301\310\376\265"
  60      B93FAFDF 
  60      5A28E707 
  60      C1C8FEB5 
  61 00b9 30B3E8A9 		.ascii	"0\263\350\251\274*e\\Z_\317q\271=\3139\356\203\023!"
  61      BC2A655C 
  61      5A5FCF71 
  61      B93DCB39 
  61      EE831321 
  62 00cd EEC18BBB 		.ascii	"\356\301\213\273\3602\0121<@\245\302\177\272\275\332"
  62      F0320A31 
  62      3C40A5C2 
  62      7FBABDDA 
  63 00dd B7557798 		.ascii	"\267Uw\230\177jb\034:\003\031\243\363e\226\\]KJk\371"
  63      7F6A621C 
  63      3A0319A3 
  63      F365965C 
  63      5D4B4A6B 
  64 00f2 0ADE1E76 		.ascii	"\012\336\036v\222zJ\341\224\354`\254\233\240\364\026"
  64      927A4AE1 
  64      94EC60AC 
  64      9BA0F416 
  65 0102 69B11EAE 		.ascii	"i\261\036\256)\353\244\305\012\320\024a\217\325;\345"
  65      29EBA4C5 
  65      0AD01461 
  65      8FD53BE5 
  66 0112 E635B698 		.ascii	"\3465\266\230\233\337S/=\025\227m1\205\376-\375\322"
  66      9BDF532F 
  66      3D15976D 
  66      3185FE2D 
  66      FDD2
  67 0124 8AEF527A 		.ascii	"\212\357Rz&\376\325c?\364!*\006\210\353\013\342?\222"
  67      26FED563 
  67      3FF4212A 
  67      0688EB0B 
  67      E23F92
  68 0137 67C63EDC 		.ascii	"g\306>\334\210\375\025\327Ul\316\234\316\025\310V\230"
  68      88FD15D7 
  68      556CCE9C 
  68      CE15C856 
  68      98
  69 0148 E158279E 		.ascii	"\341X'\236\341\021t\344\224p:\0068/\022\345\337\365"
  69      E11174E4 
  69      94703A06 
  69      382F12E5 
  69      DFF5
  70 015a 2AA23615 		.ascii	"*\2426\025$p&\221\177\343TM+\263sgGV\226\334EW\361;"
  70      24702691 
  70      7FE3544D 
  70      2BB37367 
ARM GAS  /tmp/ccnBHhfT.s 			page 5


  70      475696DC 
  71 0172 28640E2E 		.ascii	"(d\016.n2q\021Y\256\3431i\233T\332(\236,\274\232\363"
  71      6E327111 
  71      59AEE331 
  71      699B54DA 
  71      289E2CBC 
  72 0188 8811D9D5 		.ascii	"\210\021\331\325)\315\023Y\356\304\023\230\350\243\026"
  72      29CD1359 
  72      EEC41398 
  72      E8A316
  73 0197 A8BA0A60 		.ascii	"\250\272\012`\245\343\303N\337\250\015\270C\351.X\020"
  73      A5E3C34E 
  73      DFA80DB8 
  73      43E92E58 
  73      10
  74 01a8 D8ED2D21 		.ascii	"\330\355-!\360\024>R\245$-\177\316%<%A\377Y\316\205"
  74      F0143E52 
  74      A5242D7F 
  74      CE253C25 
  74      41FF59CE 
  75 01bd BC5D0E25 		.ascii	"\274]\016%\262g\020\353_C\323\204)\312\264\311'7N>m"
  75      B26710EB 
  75      5F43D384 
  75      29CAB4C9 
  75      27374E3E 
  76 01d2 936B25F2 		.ascii	"\223k%\362\3476y\356Rz\330]$\327\360\2022\013\210\177"
  76      E73679EE 
  76      527AD85D 
  76      24D7F082 
  76      320B887F 
  77 01e6 4C5DF3AB 		.ascii	"L]\363\253\326\333\177\300\276!n\016\235\206=-ju\223"
  77      D6DB7FC0 
  77      BE216E0E 
  77      9D863D2D 
  77      6A7593
  78 01f9 3C1A031A 		.ascii	"<\032\003\032\374\003\"\030i\015\010#x\254=\020\025"
  78      FC032218 
  78      690D0823 
  78      78AC3D10 
  78      15
  79 020a 35C15073 		.ascii	"5\301Ps\250>\326\336\022\212\010\277\262#\206o\377>"
  79      A83ED6DE 
  79      128A08BF 
  79      B223866F 
  79      FF3E
  80 021c 113144B0 		.ascii	"\0211D\260),\214\250_\335\215F\254\332\317\234M\315"
  80      292C8CA8 
  80      5FDD8D46 
  80      ACDACF9C 
  80      4DCD
  81 022e 462CD41A 		.ascii	"F,\324\032p\250\343\350\006X\332\"\321\230!\352\033"
  81      70A8E3E8 
  81      0658DA22 
  81      D19821EA 
  81      1B
  82 023f EAF6EE11 		.ascii	"\352\366\356\021\265\265\207D\303\221\272\343\276\022"
  82      B5B58744 
ARM GAS  /tmp/ccnBHhfT.s 			page 6


  82      C391BAE3 
  82      BE12
  83 024d 6F6338DC 		.ascii	"oc8\334R\035d\277\001\246n\036O"
  83      521D64BF 
  83      01A66E1E 
  83      4F
  84              		.text
  85              		.section	.gnu.lto_stStopAlarm.e994d5b4b631ff39,"",%progbits
  86 0000 789C954F 		.ascii	"x\234\225O\273J\003Q\020\235\2637\256\017\320Z1\235"
  86      BB4A0351 
  86      109DB337 
  86      AE0FD05A 
  86      319D
  87 0012 954D2E51 		.ascii	"\225M.Q|\364\212 \030\033\355Ec`\003\321\225l\264u\243"
  87      7CF48A20 
  87      181BED45 
  87      636003D1 
  87      956CB475 
  88 0027 8951B4B0 		.ascii	"\211Q\264\260\320\330D\011XX\211\210\317\370\200%\330"
  88      D0D84409 
  88      58588988 
  88      CFF88025 
  88      D8
  89 0038 092A7E81 		.ascii	"\011*~\201XD\260P\321\200\201@tn\"b\353\300\2713w\036"
  89      5844B050 
  89      D1808140 
  89      746E2262 
  89      EBC0B933 
  90 004e E7CCE844 		.ascii	"\347\314\350D\324\001\242%\366\315\014\010\202\266z"
  90      D401A225 
  90      F6CD0C08 
  90      82B67A
  91 005d 4314ADD1 		.ascii	"C\024\255\321\000\025\3305\240Y\015\263X\021k\002\331"
  91      0015D835 
  91      A0590DB3 
  91      58116B02 
  91      D9
  92 006e 442EA3B5 		.ascii	"D.\243\265\356\330l\316F^_\260\343\215)A\224d(\303\001"
  92      EED86CCE 
  92      465E5FB0 
  92      E38D2941 
  92      946428C3 
  93 0083 5A89DB1E 		.ascii	"Z\211\333\036\367K\353\365\272\253\222\307!tb\015\332"
  93      F74BEBF5 
  93      BAAB92C7 
  93      2174620D 
  93      DA
  94 0094 BBAF72EC 		.ascii	"\273\257r\354\322W\302v\256\266Q\354\343\332\"\203E"
  94      D257C276 
  94      AEB651EC 
  94      E3DA2283 
  94      45
  95 00a5 6C879684 		.ascii	"l\207\226\204\246\242y\207\236\221\315\027\212\027I"
  95      A6A27987 
  95      9E91CD17 
  95      8A1749
  96 00b4 CF2F4FAC 		.ascii	"\317/O\254\"W\320E\231+)\360W\003G\320q\254$\370\341"
ARM GAS  /tmp/ccnBHhfT.s 			page 7


  96      2257D045 
  96      992B29F0 
  96      570347D0 
  96      71AC24F8 
  97 00c9 7C329EBD 		.ascii	"|2\236\275\255^\026)\201r\333\315\356\347[]\345\253"
  97      AD5E1629 
  97      8172DBCD 
  97      EEE75B5D 
  97      E5AB
  98 00db 685C9C4A 		.ascii	"h\\\234Jo>\325\246\261\205\224\320p\0127N\340&\325\232"
  98      6F3ED5A6 
  98      B18594D0 
  98      700A374E 
  98      E026D59A 
  99 00ef C85DDF35 		.ascii	"\310]\3375\310];\026\265\037^?\232\336yH \2034\326y"
  99      C85D3B16 
  99      B51F5E3F 
  99      9ADE7948 
  99      208334D6 
 100 0104 4D254338 		.ascii	"M%C8\203\374+\301\233\340\234\247_0\367\260|\331R\276"
 100      83FC2BC1 
 100      9BE09CA7 
 100      5F30F7B0 
 100      7CD952BE 
 101 0118 54D92217 		.ascii	"T\331\"\027\370\032\215\250[\032\346D@Z\306\344t ,{"
 101      F81A8DA8 
 101      5B1AE644 
 101      405AC6E4 
 101      74202C7B 
 102 012c 8CE05870 		.ascii	"\214\340Xp(2=\0364\245_\305\246\345\355\352\224\246"
 102      28323D1E 
 102      34A55FC5 
 102      A6E5EDEA 
 102      94A6
 103 013e 258DD190 		.ascii	"%\215\321\220\264\302~\345G\254\210\307O\203\377\030"
 103      B4C27EE5 
 103      47AC88C7 
 103      4F83FF18 
 104 014e 9C32C311 		.ascii	"\2342\303\021K\016\015\373\332\333\344\300@\257\034"
 104      4B0E0DFB 
 104      DADBE4C0 
 104      40AF1C
 105 015d EEF7CD78 		.ascii	"\356\367\315x\177\250FB\241q\217A\3378\255\2314"
 105      7FA84642 
 105      A1718F41 
 105      DF38AD99 
 105      34
 106              		.text
 107              		.section	.gnu.lto_stSetAlarm.e994d5b4b631ff39,"",%progbits
 108 0000 789C9552 		.ascii	"x\234\225RMHTQ\024\276\337\2733\363&\253\261E\213\240"
 108      4D485451 
 108      14BEDFBB 
 108      33F326AB 
 108      B1458BA0 
 109 0014 59B411B1 		.ascii	"Y\264\021\261\205\227)\250\240\245A\004\332F\367\242"
 109      859729A8 
 109      A0A54104 
ARM GAS  /tmp/ccnBHhfT.s 			page 8


 109      DA46F7A2 
 110 0024 E3C00C8C 		.ascii	"\343\300\014\214\215\314\033[\346\365\245\215:RA9\221"
 110      8DCC1B5B 
 110      E6F5A58D 
 110      3A524139 
 110      91
 111 0035 CCC4838A 		.ascii	"\314\304\203\212(2-\373\321\354\3475TD\205\206\264h"
 111      28322DFB 
 111      D1ECE735 
 111      54448586 
 111      B468
 112 0047 318B8818 		.ascii	"1\213\210\030\241EI\233Y\024\3329o,j\331\205{\3579\207"
 112      A145499B 
 112      5914DA39 
 112      6F2C6AD9 
 112      857BEF39 
 113 005c EF7CF73B 		.ascii	"\357|\367;\0377 \204\330i\010\221\347\2336\244\200q"
 113      1F372084 
 113      D8690891 
 113      E79B36A4 
 113      8071
 114 006e 765188C1 		.ascii	"vQ\210\301\240\001p\240\203\020\003\006\0060.\317K\224"
 114      A00170A0 
 114      83100306 
 114      06302ECF 
 114      4B94
 115 0080 B29579A3 		.ascii	"\262\225y\243\351\232\246\345^\2301O\351\341\035\005"
 115      E99AA6E5 
 115      5E98314F 
 115      E9E11D05 
 116 0090 49EDB479 		.ascii	"I\355\264ya\026M\204z\261^u\353s\262 \001\203\322\345"
 116      61164D84 
 116      7AB15E75 
 116      EB73B220 
 116      0183D2E5 
 117 00a4 D5B7C5CD 		.ascii	"\325\267\305\315\234\032\330F\351\217\0333\345zy\020"
 117      9C1AD846 
 117      E98F1B33 
 117      E57A7910 
 118 00b4 82E29FE5 		.ascii	"\202\342\237\345W+\241\306\253Z\333\332-\237\223z{A"
 118      572BA1C6 
 118      AB5ADBDA 
 118      2D9F937A 
 118      7B41
 119 00c6 4ADC8724 		.ascii	"J\334\207$B\334C\030w\021\026T\022x\200F\306\177\272"
 119      42DC4318 
 119      77111654 
 119      12788046 
 119      C67FBA
 120 00d9 BD36B135 		.ascii	"\2756\2615\340s~\277\2119\004\004(\230^\366\273zm=\253"
 120      E0737EBF 
 120      89390404 
 120      28985EF6 
 120      BB7A6D3D 
 121 00ee DDCF57B0 		.ascii	"\335\317W\260p\330O\352\251ER\263O\210\021\202\322,"
 121      70D84FEA 
 121      A94552B3 
ARM GAS  /tmp/ccnBHhfT.s 			page 9


 121      4F881182 
 121      D22C
 122 0100 DA15A3D2 		.ascii	"\332\025\243\322\340\350\244+*0\230p\324\035{^'[<17"
 122      E0E8A42B 
 122      2A309870 
 122      D41D7B5E 
 122      275B3C31 
 123 0115 BFE55E87 		.ascii	"\277\345^\207\032.{b^\026\267\\\324\256\275\213\365"
 123      1A2E7B62 
 123      5E16B75C 
 123      D4AEBD8B 
 123      F5
 124 0126 CCFFABC7 		.ascii	"\314\377\253\307\033\364!\032&\211\353\013\354\357\331"
 124      1BF4211A 
 124      2689EB0B 
 124      ECEFD9
 125 0135 33B31F6E 		.ascii	"3\263\037ne\376\210\033\252\2313gJ\006y\012\363\022"
 125      65FE881B 
 125      AA993367 
 125      4A06790A 
 125      F312
 126 0147 7F891758 		.ascii	"\177\211\027X@\000\217X8\035\223R\326\210J\357\307\230"
 126      40008F58 
 126      381D9352 
 126      D6884AEF 
 126      C798
 127 0159 A88F8B04 		.ascii	"\250\217\213\004\316\017\227\226L6\315\357\365.NUW\353"
 127      CE0F9796 
 127      4C36CDEF 
 127      F52E4E55 
 127      57EB
 128 016b 6A29F3FB 		.ascii	"j)\363\373\250\344\024W69\270\204\202\014\340\011i{"
 128      A8E41457 
 128      3639B884 
 128      820CE009 
 128      697B
 129 017d CCDAA89E 		.ascii	"\314\332\250\236\255\274y\027RSzhP;'\012\322\304S8\230"
 129      ADBC7917 
 129      52537A68 
 129      503B270A 
 129      D2C45338 
 130 0192 200BF85D 		.ascii	" \013\370]\006\270\343\366u32\355\001\356P{\020.\024"
 130      06B8E3F6 
 130      753332ED 
 130      01EE507B 
 130      102E14
 131 01a5 76873710 		.ascii	"v\2077\020x\206\010\251\"\207\354\217\271r\224\007\360"
 131      788608A9 
 131      2287EC8F 
 131      B9729407 
 131      F0
 132 01b6 26115F61 		.ascii	"&\021_a;\325\323\360<\3475Bc\221\231\364}\016\250x\252"
 132      3BD5D3F0 
 132      3CE73542 
 132      639199F4 
 132      7D0EA878 
 133 01cb 37A6ACF8 		.ascii	"7\246\254\370\261\376XZ\265\304\023\335\211\366L\177"
ARM GAS  /tmp/ccnBHhfT.s 			page 10


 133      B1FE585A 
 133      B5C413DD 
 133      89F64C7F 
 134 01db 4F22A5A2 		.ascii	"O\"\245\242\034\247\254\310\376}*e\251xWRY\351(\337"
 134      1CA7ACC8 
 134      FE7D2A65 
 134      A9785752 
 134      59E928DF 
 135 01ef 9D56A639 		.ascii	"\235V\2469*\314\256n+\223\350\215\371\3708\372\037,"
 135      2ACCAE6E 
 135      2B93E88D 
 135      F9F838FA 
 135      1F2C
 136 0201 7DA974C6 		.ascii	"}\251t\306R\355\035m{\367\250\326\326C\252\343H\333"
 136      52ED1D6D 
 136      7BF7A8D6 
 136      D643AAE3 
 136      48DB
 137 0213 F1C8066F 		.ascii	"\361\310\006og2\331\323\034\027\277\000\004\004\342"
 137      6732D9D3 
 137      1C17BF00 
 137      0404E2
 138 0222 D8       		.ascii	"\330"
 139              		.text
 140              		.section	.gnu.lto_stGetAlarm.e994d5b4b631ff39,"",%progbits
 141 0000 789C9590 		.ascii	"x\234\225\220\335K\024a\024\306\3173gwfM\372\270\256"
 141      DD4B1461 
 141      14C6CF33 
 141      6777664D 
 141      FAB8AE
 142 0013 85AEEDC2 		.ascii	"\205\256\355\302\227-\250\356\013DPo\364^j\025fakbg"
 142      972DA8EE 
 142      0B44506F 
 142      F45E6A15 
 142      66616B62 
 143 0028 F5D6D74D 		.ascii	"\365\326\327MY\227\014\"r\027j\214\211.BB\244\357\262"
 143      59970C22 
 143      72176A8C 
 143      892E4242 
 143      A4EFB2
 144 003b 0F06A1AB 		.ascii	"\017\006\241\253\302\304\277@B\012\272\250\245.\266"
 144      C2C4BF40 
 144      420ABAA8 
 144      A52EB6
 145 004a 50B47354 		.ascii	"P\264sT\242[\007\346}\3179\374\3469\3173.\021]\007Q"
 145      A25B07E6 
 145      7DCF39FC 
 145      E639CF33 
 145      2E115D07 
 146 005f 4DEE63F2 		.ascii	"M\356c\362\202\011\316\215e\242\361\214\003ha3\2401"
 146      8209CE8D 
 146      65A2F18C 
 146      03686133 
 146      A031
 147 0071 076398E6 		.ascii	"\007c\230\346[\214\367\333\255\344\3605\216\024\223"
 147      5B8CF7DB 
 147      ADE4F035 
ARM GAS  /tmp/ccnBHhfT.s 			page 11


 147      8E1493
 148 0080 76B5F971 		.ascii	"v\265\371q\266][\340\210\264\017\357\265\242\366\216"
 148      B65D5BE0 
 148      88B40FEF 
 148      B5A2F68E 
 149 0090 07D6566C 		.ascii	"\007\326Vl\322hzw\036\257\330t\304\016\325\005\177\212"
 149      D2687A77 
 149      1EAFD874 
 149      C40ED505 
 149      7F8A
 150 00a2 2C9E20AB 		.ascii	",\236 \253;\236\241\203\204\376\374hk\346\240\233\212"
 150      3B9EA183 
 150      84FEFC68 
 150      6BE6A09B 
 150      8A
 151 00b3 991490F9 		.ascii	"\231\024\220\371s\270$^ha5\235\330\255\355\252M\326"
 151      73B8245E 
 151      6861359D 
 151      D8ADEDAA 
 151      4DD6
 152 00c5 EF63A32B 		.ascii	"\357c\243+\345P\304\314r\244\210\246\204\024[6\241\232"
 152      E550C4CC 
 152      72A488A6 
 152      84145B36 
 152      A19A
 153 00d7 084B7535 		.ascii	"\010Ku5\241oXz\367gc\263\321\367Ot\302\312\2234~{Gw"
 153      A16F587A 
 153      F76763B3 
 153      D1F74F74 
 153      C2CA9334 
 154 00ef 54EB8CFF 		.ascii	"T\353\214\377\026\022^\300\305K]&\307m\326 \365\311"
 154      16125EC0 
 154      C54B5D26 
 154      C76DD620 
 154      F5C9
 155 0101 A54F9E06 		.ascii	"\245O\236\006I\357\220\313\363\255\346\201\335V\225"
 155      49EF90CB 
 155      F3ADE681 
 155      DD5695
 156 0110 52328A67 		.ascii	"R2\212g\277\266\305\270\213\210],J\226W\232E\346\325"
 156      BFB6C5B8 
 156      8B885D2C 
 156      4A96579A 
 156      45E6D5
 157 0123 2F1F560E 		.ascii	"/\037V\016\231y;1n\327~\374:~\263-b\017\257\021cF\234"
 157      99793B31 
 157      6ED77EFC 
 157      3A7EB32D 
 157      620FAF11 
 158 013a EA268592 		.ascii	"\352&\205\222\351\312\234\227[P(^t\"\316\340\015\014"
 158      E9CA9C97 
 158      5B50285E 
 158      7422CEE0 
 158      0D0C
 159 014c 4E64F708 		.ascii	"Nd\367\010\274ENRT~V\347x\327\023\213-\372\216\312Z"
 159      BC454E52 
 159      547E56E7 
ARM GAS  /tmp/ccnBHhfT.s 			page 12


 159      78D7138B 
 159      2DFA8ECA 
 160 0161 6D933581 		.ascii	"m\2235\201L\344\307Hzhf\207\350\254\361\203K\303&\364"
 160      4CE4C748 
 160      7A686687 
 160      E8ACF183 
 160      4BC326F4 
 161 0175 2F8F0C97 		.ascii	"/\217\014\227\3149\277p\261\320_\036\031*\004&\257u"
 161      CC39BF70 
 161      B1D05F1E 
 161      192A0426 
 161      AF75
 162 0187 10E6CE9C 		.ascii	"\020\346\316\2346Ah\374\013E\023\226\362z\017\206\345"
 162      364168FC 
 162      0B451396 
 162      F27A0F86 
 162      E5
 163 0198 CE3CF5ED 		.ascii	"\316<\365\355\343\303+A\251\034\232\376\201\336S'MO"
 163      E3C32B41 
 163      A91C9AFE 
 163      81DE5327 
 163      4D4F
 164 01aa CF7933D0 		.ascii	"\317y3\320\335;\232\333\223\032,\026\207:}\372\013["
 164      DD3B9ADB 
 164      931A2C16 
 164      873A7DFA 
 164      0B5B
 165 01bc 11B441   		.ascii	"\021\264A"
 166              		.text
 167              		.section	.gnu.lto_.symbol_nodes.e994d5b4b631ff39,"",%progbits
 168 0000 789C55C8 		.ascii	"x\234U\310K\015\2000\020\006\341\351_\212.\020\305y"
 168      4B0D8030 
 168      1006E1E9 
 168      5F8A2E10 
 168      C579
 169 0012 57020AA0 		.ascii	"W\002\012\240<T \002\015(!4\334\3660\231\344\353\201"
 169      3C542002 
 169      0D282134 
 169      DCF63099 
 169      E4EB81
 170 0025 A9851619 		.ascii	"\251\205\026\031\3147\264]>6Ye)J\225)\312&\313QvY\027"
 170      CC37B45D 
 170      3E365965 
 170      294A9529 
 170      CA26CB51 
 171 003c 241DB2F2 		.ascii	"$\035\262\362\013\270\017\220)\234\317\233\370\000\330"
 171      0BB80F90 
 171      299CCF9B 
 171      F800D8
 172 004b 141D40   		.ascii	"\024\035@"
 173              		.text
 174              		.section	.gnu.lto_.refs.e994d5b4b631ff39,"",%progbits
 175 0000 789C6363 		.ascii	"x\234cc```\004b\006\000\000D\000\010"
 175      60606004 
 175      62060000 
 175      440008
 176              		.text
ARM GAS  /tmp/ccnBHhfT.s 			page 13


 177              		.section	.gnu.lto_.decls.e994d5b4b631ff39,"",%progbits
 178 0000 789CB557 		.ascii	"x\234\265WkP\024\331\025\356\333w\300ax\231\321\262"
 178      6B5014D9 
 178      15EEDB77 
 178      C0617899 
 178      D1B2
 179 0012 4CC55419 		.ascii	"L\305T\031K\205\037YGtWM~\354\256;\032\263U\253\233"
 179      4B851F59 
 179      4774574D 
 179      7EECAE3B 
 179      1AB355AB 
 180 0027 8CA66A7F 		.ascii	"\214\246j\177e\226E6P\305\303b\206Tm\376\244y\250\370"
 180      65964536 
 180      50C5C362 
 180      86546DFE 
 180      A479A8F8 
 181 003b 44145410 		.ascii	"D\024T\020\027\020AETT\004\221\327\010\210\210\340\342"
 181      17104145 
 181      54540491 
 181      D7088888 
 181      E0E2
 182 004d A8280A82 		.ascii	"\250(\012\202\212\212\217U\304\267\240\223s\037=\335"
 182      8A8A8F55 
 182      C4B7A093 
 182      731F3DDD 
 183 005d 34CCBA9B 		.ascii	"4\314\272\233T\2728C\237{\277\363\235s\317\271\257\366"
 183      54BA3843 
 183      9F7BBFF3 
 183      9D73CFB9 
 183      AFF6
 184 006f 1604E194 		.ascii	"\026\004\341\224Q\020&aA(E\202\340\202\307\033\332N"
 184      51102661 
 184      41284582 
 184      E082C71B 
 184      DA4E
 185 0081 82802A38 		.ascii	"\202\200*8\004\366\220\266F\220f\220\026\220s \347A"
 185      04F690B6 
 185      46906690 
 185      16907320 
 185      E741
 186 0093 2E08239F 		.ascii	".\010#\237\015`\010t\302\327 \355\204\237\267\213\234"
 186      0D600874 
 186      C2D720ED 
 186      849FB78B 
 186      9C
 187 00a4 63349B0C 		.ascii	"c4\233\014\260\361\3416\020\2160\236\373\016\002\231"
 187      B0F1E136 
 187      108E309E 
 187      FB0E0299 
 188 00b4 027DBF03 		.ascii	"\002}\277\003\031\200\367^\201q\373\201\036\000\342"
 188      1980F75E 
 188      8171FB81 
 188      1E00E2
 189 00c3 8F182F89 		.ascii	"\217\030/\211k*b1\317F\303\2713A\327qn\231\253\227\217"
 189      6B2A6231 
 189      CF46C3B9 
 189      3341D771 
ARM GAS  /tmp/ccnBHhfT.s 			page 14


 189      6E99AB97 
 190 00d8 4FB62763 		.ascii	"O\266'c\372HcG\236\235\277 .\304\343\022y~\346\362x"
 190      FA486347 
 190      9E9DBF20 
 190      2EC4E312 
 190      797EE6F2 
 191 00ed 3ED1F0E6 		.ascii	">\321\360\346sN-\337\364\367p\222|\317\347\234f\015"
 191      734E2DDF 
 191      F4F77092 
 191      7CCFE79C 
 191      660D
 192 00ff 673A4605 		.ascii	"g:F\005o\006\373\361:\214\246\033\220\313\205\241\341"
 192      6F06FBF1 
 192      3A8CA61B 
 192      90CB85A1 
 192      E1
 193 0110 D0C38AD7 		.ascii	"\320\303\212\327\376\254\201\364\037\252\331\361L\207"
 193      FEAC81F4 
 193      1FAAD9F1 
 193      4C87
 194 011e 45FAFEEA 		.ascii	"E\372\376\352\342\361\227\0013\212%\366\350\377%\240"
 194      E2F19701 
 194      338A25F6 
 194      E8FF25A0 
 195 012e 6308CB44 		.ascii	"c\010\313D\265g\317\024\372a3\005\236r\275t\004\002"
 195      B567CF14 
 195      FA613305 
 195      9E72BD74 
 195      0402
 196 0140 87D18044 		.ascii	"\207\321\200DP\235\375-;}A\035o@c\323\261x0kh(\020\031"
 196      509DFD2D 
 196      3B7D411D 
 196      6F4063D3 
 196      B178306B 
 197 0158 82532429 		.ascii	"\202S$)Q\332\224$y\005\013\250\002MB\307\321$\001U\242"
 197      51DA9424 
 197      79050BA8 
 197      024D42C7 
 197      D1240155 
 198 016d 60E2BA0C 		.ascii	"`\342\272\014\315\020P)4\036\205\306B\342\316\3612s"
 198      CD105029 
 198      341E85C6 
 198      42E2CEF1 
 198      3273
 199 017f FAB6D592 		.ascii	"\372\266\325\222$\242\023\310\200\312\021\246\030\030"
 199      24A213C8 
 199      80CA11A6 
 199      1818
 200 018d D774030B 		.ascii	"\327t\003\013\240&\355\332\035\003^\203H\004bb[\306"
 200      A026EDDA 
 200      1D035E83 
 200      48046262 
 200      5BC6
 201 019f 538F3E6A 		.ascii	"S\217>j<\372\270\\4\253a%\361Q\015>\252\024\037\340"
 201      3CFAB85C 
 201      34AB6125 
 201      F1510D3E 
ARM GAS  /tmp/ccnBHhfT.s 			page 15


 201      AA141FE0 
 202 01b3 9239493D 		.ascii	"\2229I=vm(\020\3271'e%\265o\015\236\234\234\364\350"
 202      766D2810 
 202      D7312765 
 202      25B56F0D 
 202      9E9C9CF4 
 203 01c8 E46EC587 		.ascii	"\344n\305\207\205\324\211\003\234\324*N\252\251\023"
 203      85D48903 
 203      9CD42A4E 
 203      AAA913
 204 01d7 D20A8E4E 		.ascii	"\322\012\216N\234\254\256\365\355F]\010j\210\306\322"
 204      9CACAEF5 
 204      ED465D08 
 204      6A88C6D2 
 205 01e7 2423C47E 		.ascii	"$#\304~\341?\021\252\273\344\007\261vh\025\331?\016"
 205      E13F11AA 
 205      BBE407B1 
 205      766815D9 
 205      3F0E
 206 01f9 258A6C82 		.ascii	"%\212l\202\334-\"\347\020e^\372\307\011\220\232\225"
 206      DC2D22E7 
 206      10655EFA 
 206      C709909A 
 206      95
 207 020a F53377F2 		.ascii	"\3653w\362\303f\030{Q\331\261&Qq\2462\031\021\253\340"
 207      C366187B 
 207      51D9B126 
 207      5171A632 
 207      1911ABE0 
 208 021e EE7607A5 		.ascii	"\356v\007\245\014\022\3619\265\277au\253\241\007]\207"
 208      0C12F139 
 208      B5BF6175 
 208      ABA1075D 
 208      87
 209 022f DEAF0461 		.ascii	"\336\257\004a\223>\232\316\256\325G\036u{\341\365lN"
 209      933E9ACE 
 209      AED5471E 
 209      757BE1F5 
 209      6C4E
 210 0241 16AF77A5 		.ascii	"\026\257w\245{M\334J\022\013\025\030+\242\257'\270k"
 210      7B4DDC4A 
 210      120B1518 
 210      2BA2AF27 
 210      B86B
 211 0253 20A05368 		.ascii	" \240Sh\"\374\306\350\030\335\332\215\205\011c\246\344"
 211      22FCC6E8 
 211      18DDDA8D 
 211      850963A6 
 211      E4
 212 0264 4AB93D92 		.ascii	"J\271=\222\243\273y\346\335RI\202:H:\002C\015J!\032"
 212      A3BB79E6 
 212      DD524982 
 212      3A483A02 
 212      430D4A21 
 213 0279 C8AC46F5 		.ascii	"\310\254F\365\250\007\241:\324\015\316\033\321\0240"
 213      A807A13A 
 213      D40DCE1B 
ARM GAS  /tmp/ccnBHhfT.s 			page 16


 213      D11430
 214 0288 4F2ABEBA 		.ascii	"O*\276\272\326\013\2670\277\017;V\256\301:\221\325\213"
 214      D60BB730 
 214      BF0F3B56 
 214      AEC13A91 
 214      D58B
 215 029a 7880B6BA 		.ascii	"x\200\266\272\336\326\013:\217\261\234\241\2614!\036"
 215      DED60B3A 
 215      8FB19CA1 
 215      B134211E 
 216 02aa CCEE9A8A 		.ascii	"\314\356\232\212\375\210\007s\363\327Y\222#Q\"s\002"
 216      FD880773 
 216      F3D75992 
 216      23512273 
 216      02
 217 02bb 50E8B412 		.ascii	"P\350\264\022\312im(\3154\2243\203G\002p\007\213\244"
 217      CA696D28 
 217      CD349433 
 217      83470270 
 217      078BA4
 218 02ce 6ACBFDBF 		.ascii	"j\313\375\277r\036\347o\334<dHg\025\236\263Z\236\026"
 218      721EE76F 
 218      DC3C6448 
 218      67159EB3 
 218      5A9E16
 219 02e1 CAB3F9E8 		.ascii	"\312\263\371\350\313\034/|\233\021\345<\\\177\302\300"
 219      CB1C2F7C 
 219      9B11E53C 
 219      5C7FC2C0 
 220 02f1 99EA7E3B 		.ascii	"\231\352~;,\242V\205\251U\313t\2162\025?k;\342\217\373"
 220      2CA25685 
 220      A955CB74 
 220      8E32153F 
 220      6B3BE28F 
 221 0306 1953EA8F 		.ascii	"\031S\352\217\025'\365\352D\220\034)\231h\033V\225\354"
 221      1527F5EA 
 221      44901C29 
 221      99681B56 
 221      95EC
 222 0318 E2D3ED72 		.ascii	"\342\323\355r\"\032s&\344%I{\301n2A\241\037\024\277"
 222      221A7326 
 222      E425497B 
 222      C16E3241 
 222      A11F14BF 
 223 032c 3F68FD9E 		.ascii	"?h\375\236\247~\237\254\177\234\033\210\007\231_\327"
 223      A77E9FAC 
 223      7F9C1B88 
 223      07995FD7 
 224 033c 9383ED5E 		.ascii	"\223\203\355^@\325\003\253\314\325\367\373\234\222>"
 224      40D503AB 
 224      CCD5F7FB 
 224      9C923E
 225 034b 29C54067 		.ascii	")\305@g\001r*LN\276i\241\013\224\341|rI6f\233\225\216"
 225      01722A4C 
 225      4EBE69A1 
 225      0B94E17C 
 225      72493666 
ARM GAS  /tmp/ccnBHhfT.s 			page 17


 226 0362 10B666DD 		.ascii	"\020\266f\335\012`\233\325d\222\224\241\301\314\000"
 226      0A609BD5 
 226      649294A1 
 226      C1CC00
 227 0371 BFB56485 		.ascii	"\277\265d\205\347&I>\177\246d\227`(\027\351P\332\221"
 227      E726493E 
 227      7FA66497 
 227      602817E9 
 227      50DA91
 228 0384 9F4C0BAF 		.ascii	"\237L\013\257\200/\277\221Q\353\303\330\256\220\220"
 228      802FBF91 
 228      51EBC3D8 
 228      AE9090
 229 0393 B22A9F35 		.ascii	"\262*\2375{1]O\272\037\355/\367g\354\016\322}\341N^"
 229      7B315D4F 
 229      BA1FED2F 
 229      F767EC0E 
 229      D27DE14E 
 230 03a8 B21FEB6E 		.ascii	"\262\037\353n#z}\373\351~\035n\307t8]M\373\366\223\310"
 230      237A7DFB 
 230      E97E1D6E 
 230      C774385D 
 230      4DFBF693 
 231 03bd 82C8DEEC 		.ascii	"\202\310\336\354r\005\252v\347 \266;;S\007v\217\301"
 231      7205AA76 
 231      E720B63B 
 231      3B530776 
 231      8FC1
 232 03cf 9D142E76 		.ascii	"\235\024.vw\014v\006\310\333\021\015VpG\012i\013&Ft"
 232      770C7606 
 232      C8DB110D 
 232      5670470A 
 232      690B2646 
 233 03e4 3BEA82C6 		.ascii	";\352\202\306N\325\276\372q\346\000Ix7\024\351\272\222"
 233      4ED5BEFA 
 233      71E60049 
 233      783714E9 
 233      BA92
 234 03f6 A620BEE5 		.ascii	"\246 \276\345\355\333\235\266\313\033\337e>*w\334>%"
 234      EDDB9DB6 
 234      CB1BDF65 
 234      3E2A77DC 
 234      3E25
 235 0408 7AF271CB 		.ascii	"z\362q\313\243\217\313ES\032\351\226w\023|\334P|t\313"
 235      A38FCB45 
 235      531AE996 
 235      77137CDC 
 235      507C74CB 
 236 041c FBEA76E7 		.ascii	"\373\352v\347\341\205\006 M\372Y\244`\320\3222\330\352"
 236      E1850620 
 236      4DFA59A4 
 236      60D0D232 
 236      D8EA
 237 042e 85FB59A2 		.ascii	"\205\373Y\242\326\235:\326\310K\330D\364\364\023\365"
 237      D69D3AD6 
 237      C84BD844 
 237      F4F413F5 
ARM GAS  /tmp/ccnBHhfT.s 			page 18


 238 043e 95BEF829 		.ascii	"\225\276\370)\353\274\265\366f\2757~\305\0249\377F\236"
 238      EBBCB5F6 
 238      66BD377E 
 238      C51439FF 
 238      469E
 239 0450 FF9C6BCF 		.ascii	"\377\234k\317\233\021\036b\235\225\345U\215\274V3U\307"
 239      9B111E62 
 239      9D95E555 
 239      8DBC5633 
 239      55C7
 240 0462 96911E5B 		.ascii	"\226\221\036[\250\354\316\231F\003+\235\204@\257vv~"
 240      A8ECCE99 
 240      46032B9D 
 240      8440AF76 
 240      767E
 241 0474 8A1374D4 		.ascii	"\212\023t\324\262n\240d\017/#9C{6\325\273\002\311p$"
 241      B26EA064 
 241      0F2F2339 
 241      437B36D5 
 241      BB02C970 
 242 0489 3E69A05D 		.ascii	">i\240]\2313\375d\320\3104\011=fCy\276\251\344O\306"
 242      9933FD64 
 242      D0C83409 
 242      3D664379 
 242      BEA9E44F 
 243 049e 4D74B148 		.ascii	"Mt\261H\322\247:\232\243\037\001\375\220\242\237 \243"
 243      D2A73A9A 
 243      A31F01FD 
 243      90A29F20 
 243      A3
 244 04af 6C43C009 		.ascii	"lC\300\0117\012\256\007\250\321\275?\205>\230_\260\315"
 244      370AAE07 
 244      A8D1BD3F 
 244      853E985F 
 244      B0CD
 245 04c1 8057B220 		.ascii	"\200W\262 w<\355\272\307\247f0\250\205/*\223\364x\015"
 245      773CEDBA 
 245      C7A76630 
 245      A8852F2A 
 245      93F4780D 
 246 04d5 EBDB52B3 		.ascii	"\353\333R\263\263u\014\336\300\024y\011\030\331\022"
 246      B3750CDE 
 246      C0147909 
 246      18D912
 247 04e4 48BCFC19 		.ascii	"H\274\374\031Nc=\265i\233\273\020\316`\312\243\344\333"
 247      4E633DB5 
 247      699BBB10 
 247      CE60CAA3 
 247      E4DB
 248 04f6 3D3C3F13 		.ascii	"=<?\023A\3158\373 \010g\261\256wM\365A8\227\2757\226"
 248      41CD38FB 
 248      200867B1 
 248      AE774DF5 
 248      413897BD 
 249 050c EDDD8370 		.ascii	"\355\335\203p!S\006\262\032\037\030p\021Sr\235\331\307"
 249      215306B2 
 249      1A1F1870 
ARM GAS  /tmp/ccnBHhfT.s 			page 19


 249      1153729D 
 249      D9C7
 250 051e F5F80053 		.ascii	"\365\370\000S\012_m\205\373\303\021\246\\\254\270\224"
 250      0A5F6D85 
 250      FBC311A6 
 250      5CACB894 
 251 052e E28BCB99 		.ascii	"\342\213\313\231\222r\370\360v_\\\311\224\304\312\216"
 251      9272F8F0 
 251      765F5CC9 
 251      94C4CA8E 
 252 053e 347EB5E8 		.ascii	"4~\265\350!zoAo\256\017\257\2127\331\343\235-/\021\256"
 252      217A6F41 
 252      6FAE0FAF 
 252      8A37D9E3 
 252      9D2D2F11 
 253 0553 65E0B4FE 		.ascii	"e\340\264\376\201-\336\036\353\260J\344u\230I\313P~"
 253      812DDE1E 
 253      EBB04AE4 
 253      759849CB 
 253      507E
 254 0565 2CFFB15E 		.ascii	",\377\261^[\207\016@_\241\350\325\242Q\266!\350\206"
 254      5B870E40 
 254      5FA1E8D5 
 254      A251B621 
 254      E886
 255 0577 86EAB748 		.ascii	"\206\352\267H[\007O\350\011\216\325\271+}\321T\366\214"
 255      5B074FE8 
 255      098ED5B9 
 255      2B7DD154 
 255      F68C
 256 0589 9B2A3FC1 		.ascii	"\233*?\301\344g\227\224\234\004\227\202\355\270\353"
 256      E4679794 
 256      9C049782 
 256      EDB8EB
 257 0598 C0C60D52 		.ascii	"\300\306\015R.\334-\010\325sX$\233\304q\312:xFy/\221"
 257      2EDC2D08 
 257      D5735824 
 257      9BC471CA 
 257      3A784679 
 258 05ae 5F8199D4 		.ascii	"_\201\231\324E\303\036\235\214)|H\013\177C\341!\012"
 258      45C31E9D 
 258      8C297C48 
 258      0B7F43E1 
 258      210A
 259 05c0 FA669482 		.ascii	"\372f\224\202\226D\015\372\3120t\202\344x\023\235@\321"
 259      96440DFA 
 259      CA307482 
 259      E478139D 
 259      40D1
 260 05d2 03C8881E 		.ascii	"\003\310\210\036qny\226\241\007#B\271\257\"wiC\2712"
 260      716E7996 
 260      A1072342 
 260      B9AF2277 
 260      6943B932 
 261 05e6 023EA082 		.ascii	"\002>\240\202\277\323\302\037j#w\306(\350\273Z\364\035"
 261      BFD3C21F 
 261      6A2377C6 
ARM GAS  /tmp/ccnBHhfT.s 			page 20


 261      28E8BB5A 
 261      F41D
 262 05f8 15791AAF 		.ascii	"\025y\032\257\206\004g,J\026'\241$\221t\022<l\037(K"
 262      8604672C 
 262      4A1627A1 
 262      24917412 
 262      3C6C1F28 
 263 060d 0C46E9E2 		.ascii	"\014F\351\342T\224\006\262\016d\003\310F\220l\220\265"
 263      549406B2 
 263      0E6403C8 
 263      46906C90 
 263      B5
 264 061e 209B41B6 		.ascii	" \233A\266\202d\200|\017\262\006d'\310z\220\355 [@R"
 264      8264807C 
 264      0FB20664 
 264      27C87A90 
 264      ED205B40 
 265 0633 4176806C 		.ascii	"Av\200l\003\311\024\247\322s\204EyU5\246\004m~M\332"
 265      03C914A7 
 265      D2738445 
 265      795535A6 
 265      046D7E4D 
 266 0648 0C34AB6A 		.ascii	"\0144\253j78z\355\206\301U)\350\033=\005\352\204\251"
 266      37387AED 
 266      86C15529 
 266      E81B3D05 
 266      EA84A9
 267 065b 42491C35 		.ascii	"BI\0345\024\025\370\252*\222WZ\352\227#\"q\252\340\257"
 267      1415F8AA 
 267      2A92575A 
 267      EA972322 
 267      71AAE0AF 
 268 066f 4787AB27 		.ascii	"G\207\253'\235*\356kZ\364\325\2213Z\005\277\257\205"
 268      9D2AEE6B 
 268      5AF4D591 
 268      335A05BF 
 268      AF85
 269 0681 DF1B0E87 		.ascii	"\337\033\016\207\371y?\206M\322\024\321\210V\362q\312"
 269      F9793F86 
 269      4DD214D1 
 269      8856F271 
 269      CA
 270 0692 4B105D56 		.ascii	"K\020]Vbag\320\271\207\306\004\230\032\004%\360\363"
 270      626167D0 
 270      B987C604 
 270      981A0425 
 270      F0F3
 271 06a4 47A9DEF5 		.ascii	"G\251\336\365G\306\374$\251i&u}{\364HU\343z\243\312"
 271      47C6FC24 
 271      A9692675 
 271      7D7BF448 
 271      55E37AA3 
 272 06b9 F0DBD127 		.ascii	"\360\333\321'\360\260\371\256J\332S-\374\301\210\244"
 272      F0B0F9AE 
 272      4ADA532D 
 272      FCC188A4 
 273 06c9 A9D02F46 		.ascii	"\251\320/F\337\006(\232\334\020Z\332\367\006\340\315"
ARM GAS  /tmp/ccnBHhfT.s 			page 21


 273      DF06289A 
 273      DC105ADA 
 273      F706E0CD 
 274 06d9 5EF46C3E 		.ascii	"^\364l>\226\322Q\034\210\202\307\261\341\276x\344\015"
 274      96D2511C 
 274      8882C7B1 
 274      E1BE78E4 
 274      0D
 275 06ea DF68280F 		.ascii	"\337h(\017\214sD\367\201K\006\357a\241\240\\X\037\377"
 275      8C7344F7 
 275      814B06EF 
 275      61A1A05C 
 275      581FFF
 276 06fd EFB542BE 		.ascii	"\357\265B\276lj\363\312u\352\033U\236j|\002\332%\372"
 276      6C6AF3CA 
 276      75EA1B55 
 276      9E6A7C02 
 276      DA25FA
 277 0710 D1CB19FC 		.ascii	"\321\313\031\374\007p\336\321gY\376\370{/v\372\244\246"
 277      0770DED1 
 277      6759FEF8 
 277      7B2F76FA 
 277      A4A6
 278 0722 AEC670BD 		.ascii	"\256\306p\275s\364\220\353\335\324\375W\372$\011x\222"
 278      73F490EB 
 278      DDD4FD57 
 278      FA240978 
 278      92
 279 0733 918E5E52 		.ascii	"\221\216^R\363\225a\302\353\360\313\342n\221\\\365r"
 279      F39561C2 
 279      EBF0CBE2 
 279      6E915CF5 
 279      72
 280 0744 CA3B4B7D 		.ascii	"\312;K}\361a\306\226\177\277\242\236\237\366\376\240"
 280      F161C696 
 280      7FBFA29E 
 280      9FF6FEA0 
 281 0754 76EE4A2F 		.ascii	"v\356J/\320\261\203\244\217t\347\265>\335j\300\265\014"
 281      D0B183A4 
 281      8F74E7B5 
 281      3EDD6AC0 
 281      B50C
 282 0766 3BD897DE 		.ascii	";\330\227\336\201\030\226Du\347Dz\203\301\343\271R$"
 282      81189644 
 282      75E7447A 
 282      83C1E3B9 
 282      5224
 283 0778 9F2BFB44 		.ascii	"\237+\373Dz\260\\zU\375\306\0177Q&]qRQ\277\016\005O"
 283      7AB05C7A 
 283      55FDC60F 
 283      3751265D 
 283      715251BF 
 284 078f 42004786 		.ascii	"B\000G\206B\371[Z@\207D\003\332/b\371\323<K\002\372"
 284      42F95B5A 
 284      40874403 
 284      DA2F62F9 
 284      D33C4B02 
ARM GAS  /tmp/ccnBHhfT.s 			page 22


 285 07a4 FE7F9366 		.ascii	"\376\177\223fx\327\323\377\364\322%\345Kx\242\200f\323"
 285      78D7D3FF 
 285      F4D225E5 
 285      4B78A280 
 285      66D3
 286 07b6 630B1543 		.ascii	"c\013\025C\235\016Q\177\007\241\214\007\230CIj{\354"
 286      9D0E517F 
 286      07A18C07 
 286      9843496A 
 286      7BEC
 287 07c8 A59C4D88 		.ascii	"\245\234M\210r\357\201\376"
 287      72EF81FE 
 288 07d0 42BA1F96 		.ascii	"B\272\037\226\320\263\251H>\311\016g7\275\3661p\356"
 288      D0B3A948 
 288      3EC90E67 
 288      37BDF631 
 288      70EE
 289 07e2 94F771BB 		.ascii	"\224\367q\273\266e?\031\243\346>\374S\334\333KK\217"
 289      B6653F19 
 289      A3E63EFC 
 289      53DCDB4B 
 289      4B8F
 290 07f4 EBA7E54B 		.ascii	"\353\247\345Km\016\362\3055/\263PJ)\201\301\034\201"
 290      6D0EF2C5 
 290      352FB350 
 290      4A2981C1 
 290      1C81
 291 0806 05BB17AA 		.ascii	"\005\273\027\252\005\0373*\333\002h\371\273(\240\243"
 291      051F332A 
 291      DB0268F9 
 291      BB28A0A3 
 292 0816 E23430BD 		.ascii	"\34240\275\346\252\310\365\307\255,\377+\273\022\252"
 292      E6AAC8F5 
 292      C7AD2CFF 
 292      2BBB12AA 
 293 0826 02DC95FF 		.ascii	"\002\334\225\377\260XUyr\037/U*_\252\255\3741Z\371\332"
 293      B0585579 
 293      721F2F55 
 293      2A5FAAAD 
 293      FC315AF9 
 294 083b 7BBBB374 		.ascii	"{\273\263t\270\233\317\243\242\263\015\006\316\326<"
 294      B89BCFA3 
 294      A2B30D06 
 294      CED63C
 295 084a 837DE8E4 		.ascii	"\203}\350\344\261\017\2352\205\251L\313TN\231\266\366"
 295      B10F9D32 
 295      85A94CCB 
 295      544E99B6 
 295      F6
 296 085b EEEA850F 		.ascii	"\356\352\205\017\035\306t\271#\271\202\317\013_\325"
 296      1DC674B9 
 296      23B982CF 
 296      0B5FD5
 297 086a E57F3CBF 		.ascii	"\345\177<\277\374\277\355o{\313\257\205\344\233~\260"
 297      FCBFED6F 
 297      7BCBAF85 
 297      E49B7EB0 
ARM GAS  /tmp/ccnBHhfT.s 			page 23


 298 087a 69550EF2 		.ascii	"iU\016\3628m\252\344iS\3112]s\326\331\021\240\255\342"
 298      386DAAE4 
 298      6953C932 
 298      5D73D6D9 
 298      11A0ADE2 
 299 088e 09C85605 		.ascii	"\011\310V\005\315V5\315t\225\234\351\213\327\327\233"
 299      CD5635CD 
 299      74959CE9 
 299      8BD7D79B 
 300 089e B565F108 		.ascii	"\265e\361\010~\375fw\202\350.K\360N^\226\032^\026\370"
 300      7EFD6677 
 300      82E82E4B 
 300      F04E5E96 
 300      1A5E16F8 
 301 08b2 A253D91E 		.ascii	"\242S\331\036\347e\251\245e)\333\226\3611~\307F\337"
 301      E765A9A5 
 301      6529DB96 
 301      F1317EC7 
 301      46DF
 302 08c4 B96EEF90 		.ascii	"\271n\357\220\267R\225C\003JU\310\307\233C\311\245C"
 302      B7529543 
 302      034A55C8 
 302      C79B43C9 
 302      A543
 303 08d6 9BCB9334 		.ascii	"\233\313\2234\227\373Nm\270\023\200S\275)\333\2525\307"
 303      97FB4E6D 
 303      B8138053 
 303      BD29DBAA 
 303      35C7
 304 08e8 930394A0 		.ascii	"\223\003\224\240r4A\235\037\026T\035\017\252^\234&\314"
 304      7234419D 
 304      1F16541D 
 304      0FAA5E9C 
 304      26CC
 305 08fa 3545C446 		.ascii	"5E\304F\207\233l\0211\361\341q&sD\3447\221K\355\361"
 305      879B6C11 
 305      31F1E171 
 305      267344E4 
 305      37914BED 
 306 090f CB23634D 		.ascii	"\313#cMa\344=\326\0262w\216)\326f\212\010\2152\331\342"
 306      61E43DD6 
 306      1632778E 
 306      29D6668A 
 306      088D32D9 
 307 0924 C2C87FAB 		.ascii	"\302\310\177\253\315>#L\277h\311\337&\233CB\004\203"
 307      CD3E234C 
 307      BF68C9DF 
 307      269B4342 
 307      0483
 308 0936 D51A1F19 		.ascii	"\325\032\037\031c\017\231c\265\377\321\024o\2133E\305"
 308      630F9963 
 308      B5FFD114 
 308      6F8B3345 
 308      C5
 309 0947 86013634 		.ascii	"\206\00164.\372\203\230\330\230\360\017\302C\277\211"
 309      2EFA8398 
 309      D898F00F 
ARM GAS  /tmp/ccnBHhfT.s 			page 24


 309      C243BF89 
 310 0957 3445C684 		.ascii	"4E\306\204E\305/\0177E\207\002kL\270\311\272<\374\333"
 310      45C52F0F 
 310      37458702 
 310      6B4CB8C9 
 310      BA3CFCDB 
 311 096b D0F828BB 		.ascii	"\320\370(\273\325\376\335\212p\333\214\010A/s\230\336"
 311      D5FEDD8A 
 311      70DB8C08 
 311      412F7398 
 311      DE
 312 097c CB61FBCE 		.ascii	"\313a\373\316f\202\020\226\203\001\030\372\200j\217"
 312      66821096 
 312      830118FA 
 312      806A8F
 313 098b 8C0EB7DA 		.ascii	"\214\016\267\332?\371\231#\211\263\273\251\302\"\210"
 313      3FF99923 
 313      89B3BBA9 
 313      C22288
 314 099a 350FC1DB 		.ascii	"5\017\301\333f\377<&\322>\357\277L\210\340g\263/\265"
 314      66FF3C26 
 314      D23EEFBF 
 314      4C88E067 
 314      B32FB5
 315 09ad 87C6D9E7 		.ascii	"\207\306\331\347GA\334\276D\211]A\337\015\360\036n\227"
 315      4741DCBE 
 315      44895D41 
 315      DF0DF01E 
 315      6E97
 316 09bf 5F1785BB 		.ascii	"_\027\205\273\021\326\250\250\345\326H\360\271\344\027"
 316      11D6A8A8 
 316      E5D648F0 
 316      B9E417
 317 09ce F85C111B 		.ascii	"\370\\\021\033g\267\231\226.[<{\226\351\213/\026\230"
 317      67B79996 
 317      2E5B3C7B 
 317      96E98B2F 
 317      1698
 318 09e0 967DBEF8 		.ascii	"\226}\276\370\237!<\012B\010#\3612\233\027[f\363\302"
 318      9F213C0A 
 318      420823F1 
 318      329B175B 
 318      66F3C2
 319 09f3 CC9E65B5 		.ascii	"\314\236e\265\353\345\027\361K\213n\301\342\371\026"
 319      EBE517F1 
 319      4B8B6EC1 
 319      E2F916
 320 0a02 BCC06CD1 		.ascii	"\274\300l\321}\266`\231\005\233\315\026l\001\231o\261"
 320      7DB66099 
 320      059BCD16 
 320      6C01996F 
 320      B1
 321 0a13 E0BF2C35 		.ascii	"\340\277,5c\363\222e:\263y\241\205r\314\242\277!x\341"
 321      63F39265 
 321      3AB379A1 
 321      8572CCA2 
 321      BF2178E1 
ARM GAS  /tmp/ccnBHhfT.s 			page 25


 322 0a27 228BB814 		.ascii	"\"\213\270\024,?_h\321-]\014h\263e\026H\010 \277\262"
 322      2C3F5F68 
 322      D12D5D0C 
 322      68B36516 
 322      480820BF 
 323 0a3c 2CFE9F83 		.ascii	",\376\237\203\267\331\243Ip\221\321\020\273\257[\261"
 323      B7D9A349 
 323      7091D110 
 323      BBAF5BB1 
 324 0a4c DA8D3C45 		.ascii	"\332\215<E6\222Vk(\311\232\277\325\372m|L\230\325:c"
 324      3692566B 
 324      28C99ABF 
 324      D5FA6D7C 
 324      4C98D53A 
 325 0a61 EE9C59F3 		.ascii	"\356\234Y\363\364\262\246\013\213\010\215\373\225\033"
 325      F4B2A60B 
 325      8B088DFB 
 325      951B
 326 0a6f 1EBB82A1 		.ascii	"\036\273\202\241\307\312-\341\243\230\317\376H\356\376"
 326      C7CA2DE1 
 326      A398CFFE 
 326      48EEFE
 327 0a7e C7A8DD7F 		.ascii	"\307\250\335\177\370\017J\024{\015"
 327      F80F4A14 
 327      7B0D
 328              		.text
 329              		.section	.gnu.lto_.symtab.e994d5b4b631ff39,"",%progbits
 330 0000 7374496E 		.ascii	"stInit\000"
 330      697400
 331 0007 00       		.ascii	"\000"
 332 0008 00       		.ascii	"\000"
 333 0009 00       		.ascii	"\000"
 334 000a 00000000 		.ascii	"\000\000\000\000\000\000\000\000"
 334      00000000 
 335 0012 C6000000 		.ascii	"\306\000\000\000"
 336 0016 73745374 		.ascii	"stStartAlarm\000"
 336      61727441 
 336      6C61726D 
 336      00
 337 0023 00       		.ascii	"\000"
 338 0024 00       		.ascii	"\000"
 339 0025 00       		.ascii	"\000"
 340 0026 00000000 		.ascii	"\000\000\000\000\000\000\000\000"
 340      00000000 
 341 002e CA000000 		.ascii	"\312\000\000\000"
 342 0032 73745374 		.ascii	"stStopAlarm\000"
 342      6F70416C 
 342      61726D00 
 343 003e 00       		.ascii	"\000"
 344 003f 00       		.ascii	"\000"
 345 0040 00       		.ascii	"\000"
 346 0041 00000000 		.ascii	"\000\000\000\000\000\000\000\000"
 346      00000000 
 347 0049 CC000000 		.ascii	"\314\000\000\000"
 348 004d 73745365 		.ascii	"stSetAlarm\000"
 348      74416C61 
 348      726D00
ARM GAS  /tmp/ccnBHhfT.s 			page 26


 349 0058 00       		.ascii	"\000"
 350 0059 00       		.ascii	"\000"
 351 005a 00       		.ascii	"\000"
 352 005b 00000000 		.ascii	"\000\000\000\000\000\000\000\000"
 352      00000000 
 353 0063 CE000000 		.ascii	"\316\000\000\000"
 354 0067 73744765 		.ascii	"stGetAlarm\000"
 354      74416C61 
 354      726D00
 355 0072 00       		.ascii	"\000"
 356 0073 00       		.ascii	"\000"
 357 0074 00       		.ascii	"\000"
 358 0075 00000000 		.ascii	"\000\000\000\000\000\000\000\000"
 358      00000000 
 359 007d D1000000 		.ascii	"\321\000\000\000"
 360 0081 73745F6C 		.ascii	"st_lld_init\000"
 360      6C645F69 
 360      6E697400 
 361 008d 00       		.ascii	"\000"
 362 008e 02       		.ascii	"\002"
 363 008f 00       		.ascii	"\000"
 364 0090 00000000 		.ascii	"\000\000\000\000\000\000\000\000"
 364      00000000 
 365 0098 D3000000 		.ascii	"\323\000\000\000"
 366              		.text
 367              		.section	.gnu.lto_.opts,"",%progbits
 368 0000 272D666D 		.ascii	"'-fmath-errno' '-fsigned-zeros' '-ftrapping-math' '"
 368      6174682D 
 368      6572726E 
 368      6F272027 
 368      2D667369 
 369 0033 2D666E6F 		.ascii	"-fno-trapv' '-fno-openmp' '-fno-openacc' '-mcpu=cor"
 369      2D747261 
 369      70762720 
 369      272D666E 
 369      6F2D6F70 
 370 0066 7465782D 		.ascii	"tex-m7' '-mno-thumb-interwork' '-mthumb' '-O2' '-fo"
 370      6D372720 
 370      272D6D6E 
 370      6F2D7468 
 370      756D622D 
 371 0099 6D69742D 		.ascii	"mit-frame-pointer' '-falign-functions=16' '-ffuncti"
 371      6672616D 
 371      652D706F 
 371      696E7465 
 371      72272027 
 372 00cc 6F6E2D73 		.ascii	"on-sections' '-fdata-sections' '-fno-common' '-flto"
 372      65637469 
 372      6F6E7327 
 372      20272D66 
 372      64617461 
 373 00ff 2700     		.ascii	"'\000"
 374              		.text
 375              		.comm	__gnu_lto_v1,1,1
 376              		.comm	__gnu_lto_slim,1,1
 377              		.ident	"GCC: (GNU Tools for Arm Embedded Processors 7-2017-q4-major) 7.2.1 20170904 (release) [ARM
ARM GAS  /tmp/ccnBHhfT.s 			page 27


DEFINED SYMBOLS
                            *ABS*:0000000000000000 hal_st.c
                            *COM*:0000000000000001 __gnu_lto_v1
                            *COM*:0000000000000001 __gnu_lto_slim

NO UNDEFINED SYMBOLS
