ARM GAS  /tmp/cc5GCeGt.s 			page 1


   1              		.cpu cortex-m7
   2              		.eabi_attribute 20, 1
   3              		.eabi_attribute 21, 1
   4              		.eabi_attribute 23, 3
   5              		.eabi_attribute 24, 1
   6              		.eabi_attribute 25, 1
   7              		.eabi_attribute 26, 1
   8              		.eabi_attribute 30, 2
   9              		.eabi_attribute 34, 1
  10              		.eabi_attribute 18, 4
  11              		.file	"hal_lld.c"
  12              		.section	.gnu.lto_.profile.3dcf1c73d25cc5b2,"",%progbits
  13 0000 789C6363 		.ascii	"x\234cc```\001bF\206\262,\000\001\316\000\354"
  13      60606001 
  13      624686B2 
  13      2C0001CE 
  13      00EC
  14              		.text
  15              		.section	.gnu.lto_.icf.3dcf1c73d25cc5b2,"",%progbits
  16 0000 789C6363 		.ascii	"x\234cc``\220b@\000\026\206\345{\217\354\347cl\352y"
  16      60609062 
  16      40001686 
  16      E57B8FEC 
  16      E7636CEA 
  17 0015 DAC3CE34 		.ascii	"\332\303\3164\355\336\352\347\254\314\2477\337\337\315"
  17      EDDEEAE7 
  17      ACCCA737 
  17      DFDFCD
  18 0024 CA00009E 		.ascii	"\312\000\000\236\277\013\316"
  18      BF0BCE
  19              		.text
  20              		.section	.gnu.lto_.jmpfuncs.3dcf1c73d25cc5b2,"",%progbits
  21 0000 789C6363 		.ascii	"x\234cc``\340a@\000f f\004b& \006\000\002\030\000\031"
  21      6060E061 
  21      40006620 
  21      66046226 
  21      20060002 
  22              		.text
  23              		.section	.gnu.lto_.inline.3dcf1c73d25cc5b2,"",%progbits
  24 0000 789C6363 		.ascii	"x\234cc``pc@\000f\006\0061mF\006&\265\015\015\254\014"
  24      60607063 
  24      40006606 
  24      06316D46 
  24      0626B50D 
  25 0017 6C0BE499 		.ascii	"l\013\344\231@\202\214\014\202\222@1\251\011\247\031"
  25      40828C0C 
  25      82924031 
  25      A909A719 
  26 0027 11625C40 		.ascii	"\021b\\@\202\211\341$\303_F\240T\017\343\203krp9\006"
  26      8289E124 
  26      C35F46A0 
  26      540FE383 
  26      6B727039 
  27 003c 00541A0A 		.ascii	"\000T\032\012 "
  27      20
  28              		.text
  29              		.section	.gnu.lto_.pureconst.3dcf1c73d25cc5b2,"",%progbits
ARM GAS  /tmp/cc5GCeGt.s 			page 2


  30 0000 789C6363 		.ascii	"x\234cc```\007bf\006)F)&)\000\001\275\000b"
  30      60606007 
  30      62660629 
  30      46292629 
  30      0001BD00 
  31              		.text
  32              		.section	.gnu.lto_hal_lld_backup_domain_init.3dcf1c73d25cc5b2,"",%progbits
  33 0000 789CA594 		.ascii	"x\234\245\224]H\024Q\024\307\317\271\367\316\314\356"
  33      5D481451 
  33      14C7CFB9 
  33      F7CECCEE 
  34 0010 9A093D55 		.ascii	"\232\011=U\370\320\253/\015ei\275\004\021\024D=\331"
  34      F8D0AB2F 
  34      0D6569BD 
  34      04111444 
  34      3DD9
  35 0022 7BF9050A 		.ascii	"{\371\005\012\033\033i\340\233ws\375\330\212\352!\335"
  35      1B1B69E0 
  35      9B7773FD 
  35      D88AEA21 
  35      DD
  36 0033 90AD3642 		.ascii	"\220\2556B\372\200\224h\373P3\327\335,-?\312\354\301"
  36      FA809468 
  36      FB5033D7 
  36      DD2C2D3F 
  36      CAECC1
  37 0046 140931B1 		.ascii	"\024\0111\261\017\"h\301$s\273w\356l#\276\324\326\300"
  37      0F2268C1 
  37      2473BB77 
  37      EE6C23BE 
  37      D4D6C0
  38 0059 9EB973E7 		.ascii	"\236\271s\347p~\377\377\231sW\007\200\235\032\300\001"
  38      707EFFFF 
  38      99735707 
  38      809D1AC0 
  38      01
  39 006a 713F227E 		.ascii	"q?\"~\350\002$\347G\000\374.B\350@>p\017\033\330\010"
  39      E80224E7 
  39      4700FC2E 
  39      42E8403E 
  39      700F1BD8 
  40 007f 7C0D45A6 		.ascii	"|\015E\246\266\031jj\241\021#\032\007\221\240Oe\211"
  40      B6196A6A 
  40      A111231A 
  40      0791A04F 
  40      6589
  41 0091 0443EDEF 		.ascii	"\004C\355\357\326\021\345\235\273\020j\011e\232\241"
  41      D611E59D 
  41      BB106A09 
  41      659AA1
  42 00a0 632D1104 		.ascii	"c-\021\004u\235\241\027(\306\033\347:I\336u.\256Xhj"
  42      759DA117 
  42      28C61BE7 
  42      3A49DE75 
  42      2EAE5868 
  43 00b5 BB9FD7AF 		.ascii	"\273\237\327\257\017S\200\026\252r\360.\346\201H\233"
  43      0F538016 
ARM GAS  /tmp/cc5GCeGt.s 			page 3


  43      AA72F02E 
  43      E681489B 
  44 00c5 B9B3DC9C 		.ascii	"\271\263\334\234\2553\265\217Q\324\001\305\242cL\213"
  44      AD33B58F 
  44      51D401C5 
  44      A2634C8B 
  45 00d5 F1E55423 		.ascii	"\361\345T#\217%\3330\264o\035B\230\"\221\201\312\300"
  45      8F25DB30 
  45      B46F1D42 
  45      98229181 
  45      CAC0
  46 00e7 64D064D0 		.ascii	"d\320d\320e0dp\311\340\226\301#\003@\223\2508\225\305"
  46      65306470 
  46      C9E096C1 
  46      23034093 
  46      A83895C5 
  47 00fb 6310A444 		.ascii	"c\020\244D,\352b\360\021\343]\037\026wHJ+E\001o\251"
  47      2CEA62F0 
  47      11E35D1F 
  47      1677484A 
  47      2B45016F 
  48 0110 8F8F1AA7 		.ascii	"\217\217\032\247i\230\022\224Z\256\376\014\264\273\325"
  48      69981294 
  48      5AAEFE0C 
  48      B4BBD5
  49 011f 237FE7E7 		.ascii	"#\177\347\347Ll\335\350\353\342\356\010^\366\013\033"
  49      4C6CDDE8 
  49      EBE2EE08 
  49      5EF60B1B 
  50 012f 9BC294E2 		.ascii	"\233\302\224\342}\314\305{\230\0132\277'\024mD\3636"
  50      7DCCC57B 
  50      980B32BF 
  50      27146D44 
  50      F336
  51 0141 0F609832 		.ascii	"\017`\2302|\200\021l\266\334\341C4\005\254\356{\003"
  51      7C80116C 
  51      B6DCE143 
  51      3405ACEE 
  51      7B03
  52 0153 2A1651B8 		.ascii	"*\026Q\270\366\371\336\260G\326G\344\004;E\025\241h"
  52      F6F9DEB0 
  52      47D647E4 
  52      043B4515 
  52      A168
  53 0165 FC949594 		.ascii	"\374\224\225\224\031\253\313au\243)\000\312\333R\201"
  53      19ABCB61 
  53      75A32900 
  53      CADB5281 
  54 0175 E2D195DE 		.ascii	"\342\321\225\3364\313[\340R\377\234[=\362\257M\226\267"
  54      34CB5BE0 
  54      52FF9C5B 
  54      3DF2AF4D 
  54      96B7
  55 0187 C9EE9969 		.ascii	"\311\356\231i\335\341\351\330#x\217l\336\247\331\301"
  55      DDE1E9D8 
  55      23788F6C 
  55      DEA7D9C1 
ARM GAS  /tmp/cc5GCeGt.s 			page 4


  56 0197 9EB592E7 		.ascii	"\236\265\222\347\227\357\030>\266\210\362\333`\257r"
  56      97EF183E 
  56      B688F2DB 
  56      60AF72
  57 01a6 B7D47053 		.ascii	"\267\324pSS8\246\210\263m\263\021\267mO\307\230(\364"
  57      5338A688 
  57      B36DB311 
  57      B76D4FC7 
  57      9828F4
  58 01b9 1E039389 		.ascii	"\036\003\223\211mv\222eX^AJa\332P\337#9\277\274\313"
  58      6D769265 
  58      585E414A 
  58      61DA50DF 
  58      2339BFBC 
  59 01ce B6BF524E 		.ascii	"\266\277RN\244\004\376$\250\317\021\024GS$\334Z\270"
  59      A404FE24 
  59      A8CF1114 
  59      475324DC 
  59      5AB8
  60 01e0 F28D493C 		.ascii	"\362\215I<C\316\031&T{\223\363\251\177\004<q\000\375"
  60      43CE1926 
  60      547B93F3 
  60      A97F043C 
  60      7100FD
  61 01f3 16E07747 		.ascii	"\026\340wG\031\002>\265\314\004)[1Z\027\257\031\312"
  61      19023EB5 
  61      CC04295B 
  61      315A17AF 
  61      19CA
  62 0205 ABF6D7DD 		.ascii	"\253\366\327\335\265\276\3463\2074\260jr\354b\311\320"
  62      B5BEE633 
  62      8734B06A 
  62      72EC62C9 
  62      D0
  63 0216 D0448E6A 		.ascii	"\320D\216j\355\006\034\\=8\031\240\236;\250\027rpt\313"
  63      ED061C5C 
  63      3D3819A0 
  63      9E3BA817 
  63      727074CB 
  64 022a 8406E234 		.ascii	"\204\006\3424\247]\264&l\027F\24632\344\024\037N\317"
  64      A75DB426 
  64      6C1746A6 
  64      3332E414 
  64      1F4ECF
  65 023d C8843D23 		.ascii	"\310\204=#.U\257?\265\020\263\215\020\034Q#\36261d\273"
  65      2E55AF3F 
  65      B510B38D 
  65      101C5123 
  65      F2363164 
  66 0252 75898C8E 		.ascii	"u\211\214\216\317\235\213\331*\003p\324\036\231&j\200"
  66      CF9D8BD9 
  66      2A0370D4 
  66      1E99266A 
  66      80
  67 0263 F81FC2A0 		.ascii	"\370\037\302\240\020\354\364{0\335owf\247\347\245\245"
  67      10ECF47B 
  67      30DD6F77 
ARM GAS  /tmp/cc5GCeGt.s 			page 5


  67      66A7E7A5 
  67      A5
  68 0274 93489DAF 		.ascii	"\223H\235\257\322:m\005\036U,z\256\373\215-\"\365#\225"
  68      D23A6D05 
  68      1E552C7A 
  68      AEFB8D2D 
  68      22F52395 
  69 0288 CAC1B1FF 		.ascii	"\312\301\261\3778\254\257\035\334\270\354\271\007\276"
  69      38ACAF1D 
  69      DCB8ECB9 
  69      07BE
  70 0296 E0C948C7 		.ascii	"\340\311H\307Y\253\224m\017\205-\221\261\337\254\360"
  70      59AB946D 
  70      0F852D91 
  70      B1DFACF0 
  71 02a6 1D2D378B 		.ascii	"\035-7\213\275\3455\346\236\212\312\222\312\242\352"
  71      BDE535E6 
  71      9E8ACA92 
  71      CAA2EA
  72 02b5 1365953E 		.ascii	"\023e\225>\263T\256}U[\012\013L\323WeV\024{\315c\276"
  72      B354AE7D 
  72      555B0A0B 
  72      4CD35765 
  72      56147BCD 
  73 02cb E3D55566 		.ascii	"\343\325Uf\321\241\203\371[U\334[XS#\337\034\366z\313"
  73      D1A183F9 
  73      5B55DC5B 
  73      585323DF 
  73      1CF67ACB 
  74 02df 3697C22F 		.ascii	"6\227\302/\024U\313\200"
  74      1455CB80 
  75              		.text
  76              		.section	.gnu.lto_hal_lld_init.3dcf1c73d25cc5b2,"",%progbits
  77 0000 789CA594 		.ascii	"x\234\245\224\317k\023Q\020\307\347\273o\233\215P[\217"
  77      CF6B1351 
  77      10C7E7BB 
  77      6F9B8D50 
  77      5B8F
  78 0012 057BF0DA 		.ascii	"\005{\360\332\213\017\025\354\037 x(z\252w\251i!\201"
  78      8B0F15EC 
  78      1F207828 
  78      7AAA77A9 
  78      692181
  79 0025 C88AA990 		.ascii	"\310\212\251\220[^L\177D\253\320\203\211 \253\004<H"
  79      5B5E4C7F 
  79      44ABD083 
  79      8920AB04 
  79      3C48
  80 0037 11117F9B 		.ascii	"\021\021\177\233\304\3526Zm\265\266Zz+U(RPKU\360P\017"
  80      C4EA365A 
  80      6DB5B65A 
  80      7A2B5528 
  80      52504B55 
  81 004e 6D7DB31B 		.ascii	"m}\263\033\272\275n\372`ggw\336\373\314\257\335\211"
  81      BABD6EFA 
  81      60676777 
  81      DEFBCCAF 
ARM GAS  /tmp/cc5GCeGt.s 			page 6


  81      DD89
  82 0060 10D14393 		.ascii	"\020\321C\223\350\204\276\357\327\027\004\301\030\235"
  82      E884BEEF 
  82      D71704C1 
  82      189D
  83 006e 25CA460D 		.ascii	"%\312F\015\200\025\025\005e\014dpE\\\023\250\015\257"
  83      80151505 
  83      650C6470 
  83      455C13A8 
  83      0DAF
  84 0080 948D8E3B 		.ascii	"\224\215\216;J/\367\372\2025\244\006\333\034AT\324\027"
  84      4A2FF7FA 
  84      8235A406 
  84      DB1C4154 
  84      D417
  85 0092 2F3C4207 		.ascii	"/<B\007\351m\313\0176\013{#\246\377\036\217\021!h\345"
  85      E96DCB0F 
  85      360B7B23 
  85      A6FF1E8F 
  85      112168E5 
  86 00a6 FE7C93AB 		.ascii	"\376|\223\2536\267\206\225;s\033K]\373@\216\200\301"
  86      36B78695 
  86      3B731B4B 
  86      5DFB408E 
  86      80C1
  87 00b8 C26461B1 		.ascii	"\302da\261hfA\224\327\007\265w\345\322%a\260\226s\351"
  87      68664194 
  87      D707B577 
  87      E5D22561 
  87      B09673E9 
  88 00cc 076A95EF 		.ascii	"\007j\225\357k1\306\335\020\246\366R\034\254\315Y#\302"
  88      6B31C6DD 
  88      10A6F652 
  88      1CACCD59 
  88      23C2
  89 00de 1106D8E9 		.ascii	"\021\006\330\351\300\315\311\225=\376\243\372\235W\274"
  89      C0CDC995 
  89      3DFEA3FA 
  89      9D57BC
  90 00ed 63B1BAFC 		.ascii	"c\261\272\374%R\302\255\254\216\367\200#\004\236\242"
  90      2552C2AD 
  90      AC8EF780 
  90      23049EA2 
  91 00fd 1D4FD04E 		.ascii	"\035O\320N\274\377\347\267\351\361\026yO\015\300\021"
  91      BCFFE7B7 
  91      E9F11679 
  91      4F0DC011 
  92 010d 269EA184 		.ascii	"&\236\241\204\202\227\006\236C\262\263\277Qv\025\216"
  92      8297069E 
  92      43B2B3BF 
  92      5176158E 
  93 011d 520E2815 		.ascii	"R\016(\025Hm^\232\032\273+8(`K\257VT\365\271\360\360"
  93      486D5E9A 
  93      1ABB2B38 
  93      28604BAF 
  93      5654F5B9 
  94 0133 2CDB4CBC 		.ascii	",\333L\274\010\360\343\036~\273\004&\010/}te\354\227"
ARM GAS  /tmp/cc5GCeGt.s 			page 7


  94      08F0E31E 
  94      7EBB0426 
  94      082F7D74 
  94      65EC97
  95 0146 F08B6485 		.ascii	"\360\213d\205\013\376\225G\347N\301m\274\004\023\001"
  95      0BFE9547 
  95      E74EC16D 
  95      BC041301 
  96 0156 A506B9BB 		.ascii	"\245\006\271\273|_\007\2547\232\265\235\340z=A\204\013"
  96      7C5F07AC 
  96      379AB59D 
  96      E07A3D41 
  96      840B
  97 0168 6DD2C319 		.ascii	"m\322\303\031\214{\353%\230[\037\202O2|\330\325\215"
  97      8C7BEB25 
  97      985B1F82 
  97      4F327CD8 
  97      D58D
  98 017a AF133BDA 		.ascii	"\257\023;\332\325\202w\276\313\205\313\010_\211\251"
  98      D58277BE 
  98      CB85CB08 
  98      5F89A9
  99 0189 C0DD34A4 		.ascii	"\300\3354\244\366\321x!\336\007\250\017;\013\361\257"
  99      F6D17821 
  99      DE07A80F 
  99      3B0BF1AF 
 100 0199 5E88E670 		.ascii	"^\210\346p\221\315x8\357\347\374\330x\247g\003\312\334"
 100      91CD7838 
 100      EFE7FCD8 
 100      78A76703 
 100      CADC
 101 01ab 6E3BFD29 		.ascii	"n;\375)`}\256'\270\212\\\351O\2537=\364\201ryu\321\312"
 101      607DAE27 
 101      B88A5CE9 
 101      4FAB373D 
 101      F4817279 
 102 01c2 6CA8A823 		.ascii	"l\250\250#\232\212\374I`\036\031=,\"\264\206\213\245"
 102      9A8AFC49 
 102      601E193D 
 102      2C22B486 
 102      8BA5
 103 01d4 6AC1EB8F 		.ascii	"j\301\353\2177\204\362\332\252'\206.V\227\214\333g\373"
 103      3784F2DA 
 103      AA27862E 
 103      56978CDB 
 103      67FB
 104 01e6 644FB22F 		.ascii	"dO\262/-\217\305\023g\022\335\375\027z\023\266\214\261"
 104      2D8FC513 
 104      6712DDFD 
 104      177A13B6 
 104      8CB1
 105 01f8 6EA70E75 		.ascii	"n\247\016u\036\225\322N\311xOR\236\263\317\367\247d"
 105      1E95D24E 
 105      C9784F52 
 105      9EB3CFF7 
 105      A764
 106 020a F7A99347 		.ascii	"\367\251\223G\016\373\362xg:\315\226\323\311d\357\301"
ARM GAS  /tmp/cc5GCeGt.s 			page 8


 106      0EFBF278 
 106      673ACD96 
 106      D3C964EF 
 106      C1
 107 021b 18FD07AF 		.ascii	"\030\375\007\257\025\240X"
 107      15A058
 108              		.text
 109              		.section	.gnu.lto_stm32_clock_init.3dcf1c73d25cc5b2,"",%progbits
 110 0000 789CA558 		.ascii	"x\234\245XkL\024W\024\2363\263\217\331\367\002\013,"
 110      6B4C1457 
 110      149E33B3 
 110      8FD9F702 
 110      0B2C
 111 0012 EB8AF8FA 		.ascii	"\353\212\370\372a\232tc\233\324\376\3354\351\217&\376"
 111      619A7463 
 111      9BD4FEDD 
 111      34E98F26 
 111      FE
 112 0023 B2FDDD28 		.ascii	"\262\375\335(\332JJC\243\2661\375\343\000\313K\250\265"
 112      DA4A4A43 
 112      A3B631FD 
 112      E300CB4B 
 112      A8B5
 113 0035 56B152AA 		.ascii	"V\261R\252\230V\253i\2256`+Pd\005\021\027Q*\265V\201"
 113      9856AB69 
 113      9536602B 
 113      50640511 
 113      17512AB5 
 114 004b 8A0579AC 		.ascii	"\212\005y\254\017|\324\372@e{\317\2753\3148\266\321"
 114      0F7CD4FA 
 114      40657BCF 
 114      BD33CC38 
 114      B6D1
 115 005d 017E9CBD 		.ascii	"\001~\234\275s\317\314w\276\363\235s\357\235\301\302"
 115      73CFCC77 
 115      BEF39D73 
 115      EF9DC1C2 
 116 006d 71DCB224 		.ascii	"q\334\262$\216{\213\374~\014\034\007\2638\3407\237\346"
 116      8E7B8BFC 
 116      7E0C1C07 
 116      B338E037 
 116      9FE6
 117 007f B87C9107 		.ascii	"\270|\221\007\201\015\004>P\337\312q\222\335\324\357"
 117      810D043E 
 117      50DFCA71 
 117      92DDD4EF 
 118 008f E0246780 		.ascii	"\340$g\200\315\207M`f~3\237\301\374\026\352\317`\363"
 118      CD874D60 
 118      667E339F 
 118      C1FC16EA 
 118      CF60F3
 119 00a2 610B5899 		.ascii	"a\013X\231\337\312\373\231_\244~?\233\017\213`c~\033"
 119      DFCAFB99 
 119      5FA47E3F 
 119      9B0F8B60 
 119      637E1B
 120 00b5 9FCEFC76 		.ascii	"\237\316\374v\352Og\363a;8\230\337\301\2471\277\223"
ARM GAS  /tmp/cc5GCeGt.s 			page 9


 120      EA4F67F3 
 120      613B3898 
 120      DFC1A731 
 120      BF93
 121 00c7 FAD3D87C 		.ascii	"\372\323\330|\330\011.\346w\361\251\314\237L\375\251"
 121      D8092EE6 
 121      77F1A9CC 
 121      9F4CFDA9 
 122 00d7 6C3E9C0C 		.ascii	"l>\234\014n\374\0057\357cn\017u\373\330t\330\003^\366"
 122      6EFC0537 
 122      EF636E0F 
 122      75FBD874 
 122      D8035EF6 
 123 00eb B8974F61 		.ascii	"\270\227Oa\376$\352Oa\363\341$\000\374\225D\3406\360"
 123      FE24EA4F 
 123      61F3E124 
 123      00FC9544 
 123      E036F0
 124 00fe 42C064CE 		.ascii	"B\300d\316\260X\375\242-\335\356Hs\272R\223\335>\217"
 124      B058FDA2 
 124      2DDDEE48 
 124      73BA5293 
 124      DD3E8F
 125 0111 37250936 		.ascii	"7%\0116\330\004N\3763+\003\2532\260)\003\2072p)\003"
 125      D8044EFE 
 125      332B03AB 
 125      32B02903 
 125      87327029 
 126 0126 B732F02A 		.ascii	"\2672\360*\203\012a\253\000\255%#\015\374\242o%\362"
 126      830A61AB 
 126      00AD2523 
 126      0DFCA26F 
 126      25F2
 127 0138 17DD3E69 		.ascii	"\027\335>i/\226\212\374\325$@\245\034\004\352`\021G"
 127      2F968AFC 
 127      D52440A5 
 127      1C04EA60 
 127      1147
 128 014a 6E1BFC71 		.ascii	"n\033\374qr\233\313bb\363P\017\026 \223g\"?T\013\345"
 128      729BCB62 
 128      62F3500F 
 128      16209367 
 128      223F540B 
 129 015f 42B50060 		.ascii	"B\265\000`\"\227\267NU\015\271\361\222\207,rY;X\336"
 129      2297B74E 
 129      550DB9F1 
 129      92872C72 
 129      593B58DE 
 130 0173 6E179602 		.ascii	"n\027\226\002>^\267\345\320Fa\341\327\222T E\217\307"
 130      3E5EB7E5 
 130      D04661E1 
 130      D7925420 
 130      458FC7
 131 0186 82BB0BA5 		.ascii	"\202\273\013\245\023\222\251Z\020\340g\020\010$\374"
 131      1392A95A 
 131      10E06710 
 131      0824FC
ARM GAS  /tmp/cc5GCeGt.s 			page 10


 132 0195 04413804 		.ascii	"\004A8\004A\032R\215\006\207a!\015FB6\220\220\304Y\333"
 132      411A528D 
 132      06876121 
 132      0D464236 
 132      9090C459 
 133 01aa 638E4A93 		.ascii	"c\216J\223\211\022):\371Bs\3755\337\253\300U\013&\036"
 133      8912293A 
 133      F94273FD 
 133      35DFABC0 
 133      550B261E 
 134 01be 8D80C684 		.ascii	"\215\200\306\204\306\214\306\202\306\212FDcCcG\343@"
 134      C68CC682 
 134      C68A4644 
 134      63436347 
 134      E340
 135 01d0 E344E342 		.ascii	"\343D\343B\343F\343A\343E\223\204&\031M\012\032\037"
 135      E346E341 
 135      E3459384 
 135      26194D0A 
 135      1A1F
 136 01e2 9A543469 		.ascii	"\232T4ih\322\321\370\321d\240\011\240\231\205&\210f"
 136      68D2D1F8 
 136      D164A009 
 136      A0998526 
 136      8866
 137 01f4 369A4C34 		.ascii	"6\232L4s\320d\241\231\213f\036\232\371h\026\240\341"
 137      73D064A1 
 137      998B661E 
 137      9AF96816 
 137      A0E1
 138 0206 B8522263 		.ascii	"\270R\"c\277C\212re\002O\006\205Q\356\012\264\336\031"
 138      BF438A72 
 138      65024F06 
 138      8551EE0A 
 138      B4DE19
 139 0219 EB2AB263 		.ascii	"\353*\262c\272D\201\312\242\326n+ji\246\372E\276j\037"
 139      BA4481CA 
 139      A2D66E2B 
 139      6A69A6FA 
 139      45BE6A1F 
 140 022d B1B14BE9 		.ascii	"\261\261K\351f\251\204j\3675\015^\264\324\300\316|R"
 140      66A9846A 
 140      F7350D5E 
 140      B4D4C0CE 
 140      7C52
 141 023f B99A40B5 		.ascii	"\271\232@\265`\201&\"b#\212H\274W/\307\232\335\241\003"
 141      60812622 
 141      62238A48 
 141      BC572FC7 
 141      9ADDA103 
 142 0253 52245FCA 		.ascii	"R$_\312\252\026\254\360\013\324\3006ZSh\206\020\271"
 142      AA16ACF0 
 142      0BD4C036 
 142      5A536886 
 142      10B9
 143 0265 A1B76E57 		.ascii	"\241\267nW:\002ZA*\225$\200#\344A\312\241\267\310\252"
 143      3A025A41 
ARM GAS  /tmp/cc5GCeGt.s 			page 11


 143      2A952480 
 143      23E441CA 
 143      A1B7C8AA 
 144 0279 E720520E 		.ascii	"\347 R\016\273\037G\016\332\330\245t)\237r\330w\264"
 144      BB1F470E 
 144      DAD8A574 
 144      299F72D8 
 144      77B4
 145 028b 51B26938 		.ascii	"Q\262i8\330 J8\264\310\034\232\267\327\227\200\206\303"
 145      D8204A38 
 145      B4C81C9A 
 145      B7D79780 
 145      86C3
 146 029d 51CA01AB 		.ascii	"Q\312\001\253\010\255\224C\373\301\211A\233LB\022\240"
 146      08AD9443 
 146      FBC18941 
 146      9B4C4212 
 146      A0
 147 02ae 8D51688C 		.ascii	"\215Qh\214_\034\266 \205*\001tyf\375o\232\200 \307h"
 147      5F1CB620 
 147      852A0174 
 147      7966FD6F 
 147      9A8020C7 
 148 02c3 001E03B4 		.ascii	"\000\036\003\264C\210`\025\336/\006\206\3043\260\372"
 148      43886015 
 148      DE2F0686 
 148      C433B0FA 
 149 02d3 631DC522 		.ascii	"c\035\305\"F4\001\300q\026\357\354F\220\0236\020\252"
 149      463401C0 
 149      7116EFEC 
 149      46901336 
 149      10AA
 150 02e5 430D7502 		.ascii	"C\015u\002BUtT&\010\034Y\300\254\230\215\361\201a+\213"
 150      42557454 
 150      26081C59 
 150      C0AC988D 
 150      F181612B 
 151 02fa 2D3C37B4 		.ascii	"-<7\264,TL\005\357dy<*\216\231\031\230\211\341\265'"
 151      2C544C05 
 151      EF64793C 
 151      2A8E9919 
 151      9889E1B5 
 152 030f EE453D2C 		.ascii	"\356E=,\021\036N\022\234a\210\364\266u\311\331bmj\257"
 152      111E4E12 
 152      9C6188F4 
 152      B675C9D9 
 152      626D6AAF 
 153 0323 353C70B1 		.ascii	"5<p\261;8\350\222\327V\251\020\340\310\326\003e\244"
 153      3B38E892 
 153      D756A910 
 153      E0C8D603 
 153      65A4
 154 0335 0995B66B 		.ascii	"\011\225\266k\214_\337#35\033\023\341\024\345Iw\204"
 154      8C5FDF23 
 154      33351B13 
 154      E114E549 
 154      7784
ARM GAS  /tmp/cc5GCeGt.s 			page 12


 155 0347 D30A4F99 		.ascii	"\323\012O\231\201\014v\344n\321G\214\303\243D\"\341"
 155      810C76E4 
 155      6ED1478C 
 155      C3A34422 
 155      E1
 156 0358 81EE1948 		.ascii	"\201\356\031H\376\253\032\355\014Jn\241\222\233\265"
 156      FEAB1AED 
 156      0C4A6EA1 
 156      929BB5
 157 0367 928FB7CB 		.ascii	"\222\217\267\313\211X\215J\336\243\202\377\246\244r"
 157      89588D4A 
 157      DEA382FF 
 157      A6A472
 158 0376 41965C64 		.ascii	"A\226\\dx\017\307\266^\000\226\214\023\3162\311\373"
 158      780FC7B6 
 158      5E00968C 
 158      13CE32C9 
 158      FB
 159 0387 A6241735 		.ascii	"\246$\0275\032g\310\032[4\032O(=m3\226\365\357j/\234"
 159      1A67C81A 
 159      5B341A4F 
 159      283D6D33 
 159      96F5EF6A 
 160 039d D3696C67 		.ascii	"\323ilg`\265\261\242\016\231\327\003\200?f\240\360y"
 160      60B5B1A2 
 160      0E99D703 
 160      803F66A0 
 160      F079
 161 03af 35D60554 		.ascii	"5\326\005T\330\316v\204\207{\254\377\201\365\354=\247"
 161      D8CE7684 
 161      877BACFF 
 161      81F5EC3D 
 161      A7
 162 03c0 57D5B48F 		.ascii	"W\325\264\217\256\367\251\015\305JZ\262_Y\355e\243\262"
 162      AEF7A90D 
 162      C54A5AB2 
 162      5F59ED65 
 162      A3B2
 163 03d2 320E636C 		.ascii	"2\016cl\377T\331^\324\255v'\003\273=0P\340f\312H\222"
 163      FF54D95E 
 163      D4AD7627 
 163      03BB3D30 
 163      50E066CA 
 164 03e8 0F066620 		.ascii	"\017\006f \315%5\330_(\215\2236\237U\333|\233:\344\346"
 164      CD2535D8 
 164      5F288D93 
 164      369F55DB 
 164      7C9B3AE4 
 165 03fd 73196DBE 		.ascii	"s\031m\276A\025|H\251q\203\334|n\206\327\266sg\204W"
 165      41157C48 
 165      A97183DC 
 165      7C6E86D7 
 165      B6736784 
 166 0412 5211E1B2 		.ascii	"R\021\341\262~\305\2735\355\347\227\333O\324\234,\337"
 166      7EC5BB35 
 166      EDE797DB 
 166      4FD49C2C 
ARM GAS  /tmp/cc5GCeGt.s 			page 13


 166      DF
 167 0423 95D8A755 		.ascii	"\225\330\247U\303aJ\315\204\324Fh\015{\312\343\371\002"
 167      C3614ACD 
 167      84D44668 
 167      0D7BCAE3 
 167      F902
 168 0435 AB61E9F9 		.ascii	"\253a\351\371\374N\016F\225:\036P\352\3501&\355\230"
 168      FC4E0E46 
 168      953A1E50 
 168      EAE83126 
 168      ED98
 169 0447 9A7D5C57 		.ascii	"\232}\\WG/\003;3<\321mS\222'\331_\231A!\257\252\321"
 169      472F033B 
 169      333CD16D 
 169      539227D9 
 169      5F994121 
 170 045e AE6121BD 		.ascii	"\256a!\275\264\2206m!\017+\205L\322\035qY\317:\341\256"
 170      B490366D 
 170      210F2B85 
 170      4CD21D71 
 170      59CF3AE1 
 171 0473 53707C2D 		.ascii	"Sp|-\203q\375.\222\314\360\372:\017\237\265*\271\000"
 171      8371FD2E 
 171      92CCF0FA 
 171      3A0F9FB5 
 171      2AB900
 172 0486 DCD01732 		.ascii	"\334\320\0272YS\310t\271\220v\315>r\244D&\227\362\334"
 172      5953C874 
 172      B99076CD 
 172      3E72A444 
 172      2697F2DC 
 173 049a E468DE37 		.ascii	"\344h\3367\325\303\367\226Ne\037\003\033\035\377\276"
 173      D5C3F796 
 173      4E651F03 
 173      1B1DFFBE 
 174 04aa 628A9909 		.ascii	"b\212\231\011n\353E6\020\354o5\330\035\024\331GEvhE"
 174      6EEB4536 
 174      10EC6F35 
 174      D81D14D9 
 174      47457668 
 175 04bf 6E1995F3 		.ascii	"n\031\225\363H5*\362?\252\310w\025\221\343\262\310i"
 175      48352AF2 
 175      3FAAC877 
 175      1591E3B2 
 175      C869
 176 04d1 048F327F 		.ascii	"\004\2172\177B\3234\215\246i\262\246N\215\2461E\323"
 176      42D3348D 
 176      A669B2A6 
 176      4E8DA631 
 176      45D3
 177 04e3 746369DE 		.ascii	"tci\336S\323\274\257\323\324O\300\350*\235\256\204\017"
 177      53D3BCAF 
 177      D3D44FC0 
 177      E82A9DAE 
 177      840F
 178 04f5 54EC0994 		.ascii	"T\354\011\224\320O%ti%\354T$\3140*\341CU\302Gz\011\003"
 178      D04F2574 
ARM GAS  /tmp/cc5GCeGt.s 			page 14


 178      6925EC54 
 178      24CC302A 
 178      E14355C2 
 179 050d 04EFE9FD 		.ascii	"\004\357\351\375%\240\2210\225JX*$\023\011\211\222n"
 179      25A09130 
 179      954A582A 
 179      24130989 
 179      926E
 180 051f 2DA76E85 		.ascii	"-\247n\205\323,\243\233\340cuaN\352_z\202\014\357d\242"
 180      D32CA39B 
 180      E0637561 
 180      4EEA5F7A 
 180      820CEF64 
 181 0534 E286796A 		.ascii	"\342\206yj\037\360BB\3172\250a\351\223\013\355\321\354"
 181      1FF04242 
 181      CF32A861 
 181      E9930BED 
 181      D1EC
 182 0546 8265FBA7 		.ascii	"\202e\373\247w\222I\374\324I\226\317\343.\330\325R\353"
 182      779249FC 
 182      D44996CF 
 182      E32ED8D5 
 182      52EB
 183 0558 905F5CF7 		.ascii	"\220_\\\367\215D\004(\340\203\334\010\024\324\014}\223"
 183      8D440428 
 183      E083DC08 
 183      14D40C7D 
 183      93
 184 0569 49BF54C8 		.ascii	"I\277T\310\207\013\271k\362\334\325\035t\257\024\310"
 184      870BB96B 
 184      F2DCD51D 
 184      74AF14C8 
 185 0579 6350C8D3 		.ascii	"cP\310\323n\250\214\357\212\333\361&=\213\025\334\263"
 185      6EA88CEF 
 185      8ADBF126 
 185      3D8B15DC 
 185      B3
 186 058a 6844280D 		.ascii	"hD(\015|\357\201\">\244\000\222\315}\377\3646\367b\212"
 186      7CEF8122 
 186      3EA40092 
 186      CD7DFFF4 
 186      36F7628A 
 187 059e 871F8F50 		.ascii	"\207\037\217PB\360\372\225O\200\246\330S\237\000v\372"
 187      42F0FA95 
 187      4F80A6D8 
 187      539F0076 
 187      FA
 188 05af 0930F643 		.ascii	"\0110\366C\307\204\213]J\367\331gH\317\336}GEm\012\244"
 188      C7848B5D 
 188      4AF7D967 
 188      48CFDE7D 
 188      47456D0A 
 189 05c4 25F82094 		.ascii	"%\370 \224\362,dbh\242N\333y\033iH\021C\226S%\333\036"
 189      F22C6462 
 189      68A24EDB 
 189      791B6948 
 189      11439653 
ARM GAS  /tmp/cc5GCeGt.s 			page 15


 190 05db D7759898 		.ascii	"\327u\230\230\224%\026\250\340\345\303\244e\277\334"
 190      942516A8 
 190      E0E5C3A4 
 190      65BFDC
 191 05ea 47B38D6D 		.ascii	"G\263\215m\357\237\250\225\332\304?\271$3\011\030}U"
 191      EF9FA895 
 191      DAC43FB9 
 191      24330918 
 191      7D55
 192 05fc 9EEED1F1 		.ascii	"\236\356\321\361\251\212\275\231'K2\223.I\257\266\375"
 192      A98ABD99 
 192      274B3293 
 192      2E49AFB6 
 192      FD
 193 060d 4FC464DA 		.ascii	"O\304d\332s\214\266\377g*\370\026^wtd\021\274\247\337"
 193      738CB6FF 
 193      672AF816 
 193      5E777464 
 193      11BCA7DF 
 194 0621 38F11BBB 		.ascii	"8\361\033\273\252\351N\247\274\"D\370\234Wz?E\356\375"
 194      AAE94EA7 
 194      BC2244F8 
 194      9C577A3F 
 194      45EEFD
 195 0634 24CD26D7 		.ascii	"$\315&\327\235\303\036\233k,\351\255\224\027\376_\001"
 195      9DC31E9B 
 195      6B2CE9AD 
 195      9417FE5F 
 195      01
 196 0645 B6E9049D 		.ascii	"\266\351\004\235G\300\350\0016]A+U\354\355(\350<\312"
 196      47C0E801 
 196      365D412B 
 196      55ECED28 
 196      E83CCA
 197 0658 D4C6D0E7 		.ascii	"\324\306\320\347\033\303\372\202b\331\021k\207\216\347"
 197      1BC3FA82 
 197      62D9116B 
 197      878EE7
 198 0667 02023623 		.ascii	"\002\0026#\236U*\366\227\310s\0017\216k}/\260\377MP"
 198      9E552AF6 
 198      97C87301 
 198      378E6B7D 
 198      2FB0FF4D 
 199 067c C981484D 		.ascii	"\311\201HM6\2577B\253\363\336_\025Z\236\273j}\350\265"
 199      36AF3742 
 199      ABF3DE5F 
 199      155A9EBB 
 199      6A7DE8B5 
 200 0690 D5392B72 		.ascii	"\3259+r\226\255\373peN^(\033\307yk\027/y%\024\312[\033"
 200      96ADFB70 
 200      654E5E28 
 200      1BC7796B 
 200      172F7925 
 201 06a8 5ABD3C37 		.ascii	"Z\275<7\364A\336\232ukC\313\336\\\372\362K\314\276\276"
 201      F441DE9A 
 201      756B43CB 
 201      DE5CFAF2 
ARM GAS  /tmp/cc5GCeGt.s 			page 16


 201      4BCCBEBE 
 202 06bc 64FD7AF4 		.ascii	"d\375z\364\274\235\233\273\362\305lN\\\231\375^\366"
 202      BC9D9BBB 
 202      F2C56C4E 
 202      5C99FD5E 
 202      F6
 203 06cd 3BEFAE59 		.ascii	";\357\256Y\374/\021C\322-"
 203      FC2F1143 
 203      D22D
 204              		.text
 205              		.section	.gnu.lto_.symbol_nodes.3dcf1c73d25cc5b2,"",%progbits
 206 0000 789C6363 		.ascii	"x\234cc``\360\006b\006\246\371L\365\014\014\023\316"
 206      6060F006 
 206      6206A6F9 
 206      4CF50C0C 
 206      13CE
 207 0012 313000A9 		.ascii	"10\000\251\235\015\007\033\330\200b\013\230\352\031"
 207      9D0D071B 
 207      D880620B 
 207      98EA19
 208 0021 6162BB1A 		.ascii	"ab\273\032\034\201\"\013\231\352\231PDX\347114*\001"
 208      1C81220B 
 208      99EA9950 
 208      4458E731 
 208      31342A01 
 209 0035 0D606664 		.ascii	"\015`fd`8\324\376F\236\001\000\343\366\022k"
 209      6038D4FE 
 209      469E0100 
 209      E3F6126B 
 210              		.text
 211              		.section	.gnu.lto_.refs.3dcf1c73d25cc5b2,"",%progbits
 212 0000 789C6363 		.ascii	"x\234cc```\004b\006\000\000D\000\010"
 212      60606004 
 212      62060000 
 212      440008
 213              		.text
 214              		.section	.gnu.lto_.decls.3dcf1c73d25cc5b2,"",%progbits
 215 0000 789CCD58 		.ascii	"x\234\315XkPT\311\025\276}{\200\031@\260`+1\211[e\271"
 215      6B5054C9 
 215      15BE7D7B 
 215      801940B0 
 215      602B3189 
 216 0017 6C49C5D2 		.ascii	"lI\305\322qp\243\326f+\265:\242\230\325]3c\236\177X"
 216      7170A3D6 
 216      662BB53A 
 216      A298D55D 
 216      33639E7F 
 217 002c 042CA9E5 		.ascii	"\004,\251\345a\011T\264\362#W@@\004\005E\345!\210\212"
 217      610954B4 
 217      F2235740 
 217      40040545 
 217      E521888A 
 218 0040 4F886F44 		.ascii	"O\210oD\336# \016oDTP\300\001E\021\037\313\303'\272"
 218      DE23200E 
 218      6F445450 
 218      C0014511 
 218      1FCBC327 
ARM GAS  /tmp/cc5GCeGt.s 			page 17


 219 0055 92D3B7EF 		.ascii	"\222\323\267\357\314\364\\\306\212\251\312\217\334\362"
 219      CCF45CC6 
 219      8AA9CA8F 
 219      DCF2
 220 0063 9BDBA7CF 		.ascii	"\233\333\247\317\327\247O\237>}n\243#\307qI\237p\334"
 220      D7A74F9F 
 220      3E7D6EA3 
 220      23C77149 
 220      9F70DC
 221 0076 6CCC716B 		.ascii	"l\314qk\020\307M\300\243\200\276\313\234\365\001\025"
 221      10C74DC0 
 221      A380BECB 
 221      9CF50115 
 222 0086 5706A800 		.ascii	"W\006\250\000T\001\200\3065q\266\317\337\241\323\011"
 222      540180C6 
 222      3571B6CF 
 222      DFA1D309 
 223 0096 DEDF0366 		.ascii	"\336\337\003f\001z\001=\200V\300oA\367%\242vn\002\274"
 223      017A013D 
 223      8056C06F 
 223      41F725A2 
 223      766E02BC 
 224 00aa A17D43B2 		.ascii	"\241}C\262S\306M~\376!\263e\036Ol}\005\357Rx\023\037"
 224      53C64D7E 
 224      FE21B365 
 224      1E4F6C7D 
 224      05EF5278 
 225 00c0 7F0EEDD9 		.ascii	"\177\016\355\331\200O\001\277\002\360\222\217\366l\376"
 225      804F01BF 
 225      02F0928F 
 225      F66CFE
 226 00cf 13F4AE92 		.ascii	"\023\364\256\222M\017\000,\2313\332\261o\366\373\017"
 226      4D0F002C 
 226      9933DAB1 
 226      6FF6FB0F 
 227 00df 207F0770 		.ascii	" \177\007p\201\366\027\210\372=\003\336s\000\277\220"
 227      81F61788 
 227      FA3D03DE 
 227      7300BF90 
 228 00ef FC9F06EF 		.ascii	"\374\237\006\357_\003V\001\246\003\346!\272\246*;\363"
 228      5F035601 
 228      A603E621 
 228      BAA62A3B 
 228      F3
 229 0100 A763547A 		.ascii	"\247cTz\271\242\312\345.\352A\340'\232*\366\"D\177\341"
 229      B9A2CAE5 
 229      2EEA41E0 
 229      279A2AF6 
 229      22447FE1 
 230 0114 4D20CA13 		.ascii	"M \312\023\346\007\321~\350\345\351K\242\022\301<\004"
 230      E607D17E 
 230      E8E5E94B 
 230      A212C13C 
 230      04
 231 0125 597A78C9 		.ascii	"Yzx\311\006o\266+\376\223\014 \326*\325\323\351\314"
 231      066FB62B 
 231      FE930C20 
ARM GAS  /tmp/cc5GCeGt.s 			page 18


 231      D62AD5D3 
 231      E9CC
 232 0137 0FDD0DDA 		.ascii	"\017\335\015\332`\306\321.\336:\0313d\222\257\234Em"
 232      60C6D12E 
 232      DE3A1933 
 232      6492AF9C 
 232      456D
 233 0149 71CABA48 		.ascii	"q\312\272H$\005\241\2406\241\331\331\204zA\373\027\216"
 233      2405A1A0 
 233      36A1D9D9 
 233      847A41FB 
 233      178E
 234 015b 4B558621 		.ascii	"KU\206!\322\233\323y\250\222\307\274\330.\252N~\356"
 234      D29BD379 
 234      A892C7BC 
 234      D82EAA4E 
 234      7EEE
 235 016d 863F15DB 		.ascii	"\206?\025\333/\373\313Z\224s\013\005\372([1\207.\"l"
 235      2FFBCB5A 
 235      94730B05 
 235      FA285B31 
 235      872E226C 
 236 0181 0EE89589 		.ascii	"\016\350\225\211W\006\367\355\030y8#\036\304\366\341"
 236      5706F7ED 
 236      18793823 
 236      1EC4F6E1 
 237 0191 A61C1710 		.ascii	"\246\034\027\020?qFSA,L\236Hw\230\266\227\014L\215\025"
 237      3F714653 
 237      412C4C9E 
 237      487798B6 
 237      970C4C8D 
 238 01a6 A6F2E8FB 		.ascii	"\246\362\350\373\237\241\0224\035]B\323\301\235R4\015"
 238      9FA11234 
 238      1D5D42D3 
 238      C19D5234 
 238      0D
 239 01b7 7EC315D4 		.ascii	"~\303\025\324R\337\320\336\277\315\314\023\014&\301"
 239      52DFD0DE 
 239      BFCDCC13 
 239      0C26C1
 240 01c6 703577D1 		.ascii	"p5w\321\315\232x\241\015\206}-\322P\021\302\250\030"
 240      CD9A78A1 
 240      0D867D2D 
 240      D25011C2 
 240      A818
 241 01d8 CD258B28 		.ascii	"\315%\213(\"\223\243\013\310\204\320yt\027\326P\206"
 241      2293A30B 
 241      C884D079 
 241      7417D650 
 241      86
 242 01e9 66C2F0CC 		.ascii	"f\302\360\314\334\235g0.C\242\317\347\342O]S\202\261"
 242      DC9D6730 
 242      2E43A2CF 
 242      E7E24F5D 
 242      5382B1
 243 01fc 3C307633 		.ascii	"<0v3\3275K0\304\200-^4Un5U.7U!\232\022\006\313\272\335"
 243      D7354B30 
ARM GAS  /tmp/cc5GCeGt.s 			page 19


 243      C4802D5E 
 243      34556E35 
 243      552E3755 
 244 0217 B1919ABA 		.ascii	"\261\221\232\272\326\326\221\342 \231\032\237mc\251"
 244      D6D691E2 
 244      20991A9F 
 244      6D63A9
 245 0226 D26AA952 		.ascii	"\322j\251Rn\251J\264\324c<Q\200!\034\263\234\021\331"
 245      6EA94AB4 
 245      D4633C51 
 245      80211CB3 
 245      9C11D9
 246 0239 2177E83A 		.ascii	"!w\350:\375\244\344\315\024\332E\314\267\357\034\315"
 246      FDA4E4CD 
 246      14DA45CC 
 246      B7EF1CCD 
 247 0249 77C25DD2 		.ascii	"w\302]\322\\qg\366c\032L\005\210#\315Y\367\334h0g\244"
 247      5C7167F6 
 247      631A4C05 
 247      8823CD59 
 247      F7DC6830 
 248 025f 63FE6ED7 		.ascii	"c\376n\327\333n7\344\354\235(\0101B^\254\240\362\343"
 248      DB6E37E4 
 248      EC9D2808 
 248      31425EAC 
 248      A0F2E3
 249 0272 502D04B3 		.ascii	"P-\004\263\006\202\211\352\22071I\334A\227\241\323\000"
 249      068289EA 
 249      90373149 
 249      DC4197A1 
 249      D300
 250 0284 9D4749DC 		.ascii	"\235GI\334\015\017\313\177\2279*\0103\320\025\344\214"
 250      0D0FCB7F 
 250      97392A08 
 250      33D015E4 
 250      8C
 251 0295 AAAD2ECF 		.ascii	"\252\255.\317r\246q?\221\237v\310\021\037\0207\236/"
 251      72A6713F 
 251      919F76C8 
 251      111F1037 
 251      9E2F
 252 02a7 CB1EB8C2 		.ascii	"\313\036\270\302\177h\216\372\017\316q\265yf\335V\022"
 252      7F688EFA 
 252      0FCE71B5 
 252      7966DD56 
 252      12
 253 02b8 1623CC71 		.ascii	"\026#\314q\325:\007LI'99\3762\216\254\214\350\205\246"
 253      D53A074C 
 253      49273939 
 253      FE328EAC 
 253      8CE885A6 
 254 02cc 8907A4EF 		.ascii	"\211\007\244\357L\376\300g\270\223&\334\216\343\255"
 254      4CFEC067 
 254      B89326DC 
 254      8EE3AD
 255 02db DD8E9F1F 		.ascii	"\335\216\237\037\026\362\252\311\356\177\225\017\273"
 255      16F2AAC9 
ARM GAS  /tmp/cc5GCeGt.s 			page 20


 255      EE7F950F 
 255      BB
 256 02e8 9F8A4476 		.ascii	"\237\212Dv#\265f\361\202\023{\032\210?M\350s\030\232"
 256      23B566F1 
 256      82137B1A 
 256      883F4DE8 
 256      73189A
 257 02fb 55F6BCC1 		.ascii	"U\366\274\301\201\006M\011bG\311\215D\027<H\315f\264"
 257      81064D09 
 257      6247C98D 
 257      44173C48 
 257      CD66B4
 258 030e 9FF57586 		.ascii	"\237\365u\206\265\304~\324Z`\300\323{\303\331\356\370"
 258      B5C47ED4 
 258      5A60C0D3 
 258      7BC3D9EE 
 258      F8
 259 031f 091D9D78 		.ascii	"\011\035\235x\366l\206\013\036\241\2029\263=hf_|P_\347"
 259      F66C860B 
 259      1EA18239 
 259      B33D6866 
 259      5F7C505F 
 260 0334 4CF74640 		.ascii	"L\367F@d\353\232\363\266+\360\013\221\353X\220qK\213"
 260      64EB9AF3 
 260      B62BF00B 
 260      91EB5890 
 260      714B8B
 261 0347 BCBCBCBC 		.ascii	"\274\274\274\274\275<\017\011q\261\202\341\326\335E"
 261      BD3C0F09 
 261      71B182E1 
 261      D6DD45
 262 0356 95879352 		.ascii	"\225\207\223R`y\010\265\302\242\332`\011\267\221\247"
 262      607908B5 
 262      C2A2DA60 
 262      09B791A7 
 263 0366 D51D3559 		.ascii	"\325\0355YX-Y\036GG\014Ub\310\2658,\322\257\331\245"
 263      582D591E 
 263      47470C55 
 263      62C8B538 
 263      2CD2AFD9 
 264 037b 6BACEC71 		.ascii	"k\254\354q\226\335\"g7#\013\235nWo%\316\024\204\251"
 264      96DD2267 
 264      37230B9D 
 264      6E576F25 
 264      CE1484A9 
 265 038f 84C5495B 		.ascii	"\204\305I[\305Yl\325U\341\023\027\004a\233\243h\254"
 265      C5596CD5 
 265      55E11317 
 265      04619BA3 
 265      68AC
 266 03a1 C3BE31EA 		.ascii	"\303\2761\352j\232x\260\001H\301\241\353\300h\027\225"
 266      6A9A78B0 
 266      0148C1A1 
 266      EBC06817 
 266      95
 267 03b2 844FB6AC 		.ascii	"\204O\266\254\023b|\023y\241\033\200[\200.\344e.\033"
 267      13627C13 
ARM GAS  /tmp/cc5GCeGt.s 			page 21


 267      79A11B80 
 267      5B802EE4 
 267      652E1B
 268 03c5 59E76AAB 		.ascii	"Y\347j\253\234p3\026\223\356T\314\320Y'\344\355I\235"
 268      9C703316 
 268      93EE54CC 
 268      D05927E4 
 268      ED499D
 269 03d8 6BA9C2B1 		.ascii	"k\251\302\261`\021j\264'\272cM%\342\353\007fD\3350\321"
 269      60116AB4 
 269      27BA634D 
 269      25E2EB07 
 269      6644DD30 
 270 03ed 474C3AFC 		.ascii	"GL:\374\352\310\023\225k\222%\265\305)\254y\325\213"
 270      EAC81395 
 270      6B9225B5 
 270      C529AC79 
 270      D58B
 271 03ff 5CC55209 		.ascii	"\\\305R\011o \217\325\036\037\223\012[*\331\340\302"
 271      6F208FD5 
 271      1E1F930A 
 271      5B2AD9E0 
 271      C2
 272 0410 E6ABDDD2 		.ascii	"\346\253\335\322\331L$\262\361d\372\015\025\356\022"
 272      D94C24B2 
 272      F164FA0D 
 272      15EE12
 273 041f 5780F232 		.ascii	"W\200\3622\2141<\356\247\20295<\244\324\310\277dz\207"
 273      8C313CEE 
 273      A7823935 
 273      3CA4D4C8 
 273      BF647A87 
 274 0433 F053AA34 		.ascii	"\360S\2524\324%?E\3705\025\022\373\022\256K\314\327"
 274      D4253F45 
 274      F8351512 
 274      FB12AE4B 
 274      CCD7
 275 0445 442E7E56 		.ascii	"D.~VP<\205&\225\201\310\023\325\257:\247\340\367\224"
 275      503C8526 
 275      9581C813 
 275      D5AF3AA7 
 275      E0F794
 276 0458 9C363CBA 		.ascii	"\2346<\272\333\221$\263 y\017\243\254\316?\"'\015\362"
 276      DB9124B3 
 276      20790FA3 
 276      ACCE3F22 
 276      270DF2
 277 046b 02CD13F3 		.ascii	"\002\315\023\363\270\270\350\360\217J\217T)Z_+\304\243"
 277      B8B8E8F0 
 277      8F4A8F54 
 277      295A5F2B 
 277      C4A3
 278 047d F410D874 		.ascii	"\364\020\330t\373\206\220\207y\2148\317\243\256\303"
 278      FB869087 
 278      798C38CF 
 278      A3AEC3
 279 048c 2AEAC730 		.ascii	"*\352\3070\221\367\225\364\017\273\341D\005\235\267"
ARM GAS  /tmp/cc5GCeGt.s 			page 22


 279      91F795F4 
 279      0FBBE144 
 279      059DB7
 280 049b E6C5980B 		.ascii	"\346\305\230\013N\246B\367\241\364#\012\312\034\024"
 280      4EA642F7 
 280      A1F4230A 
 280      CA1C14
 281 04aa 3F1AEFDE 		.ascii	"?\032\357\336\305)p\032U\306\224u\245I!3\211G&fw\276"
 281      C529701A 
 281      55C69475 
 281      A5492133 
 281      89472666 
 282 04c0 23CEA6CA 		.ascii	"#\316\246\312\267\317\216\015;\342#T(\356\333S%M\330"
 282      B7CF8E0D 
 282      3BE22354 
 282      28EEDB53 
 282      254DD8
 283 04d3 49E49AB1 		.ascii	"I\344\232\261\375#\256\3704Un\315\357Hv\302%T\270\376"
 283      FD23AEF8 
 283      34556ECD 
 283      EF4876C2 
 283      2554B8FE 
 284 04e7 E0609C2B 		.ascii	"\340`\234+e\266\021y\354NJ\235+\256\241\312Z\343\275"
 284      65B61179 
 284      EC4E4A9D 
 284      2BAEA1CA 
 284      5AE3BD
 285 04fa EB4ADC4C 		.ascii	"\353J\334L\205\355W\212\352\244\0152\022y\313\340\231"
 285      85ED578A 
 285      EAA40D32 
 285      1279CBE0 
 285      99
 286 050b 048C6F49 		.ascii	"\004\214oI\023J\221\365\220\";\322V\223\244\302}T\331"
 286      134A91F5 
 286      90223BD2 
 286      5693A4C2 
 286      7D54D9
 287 051e BC6DD71E 		.ascii	"\274m\327\036\036?\242\302\361\007\373wH\023.\"\241"
 287      1E3FA2C2 
 287      F107FB77 
 287      48132E22 
 287      A1
 288 052f C91ECE71 		.ascii	"\311\036\316q\305#TW~x\353\011%~K\205\262\342\362:\251"
 288      C5235457 
 288      7E78EB09 
 288      257E4B85 
 288      B2E2F23A 
 289 0544 EECC0331 		.ascii	"\356\314\0031\256%\245\333\025\307:\210\272S\203\011"
 289      AE25A5DB 
 289      15C73A88 
 289      BA538309 
 290 0554 0627BC9D 		.ascii	"\006'\274\235\012\331c=\217\244\305z\023#\315o\012\335"
 290      0AD9633D 
 290      8FA4C57A 
 290      1323CD6F 
 290      0ADD
 291 0566 F06EAA33 		.ascii	"\360n\2523\227x\017\261\304\243\362;Ej\234CU\007\007"
ARM GAS  /tmp/cc5GCeGt.s 			page 23


 291      97780FB1 
 291      C4A3F23B 
 291      456A9C43 
 291      550707
 292 0579 4B76BBE3 		.ascii	"Kv\273\343\243Tx\0267`\222\252\3174\362\255\354y\230"
 292      A3547816 
 292      376092AA 
 292      CF34F2AD 
 292      EC7998
 293 058c E4864F53 		.ascii	"\344\206OS]|\325\236\012\025.\241B\255\251\027\341j"
 293      5D7CD59E 
 293      0A152EA1 
 293      42ADA917 
 293      E16A
 294 059e DA7E9C64 		.ascii	"\332~\234d\350\342q#\025N\224\244\3649\340\016*\334"
 294      E8E27123 
 294      154E94A4 
 294      F439E00E 
 294      2ADC
 295 05b0 2B8E7BA9 		.ascii	"+\216{\251\300\235T(x\227\333\246\302=Th+5\015\270\341"
 295      C09D5428 
 295      7897DBA6 
 295      C23D5468 
 295      2B350DB8 
 296 05c5 012A0C55 		.ascii	"\001*\014U\305\337\22764]<\0037L&D\3633OE\364\333s\363"
 296      C5DF9736 
 296      345D3C03 
 296      374C2644 
 296      F3334F45 
 297 05dd 15785024 		.ascii	"\025xP$\177\366\342}j\254;\251z6\217\247\245\345mn\320"
 297      7FF6E27D 
 297      6AAC3BA9 
 297      7A368FA7 
 297      A5E56D6E 
 298 05f2 32F3B281 		.ascii	"2\363\262\201-3/\340\240\037\341\23123\206\230\022\007"
 298      2D332FE0 
 298      A01FE199 
 298      32338698 
 298      1207
 299 0604 07D6D050 		.ascii	"\007\326\320P/\2258\222\311I\274\214\276\215\227\027"
 299      2F953892 
 299      C949BC8C 
 299      BE8D9717 
 300 0614 D0512353 		.ascii	"\320Q#S\022S\344\374v$\253\240\015M\014\275O\356\215"
 300      1253E4FC 
 300      7624ABA0 
 300      0D4D0CBD 
 300      4FEE8D
 301 0627 09C9CDDF 		.ascii	"\011\311\315\337f\315\247\312\315\333\224sR\324\332"
 301      66CDA7CA 
 301      CDDB9473 
 301      52D4DA
 302 0636 1BF11691 		.ascii	"\033\361\026\221\016'\017\375(\2317\237G\364L\356\315"
 302      0E270FFD 
 302      2899379F 
 302      47F44CEE 
 302      CD
ARM GAS  /tmp/cc5GCeGt.s 			page 24


 303 0647 ED7AC67A 		.ascii	"\355z\306z\202\334z\374\244\305\26670\374wr\357\337"
 303      82DC7AFC 
 303      A4C5B637 
 303      30FC7772 
 303      EFDF
 304 0659 4EF2BE9D 		.ascii	"N\362\276\235\265\237h\337\276\306\352\375\355\006\306"
 304      B59F68DF 
 304      BEC6EAFD 
 304      ED06C6
 305 0668 FB71B9F7 		.ascii	"\373q\271\367o\220\214>\304.vPN\177 _l;\033\3124\273"
 305      6F908C3E 
 305      C42E7650 
 305      4E7F205F 
 305      6C3B1BCA 
 306 067e A164F2A0 		.ascii	"\241d\362\240\272\201\311\203\011\371R\337#y\344\373"
 306      BA81C983 
 306      09F952DF 
 306      2379E4FB 
 307 068e EB1967B6 		.ascii	"\353\031g\266\3622g\342x\2313C\2543;\344\3164O\212d"
 307      F23267E2 
 307      78993343 
 307      AC333BE4 
 307      CE344F8A 
 308 06a3 351BC9ED 		.ascii	"5\033\311\355\366\323R3\351[\271\233\237\216v\211:B"
 308      F6D35233 
 308      E95BB99B 
 308      9F8E7689 
 308      3A42
 309 06b5 279FADD3 		.ascii	"'\237\255\323\2747\312\343\275P&\340_\200\303\200}\200"
 309      BC37CAE3 
 309      BD5026E0 
 309      5F80C380 
 309      7D80
 310 06c7 02403E60 		.ascii	"\002@>`/ \007\220\0158\0048\0078\0128\0068\010\270\000"
 310      2F200790 
 310      0D380438 
 310      07380A38 
 310      063808B8 
 311 06dc D80FC805 		.ascii	"\330\017\310\005\234\000\\\004\354\001\024\002N\001"
 311      9C005C04 
 311      EC011402 
 311      4E01
 312 06ea CE00B200 		.ascii	"\316\000\262\000\307\001\305\200\003\200\"\300Y\300"
 312      C701C580 
 312      038022C0 
 312      59C0
 313 06f8 794006E0 		.ascii	"y@\006\340$\357\305\334\003F\331\225\305\310W\266eR"
 313      24EFC5DC 
 313      0346D995 
 313      C5C857B6 
 313      6552
 314 070a 0E8EB37C 		.ascii	"\016\216\263|A\316\177?)\305\033\031\372S\371>>\226"
 314      41CE7F3F 
 314      29C51B19 
 314      FA53F93E 
 314      3E96
 315 071c D3FBD90C 		.ascii	"\323\373\331\014\177-\247\277\234\224S\354qN\227;sW"
ARM GAS  /tmp/cc5GCeGt.s 			page 25


 315      7F2DA7BF 
 315      9C9453EC 
 315      714E973B 
 315      7357
 316 072e 4E1F6777 		.ascii	"N\037gw=\331~\261\260$\025$\3418\233\204\317\355\327"
 316      3DD97EB1 
 316      B0241524 
 316      E1389B84 
 316      CFEDD7
 317 0741 2E3636FD 		.ascii	".66\375\254\375\235\366\263\212q\247\232\215\315\250"
 317      ACFD9DF6 
 317      B38A71A7 
 317      9A8DCDA8 
 318 0751 DCFCB0FC 		.ascii	"\334\374\260\374:Wg\244\3279`M\276\316\2654\262uv\304"
 318      3A5767A4 
 318      D739604D 
 318      BECEB534 
 318      B27576C4 
 319 0765 BE319B7D 		.ascii	"\2761\233}d'\277/\347\337\233\304\037b\367=\326~\236"
 319      6427BF2F 
 319      E7DF9BC4 
 319      1F62F73D 
 319      D67E9E
 320 0778 B06B6377 		.ascii	"\260kcw\246\337~\241e\3532\273\357?\331\257l\014}\224"
 320      A6DF7EA1 
 320      65EB32BB 
 320      EF3FD9AF 
 320      6C0C7D94 
 321 078c 757EC0BE 		.ascii	"u~\300\276\363\354ig\255\277\262\237U6\373\310\232\177"
 321      F3EC6967 
 321      ADBFB29F 
 321      5536FBC8 
 321      9A7F
 322 079e 623F6929 		.ascii	"b?i)\037\276\216/\012\013{\340\317\007\361\353\310\237"
 322      1FBE8E2F 
 322      0A0B7BE0 
 322      CF07F1EB 
 322      C89F
 323 07b0 4FDAB675 		.ascii	"O\332\266u\212\345\216\373\240\211\336qKa\370%\336r"
 323      8AE58EFB 
 323      A089DE71 
 323      4B61F825 
 323      DE72
 324 07c2 C7251BF8 		.ascii	"\307%\033\370\201J\201J\240@\374?\026\013"
 324      814A814A 
 324      A040FC3F 
 324      160B
 325 07d0 72B5BBD5 		.ascii	"r\265\273\325\331\216\330{u)\317\336\253\313xz\257\206"
 325      D98ED87B 
 325      7529CFDE 
 325      ABCB787A 
 325      AF86
 326 07e2 37900FBC 		.ascii	"7\220\017\274{\233\351fC\206\277\244\255\344r\336\325"
 326      7B9BE966 
 326      4386BFA4 
 326      ADE472DE 
 326      D5
ARM GAS  /tmp/cc5GCeGt.s 			page 26


 327 07f3 F2D7B9C8 		.ascii	"\362\327\271\310\277\3714g\227\003\376\211^HF\263\352"
 327      BFF93467 
 327      9703FE89 
 327      5E4846B3 
 327      EA
 328 0804 1E3BE358 		.ascii	"\036;\343XGz\257:u2\016\343x*t\227o\251u\303;\250\320"
 328      477AAF3A 
 328      75320EE3 
 328      782A7497 
 328      6FA975C3 
 329 081b 7720E6BE 		.ascii	"w \346\276\003\336M\205K\025O}\350\035f:\371\017\240"
 329      03DE4D85 
 329      4B154F7D 
 329      E81D663A 
 329      F90FA0
 330 082e 9E1183F4 		.ascii	"\236\021\203\364\037\024&r\2459\360x\320\344\202\367"
 330      1F142672 
 330      A539F078 
 330      D0E482F7 
 331 083e 8954554D 		.ascii	"\211TUMOG\021B\322\255\305[\272\250\364f\262\007\250"
 331      4F471142 
 331      D2ADC55B 
 331      BAA8F466 
 331      B207A8
 332 0851 0276CBF8 		.ascii	"\002v\313\370\341\342 \326\236L\331\367\314\016\237"
 332      E1E220D6 
 332      9E4CD9F7 
 332      CC0E9F
 333 0860 3D102CBD 		.ascii	"=\020,\275JNgj\203M^\324@^T\213g\313(%E\023$E3lL#\340"
 333      4A4E676A 
 333      834D5ED4 
 333      405E548B 
 333      67CB2825 
 334 087d 2AA01E50 		.ascii	"*\240\036P\007\270\002h\260\251\354\015\354\214\225"
 334      07B80268 
 334      B0A9EC0D 
 334      EC8C95
 335 088c F667B4C9 		.ascii	"\366g\264\311z\226_+\347o\223\237\360\361\014\206n\220"
 335      7A965F2B 
 335      E76F939F 
 335      F0F10C86 
 335      6E90
 336 089e D399AB91 		.ascii	"\323\231\253\221t\0262h\3652\332\253^/3\330\340_\266"
 336      74163268 
 336      F532DAAB 
 336      5E2F33D8 
 336      E05FB6
 337 08b1 6B4C239D 		.ascii	"kL#\235\267\370.\241\323\005\347\212[\311\033\317$\224"
 337      B7F82EA1 
 337      D305E78A 
 337      5BC91BCF 
 337      2494
 338 08c3 AB90A7B7 		.ascii	"\253\220\247\267\335\240\2416\210\325\177\0237\352\351"
 338      DDA0A136 
 338      88D57F13 
 338      37EAE9
 339 08d2 B34C7A6A 		.ascii	"\263Lzj[ad\213\365\324\032\305S\013\016\3549\226\337"
ARM GAS  /tmp/cc5GCeGt.s 			page 27


 339      5B61648B 
 339      F5D41AC5 
 339      530B0EEC 
 339      3996DF
 340 08e5 E5C2A676 		.ascii	"\345\302\246v\253\3159\270&\235\003\362\376\345\372"
 340      ABCD39B8 
 340      269D03F2 
 340      FEE5FA
 341 08f4 8050FFD0 		.ascii	"\200P\377\320\320 \377\265\001\201?Do\360\017\212\010"
 341      D020FFB5 
 341      01813F44 
 341      6FF00F8A 
 341      08
 342 0905 0B0809F7 		.ascii	"\013\010\011\367\017\011\017\211Z\241^\037\021\026\254"
 342      0F090F89 
 342      5AA15E1F 
 342      1116AC
 343 0914 0E080DDE 		.ascii	"\016\010\015\336\244\326\256\017Y\033\242\217\212\016"
 343      A4D6AE0F 
 343      591BA28F 
 343      8A0E
 344 0922 0A895007 		.ascii	"\012\211P\007\222vD\244f\341\002\265:\"R\015\006\324"
 344      927644A4 
 344      66E102B5 
 344      3A22520D 
 344      06D4
 345 0934 1B223646 		.ascii	"\033\"6FE\252\365kV\315\367\241\277\313\026n\332\244"
 345      45AAF56B 
 345      56CDF7A1 
 345      BFCB166E 
 345      DAA4
 346 0946 964CCF0D 		.ascii	"\226L\317\015T.\377\366\2173\264\032\015\367\373\377"
 346      542EFFF6 
 346      8F33B41A 
 346      0DF7FBFF 
 347 0956 9949CED5 		.ascii	"\231I\316\325\3548qujdT\330|\037\377\300\320\210\300"
 347      EC387175 
 347      6A6454D8 
 347      7C1FFFC0 
 347      D088C0
 348 0969 1FC40E67 		.ascii	"\037\304\016g\177\377\350\220\360(\350\213\372R\035"
 348      7FFFE890 
 348      F028E88B 
 348      FA521D
 349 0978 1DB9510D 		.ascii	"\035\271Q\015\0320\032\2601lNxDx\360\234\340\200\265"
 349      1A301AB0 
 349      316C4E78 
 349      4478F09C 
 349      E080B5
 350 098b 21EA90F0 		.ascii	"!\352\220\360\300\320\350\240`uX\000\314\037\036\254"
 350      C0D0E8A0 
 350      60755800 
 350      CC1F1EAC 
 351 099b F60F0A5E 		.ascii	"\366\017\012^\027\020\035\032\345\037\265yCp\344\334"
 351      17101D1A 
 351      E51FB579 
 351      4370E4DC 
ARM GAS  /tmp/cc5GCeGt.s 			page 28


 352 09ab F59CD26C 		.ascii	"\365\234\322lC\375\037mDn\216T\373GF\005\301\000\030"
 352      43FD1F6D 
 352      446E8E54 
 352      FB474605 
 352      C10018
 353 09be E8AEDF1C 		.ascii	"\350\256\337\034\031\025\034\246\215\330\030\254%>a"
 353      19151CA6 
 353      8DD818AC 
 353      253E61
 354 09cd ADCE47A1 		.ascii	"\255\316G\241\325\3534\320\320\220\206\217\356\343\""
 354      D5EB34D0 
 354      D090868F 
 354      EEE322
 355 09dc 11181116 		.ascii	"\021\030\021\026\026\021\256\016\336\024\245\326\256"
 355      1611AE0E 
 355      DE14A5D6 
 355      AE
 356 09e9 D2AFD043 		.ascii	"\322\257\320C(\230h\210\253^\267p\001\264aR\227\325"
 356      28986888 
 356      AB5EB770 
 356      01B46152 
 356      97D5
 357 09fb 7FD6F9AF 		.ascii	"\177\326\371\257\001\327\227\006\257S.\325~\243]\266"
 357      01D79706 
 357      AF532ED5 
 357      7EA35DB6 
 358 0a0b 5CA7715E 		.ascii	"\\\247q^\275r\245~\361\012\322&\315\025>z\322t\320\353"
 358      BD72A57E 
 358      F10AD226 
 358      CD153E7A 
 358      D274D0EB 
 359 0a1f B5CB752A 		.ascii	"\265\313u*\235\257\336W\367'\337\245\0130\270\244X\262"
 359      9DAFDE57 
 359      F727DFA5 
 359      0B30B8A4 
 359      58B2
 360 0a31 546BEDFA 		.ascii	"Tk\355\372\215j\361\352%>+W\373~\253#-\015m\231\265"
 360      8D6AF1EA 
 360      253E2B57 
 360      FB7EAB23 
 360      2D0D6D99 
 361 0a46 5FA816FB 		.ascii	"_\250\026\373-\231/i\375,<?9o\276\023\261\002=\344\255"
 361      2D992F69 
 361      FD2C3C3F 
 361      396FBE13 
 361      B1023DE4 
 362 0a5b 61353E4E 		.ascii	"a5>N\304\202\250\361\223\030~\266\014\215\222\214\325"
 362      C482A8F1 
 362      93187EB6 
 362      0C8D928C 
 362      D5
 363 0a6c E9D7E848 		.ascii	"\351\327\350HCC\032\026\335<%\031Mu~f\222\037%a\355"
 363      43431A16 
 363      DD3C2519 
 363      4D757E66 
 363      921F2561 
 364 0a81 0A9D822C 		.ascii	"\012\235\202,\322\011\326K\336\274Vg\016\207\217\213"
ARM GAS  /tmp/cc5GCeGt.s 			page 29


 364      D209D64B 
 364      DEBC5667 
 364      0E878F8B 
 365 0a91 4EAB35C7 		.ascii	"N\2535\307\310\341\273\325k\264:^\257s\202\3067\276"
 365      C8E1BBD5 
 365      6BB43A5E 
 365      AF7382C6 
 365      37BE
 366 0aa3 7FD529C8 		.ascii	"\177\325)\310\017^\254\3259\212\032\315\224e+\027\353"
 366      0F5EACD5 
 366      398A1ACD 
 366      94652B17 
 366      EB
 367 0ab4 FDCCF47F 		.ascii	"\375\314\364\177\003\240\363\306<"
 367      03A0F3C6 
 367      3C
 368              		.text
 369              		.section	.gnu.lto_.symtab.3dcf1c73d25cc5b2,"",%progbits
 370 0000 68616C5F 		.ascii	"hal_lld_init\000"
 370      6C6C645F 
 370      696E6974 
 370      00
 371 000d 00       		.ascii	"\000"
 372 000e 00       		.ascii	"\000"
 373 000f 00       		.ascii	"\000"
 374 0010 00000000 		.ascii	"\000\000\000\000\000\000\000\000"
 374      00000000 
 375 0018 BD000000 		.ascii	"\275\000\000\000"
 376 001c 73746D33 		.ascii	"stm32_clock_init\000"
 376      325F636C 
 376      6F636B5F 
 376      696E6974 
 376      00
 377 002d 00       		.ascii	"\000"
 378 002e 00       		.ascii	"\000"
 379 002f 00       		.ascii	"\000"
 380 0030 00000000 		.ascii	"\000\000\000\000\000\000\000\000"
 380      00000000 
 381 0038 BF000000 		.ascii	"\277\000\000\000"
 382 003c 53797374 		.ascii	"SystemCoreClock\000"
 382      656D436F 
 382      7265436C 
 382      6F636B00 
 383 004c 00       		.ascii	"\000"
 384 004d 00       		.ascii	"\000"
 385 004e 00       		.ascii	"\000"
 386 004f 00000000 		.ascii	"\000\000\000\000\000\000\000\000"
 386      00000000 
 387 0057 CC000000 		.ascii	"\314\000\000\000"
 388              		.text
 389              		.section	.gnu.lto_.opts,"",%progbits
 390 0000 272D666D 		.ascii	"'-fmath-errno' '-fsigned-zeros' '-ftrapping-math' '"
 390      6174682D 
 390      6572726E 
 390      6F272027 
 390      2D667369 
 391 0033 2D666E6F 		.ascii	"-fno-trapv' '-fno-openmp' '-fno-openacc' '-mcpu=cor"
ARM GAS  /tmp/cc5GCeGt.s 			page 30


 391      2D747261 
 391      70762720 
 391      272D666E 
 391      6F2D6F70 
 392 0066 7465782D 		.ascii	"tex-m7' '-mno-thumb-interwork' '-mthumb' '-O2' '-fo"
 392      6D372720 
 392      272D6D6E 
 392      6F2D7468 
 392      756D622D 
 393 0099 6D69742D 		.ascii	"mit-frame-pointer' '-falign-functions=16' '-ffuncti"
 393      6672616D 
 393      652D706F 
 393      696E7465 
 393      72272027 
 394 00cc 6F6E2D73 		.ascii	"on-sections' '-fdata-sections' '-fno-common' '-flto"
 394      65637469 
 394      6F6E7327 
 394      20272D66 
 394      64617461 
 395 00ff 2700     		.ascii	"'\000"
 396              		.text
 397              		.comm	__gnu_lto_v1,1,1
 398              		.comm	__gnu_lto_slim,1,1
 399              		.ident	"GCC: (GNU Tools for Arm Embedded Processors 7-2017-q4-major) 7.2.1 20170904 (release) [ARM
ARM GAS  /tmp/cc5GCeGt.s 			page 31


DEFINED SYMBOLS
                            *ABS*:0000000000000000 hal_lld.c
                            *COM*:0000000000000001 __gnu_lto_v1
                            *COM*:0000000000000001 __gnu_lto_slim

NO UNDEFINED SYMBOLS
