ARM GAS  /tmp/ccq046By.s 			page 1


   1              		.cpu cortex-m7
   2              		.eabi_attribute 20, 1
   3              		.eabi_attribute 21, 1
   4              		.eabi_attribute 23, 3
   5              		.eabi_attribute 24, 1
   6              		.eabi_attribute 25, 1
   7              		.eabi_attribute 26, 1
   8              		.eabi_attribute 30, 2
   9              		.eabi_attribute 34, 1
  10              		.eabi_attribute 18, 4
  11              		.file	"hal_pal_lld.c"
  12              		.section	.gnu.lto_.profile.c9d7075243aa538e,"",%progbits
  13 0000 789C6363 		.ascii	"x\234cc```\003bF\206\367\214o\031\001\006>\001\354"
  13      60606003 
  13      624686F7 
  13      8C6F1901 
  13      063E01EC 
  14              		.text
  15              		.section	.gnu.lto_.icf.c9d7075243aa538e,"",%progbits
  16 0000 789C6363 		.ascii	"x\234cc``\340c@\000&\206w+\346\317ge\\\372\346\366-"
  16      6060E063 
  16      40002686 
  16      772BE6CF 
  16      67655CFA 
  17 0017 5E06002F 		.ascii	"^\006\000/D\006D"
  17      440644
  18              		.text
  19              		.section	.gnu.lto_.jmpfuncs.c9d7075243aa538e,"",%progbits
  20 0000 789C6363 		.ascii	"x\234cc``\220a@\000&\006FF\306\3729\314\014\214\314"
  20      60609061 
  20      40002606 
  20      4646C6FA 
  20      39CC0C8C 
  21 0015 40063B90 		.ascii	"@\006;\220\005\3421\00113\003\000<b\004\264"
  21      05E23101 
  21      31330300 
  21      3C6204B4 
  22              		.text
  23              		.section	.gnu.lto_.inline.c9d7075243aa538e,"",%progbits
  24 0000 789C6363 		.ascii	"x\234cc``\330\305\200\000L\014\014\213\031\02712\262"
  24      6060D8C5 
  24      80004C0C 
  24      0C8B1917 
  24      3132B2
  25 0013 33283032 		.ascii	"3(020+\200I\0070\231\000&\033\030\301\324\002\010u\000"
  25      302B8049 
  25      07309900 
  25      261B18C1 
  25      D4020875 
  26 0028 423108BC 		.ascii	"B1\010\274a|\260\231\217\301g\302!\026&\006\306\027"
  26      617CB099 
  26      8FC167C2 
  26      21162606 
  26      C617
  27 003a EC501244 		.ascii	"\354P\022Dp\200\231\034 B\000\314\024\000\021\012`\246"
  27      7080991C 
  27      204200CC 
ARM GAS  /tmp/ccq046By.s 			page 2


  27      1400110A 
  27      60A6
  28 004c 02887000 		.ascii	"\002\210p\0003\035@D\003#\023\204\002\223L\020\016\023"
  28      331D4044 
  28      03231384 
  28      02934C10 
  28      0E13
  29 005e C8598C0C 		.ascii	"\310Y\214\014\347\030\0162222\001\255c`\316\273\264"
  29      E7180E32 
  29      32323201 
  29      AD6360CE 
  29      BBB4
  30 0070 529841E2 		.ascii	"R\230A\342\302b\240\012\261'_\030Y\300.\007\0006\342"
  30      C262A00A 
  30      B1275F18 
  30      59C02E07 
  30      0036E2
  31 0083 2156     		.ascii	"!V"
  32              		.text
  33              		.section	.gnu.lto_.pureconst.c9d7075243aa538e,"",%progbits
  34 0000 789C6363 		.ascii	"x\234cc```\005b&\006)F)\000\000\374\000C"
  34      60606005 
  34      62260629 
  34      46290000 
  34      FC0043
  35              		.text
  36              		.section	.gnu.lto__pal_lld_init.c9d7075243aa538e,"",%progbits
  37 0000 789CA59B 		.ascii	"x\234\245\233{tL\347\032\207\347\333{\233\346&\241\264"
  37      7B744CE7 
  37      1A87E7DB 
  37      7B9BE626 
  37      A1B4
  38 0012 286DB5A5 		.ascii	"(m\265\245J/S\264\364~o\365\242\245\350\037\347\217"
  38      4A2F53B4 
  38      F47E6FF5 
  38      A2A5E81F 
  38      E78F
  39 0024 73E9EDB4 		.ascii	"s\351\355\264\326r\016\353\264\347\254\263\316?&\021"
  39      D6720EEB 
  39      B4E7ACB3 
  39      CE3F2611 
  40 0034 84502971 		.ascii	"\204P)q\213\220!\356A\020DB\210DBh\202\010B\\\022$\221"
  40      8B9021EE 
  40      41104442 
  40      88444268 
  40      8208425C 
  41 004b BAA60415 		.ascii	"\272\246\004\025\222\363\275\277\371>\337\036\351\254"
  41      92F3BDBF 
  41      F93EDF1E 
  41      E9AC
  42 0059 CC9E6D2D 		.ascii	"\314\236m-o3f\347\331\317\236\375zbM\032\247\303\341"
  42      6F3366E7 
  42      D9CF9EFD 
  42      7A624D1A 
  42      A7C3E1
  43 006c A87CC7E1 		.ascii	"\250|\307\341\370\013\377oW\376\233\351\016\246%\224"
  43      F80BFF6F 
ARM GAS  /tmp/ccq046By.s 			page 3


  43      57FE9BE9 
  43      0EA62594 
  44 007c 381CD121 		.ascii	"8\034\321!\032c\364\201;\2049\306jl,\233\242'\352,o"
  44      1A63F481 
  44      3B8439C6 
  44      6A6C2C9B 
  44      A227EA2C 
  45 0091 624D96D6 		.ascii	"bM\226\326{\231\233\377\312\235}\3059\301=\276s\262"
  45      7B999BFF 
  45      CA9D7DC5 
  45      39C13DBE 
  45      73B2
  46 00a3 EE70CCE2 		.ascii	"\356p\314\342\277\351\027\313`\275\371Q\007b\327&\353"
  46      BFE917CB 
  46      60BDF951 
  46      0762D726 
  46      EB
  47 00b4 F17AB2CE 		.ascii	"\361z\262\316\230\301\037\326\027'\235\211\244\207\032"
  47      98C11FD6 
  47      17279D89 
  47      A4871A
  48 00c3 EBCE1FD6 		.ascii	"\353\316\037\3265\245\327\032\3720\346\340\037o\272"
  48      35A5D71A 
  48      FA30E6E0 
  48      1F6FBA
  49 00d2 905218DE 		.ascii	"\220R\030\336k\211\333\035\343\316\275\260Xw\367H\326"
  49      6B89DB1D 
  49      E3CEBDB0 
  49      5877F748 
  49      D6
  50 00e3 F91F329D 		.ascii	"\371\0372\235\003\331F\326\215m`\335\034\374\217\034"
  50      03D946D6 
  50      8D6D60DD 
  50      1CFC8F1C 
  51 00f3 2C93F5A2 		.ascii	",\223\365\242\343O\257k\232\331\326ixO\31063\247\203"
  51      E34FAF6B 
  51      9AD9D669 
  51      784FC836 
  51      33A783
  52 0106 F10FD24B 		.ascii	"\361\017\322K\333\344\272\233\232'r\306\022v\340\343"
  52      DBE4BA9B 
  52      9A2772C6 
  52      1276E0E3 
  53 0116 54C6F827 		.ascii	"T\306\370'\031\032\015\235\206A#\204\021$\224>\014\243"
  53      191A0D9D 
  53      86412384 
  53      1124943E 
  53      0CA3
  54 0128 114E2382 		.ascii	"\021N#\202F[\032\2214\242h\264\243\321\236\306\3754"
  54      465B1A91 
  54      34A268B4 
  54      A3D19EC6 
  54      FD34
  55 013a 3AD0E848 		.ascii	":\320\350H\343\001\032\017\322\350D\2433\215.4\036\242"
  55      E3011A0F 
  55      D2E844A3 
  55      338D2E34 
ARM GAS  /tmp/ccq046By.s 			page 4


  55      1EA2
  56 014c D19506D9 		.ascii	"\321\225\006\331\032\017\323x\204\306\2434\272\323x"
  56      1A0FD378 
  56      84C6A334 
  56      BAD378
  57 015b 8CC6E334 		.ascii	"\214\306\3434\236\240\321\203FO\032O\322\350E\343)\032"
  57      9EA0D183 
  57      464F1A4F 
  57      D2E845E3 
  57      291A
  58 016d BD69F4A1 		.ascii	"\275i\364\241\3614\215gh<K\3439\032.\032\317\323\350"
  58      F1348D67 
  58      683C4BE3 
  58      391A2E1A 
  58      CFD3E8
  59 0180 4BA31F8D 		.ascii	"K\243\037\215\3764^\240\361\"\215\0014\006\322x\211"
  59      FE345EA0 
  59      F1228D01 
  59      3406D278 
  59      89
  60 0191 C6CB345E 		.ascii	"\306\3134^\241\361*\215\327h\274N\343\015\032o\322x"
  60      A1F12A8D 
  60      D768BC4E 
  60      E30D1A6F 
  60      D278
  61 01a3 8BC6DB34 		.ascii	"\213\306\3334\336\241\361.\215\367h\274O\343\003\032"
  61      DEA1F12E 
  61      8DF768BC 
  61      4FE3031A 
  62 01b3 83687C48 		.ascii	"\203h|H\343#\032\037\323\370\204\306`\032\237\322\370"
  62      E3231A1F 
  62      D3F884C6 
  62      601A9FD2 
  62      F8
  63 01c4 8CC6101A 		.ascii	"\214\306\020\032Ci|Nc\030\215\3414F\320\370\202\206"
  63      43697C4E 
  63      63188DE1 
  63      3446D0F8 
  63      8286
  64 01d6 C311C7EF 		.ascii	"\303\021\307\357\035\337,w\256c\222\256\321G\343r\035"
  64      1DDF2C77 
  64      AE6392AE 
  64      D147E372 
  64      1D
  65 01e7 BFB2BCEC 		.ascii	"\277\262\274\354\272\362\3740\272\245I:\343wz\326\370"
  65      BAF2FC30 
  65      BAA5493A 
  65      E3777AD6 
  65      F8
  66 01f8 BC7DF7D1 		.ascii	"\274}\367\321\322\264\301\242\304\316/\250\011\365>"
  66      D2B4C1A2 
  66      C4CE2FA8 
  66      09F53E
  67 0207 745F8973 		.ascii	"t_\211s\323ZUl9}\322\351a\013\242\3712vO\326\235,\233"
  67      D35A556C 
  67      397DD2E9 
  67      610BA2F9 
ARM GAS  /tmp/ccq046By.s 			page 5


  67      32764FD6 
  68 021e 2F4C165F 		.ascii	"/L\026_\030:\376\374\331\242\234H\327jw,K\326\357c["
  68      183AFEFC 
  68      D9A29C48 
  68      D76A772C 
  68      4BD6EF63 
  69 0233 9887CDC4 		.ascii	"\230\207\315\304\216\262\255\314\305\3176\356\346\004"
  69      8EB2ADCC 
  69      C5CF36EE 
  69      E604
  70 0241 E63D97E6 		.ascii	"\346=\227\346=\335\222\272\324\006\354\250\301\232\243"
  70      3DDD92BA 
  70      D406ECA8 
  70      C19AA3
  71 0250 580EA770 		.ascii	"X\016\247p\245\262\3118\310\332\271\266\251smg.~\002"
  71      A5B2C938 
  71      C8DAB9B6 
  71      A9736D67 
  71      2E7E02
  72 0263 5CDC8AA3 		.ascii	"\\\334\212\243\272\367|\2725Z.h\264\344l\307=\346\006"
  72      BAF77CBA 
  72      355A2E68 
  72      B4E46CC7 
  72      3DE606
  73 0276 87D932CD 		.ascii	"\207\3312\315S\354|25\0345,\306\223:M\027\250\304\232"
  73      53EC7C32 
  73      351C352C 
  73      C6933A4D 
  73      17A8C49A 
  74 028a B886A83E 		.ascii	"\270\206\250>\313\361\227\2750[K\362\204$\353!\016\361"
  74      CBF197BD 
  74      305B4BF2 
  74      8424EB21 
  74      0EF1
  75 029c 377D27EB 		.ascii	"7}'\353c\276K:\356\322\326\274\342Byr\016\242\275\013"
  75      63BE4B3A 
  75      EED2D6BC 
  75      E2427972 
  75      0EA2BD0B 
  76 02b0 4DD24358 		.ascii	"M\322CX\2018\177}\374\364r\306\317\237\000\2670V\010"
  76      81387F7D 
  76      FCF472C6 
  76      CF9F00B7 
  76      305608
  77 02c3 03CD8127 		.ascii	"\003\315\201'\347\346\224&\204\215\275COz\"\371\231"
  77      E7E69426 
  77      848DBD43 
  77      4F7A22F9 
  77      99
  78 02d4 D82EE6F2 		.ascii	"\330.\346\362\376\025\337\315\306\222Zw\341\025_\275"
  78      FE15DFCD 
  78      C6925A77 
  78      E1155FBD 
  79 02e4 3C5AD3FF 		.ascii	"<Z\323\377\344\015H\375\354\325\254g*\002R8/\"\311\235"
  79      E40D48FD 
  79      ECD5AC67 
  79      2A025238 
ARM GAS  /tmp/ccq046By.s 			page 6


  79      2F22C99D 
  80 02f8 1BCBC9E1 		.ascii	"\033\313\311\341\254\310\267!P\336\303z\362\317\270"
  80      ACC8B721 
  80      50DEC37A 
  80      F2CFB8
  81 0307 5671BA84 		.ascii	"Vq\272\204\221r8s\273\371&\261\275\374y\337\013o\336"
  81      91723873 
  81      BBF926B1 
  81      BDFC79DF 
  81      0B6FDE
  82 031a 96D260B4 		.ascii	"\226\322`\264\200\206\334\033&@\177a=\351\265\3407!"
  82      8086DC1B 
  82      26407F61 
  82      3DE9B5E0 
  82      3721
  83 032c 26BBAEF9 		.ascii	"&\273\256\371\307\273\215\212\365\276l\013\2348\202"
  83      C7BB8D8A 
  83      F5BE6C0B 
  83      9C3882
  84 033b 9F1AB99A 		.ascii	"\237\032\271\232\345}\235d\306X1s\262\022\272\304\022"
  84      E57D9D64 
  84      C6583173 
  84      B212BAC4 
  84      12
  85 034c BAA343CC 		.ascii	"\272\243C\314\257h\210\317+\312oX\004\275\222\373Z\276"
  85      AF6888CF 
  85      2BCA6F58 
  85      04BD92FB 
  85      5ABE
  86 035e 929EE683 		.ascii	"\222\236\346\203\374\360\266l?^L\035P\007;\200m\341"
  86      FCF0B66C 
  86      3F5E4C1D 
  86      50073B80 
  86      6DE1
  87 0370 8BB1A20D 		.ascii	"\213\261\242\015\301\315\344p\220\213\222rN\350^r$\275"
  87      C1CDE470 
  87      908B9272 
  87      4EE85E72 
  87      24BD
  88 0382 06AC54A0 		.ascii	"\006\254T\24076\026\234\014\241%\211v{\276\242=9\010"
  88      3736169C 
  88      0CA12589 
  88      767BBEA2 
  88      3D3908
  89 0395 B021C065 		.ascii	"\260!\300e\264*C\274\327\033\227\037\3515\037\032\230"
  89      B42A43BC 
  89      D71B971F 
  89      E9351F1A 
  89      98
  90 03a6 6A77F23C 		.ascii	"jw\362<\004\\\033\201;\334\3023p\261# 9\005\251\234"
  90      045C1B81 
  90      3BDCC233 
  90      70B12320 
  90      3905A99C 
  91 03ba C4867AC5 		.ascii	"\304\206z\305&I\261\317-\210\035\005\356>\201;fC\254"
  91      2649B1CF 
  91      2D881D05 
ARM GAS  /tmp/ccq046By.s 			page 7


  91      EE3E813B 
  91      6643AC
  92 03cd 02A41041 		.ascii	"\002\244\020A:Nb\237{\305&K\261a\026\304N\000\027*p"
  92      3A4E629F 
  92      7BC5264B 
  92      B16116C4 
  92      4E00172A 
  93 03e2 276D889D 		.ascii	"'m\210\235\002)L\220*Il\230W,^\212\015\267 V\005\\\270"
  93      02294C90 
  93      2A496C98 
  93      572C5E8A 
  93      0DB72056 
  94 03f9 C09DB621 		.ascii	"\300\235\266!v\006\244\010A:Kb\303\275bS\244\330\010"
  94      7606A408 
  94      413A4B62 
  94      C3BD6253 
  94      A4D808
  95 040c 0B62D5C0 		.ascii	"\013b\325\300\265\025\270\032\033b\265 E\012\3229\022"
  95      B515B81A 
  95      1B62B520 
  95      450AD239 
  95      12
  96 041d 1BE1159B 		.ascii	"\033\341\025\233*\305\276\260 V\007\\\224\300\375jC"
  96      2AC5BEB0 
  96      2056075C 
  96      94C0FD6A 
  96      43
  97 042e EC3C48ED 		.ascii	"\354<H\355\004\351\002\211}a\356\030\232s7\233T!<\362"
  97      04E90289 
  97      7D61EE18 
  97      9A73379B 
  97      54213CF2 
  98 0442 AC8E0A24 		.ascii	"\254\216\012$\357\027\221w\237\236\247\267\336\363K"
  98      EF179177 
  98      9F9EA7B7 
  98      DEF34B
  99 0451 706AEFA7 		.ascii	"pj\357\247\347\227e\317\257\370\366\334J\303\353\321"
  99      E79765CF 
  99      AFF8F6DC 
  99      4AC3EBD1 
 100 0461 F0A4BCC6 		.ascii	"\360\244\274\306\374P\321\3608j\370o\242\341\351A5\374"
 100      FC50D1F0 
 100      386AF86F 
 100      A2E1E941 
 100      35FC
 101 0473 2A2FF445 		.ascii	"*/\364E\277\015?\311\033NG\324\373i\3705\376\3526\320"
 101      BF0D3FC9 
 101      1B4E47D4 
 101      FB69F835 
 101      FEEA36D0 
 102 0487 6535D032 		.ascii	"e5\3202|\310\237\252.\2321!\302\333\360n\374\241\273"
 102      7CC89FAA 
 102      2E9A3121 
 102      C2DBF06E 
 102      FCA1BB
 103 049a D133D930 		.ascii	"\3213\3310\355\306u\361\352-K\314\217\217\364m\370\015"
 103      EDC675F1 
ARM GAS  /tmp/ccq046By.s 			page 8


 103      EA2D4BCC 
 103      8F8FF46D 
 103      F80D
 104 04ac D9F06B04 		.ascii	"\331\360k\004\274iZ\217\006\\\325\216\322\233\267\332"
 104      BC695A8F 
 104      065CD58E 
 104      D29BB7DA 
 105 04bc C8F5F8CD 		.ascii	"\310\365\370\315\264\036\273\347\244\224\204\233\327"
 105      B41EBBE7 
 105      A494849B 
 105      D7
 106 04c9 E377196D 		.ascii	"\343w\031m\220n\321z|\250\242\015\325\217\002s\303\336"
 106      906ED17A 
 106      7CA8A20D 
 106      D58F0273 
 106      C3DE
 107 04db 36CA6803 		.ascii	"6\312h\003w\333\206\330\035\031m\220\232H\354#\025m"
 107      77DB86D8 
 107      1D196D90 
 107      9A48EC23 
 107      156D
 108 04ed 887D6C41 		.ascii	"\210}lA\254YF\0338\267\026\274X\264&\242\015R\214\306"
 108      AC59461B 
 108      38B716BC 
 108      58B426A2 
 108      0D528CC6 
 109 0501 C53E56D1 		.ascii	"\305>V\321\206\330'\026\304\306i\"\332\300\305\332\020"
 109      86D82716 
 109      C4C66922 
 109      DAC0C5DA 
 109      10
 110 0512 1BAF8968 		.ascii	"\033\257\211h\2034\201\304>Q\321\206\330`\013b\0235"
 110      833481C4 
 110      3E51D186 
 110      D8600B62 
 110      1335
 111 0524 116DE0E2 		.ascii	"\021m\340\342l\210M\322D\264A\232Lb\203U\264!\366\251"
 111      6C884DD2 
 111      44B4419A 
 111      4C628355 
 111      B421F6A9 
 112 0538 05B1784D 		.ascii	"\005\261xMD\033\270)6\304\246j\"\332 \375Db\237\252"
 112      441BB829 
 112      36C4A66A 
 112      22DA20FD 
 112      44629FAA 
 113 054c 6843EC33 		.ascii	"hC\3543\013b\3234\021m\340\022l\210\375\254\211h\203"
 113      0B62D334 
 113      116DE012 
 113      6C88FDAC 
 113      896883
 114 055f 349DC43E 		.ascii	"4\235\304>3\207\013\221Q\321\276*\243\235\025P\264g"
 114      33870B91 
 114      51D1BE2A 
 114      A39D1550 
 114      B467
 115 0571 682DA2BD 		.ascii	"h-\242\275\245\365h'\302\351~?\321\236\251\211h\317"
ARM GAS  /tmp/ccq046By.s 			page 9


 115      A5F56827 
 115      C2E97E3F 
 115      D19EA989 
 115      68CF
 116 0583 D2828EF6 		.ascii	"\322\202\216\366l\215\242\235\2307\267\254\255\210v"
 116      6C8DA29D 
 116      9837B7AC 
 116      AD8876
 117 0592 02457B8E 		.ascii	"\002E{\216\346\215\366\226\240\242=W\353I\027\354'\332"
 117      E68DF696 
 117      A0A23D57 
 117      EB4917EC 
 117      27DA
 118 05a4 D779B4E9 		.ascii	"\327y\264\351\010~\352?\214v\222\346d\3634~Y|$\351o"
 118      087EEA3F 
 118      8C7692E6 
 118      64F3347E 
 118      597C24E9 
 119 05b9 53B44B37 		.ascii	"S\264K7\355\212\364F\373%\376\320S\274']3\355F\262\346"
 119      ED8AF446 
 119      FB25FED0 
 119      53BC275D 
 119      33ED46B2 
 120 05ce 7DF55615 		.ascii	"}\365V\025f\036\013\367\215\366|MD;\211\200\013L\353"
 120      661E0BF7 
 120      8DF67C4D 
 120      443B8980 
 120      0B4CEB
 121 05e1 C1E1FC53 		.ascii	"\301\341\374S\262S\317\325\334\375\232\316/\372\356"
 121      B253CFD5 
 121      DCFD9ACE 
 121      2FFAEE
 122 05f0 7A545464 		.ascii	"zTTd\035\2132\257G\212&\242\015\222\207\326\343m\025"
 122      1D8B32AF 
 122      478A26A2 
 122      0D9287D6 
 122      E36D15
 123 0603 6DA8BE13 		.ascii	"m\250\276\023\230\033\366v\241&\242\015\334\"\033b\251"
 123      981BF676 
 123      A126A20D 
 123      DC221B62 
 123      A9
 124 0614 9A883648 		.ascii	"\232\2106H\213I\354\035\025m\210\275kAl\211&\242\015"
 124      8B49EC1D 
 124      156D88BD 
 124      6B416C89 
 124      26A20D
 125 0627 DC521B62 		.ascii	"\334R\033b\313d\264AZNb\357\252hC\354=\013b+d\264\201"
 125      CB64B441 
 125      5A4E62EF 
 125      AA6843EC 
 125      3D0B622B 
 126 063e 5B69432C 		.ascii	"[iC,MF\033\244U$\366\236\2126\304\336\267 \266ZF\033"
 126      4D461BA4 
 126      5524F69E 
 126      8A36C4DE 
 126      B720B65A 
ARM GAS  /tmp/ccq046By.s 			page 10


 127 0654 B83536C4 		.ascii	"\27056\304\322e\264AZKb\357\253hC\354\003\013b\353d"
 127      D265B441 
 127      5A4B62EF 
 127      AB6843EC 
 127      030B62EB 
 128 0669 B4815B6F 		.ascii	"\264\201[oC,CF\033\244\015$\366\201\2126\304\006Y\020"
 128      432C4346 
 128      1BA40D24 
 128      F6818A36 
 128      C4065910 
 129 067d DB28A30D 		.ascii	"\333(\243\015\334&\033b\2312\332 m&\261A\346p!2*\332"
 129      DC261B62 
 129      9932DA20 
 129      6D26B141 
 129      E6702132 
 130 0693 73C5234F 		.ascii	"s\305#Ou@\321\316j\031\355\332\326\243\235\015\247\016"
 130      7540D1CE 
 130      6A19EDDA 
 130      D6A39D0D 
 130      A70E
 131 06a5 7EA2BD45 		.ascii	"~\242\275EF{k\360\321\316A\264\343\322\022Su\021\355"
 131      467B6BF0 
 131      D1CE41B4 
 131      E3D21253 
 131      7511ED
 132 06b8 3914ED6D 		.ascii	"9\024\355m\"\332\265AE{;Or\226\337h\227\2448qD\216\237"
 132      22DAB541 
 132      457B3B4F 
 132      7296DF68 
 132      97A43871 
 133 06cf 68E7F268 		.ascii	"h\347\362h\357\240{\260\203\226\341\025\376\324\255"
 133      EFA07BB0 
 133      8396E115 
 133      FED4AD
 134 06de 8C3575E2 		.ascii	"\2145u\342_\332et\350\352\365s\267F\230\226#O,G\374"
 134      5FDA6574 
 134      E8EAF573 
 134      B7469896 
 134      234F2C47 
 135 06f3 9C837734 		.ascii	"\234\203w4\337j\347\313j\347\022q\247i?v`?\312\257\247"
 135      DF6AE7CB 
 135      6AE71271 
 135      A7693F76 
 135      603FCAAF 
 136 0708 EF692BF7 		.ascii	"\357i+\367c\233i?\322&\225\345\370\354G\201\2546H\205"
 136      639B693F 
 136      D22695E5 
 136      F8EC4781 
 136      AC364885 
 137 071c B41FAFA8 		.ascii	"\264\037\257\250j\303\365\325\300\334\260\270\273d\265"
 137      6AC3F5D5 
 137      C0DCB0B8 
 137      BB64B5
 138 072b 81DB6D43 		.ascii	"\201\333mC\254HV\033\244=$\366\252\2526\304^\263 \266"
 138      AC48561B 
 138      A43D24F6 
 138      AAAA36C4 
ARM GAS  /tmp/ccq046By.s 			page 11


 138      5EB320B6 
 139 073f 57561BB8 		.ascii	"WV\033\270_l\210\025\313j\203TBb\257\251jC\354u\013"
 139      5F6C8815 
 139      CB6A8354 
 139      4262AFA9 
 139      6A43EC75 
 140 0754 62FB64B5 		.ascii	"b\373d\265\201\333oC\354\200\2546H\245$\366\272\252"
 140      81DB6F43 
 140      EC80AC36 
 140      48A524F6 
 140      BAAA
 141 0766 36C4DEB0 		.ascii	"6\304\336\260 vPV\033\2702\033b\207d\265A:Lbo\250jC"
 141      20765056 
 141      1BB8321B 
 141      628764B5 
 141      413A4C62 
 142 077e EC4D0B62 		.ascii	"\354M\013bGd\265\201+\267!vTV\033\244c$\366\246\252"
 142      4764B581 
 142      2BB72176 
 142      54561BA4 
 142      6324F6A6 
 143 0793 36C4DEB2 		.ascii	"6\304\336\262 V!\253\015\334q\033b'd\265A:Ibo\231\313"
 143      205621AB 
 143      0DDC711B 
 143      622764B5 
 143      413A4962 
 144 07aa 85CAA86A 		.ascii	"\205\312\250jo\227\325\256\017\250\332\247ZV\373j\353"
 144      6F97D5AE 
 144      0FA8DAA7 
 144      5A56FB6A 
 144      EB
 145 07bb D5AE8453 		.ascii	"\325\256\204SG?\325\256\222\325>\035|\265\317\240\332"
 145      473FD5AE 
 145      92D53E1D 
 145      7CB5CFA0 
 145      DA
 146 07cc 15E9C5E7 		.ascii	"\025\351\305\347"
 147 07d0 4344B53D 		.ascii	"CD\265=T\355\263\242\332W\203\252v5o\362)\277\325\256"
 147      54EDB3A2 
 147      DA5783AA 
 147      76356FF2 
 147      29BFD5AE 
 148 07e4 E1D5A623 		.ascii	"\341\325\246#\316\370\251v\015\257v-\335\203ZZ\206\376"
 148      CEF8A976 
 148      0DAF762D 
 148      DD835A5A 
 148      86FE
 149 07f6 FCA9AAE8 		.ascii	"\374\251\252\350}\347\302\275\325\276B\207\216;\036"
 149      7DE7C2BD 
 149      D5BE4287 
 149      8E3B1E
 150 0805 53779F69 		.ascii	"Sw\237i9\316\311/\351\361{\212t\337j\327\311j\327\020"
 150      39CEC92F 
 150      E9F17B8A 
 150      74DF6AD7 
 150      C96AD710 
 151 0819 F157D37E 		.ascii	"\361W\323~\324b?\026\247\257\233\307\344~\2345\355\307"
ARM GAS  /tmp/ccq046By.s 			page 12


 151      D4623F16 
 151      A7AF9BC7 
 151      E47E9C35 
 151      EDC7
 152 082b F48CB23F 		.ascii	"\364\214\262?\373\274}&\243\015\320\005Z\217\376*\332"
 152      FBBC7D26 
 152      A30DD005 
 152      5A8FFE2A 
 152      DA
 153 083c 507D2130 		.ascii	"P}!05\354\355E\031m\340.\005\357uY6\033\240+\344\365"
 153      35ECED45 
 153      196DE02E 
 153      05EF7559 
 153      361BA02B 
 154 0852 826A36BC 		.ascii	"\202j6\274^\264\340U/\233\015\334o\301{]\225\311\006"
 154      5EB4E055 
 154      2F9B0DDC 
 154      6FC17B5D 
 154      95C906
 155 0865 E81A79BD 		.ascii	"\350\032y\275\250\222\015\257\001\026\274\032d\262\201"
 155      A8920DAF 
 155      0116BC1A 
 155      64B281
 156 0874 BB1EBCD7 		.ascii	"\273\036\274\327\015Yl\200n\222\327\000Ulx\015\264\340"
 156      0D596C80 
 156      6E92D700 
 156      556C780D 
 156      B4E0
 157 0886 F5BB2C36 		.ascii	"\365\273,6p\267\202\367j\224\301\006\3506y\015T\301"
 157      70B782F7 
 157      6A94C106 
 157      E836790D 
 157      54C1
 158 0898 86D74B16 		.ascii	"\206\327K\026\274\356\310`\003\327\024\274W\263\354"
 158      BCEEC860 
 158      03D714BC 
 158      57B3EC
 159 08a7 35406E9D 		.ascii	"5@n\235{\275\244z\015\257\227-xE\353\242\327\300\305"
 159      7BBDA47A 
 159      0DAF972D 
 159      7845EBA2 
 159      D7C0C5
 160 08ba E8417B8D 		.ascii	"\350A{\215\323E\256\001\212%\257\227\315\311B^T\256"
 160      D345AE01 
 160      8A25AF97 
 160      CDC9425E 
 160      54AE
 161 08cc AB65AEEF 		.ascii	"\253e\256\357\004\224\353\361z\213\\7\267\236\353\011"
 161      0494EBF1 
 161      7A8B5C37 
 161      B79EEB09 
 162 08dc 707AC04F 		.ascii	"pz\300O\256'\352\"\327qz\320\271\236\244S\256\367/\253"
 162      AE27EA22 
 162      D7717AD0 
 162      B99EA453 
 162      AEF72FAB 
 163 08f0 8D6B2372 		.ascii	"\215k#r\275\234r=Y\367\346\2729\250\\\307\353=\351\202"
ARM GAS  /tmp/ccq046By.s 			page 13


 163      BD9C723D 
 163      59F7E6BA 
 163      39A85CC7 
 163      EB3DE982 
 164 0904 FDE4BA89 		.ascii	"\375\344\272\211\347\232\216\340\247\376\303\\O\321"
 164      E79A8EE0 
 164      A7FEC35C 
 164      4FD1
 165 0912 9D6C2A05 		.ascii	"\235l*\005\210\217$\375\031\376\324\232\033K\213\230"
 165      888F24FD 
 165      19FED49A 
 165      1B4B8B98 
 166 0922 37D753E8 		.ascii	"7\327S\350{\345\011W\307\325\233w\343'\335\373\362\245"
 166      7BE50957 
 166      C7D59B77 
 166      E327DDFB 
 166      F2A5
 167 0934 E44C5B17 		.ascii	"\344L[\027\346\233\353i\272\310\365\024\"&\230\326\203"
 167      E69BEB69 
 167      BAC8F514 
 167      222698D6 
 167      83
 168 0945 D3F9A7C4 		.ascii	"\323\371\247\304\316N)\275\373\316\031\277\352\273\353"
 168      CE4E29BD 
 168      FBCE19BF 
 168      EABBEB
 169 0954 E1895D74 		.ascii	"\341\211]t<\324\347\2353]\364\032\244\351\264\037\317"
 169      3CD4E79D 
 169      335DF41A 
 169      A4E9B41F 
 169      CF
 170 0965 A85EC3F5 		.ascii	"\250^\303\365\331\300\334\260\2673t\321k\340\022m\210"
 170      D9C0DCB0 
 170      B73374D1 
 170      6BE0126D 
 170      88
 171 0976 CDD445B0 		.ascii	"\315\324E\260A\232Eb\317\252`C\3549\013b\263u\021l\340"
 171      419A4562 
 171      CFAA6043 
 171      EC390B62 
 171      B375116C 
 172 098b E6D8109B 		.ascii	"\346\330\020\233\253\213b\203\224Db\317\251bC\314eA"
 172      AB8B6283 
 172      944462CF 
 172      A96243CC 
 172      6541
 173 099d 6C9E2E8A 		.ascii	"l\236.\212\015\\\262\015\261\371\272H6H\013H\314\245"
 173      0D5CB20D 
 173      B1F9BA48 
 173      36480B48 
 173      CCA5
 174 09af 920DB1E7 		.ascii	"\222\015\261\347-\210\245\350\"\331\300yl\210-\324E"
 174      2D88A5E8 
 174      22D9C079 
 174      6C882DD4 
 174      45
 175 09c0 B3415A44 		.ascii	"\263AZDb\317\253fC\254\257\005\261T]4\033\270\3056\304"
ARM GAS  /tmp/ccq046By.s 			page 14


 175      62CFAB66 
 175      43ACAF05 
 175      B1545D34 
 175      1BB8C536 
 176 09d5 96E822DA 		.ascii	"\226\350\"\332 -%\261\276*\332\020\353gAl\231\2146p"
 176      202D25B1 
 176      BE2ADA10 
 176      EB67416C 
 176      998C3670 
 177 09e9 CB6D88AD 		.ascii	"\313m\210\255\220\325\006i%\211\3653\227\013\225Q\325"
 177      90D50669 
 177      2589F533 
 177      970B9551 
 177      D5
 178 09fa 8E178F3C 		.ascii	"\216\027\217<+:\006R\355\264\226\325NKl\265\332\253"
 178      2B3A0652 
 178      EDB496D5 
 178      4E4B6CB5 
 178      DAAB
 179 0a0c E0F4A09F 		.ascii	"\340\364\240\237j\257\226\325^\023|\265\323Q\355\031"
 179      6AAF96D5 
 179      5E137CB5 
 179      D351ED19 
 180 0a1c 0DCBAA64 		.ascii	"\015\313\252d\265\327R\265\327\212j\247%\006S\355u\274"
 180      B5D752B5 
 180      D78A6AA7 
 180      250653ED 
 180      75BC
 181 0a2e C9697EAB 		.ascii	"\311i~\253}x\271\023G\244\373\251\366z^\355\014\272"
 181      7D78B913 
 181      47A4FBA9 
 181      F67A5EED 
 181      0CBA
 182 0a40 0719B40C 		.ascii	"\007\031\264\014\244W\335\334\254{\243\275\234\242}"
 182      A457DDDC 
 182      AC7BA3BD 
 182      9CA27D
 183 0a4f 7E71EED2 		.ascii	"~q\356\322(\323nl\020\273\221\330\260\367\177\276\315"
 183      28D36E6C 
 183      10BB91D8 
 183      B0F77FBE 
 183      CD
 184 0a60 DE289BBD 		.ascii	"\336(\233\275\236x\233L\333\221\201\355\330t|a\331\335"
 184      9E789B4C 
 184      DB9181ED 
 184      D8747C61 
 184      D9DD
 185 0a72 2FE96B4D 		.ascii	"/\351kM\333\221\271\362\340E\315\347\2153\331l\2206"
 185      DB91B9F2 
 185      E045CDE7 
 185      8D33D96C 
 185      9036
 186 0a84 D376F454 		.ascii	"\323v\364T\315\206\351\223\001\251ak\263d\262A\313\266"
 186      CD86E993 
 186      01A9616B 
 186      B364B241 
 186      CBB6
ARM GAS  /tmp/ccq046By.s 			page 15


 187 0a96 E1B54526 		.ascii	"\341\265E&\033\244\255\344\365\244J6\274z\005\356\225"
 187      1BA4ADE4 
 187      F5A44A36 
 187      BC7A05EE 
 187      95
 188 0aa7 238B0DDA 		.ascii	"#\213\015\3326\033^\333e\261A\312%\257^\252\330\360"
 188      361B5EDB 
 188      65B141CA 
 188      25AF5EAA 
 188      D8F0
 189 0ab9 7A2A70AF 		.ascii	"z*p\257\0352\330\240\345\331\360\312\227\301\006i'y"
 189      1D32D8A0 
 189      E5D9F0CA 
 189      97C10669 
 189      2779
 190 0acb 3DA5820D 		.ascii	"=\245\202\015\257\336\201{\025\310^\203Vh\303k\227\354"
 190      AFDE817B 
 190      15C85E83 
 190      5668C36B 
 190      97EC
 191 0add 3548BBC9 		.ascii	"5H\273\311\253\267\3525\274\372\004\356U$s\015\332\036"
 191      ABB7EA35 
 191      BCFA04EE 
 191      5524730D 
 191      DA1E
 192 0aef 1B5E7B65 		.ascii	"\033^{e\256A\372\205\274\372\250\\\303\353\351\300\275"
 192      AE41FA85 
 192      BCFAA85C 
 192      C3EBE9C0 
 192      BD
 193 0b00 8A65AD41 		.ascii	"\212e\255A+\261\341\265O\326\032\244\375\344\365\264"
 193      2BB1E1B5 
 193      4FD61AA4 
 193      FDE4F5B4 
 194 0b10 B958A88B 		.ascii	"\271X\250\213\252\365:Y\353\215\001\325\372@\313Zg\266"
 194      AAF53A59 
 194      EB8D01D5 
 194      FA40CB5A 
 194      67B6
 195 0b22 5EEB5238 		.ascii	"^\353R8u\362S\353\203\262\326e\301\327\372\020rX\260"
 195      75F253EB 
 195      83B2D665 
 195      C1D7FA10 
 195      7258B0
 196 0b35 21AD4CD6 		.ascii	"!\255L\326z3\325\372\260\250ufP\265>\302[|\300o\255"
 196      7A33D5FA 
 196      B0A87566 
 196      50B53EC2 
 196      5B7CC06F 
 197 0b4a 2FF15AD3 		.ascii	"/\361Z\323\021\207\374\324\272\234\327\372(\335\203"
 197      1187FCD4 
 197      BA9CD7FA 
 197      28DD83
 198 0b59 A3B40B8F 		.ascii	"\243\264\013\217\360\247\016\245Eg\204xs\275\223r\235"
 198      F0A70EA5 
 198      45678478 
 198      73BD9372 
ARM GAS  /tmp/ccq046By.s 			page 16


 198      9D
 199 0b6a 5257358D 		.ascii	"RW5\215\231v\343\230\330\215\362\361\371\215\367\274"
 199      9976E398 
 199      D88DF2F1 
 199      F98DF7BC 
 200 0b7a 2552217B 		.ascii	"%R!{]N\304\343\246\3758\212\375H\275PW\025.\367\343"
 200      5D4EC4E3 
 200      A6FD388A 
 200      FD48BD50 
 200      57152EF7 
 201 0b8f B0693F9A 		.ascii	"\260i?\232+\257\345\371|5?!{\015\322I\332\217GT\257"
 201      2BAFE5F9 
 201      7C353F21 
 201      7B0DD249 
 201      DA8F4754 
 202 0ba4 E1FA6860 		.ascii	"\341\372h`nX\334S2\330\300U\332\020\253\222\301\006"
 202      6E58DC53 
 202      32D8C055 
 202      DA10AB92 
 202      C106
 203 0bb6 E934893D 		.ascii	"\3514\211=\252\202\015\261\356\026\304\316\310b\003"
 203      AA820DB1 
 203      EE16C4CE 
 203      C86203
 204 0bc5 77D68658 		.ascii	"w\326\206X\265,6H5$\326]\025\033b\217Y\020\253\225\311"
 204      B52C3648 
 204      3524D65D 
 204      151B628F 
 204      5910AB95 
 205 0bda 06EE9C0D 		.ascii	"\006\356\234\015\261:\231l\220~%\261\307T\262!\366\270"
 205      B13A996C 
 205      907E25B1 
 205      C754B221 
 205      F6B8
 206 0bec 05B1F3B2 		.ascii	"\005\261\363\262\331\300]\260!vQ6\033\244K$\366\270"
 206      D9C05DB0 
 206      21765136 
 206      1BA44B24 
 206      F6B8
 207 0bfe 6A36C49E 		.ascii	"j6\304\236\260 vYF\033\270+6\304\352e\264A\372\215\304"
 207      B0207659 
 207      461BB82B 
 207      36C4EA65 
 207      B441FA8D 
 208 0c13 9E50D186 		.ascii	"\236P\321\206X\017\013bWe\265\201\273fC\254AV\033\244"
 208      580F0B62 
 208      5765B581 
 208      BB6643AC 
 208      41561BA4 
 209 0c27 EB24D6C3 		.ascii	"\353$\326\303\\.TFU\373\210\254vU@\325\276\321\262\332"
 209      5C2E5446 
 209      55FB88AC 
 209      765540D5 
 209      BED1B2DA 
 210 0c3b 675AAFF6 		.ascii	"gZ\257\366M8u\366S\355\337e\265o\005_\355FT\373VuA\274"
 210      4D3875F6 
 210      53EDDF65 
ARM GAS  /tmp/ccq046By.s 			page 17


 210      B56F055F 
 210      ED4654FB 
 211 0c53 7C233B97 		.ascii	"|#;\227\252}[T\373LP\325\276\303\233|\303o\265\013W"
 211      AA7D5B54 
 211      FB4C50D5 
 211      BEC39B7C 
 211      C36FB50B 
 212 0c68 387144A3 		.ascii	"8qD\243\237j7\361j7\323=h\246e\350\304\237:\\\226\263"
 212      9F6A37F1 
 212      6A37D33D 
 212      68A665E8 
 212      C49F3A5C 
 213 0c7e 50BC3352 		.ascii	"P\2743RI\325\276\274\351\312\374\020\323r\270\015\357"
 213      49D5BEBC 
 213      E9CAFC10 
 213      D372B80D 
 213      EF
 214 0c8f CB17535C 		.ascii	"\313\027S\\r\375\236o?F\033\242\332MD\2141\324~4c?\316"
 214      72FD9E6F 
 214      3F461BA2 
 214      DA4D448C 
 214      31D47E34 
 215 0ca6 CF5B7D22 		.ascii	"\317[}\"T\356\307m\323~d\335)\360\375F\3078CT\033\244"
 215      54EEC76D 
 215      D37E64DD 
 215      29F0FD46 
 215      C7384354 
 216 0cbc 5883EF47 		.ascii	"X\203\357G'Um\270v\016\314\015\213;\336\020\325\006"
 216      27556DB8 
 216      760ECC0D 
 216      8B3BDE10 
 216      D506
 217 0cce 6E820DB1 		.ascii	"n\202\015\261\211\206\2506Hq$\326YU\033b],\210M2D\265"
 217      8986A836 
 217      487124D6 
 217      59551B62 
 217      5D2C884D 
 218 0ce5 819B6C43 		.ascii	"\201\233lC,\336\020\325\006i\012\211uQ\325\206\330C"
 218      2CDE10D5 
 218      06690A89 
 218      7551D586 
 218      D843
 219 0cf7 16C4A61A 		.ascii	"\026\304\246\032\242\332\300\375dCl\232!\252\015R\002"
 219      A2DAC0FD 
 219      64436C9A 
 219      21AA0D52 
 219      02
 220 0d08 893DA4AA 		.ascii	"\211=\244\252\015\261\256\026\304~6D\265\201\233nCl"
 220      0DB1AE16 
 220      C47E3644 
 220      B5819B6E 
 220      436C
 221 0d1a 8621AA0D 		.ascii	"\206!\252\015R\"\211uU\325\206X7\013b3\015Qm\340f\331"
 221      52228975 
 221      55D58658 
 221      370B6233 
 221      0D516DE0 
ARM GAS  /tmp/ccq046By.s 			page 18


 222 0d30 109B6D88 		.ascii	"\020\233m\210j\2034\207\304\272\251jC\354a\013bs\015"
 222      6A833487 
 222      C4BAA96A 
 222      43EC610B 
 222      62730D
 223 0d43 516DE092 		.ascii	"Qm\340\222l\210\3153D\265AJ&\261\207\315\345BeT\265"
 223      6C88CD33 
 223      44B5414A 
 223      26B187CD 
 223      E5426554 
 224 0d58 EFC86A5F 		.ascii	"\357\310j_\014\250\332\363\215\026\325\276\334z\265"
 224      0CA8DAF3 
 224      8D16D5BE 
 224      DC7AB5
 225 0d67 17C0A98B 		.ascii	"\027\300\251\213\237j\247\030\242\332\036#\350j/4\250"
 225      9F6AA718 
 225      A2DA1E23 
 225      E86A2F34 
 225      A8
 226 0d78 DA3F57CE 		.ascii	"\332?W\316\377\233\210\366n\212\366\"\303\033\355\313"
 226      FF9B88F6 
 226      6E8AF622 
 226      C31BEDCB 
 227 0d88 41453BD5 		.ascii	"AE;\325\350I\327\353\357\377\316\346\321\246#\370\231"
 227      E849D7EB 
 227      EFFFCEE6 
 227      D1A623F8 
 227      99
 228 0d99 FF30DA8B 		.ascii	"\3770\332\213\015'[b\360\253\342#Io\307\237\272\266"
 228      0D275B62 
 228      F0ABE223 
 228      496FC79F 
 228      BAB6
 229 0dab 6AEDC450 		.ascii	"j\355\304Po\264oS\264o\035\313H5\277k\266T\354\306\221"
 229      6FB46F53 
 229      B46F1DCB 
 229      4835BF6B 
 229      B654ECC6 
 230 0dc0 65CD670D 		.ascii	"e\315g\015\337h/\223\321^L\304\345\246\365\340t\376"
 230      DF682F93 
 230      D15E4CC4 
 230      E5A6F5E0 
 230      74FE
 231 0dd2 294D093B 		.ascii	")M\011;b\"\345z\360\253\276\273\0367\335\025\335}\336"
 231      6222E57A 
 231      F0ABBEBB 
 231      1E37DD15 
 231      DD7DDE
 232 0de5 3793CD06 		.ascii	"7\223\315\006h%mG;\325l\250\266\017L\015k\233&\233\015"
 232      68256D47 
 232      3BD56CA8 
 232      B60F4C0D 
 232      6B9B269B 
 233 0dfa DCAAE0BD 		.ascii	"\334\252\340\275V\313d\003\264\206\274\332\253d\303"
 233      56CB6403 
 233      B486BCDA 
 233      AB64C3
ARM GAS  /tmp/ccq046By.s 			page 19


 234 0e09 EB7E0B5E 		.ascii	"\353~\013^\3512\331\300\255\015\336k\235,6@\353\311"
 234      E932D9C0 
 234      AD0DDE6B 
 234      9D2C3640 
 234      EBC9
 235 0e1b EB7E556C 		.ascii	"\353~Ulxu\260\340\225!\213\015\334\206\340\2756\312"
 235      7875B0E0 
 235      95218B0D 
 235      DC86E0BD 
 235      36CA
 236 0e2d 6003B489 		.ascii	"`\003\264\211\274:\250`\303\253\243\005\257L\031l\340"
 236      BC3AA860 
 236      C3ABA305 
 236      AF4C196C 
 236      E0
 237 0e3e 3607EF95 		.ascii	"6\007\357\225%{\015P6yuT\275\206\327\003\026\274\266"
 237      257B0D50 
 237      36797554 
 237      BD86D703 
 237      16BCB6
 238 0e51 C85E03B7 		.ascii	"\310^\003\2675x\257\034\231k\200\266\221\327\003*\327"
 238      3578AF1C 
 238      996B80B6 
 238      91D7032A 
 238      D7
 239 0e62 F07AD082 		.ascii	"\360z\320\202\327v\231k\340r\203\367\332!k\015P\036"
 239      D776996B 
 239      E07283F7 
 239      DA216B0D 
 239      501E
 240 0e74 793D684E 		.ascii	"y=hN\026\362\242j\235*\036y~\017\250\326\371-k\335\330"
 240      16F2A26A 
 240      9D2A1E79 
 240      7E0FA8D6 
 240      F92D6BDD 
 241 0e89 7AAD77C2 		.ascii	"z\255w\302\351!?\265.\220\265.\014\276\326\273P\353"
 241      E9213FB5 
 241      2E90B52E 
 241      0CBED6BB 
 241      50EB
 242 0e9b B999B30B 		.ascii	"\271\231\263\013\235\"\327\373)\327\273E\256\033\203"
 242      9D22D7FB 
 242      29D7BB45 
 242      AE1B83
 243 0eaa CA75118F 		.ascii	"\312u\021\217q\276\337\\_\347\271\246#v\371\311\365"
 243      71BEDF5C 
 243      5FE7B9A6 
 243      2376F9C9 
 243      F5
 244 0ebb 1E9EEBBD 		.ascii	"\036\236\353\275t\017\366\322.\204\362\247\346\304L"
 244      740FF6D2 
 244      2E84F2A7 
 244      E6C44C
 245 0eca 9B6E7873 		.ascii	"\233nxs=G\343\217+\217\315:m\376I\253_\304nl\331T\237"
 245      3D47E38F 
 245      2B8FCD3A 
 245      6DFE49AB 
ARM GAS  /tmp/ccq046By.s 			page 20


 245      5FC46E6C 
 246 0ee1 73CFBFB1 		.ascii	"s\317\277\261\213e\256\367\020\261\304\264\036{\261"
 246      8B65AEF7 
 246      10B1C4B4 
 246      1E7BB1
 247 0ef0 1E53E7E7 		.ascii	"\036S\347\347\035\010\223\353\261\333\264\036%\273'"
 247      1D0893EB 
 247      B1DBB41E 
 247      25BB27
 248 0eff 6445F8BC 		.ascii	"dE\370\274s&{\015\322~\332\217P\325k\270\206\005\346"
 248      73267B0D 
 248      D27EDA8F 
 248      50D56BB8 
 248      8605E6
 249 0f12 86BD3D20 		.ascii	"\206\275= {\015\\\251\015\261\2032\330 \225\221X\230"
 249      7B0D5CA9 
 249      0DB18332 
 249      D8209591 
 249      5898
 250 0f24 0A36C4C2 		.ascii	"\0126\304\302-\210\035\222\301\006\356\260\015\261#"
 250      2D881D92 
 250      C106EEB0 
 250      0DB123
 251 0f33 B2D82095 		.ascii	"\262\330 \225\223X\270*6\304\",\210\035\225\305\006"
 251      9358B82A 
 251      36C4222C 
 251      881D95C5 
 251      06
 252 0f44 EE980DB1 		.ascii	"\356\230\015\261\012\231l\220\216\223X\204J6\304\332"
 252      0A996C90 
 252      8E935884 
 252      4A36C4DA 
 253 0f54 5A103B21 		.ascii	"Z\020;!\223\015\334I\033b\247d\263A\252$\261\266\252"
 253      930DDC49 
 253      1B62A764 
 253      B341AA24 
 253      B1B6AA
 254 0f67 D9108BB4 		.ascii	"\331\020\213\264 V%\233\015\334i\033bgd\264A:Kb\221"
 254      2056259B 
 254      0DDC691B 
 254      626764B4 
 254      413A4B62 
 255 0f7c 2ADA108B 		.ascii	"*\332\020\213\262 V-\243\015\\\215\015\261ZYm\220\316"
 255      B220562D 
 255      A30D5C8D 
 255      0DB15A59 
 255      6D90CE
 256 0f8f 915894B9 		.ascii	"\221X\224\271\\\250\214\252v\021=\272D?!9\023"
 256      5CA88CAA 
 256      76113DBA 
 256      443F2139 
 256      13
 257 0fa0 3F2D8F5E 		.ascii	"?-\217^\305\361\000%\22484\207c\210\353\373\321\377"
 257      C5F10025 
 257      94383487 
 257      6388EBFB 
 257      D1FF
ARM GAS  /tmp/ccq046By.s 			page 21


 258 0fb2 F8D6F5E5 		.ascii	"\370\326\365\345\250o\377\353z\367\373\221_\215\034"
 258      A86FFFEB 
 258      7AF7FB91 
 258      5F8D1C
 259 0fc1 FEE3BFBF 		.ascii	"\376\343\277\277\0319\332\3655}<\372\207\276\003\007"
 259      1939DAF5 
 259      357D3CFA 
 259      87BE0307 
 260 0fd1 B85CA37F 		.ascii	"\270\\\243\177p}\377\345(\327\230\321\377\372\361\007"
 260      707DFFE5 
 260      28D798D1 
 260      FFFAF107 
 261 0fe1 D7F0119F 		.ascii	"\327\360\021\237\366\357\347\032<\370=\327\240\241\037"
 261      F6EFE71A 
 261      3CF83DD7 
 261      A0A11F
 262 0ff0 0DF94F3F 		.ascii	"\015\371O?z\352\257c\370\357Q\243\276y\356k"
 262      7AEAAF63 
 262      F8EF51A3 
 262      BE79EE6B 
 263 1000 87F3EBD1 		.ascii	"\207\363\353\321\377\374\373\310\357\332|7f\344\350"
 263      FFFCFBC8 
 263      EFDA7C37 
 263      66E4E8
 264 100f 31FF079D 		.ascii	"1\377\007\235\315X\011"
 264      CD5809
 265              		.text
 266              		.section	.gnu.lto__pal_lld_setgroupmode.c9d7075243aa538e,"",%progbits
 267 0000 789CA557 		.ascii	"x\234\245WkPU\327\025\336\353\354\373\342> Qc\224\020"
 267      6B5055D7 
 267      15DEEBEC 
 267      FBE23E20 
 267      51639410 
 268 0014 4523A211 		.ascii	"E#\242\021\271@2>3>\322\316\264\235\001\301\2463\375"
 268      B940323E 
 268      333ED2CE 
 268      B49D01C1 
 268      A633FD
 269 0027 D3999604 		.ascii	"\323\231\226\004f\264\205\302\000\311\330\231Ls\021"
 269      66B485C2 
 269      00C9D899 
 269      4C7311
 270 0036 B8809A68 		.ascii	"\270\200\232h\233\252\323[\246C\032(\332\006\243\225"
 270      9BAAD35B 
 270      A6431A28 
 270      DA06A395 
 271 0046 28D09820 		.ascii	"(\320\230 \010\002\025\214\226<\0005\242\361R0(\002"
 271      0802158C 
 271      963C0035 
 271      A2F15230 
 271      2802
 272 0058 F1813CBA 		.ascii	"\361\201<\272\326\336\347p\037\336\326a`<\313}\326\371"
 272      D6DEE770 
 272      1FDED661 
 272      603CCB7D 
 272      D6F9
 273 006a BEB5D7B7 		.ascii	"\276\265\327\267\326\336\347\354k`\214\271f1v\000\377"
ARM GAS  /tmp/ccq046By.s 			page 22


 273      D6DEE7EC 
 273      6B608CB9 
 273      66317600 
 273      FF
 274 007b 3F811784 		.ascii	"?\201\027\2040P\366\2653\226kR\200\313\001WtE\221\314"
 274      3050F6B5 
 274      33966B52 
 274      80CB0157 
 274      744591CC 
 275 008f 61B692B5 		.ascii	"a\266\222\265\352\024}s(\336\0055\277\200wz\305 \236"
 275      EA147D73 
 275      28DE0535 
 275      BF80777A 
 275      C5209E
 276 00a2 19C53303 		.ascii	"\031\3053\003\230$\305\250\015L`\225\203 \305,\200\026"
 276      9824C5A8 
 276      0D4C6095 
 276      8320C52C 
 276      8016
 277 00b4 01346B6E 		.ascii	"\0014kn\2136\260*\301\227,\370\334VU\317\020`\223\223"
 277      8B36B02A 
 277      C1972CF8 
 277      DC5655CF 
 277      10609393 
 278 00c8 9F360503 		.ascii	"\2376\005\003\320\300a\002\366\226\302uz\203\321\024"
 278      D0C06102 
 278      F696C275 
 278      7A83D114 
 279 00d8 64B6586D 		.ascii	"d\266Xm\301\200\267L\375\333\303\377\300\241\276\320"
 279      C180B74C 
 279      FDDBC3FF 
 279      C0A1BED0 
 280 00e8 5DA32CAF 		.ascii	"]\243,\257p\340_\335\301\011\263\323Q0\257\004\021\007"
 280      70E05FDD 
 280      C109B3D3 
 280      5130AF04 
 280      1107
 281 00fa 54141C87 		.ascii	"T\024\034\207\345\210\272\220\177\264\204\357\346%\034"
 281      E588BA90 
 281      7FB484EF 
 281      E6251C
 282 0109 4087B777 		.ascii	"@\207\267w\332\\\327\203\351V\201p\274mh\237\2546\363"
 282      DA5CD783 
 282      E9568170 
 282      BC6D689F 
 282      AC36F3
 283 011c 1F03C3F1 		.ascii	"\037\003\303\361x\323]\267)\262\334\341\330\351\250"
 283      78D35DB7 
 283      29B2DCE1 
 283      D8E9A8
 284 012b 1B2BE38E 		.ascii	"\033+\343\216%%\234\303\011\340\030\020>\2020\250\202"
 284      25259CC3 
 284      09E01810 
 284      3E8230A8 
 284      82
 285 013c 30862E06 		.ascii	"0\206.\006'!\022\341\223\177=Zl\342?\025\324/+\012]"
 285      272112E1 
ARM GAS  /tmp/ccq046By.s 			page 23


 285      937F3D5A 
 285      6CE23F15 
 285      D42F2B0A 
 286 0151 6695DAF4 		.ascii	"f\225\332\364\301\254\362<\307\017K\270\016\252\375"
 286      C1ACF23C 
 286      C70F4BB8 
 286      0EAAFD
 287 0160 C93A0635 		.ascii	"\311:\0065\202<|\274\374]\013\377\231 _\271U\365'\215"
 287      823C7CBC 
 287      FC5D0BFF 
 287      99205FB9 
 287      55F5278D 
 288 0174 DCFE4168 		.ascii	"\334\376Ah\231 \353\241\326\237\254g\360O\210$\306\236"
 288      9920EBA1 
 288      D69FAC67 
 288      F04F8824 
 288      C69E
 289 0186 DCC35739 		.ascii	"\334\303W9O\026\354\236\301\301js\304\373r\352\312y"
 289      4F16EC9E 
 289      C1C16A73 
 289      C4FB72EA 
 289      CA79
 290 0198 EFE5399A 		.ascii	"\357\3459\232\035\272\022n\200\217}\371\364\207\360"
 290      1DBA126E 
 290      808F7DF9 
 290      F487F0
 291 01a7 C393E77F 		.ascii	"\303\223\347\177o\342\251\202\372\316\336\337\225\206"
 291      6FE2A982 
 291      FACEDEDF 
 291      9586
 292 01b5 A8D4D128 		.ascii	"\250\324\321(\227\243.?\234\210\237\004$\336~\267\261"
 292      97A32E3F 
 292      9C889F04 
 292      24DE7EB7 
 292      B1
 293 01c6 4DE1BF14 		.ascii	"M\341\277\024\304\203\003\207\356XT\342\220\207X\027"
 293      C4830387 
 293      EE5854E2 
 293      90875817 
 294 01d6 90E8FE2A 		.ascii	"\220\350\376*\357\217\006\236)\210]\315\207z\203Ub\277"
 294      EF8F069E 
 294      29885DCD 
 294      877A8355 
 294      62BF
 295 01e8 87581F90 		.ascii	"\207X\037\220\270o\274\323a\340;\004\261\375kw\011\250"
 295      B86FBCD3 
 295      61E03B04 
 295      B1FD6B77 
 295      09A8
 296 01fa C46B1EE2 		.ascii	"\304k\036\342\231\200\304\267o\337\177O\307\337\022"
 296      9980C4B7 
 296      6FDF7F4F 
 296      C7DF12
 297 0209 C4C3FB76 		.ascii	"\304\303\373v=\014R\211]\036bS@\342\265c\023\373m\006"
 297      3D0C5289 
 297      5D1E6253 
 297      40E2B563 
ARM GAS  /tmp/ccq046By.s 			page 24


 297      13FB6D06 
 298 021d 1D9C8508 		.ascii	"\035\234\205\010h\304\253\001\257\323x}\212\327)\210"
 298      68C4AB01 
 298      AFD3787D 
 298      8AD72988 
 299 022d 904B0B9A 		.ascii	"\220K\013\232\301\000\324\204\236\322\212 ^\000b\232"
 299      C100D484 
 299      9ED28A20 
 299      5E00629A 
 300 023d 924FCA3B 		.ascii	"\222O\312;\024u\232+\225s\312\246\272\320\0228\303\233"
 300      14759A2B 
 300      9573CAA6 
 300      BAD01238 
 300      C39B
 301 024f 7B77032F 		.ascii	"{w\003/\222\334\033\017\277\333\247up\344}\356(s(\304"
 301      92DC1B0F 
 301      BFDBA775 
 301      70E47DEE 
 301      287328C4 
 302 0263 FC5740E6 		.ascii	"\374W@\346\376>\3671\035\337-\231{\233\235\275Z\037"
 302      FE3EF731 
 302      1DDF2D99 
 302      7B9B9DBD 
 302      5A1F
 303 0275 3A3CCCB6 		.ascii	":<\314\266\200\314\361\276c\1777\363w$\363T\353H\241"
 303      80CCF1BE 
 303      637F37F3 
 303      7724F354 
 303      EB48A1
 304 0288 96EF99BF 		.ascii	"\226\357\231\277L1\317\377\337\262|\206eh\307\353\034"
 304      4C31CFFF 
 304      DFB27C86 
 304      6568C7EB 
 304      1C
 305 0299 5EAD580E 		.ascii	"^\255X\016\252\004\326\343\002\326\2031\363\377\252"
 305      AA04D6E3 
 305      02D68331 
 305      F3FFAA
 306 02a8 9A3FEDC3 		.ascii	"\232?\355\303\213\372:\307\304d!.\366\250\356\252\216"
 306      8BFA3AC7 
 306      C464212E 
 306      F6A8EEAA 
 306      8E
 307 02b9 D9B8F94A 		.ascii	"\331\270\371J\270Q!\303\311\350\310\350\311\030\310"
 307      B85121C3 
 307      C9E8C8E8 
 307      C918C8
 308 02c8 18C998D0 		.ascii	"\030\311\230\320\230\202hd\246\221\205\214\225nmd\202"
 308      98826864 
 308      A691858C 
 308      956E6D64 
 308      82
 309 02d9 C9849079 		.ascii	"\311\204\220y\202\314\223df\221\231Mf\016\231\247\310"
 309      82CC9364 
 309      6691994D 
 309      660E99A7 
 309      C8
ARM GAS  /tmp/ccq046By.s 			page 25


 310 02ea CC25F334 		.ascii	"\314%\3634\231yd\346\223\011%\363\014\031\332b\306g"
 310      997964E6 
 310      930925F3 
 310      0C19DA62 
 310      C667
 311 02fc C92C20B3 		.ascii	"\311, \263\220L8\231Ed\026\223y\216\314\0222\021d\226"
 311      904C3899 
 311      45641693 
 311      798ECC12 
 311      32116496 
 312 0310 928924B3 		.ascii	"\222\211$\263\214\314r2\317\223YA&\212\314J\261\341"
 312      8CCC7232 
 312      CF935941 
 312      268ACC4A 
 312      B1E1
 313 0322 A31915C7 		.ascii	"\243\031\025\307\316\250<1\214\012\024\313\250Dq\214"
 313      CEA83C31 
 313      8C0A14CB 
 313      A844718C 
 314 0332 0AB40A68 		.ascii	"\012\264\012h_\257\026\2305\002\263V`\326\011\314zF"
 314      5FAF1698 
 314      3502B356 
 314      60D609CC 
 314      7A46
 315 0344 857C0928 		.ascii	"\205|\011(\316\006F\305\334\310\250\234\233\030\025"
 315      CE0646C5 
 315      DCC8A89C 
 315      9B1815
 316 0353 7433A392 		.ascii	"t3\243\222\276\014\364N\212\027s%\210\010[D\204D\021"
 316      BE0CF44E 
 316      8A177325 
 316      88085B44 
 316      844411
 317 0366 214944DE 		.ascii	"!ID\336*\346b\254\010\327\360%\213\243\216\025s\005"
 317      2AE662AC 
 317      08D7F025 
 317      8BA38E15 
 317      7305
 318 0378 077975AC 		.ascii	"\007yu\254\037\362\306\234\247:3\251\235.\276\332\305"
 318      1FF2C69C 
 318      A73A33A9 
 318      9D2EBEDA 
 318      C5
 319 0389 57D1CB75 		.ascii	"W\321\313u\350h\205\225\336\223F\340p\021\327\202\033"
 319      E8688595 
 319      DE9346E0 
 319      7011D782 
 319      1B
 320 039a 76868BA5 		.ascii	"v\206\213\245\217\261\020E\254!g[\347Q.i i\215\223\367"
 320      8FB11045 
 320      AC21675B 
 320      E7512E69 
 320      20698D93 
 321 03af EA428866 		.ascii	"\352B\210f\002\005\376\2154\021\274E\005\255A\034\202"
 321      0205FE8D 
 321      3411BC45 
 321      05AD411C 
ARM GAS  /tmp/ccq046By.s 			page 26


 321      82
 322 03c0 AACE9C75 		.ascii	"\252\316\234u\232dl\200\016\357\330\215\024{\215\214"
 322      9A646C80 
 322      0EEFD88D 
 322      147B8D8C 
 323 03d0 7DB9B34A 		.ascii	"}\271\263J\245)\030\033\242\374b\255E\277ob\015D^+\311"
 323      A529181B 
 323      A2FC62AD 
 323      45BF6F62 
 323      0D445E2B 
 324 03e5 03538971 		.ascii	"\003S\211q\231XKY\355\230U&\246\207\317\375\023[\207"
 324      99584B59 
 324      ED985526 
 324      A687CFFD 
 324      135B87
 325 03f8 38DF60A7 		.ascii	"8\337`\247)\330:\031l\274\363\252\212\323\311`#\273"
 325      29D83A19 
 325      6CBCF3AA 
 325      8AD3C960 
 325      23BB
 326 040a 0AEE7119 		.ascii	"\012\356q\031\314\010_\370\007[\2178\004\035\031\032"
 326      CC085FF8 
 326      075B8F38 
 326      041D191A 
 327 041a 3962902A 		.ascii	"9b\220*C\340K\357\330\237R\354\365t_\3323Wx\2603\310"
 327      43E04BEF 
 327      D89F52EC 
 327      F5745FDA 
 327      335778B0 
 328 0430 3850507F 		.ascii	"8PP\177\336H\014\334O\360\225\330\177\305\370\275\301"
 328      DE480CDC 
 328      4FF095D8 
 328      7FC5F8BD 
 328      C1
 329 0441 CF2176C9 		.ascii	"\317!v\311\015\212\350\240\213\307\311\261\3100V\216"
 329      0D8AE8A0 
 329      8BC7C9B1 
 329      C830568E 
 330 0451 85F41839 		.ascii	"\205\364\0309\0265\264\313\261\350U\264\034\343\332"
 330      1635B4CB 
 330      B1E855B4 
 330      1CE3DA
 331 0460 70F19532 		.ascii	"p\361\2252\325\312\3567e\256zt\211\026\334\200\374\356"
 331      D5CAEE37 
 331      65AE7A74 
 331      8916DC80 
 331      FCEE
 332 0472 8633A07A 		.ascii	"\2063\240z1\231\017\277\255y`\223\3513\350\224/\203"
 332      31990FBF 
 332      AD796093 
 332      E933E894 
 332      2F83
 333 0484 BBB0D2C5 		.ascii	"\273\260\322\305_R\230\213\307\333F\257_\200\273\020"
 333      5F52988B 
 333      C7DB46AF 
 333      5F80BB10 
 334 0494 8D4B4119 		.ascii	"\215KA\031\375G\017\266?\311V\333\333\211.;vPq\035'"
ARM GAS  /tmp/ccq046By.s 			page 27


 334      FD470FB6 
 334      3FC956DB 
 334      DB892E3B 
 334      7650711D 
 335 04a9 5782ADD5 		.ascii	"W\202\255\325\215\236\030l\213\362\267\343\350\330b"
 335      8D9E186C 
 335      8BF2B7E3 
 335      E8D862
 336 04b8 1B75F7A1 		.ascii	"\033u\367\241'\026k\253t\011L\242\315%hq\244Xq\235 "
 336      27166BAB 
 336      74094CA2 
 336      CD256871 
 336      A458719D 
 337 04cd DF565B57 		.ascii	"\337V[W\357i@\361:V\024\251\255\320\313\335\245\012"
 337      EF6940F1 
 337      3A5614A9 
 337      ADD0CBDD 
 337      A50A
 338 04df BD6B5C1C 		.ascii	"\275k\\\034\377\305yw\301\210]\350\222]p9;\203$\310"
 338      FFC57977 
 338      C1885DE8 
 338      925D7039 
 338      3B8324C8 
 339 04f3 8838EFCF 		.ascii	"\2108\357\317\277\021t\320-A\203\316b\275\004m\020\335"
 339      BF1174D0 
 339      2D4183CE 
 339      62BD046D 
 339      10DD
 340 0505 32CAD6D0 		.ascii	"2\312\326\320{\3543*\330\006\011\032\350\336!Q&X\021"
 340      7BEC332A 
 340      D806091A 
 340      E8DE2151 
 340      265811
 341 0518 4665EF87 		.ascii	"Fe\357\207\235C\205\207\271tnD\277\207\327N\274\215"
 341      9D438587 
 341      B9746E44 
 341      BF87D74E 
 341      BC8D
 342 052a 3283F1EE 		.ascii	"2\203\361\356j\220\230 \231\350\324\2460\342\246\270"
 342      6A909820 
 342      99E8D4A6 
 342      30E2A6B8 
 343 053a A4E5D0A7 		.ascii	"\244\345\320\247\0062\343\322F\250o\364M\350\367D?G"
 343      0632E3D2 
 343      46A86FF4 
 343      4DE8F744 
 343      3F47
 344 054c D13749DA 		.ascii	"\3217I\332\333\227\337\224\020\213\367\0323\341\032"
 344      DB97DF94 
 344      108BF71A 
 344      33E11A
 345 055b BB0C61A4 		.ascii	"\273\014a\244\305'\316f\304y\342\264R\234\315\210\250"
 345      C527CE66 
 345      C479E2B4 
 345      529CCD88 
 345      A8
 346 056c AFEDEB2B 		.ascii	"\257\355\353+\010\221\020\253\367\312\343\342\353\360"
ARM GAS  /tmp/ccq046By.s 			page 28


 346      089110AB 
 346      F7CAE3E2 
 346      EBF0
 347 057a 717D5B93 		.ascii	"q}[\223\241\024\376\234\213G+\374\\\242\214\227\341"
 347      A114FE9C 
 347      8B472BFC 
 347      5CA28C97 
 347      E1
 348 058b 0A2D017C 		.ascii	"\012-\001|\366\305\311\332\2236{\245#?\227\036\231\341"
 348      F6C5C9DA 
 348      93367BA5 
 348      233F971E 
 348      99E1
 349 059d 6B2885FD 		.ascii	"k(\205\375\342\310\005W\301N\263O8\037\250=\260\251"
 349      E2C80557 
 349      C14EB34F 
 349      381FA83D 
 349      B0A9
 350 05af 35199BEA 		.ascii	"5\031\233\352J0\316\207~r\336w\266X\2443D\370\211[\337"
 350      4A30CE87 
 350      7E72DE77 
 350      B658A433 
 350      44F8895B 
 351 05c4 B1AB53B4 		.ascii	"\261\253S\264\306/\211\322_\263\307\244\321\343I\343"
 351      C62F89D2 
 351      5FB3C7A4 
 351      D1E349E3 
 352 05d4 1A2DC110 		.ascii	"\032-\301\020\251\262_S\371\3044e]\027\361\200\342}"
 352      A9B25F53 
 352      F9C43465 
 352      5D17F180 
 352      E27D
 353 05e6 A3C92A56 		.ascii	"\243\311*V\363}Rm\306\230\263O\2255\013'@\277\224\325"
 353      F37D526D 
 353      C698B34F 
 353      95350B27 
 353      40BF94D5 
 354 05fa A9C2660B 		.ascii	"\251\302f\013\177\314\214d\335\360\244\341&Y\263\245"
 354      7FCC8C64 
 354      DDF0A4E1 
 354      2659B3A5 
 355 060a AC9B9AAC 		.ascii	"\254\233\232\2549\323\224\325+\342)\024\357?B\026\275"
 355      39D394D5 
 355      2BE22914 
 355      EF3F4216 
 355      BD
 356 061b B754114F 		.ascii	"\267T\021O\011es\244\210\032U\304\\\341\217\235\221"
 356      096573A4 
 356      881A55C4 
 356      5CE18F9D 
 356      91
 357 062c 883ECFA4 		.ascii	"\210>\317\244\375$b.\275m\272\032\334G^\224s\254\026"
 357      FD24622E 
 357      BD6DBA1A 
 357      DC475E94 
 357      73AC16
 358 063f 9B8289D7 		.ascii	"\233\202\211\327\235\236\225\331p\307#\340|\303\304"
ARM GAS  /tmp/ccq046By.s 			page 29


 358      9D9E95D9 
 358      70C723E0 
 358      7CC3C4
 359 064e 91351240 		.ascii	"\2215\022@\233\250\245\365\340!\253|9\032\341\346\024"
 359      9BA8A5F5 
 359      E021AB7C 
 359      391AE1E6 
 359      14
 360 065f DEC02E1A 		.ascii	"\336\300.\032\304\033\002\253r\277\\\255\312\323\323"
 360      C41B02AB 
 360      72BF5CAD 
 360      CAD3D3
 361 066e ACCAB722 		.ascii	"\254\312\267\"Aq\270\033\320\232\255\265v\236\3341^"
 361      4171B81B 
 361      D09AADB5 
 361      769EDC31 
 361      5E
 362 067f 759A8F13 		.ascii	"u\232\217\023\240\337\267N\241\302\277A\326\251/`\235"
 362      A0DFB74E 
 362      A1C2BF41 
 362      D6A92F60 
 362      9D
 363 0690 7EFBB83A 		.ascii	"~\373\270:\335\362\244q\233\352\024*\024\032\275\024"
 363      DDF2A471 
 363      9BEA142A 
 363      141ABD14 
 364 06a0 8E6A0A9F 		.ascii	"\216j\012\237\231\246\302A\021ZG\241\357\370+\014{D"
 364      99A6C241 
 364      115A47A1 
 364      EFF82B0C 
 364      7B44
 365 06b2 E1B33801 		.ascii	"\341\2638\001\372}\025.\020\376\231)\034\362\2441L\012"
 365      FA7D152E 
 365      10FE9929 
 365      1CF2A431 
 365      4C0A
 366 06c4 17088526 		.ascii	"\027\010\205&\331s\241\360a\243\252p\3414\025\216\210"
 366      D973A1F0 
 366      61A3AA70 
 366      E134158E 
 366      88
 367 06d5 D07A0AFD 		.ascii	"\320z\012\375\235\266\2625\205\341be/\364\335\236\213"
 367      9DB6B235 
 367      85E16265 
 367      2FF4DD9E 
 367      8B
 368 06e6 843F5AEA 		.ascii	"\204?Z\352y\020P\317\033\217\323s\3273\351=\322\263"
 368      791050CF 
 368      1B8FD373 
 368      D733E93D 
 368      D2B3
 369 06f8 48E80962 		.ascii	"H\350\011b\337\314\327\364\024\235U\365,\236\246\236"
 369      DFCCD7F4 
 369      149D55F5 
 369      2C9EA69E 
 370 0708 FB9ED00F 		.ascii	"\373\236\320\017\374\365<'\364,\366\325\263D\370g\246"
 370      FCF53C27 
ARM GAS  /tmp/ccq046By.s 			page 30


 370      F42CF6D5 
 370      B344F867 
 370      A6
 371 0719 67D433E9 		.ascii	"g\3243\351C\322\263Dn\304\366jm#z\355<3\033\262j*wU"
 371      43D2B344 
 371      6EC4F66A 
 371      6D237AED 
 371      3C331BB2 
 372 0731 A82A23A6 		.ascii	"\250*#\246\251r\314\263\344\307\375\327\345\322G\326"
 372      A972CCB3 
 372      E4C7FDD7 
 372      E5D247D6 
 373 0741 251E60F0 		.ascii	"%\036`\360\003\266\324w].\023\376\231\255\313\011O\032"
 373      03B6D477 
 373      5D2E13FE 
 373      99ADCB09 
 373      4F1A
 374 0753 93A47B99 		.ascii	"\223\244{\231Ph\361R\270GS\270|\232\012\035\312\324"
 374      5068F152 
 374      B84753B8 
 374      7C9A0A1D 
 374      CAD4
 375 0765 92CF55FC 		.ascii	"\222\317U\374\024>\377\210\302\0258\001\372}\025F\011"
 375      143EFF88 
 375      C2153801 
 375      FA7D1546 
 375      09
 376 0776 FFCC14EE 		.ascii	"\377\314\024\356\364\244\221\247\240\302(\241\320\252"
 376      F4A491A7 
 376      A0C228A1 
 376      D0AA
 377 0784 1E2EE531 		.ascii	"\036.\3451\367\3166y\374\213\247C\341\012\257\003\253"
 377      F7CE3679 
 377      FC8BA743 
 377      E10AAF03 
 377      AB
 378 0795 383AC6CB 		.ascii	"8:\306\313\267vSM\214\212\362>7\350\360\220\230\257"
 378      B776534D 
 378      8C8AF23E 
 378      37E8F090 
 378      98AF
 379 07a7 684BC3C6 		.ascii	"hK\303\306\252\352\325\260\203\316\312a\365\227E\002"
 379      AAEAD5B0 
 379      83CECA61 
 379      F5974502 
 380 07b7 7EE37DC2 		.ascii	"~\343}\302\212\223j\202D\235\032\316\221\250-\370\311"
 380      8A936A82 
 380      449D1ACE 
 380      91A82DF8 
 380      C9
 381 07c8 14BF1C7C 		.ascii	"\024\277\034|\317\365[$"
 381      CFF55B24 
 382 07d0 AC6D384D 		.ascii	"\254m8M\302\022\361\243\344\013\023\347\341D\011\373"
 382      C212F1A3 
 382      E40B13E7 
 382      E14409FB 
 383 07e0 3C5BA292 		.ascii	"<[\242\222pC\370\242\304\2118\211P\007\234\003\303\277"
ARM GAS  /tmp/ccq046By.s 			page 31


 383      7043F8A2 
 383      C4893889 
 383      50079C03 
 383      C3BF
 384 07f2 90B0ADF2 		.ascii	"\220\260\255\362\023\363Q\341\271cf\371\211\001(P\274"
 384      13F351E1 
 384      B96366F9 
 384      89012850 
 384      BC
 385 0803 58E2DCBD 		.ascii	"X\342\334\275Uh\013\226?\232n\341\341\275\267\304(\177"
 385      55680B96 
 385      3F9A6EE1 
 385      E1BDB7C4 
 385      287F
 386 0815 0233FA59 		.ascii	"\0023\372Y\005\370\000\277q\211\366m\031\351\251\366"
 386      05F800BF 
 386      7189F66D 
 386      19E9A9F6 
 387 0825 E4B4D41D 		.ascii	"\344\264\324\035\366\357m\333\376\352\366Wr^O\331\236"
 387      F6EF6DDB 
 387      FEEAF657 
 387      725E4FD9 
 387      9E
 388 0836 617F8DC6 		.ascii	"a\177\215\306\031\331\261\253W\331\355\031\331\366m"
 388      19D9B1AB 
 388      57D9ED19 
 388      D9F66D
 389 0845 C969F6CC 		.ascii	"\311i\366\314\214\254\234l\373+?Ix!\316\036\037\377"
 389      8CAC9C6C 
 389      FB2B3F49 
 389      7821CE1E 
 389      1FFF
 390 0857 7DFB0F92 		.ascii	"}\373\017\222~\224\370F\034=\372y&^ii)\321\2571\035"
 390      7E94F846 
 390      1C3DFA79 
 390      265E6969 
 390      29D1AF31 
 391 086c A174E9C9 		.ascii	"\241t\351\311\331\277\322\245g\244\244\362W\267\347"
 391      D9BFD2A5 
 391      67A4A4F2 
 391      57B7E7
 392 087b E892D372 		.ascii	"\350\222\323r\262\364\231\257g\246d\0313\2623SSS\262"
 392      B2F499AF 
 392      67A66419 
 392      33B23353 
 392      5353B2
 393 088e 0C1939BF 		.ascii	"\014\0319\277\311L\315\322\023$KI\177QI\217S\322cM\004"
 393      C94CCDD2 
 393      13244B49 
 393      7F51498F 
 393      53D2634D 
 394 08a3 24EA7F01 		.ascii	"$\352\177\001\363\201#\300"
 394      F38123C0 
 395              		.text
 396              		.section	.gnu.lto_.symbol_nodes.c9d7075243aa538e,"",%progbits
 397 0000 789C6363 		.ascii	"x\234cc``P\003b\006\246\371L\365\014\014\023\31610\000"
 397      60605003 
ARM GAS  /tmp/ccq046By.s 			page 32


 397      6206A6F9 
 397      4CF50C0C 
 397      13CE3130 
 398 0015 A95D0D8E 		.ascii	"\251]\015\216@\221\005L\365\214(\"\014\000\271\235\011"
 398      4091054C 
 398      F58C2822 
 398      0C00B99D 
 398      09
 399 0026 23       		.ascii	"#"
 400              		.text
 401              		.section	.gnu.lto_.refs.c9d7075243aa538e,"",%progbits
 402 0000 789C6363 		.ascii	"x\234cc```\004b\006\000\000D\000\010"
 402      60606004 
 402      62060000 
 402      440008
 403              		.text
 404              		.section	.gnu.lto_.decls.c9d7075243aa538e,"",%progbits
 405 0000 789CCD59 		.ascii	"x\234\315YkPTI\226\276y\263\252\250*^\006\272\033F\254"
 405      6B505449 
 405      96BE79B3 
 405      AAA82A5E 
 405      06BA1B46 
 406 0015 116BF412 		.ascii	"\021k\364\0226\021\333\335%\364\214\275;\273\323\273"
 406      3611DBDD 
 406      25F48CBD 
 406      3BBBD3BB 
 407 0025 0AB438D2 		.ascii	"\012\2648\322-Q\364\354\316\356\037\206\021l\211\005"
 407      2D51F4EC 
 407      CEEE1F86 
 407      116C8905 
 408 0035 8A8072A3 		.ascii	"\212\200r\243\347\337\345\241<\024\005\305\007*\014"
 408      E7DFE5A1 
 408      3C1405C5 
 408      072A0C
 409 0044 022A20AD 		.ascii	"\002* \255\266\212\310K\020\020y\310CP\024\004)\021"
 409      B68AC84B 
 409      101079C8 
 409      43501404 
 409      2911
 410 0056 50510141 		.ascii	"PQ\001A\020\021aO\336\274U\225\334*\242{b\346\307Vp"
 410      1011614F 
 410      DEBC5595 
 410      DC2AA27B 
 410      62E6C756 
 411 006b 2AF3647E 		.ascii	"*\363d~y\316\311\223'3O\026*\216\343\326\254\345\270"
 411      79CEC993 
 411      27334F16 
 411      2A8EE3D6 
 411      ACE5B8
 412 007e 5F2938CE 		.ascii	"_)8\316\2108n\021>\030\332n\000A\023\267\000\364\317"
 412      88386E11 
 412      3E18DA6E 
 412      004113B7 
 412      00F4CF
 413 0091 D0FE2F40 		.ascii	"\320\376/@_\002\221\017\017\344\013\365\255\022\317"
 413      5F02910F 
 413      0FE40BF5 
ARM GAS  /tmp/ccq046By.s 			page 33


 413      AD12CF
 414 00a0 7EF642A7 		.ascii	"~\366B\247+\224\277\007r\003Z%\311\370\030\350\024\340"
 414      2B94BF07 
 414      72035A25 
 414      C9F818E8 
 414      14E0
 415 00b2 738078A0 		.ascii	"s\200x\240<\240\017\320\226\017\345\006\240\\\240\323"
 415      3CA00FD0 
 415      960FE506 
 415      A05CA0D3 
 416 00c2 40BF04FA 		.ascii	"@\277\004\372;h?\006\345\001\240Y\250w\003\255\203\372"
 416      3B683F06 
 416      E501A059 
 416      A87703AD 
 416      83FA
 417 00d4 1D283DA1 		.ascii	"\035(=\241\354\202\362\023(\333\211\\(\357A\371)\224"
 417      EC82F213 
 417      28DB895C 
 417      28EF41F9 
 417      2994
 418 00e6 6D50AE87 		.ascii	"mP\256\207\262\023J\035\224cP\276\003z\0154\0154\016"
 418      B2134A1D 
 418      946350BE 
 418      037A0D34 
 418      0D340E
 419 00f9 F4066806 		.ascii	"\364\006h\006h\012\350\025\320$3\237\";\3639\012\235"
 419      680AE815 
 419      D024339F 
 419      223BF339 
 419      0A9D
 420 010b 8EB2F9B0 		.ascii	"\216\262\371\260\376\270)\315\355\2779j;\231\233J\262"
 420      FEB829CD 
 420      EDBF396A 
 420      3B999B4A 
 420      B2
 421 011c 97D84AEC 		.ascii	"\227\330J\354$\266\021\273\210MD\205=\277e`t'\341\342"
 421      24B611BB 
 421      884D4485 
 421      3DBF6560 
 421      7427E1E2 
 422 0130 49BC1723 		.ascii	"I\274\027#7-R\000\373\272\365\370\023\027`Wi\321Z`S"
 422      372D5200 
 422      FBBAF5F8 
 422      13176057 
 422      69D15A60 
 423 0145 0B17FE9E 		.ascii	"\013\027\376\236v\036\343\201\275V\365\312\213\262k"
 423      761EE381 
 423      BD56F5CA 
 423      8BB26B
 424 0154 802BEF7F 		.ascii	"\200+\357\177]\343H\261&D\306\012\251\211N\264{\226"
 424      5DE348B1 
 424      2644C60A 
 424      A9894EB4 
 424      7B96
 425 0166 F04DDD59 		.ascii	"\360M\335YcZ\014\266A},a\330\344H\373V\003\3339q;Kb"
 425      635A0CB6 
 425      417D2C61 
ARM GAS  /tmp/ccq046By.s 			page 34


 425      D8E448FB 
 425      5603DB39 
 426 017e 5700DB97 		.ascii	"W\000\333\227\274'[\2055\"\262\277\261\360\0341\350"
 426      BC275B85 
 426      3522B2BF 
 426      B1F01C31 
 426      E8
 427 018f 632D2261 		.ascii	"c-\"a\341\012M\027^\226\275s\246M\004\361\346j\337\214"
 427      E10A4D17 
 427      5E96BD73 
 427      A64D04F1 
 427      E66ADF8C 
 428 01a3 337611EB 		.ascii	"3v\021\353\267o\214\267i>+\026\350G]\2059T\215\260y"
 428      B76F8CB7 
 428      693E2B16 
 428      E8475D85 
 428      39548DB0 
 429 01b8 729D0726 		.ascii	"r\235\007&\363\035\360\016\202\344\007z\336\367\271"
 429      F31DF00E 
 429      82E4077A 
 429      DEF7B9
 430 01c7 20AD4792 		.ascii	" \255G\222 \304\0119\361\202\306\217CW\320\032t\031"
 430      20C40939 
 430      F182C68F 
 430      4357D01A 
 430      7419
 431 01d9 ADE1501D 		.ascii	"\255\341P\035\362 \322k\320g\034\272\016\215U\320x\206"
 431      F220D26B 
 431      D0671CBA 
 431      0E8D55D0 
 431      7886
 432 01eb 48AC69CF 		.ascii	"H\254i\317\3762sR\020\326\242Z\244E7\020\0261\340\321"
 432      FE327352 
 432      10D6A25A 
 432      A4453710 
 432      1631E0D1 
 433 01ff 8FB55445 		.ascii	"\217\265TEa~z\256\012\027#QG\305\211\341\233\374r:\032"
 433      617E7AAE 
 433      0A172351 
 433      47C589E1 
 433      9BFC723A 
 434 0214 96D5317E 		.ascii	"\226\3251~\376\243\206\335\202\300\243\233\240\243\336"
 434      FEA386DD 
 434      82C0A39B 
 434      A0A3DE
 435 0223 AA035452 		.ascii	"\252\003TR%\203\345}\261<\036\026\225\240\343\025o\232"
 435      2583E57D 
 435      B13C1E16 
 435      95A0E315 
 435      6F9A
 436 0235 95D4776A 		.ascii	"\225\324wj`\307\017\335l\345\361s\3327\362 >S\205\307"
 436      60C70FDD 
 436      6CE5F173 
 436      DA37F220 
 436      3E5385C7 
 437 0249 2993F6A1 		.ascii	")\223\366\241GP\341\267\224I\035\237=\245\300\013\224"
 437      4750E1B7 
ARM GAS  /tmp/ccq046By.s 			page 35


 437      94491D9F 
 437      3DA5C00B 
 437      94
 438 025a E9897FDB 		.ascii	"\351\211\177\333\355\214\023\304\245\321\304=\230\251"
 438      ED8C13C4 
 438      A5D1C43D 
 438      98A9
 439 0268 532277F7 		.ascii	"S\"w\367\225\356\356\356\036\356\356\271\304\366\232"
 439      95EEEEEE 
 439      1EEEEEB9 
 439      C4F69A
 440 0277 F6A64F1A 		.ascii	"\366\246O\032'\237\011\302A'\321\250V0\252\003\255\264"
 440      279F09C2 
 440      4127D1A8 
 440      5630AA03 
 440      ADB4
 441 0289 4EA61CBE 		.ascii	"N\246\034\2768\344\011_\034\0350\367o\307\205\232\004"
 441      38E4095F 
 441      1C1D30F7 
 441      6FC7859A 
 441      04
 442 029a 2CA26FC9 		.ascii	",\242o\311\321\025Vt:\231q\032\020Rp\250\024\000W\305"
 442      D1155674 
 442      3A99711A 
 442      105270A8 
 442      140057C5 
 443 02ae 3E028759 		.ascii	">\002\207Y\243\273\340\244N\344\216\272\201\356\000"
 443      A3BBE0A4 
 443      4EE48EBA 
 443      81EE00
 444 02bd 7501B503 		.ascii	"u\001\265\003\335\003jC\356\342\302R\205\275\214\302"
 444      DD036A43 
 444      EEE2C252 
 444      85BD8CC2 
 445 02cd 66B9C246 		.ascii	"f\271\302F\033\363\276\264\242o\313\321:\031x\224\021"
 445      1BF3BEB4 
 445      A26FCBD1 
 445      3A197894 
 445      11
 446 02de DD645FF4 		.ascii	"\335d_\364\025\362--\337\330u\267X\230\017\201q\322"
 446      15F22D2D 
 446      DFD875B7 
 446      58980F81 
 446      71D2
 447 02f0 D259CD6C 		.ascii	"\322Y\315lkt\313\213\027\032\327\213\302*\355;\206\012"
 447      6B74CB8B 
 447      171AD78B 
 447      C22AED3B 
 447      860A
 448 0302 A3F86646 		.ascii	"\243\370fFw\213]C)\032V\261z!\241C\205{\304U\344\213"
 448      778B5D43 
 448      291A56B1 
 448      7A21A143 
 448      857BC455 
 449 0318 2AFB5E28 		.ascii	"*\373^(\321J\017\273\376E=\340\326?\307\305tb#\215*"
 449      D14A0FBB 
 449      FE453DE0 
ARM GAS  /tmp/ccq046By.s 			page 36


 449      D63FC7C5 
 449      7462238D 
 450 032d D853E801 		.ascii	"\330S\350\001\014\274o\215J2MQ\277y\377\273I\373?\261"
 450      0CBC6F8D 
 450      4A324D51 
 450      BF79FFBB 
 450      49FB3FB1 
 451 0341 75FA2C8F 		.ascii	"u\372,\217_\322\015\177\2612\341\225\013\355\254!\235"
 451      5FD20D7F 
 451      B132E195 
 451      0BEDAC21 
 451      9D
 452 0352 7B771F48 		.ascii	"{w\037Hv\300S\264s\252\340R\266\232v\026\220\316\347"
 452      76C053B4 
 452      73AAE052 
 452      B69A7616 
 452      90CEE7
 453 0365 1F1A5E28 		.ascii	"\037\032^(\361\034\355,n\275\325'\235HI\244\263\353"
 453      F11CED2C 
 453      6EBDD527 
 453      9D4849A4 
 453      B3EB
 454 0377 6D47A216 		.ascii	"mG\242\026\307b\261s\361yO\236\206vN\020>\245\344P\236"
 454      C762B173 
 454      F1794F9E 
 454      86764E10 
 454      3EA5E450 
 455 038c 2B4EA29D 		.ascii	"+N\242\235]#\247\022\244\003\250\203\360\373\017\\\376"
 455      5D23A712 
 455      A403A883 
 455      F0FB0F5C 
 455      FE
 456 039d 518B0FD0 		.ascii	"Q\213\017\320\316\202\221\223\373\245\316\177\002\266"
 456      CE829193 
 456      FBA5CE7F 
 456      02B6
 457 03ab A4F5DA23 		.ascii	"\244\365\332#%>B\373\372&\273\023\035q\026e.\314g\234"
 457      253E42FB 
 457      FA26BB13 
 457      1D711665 
 457      2ECC679C 
 458 03bf 55E17CCA 		.ascii	"U\341|\312t\234\3142o\266+\344\004L\275\260\250\246"
 458      749CCC32 
 458      6FB62BE4 
 458      044CBDB0 
 458      A8A6
 459 03d1 475ECE4A 		.ascii	"G^\316J\242!\263\377\242\026\237\023\261\316Gn\235\234"
 459      A221B3FF 
 459      A2169F13 
 459      B1CE476E 
 459      9D9C
 460 03e3 56C04612 		.ascii	"V\300F\022w\222e3\021?\266\271\035\022H\014\020O\226"
 460      77926533 
 460      113FB6B9 
 460      1D12480C 
 460      104F96
 461 03f6 812727A0 		.ascii	"\201''\240\264\254\315\265\2451\000\370\301\337\304"
ARM GAS  /tmp/ccq046By.s 			page 37


 461      B4ACCDB5 
 461      A53100F8 
 461      C1DFC4
 462 0405 8A3140E0 		.ascii	"\2121@\340\317\344\360r[\270\277\025\376X\01671\360"
 462      CFE4F072 
 462      5BB8BF15 
 462      FE580E37 
 462      31F0
 463 0417 25B1F102 		.ascii	"%\261\361\002\020\243b\347\204\024\030o!0f!\010\306"
 463      10A362E7 
 463      8414186F 
 463      21306621 
 463      08C6
 464 0429 80DE01BD 		.ascii	"\200\336\001\275\006\232\006\032\007z\0034\0034\005"
 464      069A061A 
 464      077A0334 
 464      033405
 465 0438 F40A68D2 		.ascii	"\364\012h\322\272\027\211\005[\255\026\014\313-\030"
 465      BA178905 
 465      5BAD160C 
 465      CB2D18
 466 0447 B231B876 		.ascii	"\2621\270v\233\025\376R\016/Y\262u\011\372\033+\372"
 466      9B15FE52 
 466      0E2F59B2 
 466      7509FA1B 
 466      2BFA
 467 0459 A11CDD6B 		.ascii	"\241\034\335k\203\376\332\212\036\220\243\037\331\240"
 467      83FEDA8A 
 467      1E90A31F 
 467      D9A0
 468 0467 19D73D91 		.ascii	"\031\327=\221\243\007\345\350AFv\277\034\335g{.4\321"
 468      A307E5E8 
 468      414676BF 
 468      1CDD677B 
 468      2E34D1
 469 047a 7361C2E6 		.ascii	"sa\302\346\\\200\316\206f&&\236\313\205\351\344v2\016"
 469      5C80CE86 
 469      6626269E 
 469      CB85E9E4 
 469      76320E
 470 048d 7E2A078F 		.ascii	"~*\007\217X\355\204\220\274\361\356\345nW|I\014I\276"
 470      58ED8490 
 470      BCF1EEE5 
 470      6E577C49 
 470      0C49BE
 471 04a0 B8FA5EAE 		.ascii	"\270\372^\256Z~*\230W\036\315\303\202\377%\213O\247"
 471      5A7E2A98 
 471      571ECDC3 
 471      82FF258B 
 471      4FA7
 472 04b2 D9DD2E9E 		.ascii	"\331\335.\236\022\357A\320\234\365\224\2300\237\022"
 472      12EF41D0 
 472      9CF59498 
 472      309F12
 473 04c1 8D6D0315 		.ascii	"\215m\003\025\352\225\222\001I\313\032\300\375\331\332"
 473      EA959201 
 473      49CB1AC0 
ARM GAS  /tmp/ccq046By.s 			page 38


 473      FDD9DA
 474 04d0 4176ECD0 		.ascii	"Av\354\320e\301\325)\305r\333\242\017\314i\311\241\005"
 474      65C1D529 
 474      C572DBA2 
 474      0FCC69C9 
 474      A105
 475 04e2 E44480A4 		.ascii	"\344D\200\244\004\360\211\251\376\347\322\321\341\301"
 475      04F089A9 
 475      FEE7D2D1 
 475      E1C1
 476 04f0 643A6E34 		.ascii	"d:n4\323\231=5t\220\307\225t\327\037\353\374\321W\013"
 476      D3993D35 
 476      7490C795 
 476      74D71FEB 
 476      FCD1570B 
 477 0504 9778FCCF 		.ascii	"\227x\374\317\272\304\311i\267\230ar\3067\350\350\037"
 477      BAC4C969 
 477      B7986172 
 477      C637E8E8 
 477      1F
 478 0515 6607AE2A 		.ascii	"f\007\256*q\003eR3jk\025\270\2052y\231\351\211J\334"
 478      71036552 
 478      336A6B15 
 478      B8853279 
 478      99E9894A 
 479 052a 4199C283 		.ascii	"A\231\302\203ipvtR\306\234\020\255\242\011\321\315\305"
 479      69707674 
 479      52C69C10 
 479      ADA209D1 
 479      CDC5
 480 053c B735AED4 		.ascii	"\2675\256\3248r\352\034+\272?\247\301w)\364\364\334"
 480      3872EA1C 
 480      2BBA3FA7 
 480      C17729F4 
 480      F4DC
 481 054e FB09723E 		.ascii	"\373\011r>\256#\011\022f\322\243u4=\252ni:\343\204{"
 481      AE230912 
 481      66D2A375 
 481      343DAA6E 
 481      693AE384 
 482 0563 69009C3F 		.ascii	"i\000\234?>?\357j\316H\322\342\005\245\007\207\222\370"
 482      3E3FEF6A 
 482      CE48D2E2 
 482      05A50787 
 482      92F8
 483 0575 35289987 		.ascii	"5(\231\207\311\034\340=\310 q2\373\240q/o\315z\326\035"
 483      C91CE03D 
 483      C8207132 
 483      FBA0712F 
 483      6FCD7AD6 
 484 058a 4D2419C9 		.ascii	"M$\031\311~^\213Ry\313\252\256\223\022\222\353\351\017"
 484      7E5E8B52 
 484      79CBAAAE 
 484      931292EB 
 484      E90F
 485 059c 47B47898 		.ascii	"G\264x\230\352\210\3538<\265\254\216\203\313\352\030"
 485      EA88EB38 
ARM GAS  /tmp/ccq046By.s 			page 39


 485      3CB5AC8E 
 485      83CBEA18 
 486 05ac 3FEF552F 		.ascii	"?\357U/f=\351\240#\315\252\003TR%q\263\271\225j<&*Q"
 486      663DE9A0 
 486      23CDAA03 
 486      54522571 
 486      B3B9956A 
 487 05c4 CC149474 		.ascii	"\314\024\224t\273 8Y\231X\3469f\2613x\032\310GA\341"
 487      BB203859 
 487      9958E639 
 487      66B13378 
 487      1AC84741 
 488 05d9 61DE1D1D 		.ascii	"a\336\035\035\341\331l\241\275im\325\344\220 \2448\211"
 488      E1D96CA1 
 488      BD696DD5 
 488      E49020A4 
 488      3889
 489 05eb EA0E813A 		.ascii	"\352\016\201:2\300b\246<\005h\376u\246P\023\207Ep\212"
 489      32C062A6 
 489      3C0568FE 
 489      75A65013 
 489      8745708A 
 490 05ff 5D307096 		.ascii	"]0p\226-\260P\251%[\000@\354F\007\253o\325\276\270\242"
 490      2DB050A9 
 490      255B0040 
 490      EC4607AB 
 490      6FD5BEB8 
 491 0614 852B6195 		.ascii	"\205+a\225\007\025;S\311d\003{@\356q~\3252y\010\331"
 491      07153B53 
 491      C964037B 
 491      40EE717E 
 491      D5327908 
 492 0629 59552EB1 		.ascii	"YU.\261\242\025D{\342\362\350\203\004\015\221*n.\253"
 492      A215447B 
 492      E2F2E883 
 492      040D912A 
 492      6E2EAB
 493 063c 47089A78 		.ascii	"G\010\232x\344\004x\344\030x$\223g\267\355X\345j\361"
 493      E40478E4 
 493      18782493 
 493      67B7ED58 
 493      E56AF1
 494 064f 7402D452 		.ascii	"t\002\324R\243Qk\371\301+\232U 4vy\241\334\022\2110"
 494      A3516BF9 
 494      C12B9A55 
 494      20347679 
 494      A1DC1289 
 495 0664 28A1EE5E 		.ascii	"(\241\356^\211\023\236\244!:\334r!N\215g(\223\335z\276"
 495      89139EA4 
 495      213ADC72 
 495      214E8D67 
 495      2893DD7A 
 496 0679 052E77CA 		.ascii	"\005.w\312T\234;\337\311cAAo\372\262\211\275\010'Q\346"
 496      549C3BDF 
 496      C9634141 
 496      6FFAB289 
 496      BD082751 
ARM GAS  /tmp/ccq046By.s 			page 40


 497 068e 75E20523 		.ascii	"u\342\005#>@\353\011Yi\355<\015\377O\200=\222|\322\244"
 497      3E40EB09 
 497      5969ED3C 
 497      0DFF4F80 
 497      3D927CD2 
 498 06a3 901E1A64 		.ascii	"\220\036\032d;\\\352.\250P\343\303\"\326\371]\353\320"
 498      3B5CEA2E 
 498      A850E3C3 
 498      22D6F95D 
 498      EBD0
 499 06b5 0B5764BE 		.ascii	"\013Wd\276t=\310W\256\220\020\017'\254\331\327q\260"
 499      743DC857 
 499      AE90100F 
 499      27ACD9D7 
 499      71B0
 500 06c7 86A7C07B 		.ascii	"\206\247\300{\005\274\375T\212\302\007\377\225&^\004"
 500      05BCFD54 
 500      8AC207FF 
 500      95265E04 
 501 06d7 9D2547B3 		.ascii	"\235%G\263y\332\222\2634\037b\"\217D\202\210'\336>\017"
 501      79DA92B3 
 501      341F6222 
 501      8F448288 
 501      27DE3E0F 
 502 06eb DEBE00BE 		.ascii	"\336\276\000\2769\003\364#P1P\021\320Y\240K@\347\200"
 502      3903F423 
 502      50315011 
 502      D059A04B 
 502      40E780
 503 06fe 7E00BA08 		.ascii	"~\000\272\010Th\211Qb\301\334\257\255\026\234\226[\260"
 503      54688951 
 503      62C1DCAF 
 503      AD169C96 
 503      5BB0
 504 0710 C85E4604 		.ascii	"\310^F\004\335\313\330\233m\337^\006=\310\310N\220\243"
 504      DDCBD89B 
 504      6DDF5E06 
 504      3DC8C84E 
 504      90A3
 505 0722 97A61404 		.ascii	"\227\246\024\004\336\311\010\377\223\034\336h\003\037"
 505      DEC908FF 
 505      931CDE68 
 505      031F
 506 0730 65A4C7CB 		.ascii	"e\244\307\313\341\002o\261E\212\274\012z/\026\360\262"
 506      E1026FB1 
 506      458ABC0A 
 506      7A2F16F0 
 506      B2
 507 0741 7B91885A 		.ascii	"{\221\210Z\250`V-\327\356\2521\323\232d\024\307\332"
 507      A860562D 
 507      D7EEAA31 
 507      D39A6414 
 507      C7DA
 508 0753 57CCDAD9 		.ascii	"W\314\332\331\314L+\307\376\264\314\302a\343=\252\322"
 508      CC4C2BC7 
 508      FEB4CCC2 
 508      61E33DAA 
ARM GAS  /tmp/ccq046By.s 			page 41


 508      D2
 509 0764 52F84988 		.ascii	"R\370I\210\371\335\366\235f\276ukZg\257(q\246\030\222"
 509      F9DDF69D 
 509      66BE756B 
 509      5A67AF28 
 509      71A61892 
 510 0778 7C5565FC 		.ascii	"|Ue\374/\220\307J:\333\206\353\342\365X\002c/[\0179"
 510      2F90C74A 
 510      3ADB86EB 
 510      E2F55802 
 510      632F5B0F 
 511 078d 32F76542 		.ascii	"2\367eB\011\022M\217\277(\232\300\234\263\267\337\017"
 511      09124D8F 
 511      BF289AC0 
 511      9CB3B7DF 
 511      0F
 512 079e 69D98BB1 		.ascii	"i\331\213\261\204g/\306\253\274\223d\010`K\223\217="
 512      84672FC6 
 512      ABBC9364 
 512      08604B93 
 512      8F3D
 513 07b0 75C667A8 		.ascii	"u\306g\250\351\307oe\347h\220\207\023\265\275\255w\005"
 513      E9C76F65 
 513      E7689087 
 513      13B5BDAD 
 513      7705
 514 07c2 39005019 		.ascii	"9\000P\031\340K\255\306\303p(\226\221\216"
 514      E04BADC6 
 514      C3702896 
 514      918E
 515 07d0 AE81C956 		.ascii	"\256\201\311V\005d,\331\321\3653\351\316\370G\252d\344"
 515      05642CD9 
 515      D1F533E9 
 515      CEF847AA 
 515      64E4
 516 07e2 5DC215C7 		.ascii	"]\302\025\307\345\236\311\225\374r\317\344\205\366U"
 516      E59EC995 
 516      FC72CFE4 
 516      85F655
 517 07f1 71C49A0A 		.ascii	"q\304\232\012X\275r\25357\305W2i\005=E\255\205\363\012"
 517      58BD72AB 
 517      3537C557 
 517      3269053D 
 517      45AD85F3 
 518 0806 7C9DEA99 		.ascii	"|\235\352\231\251\177\232\247^NO\365\262z\006\177G\026"
 518      A97F9AA7 
 518      5E4E4FF5 
 518      B27A067F 
 518      4716
 519 0818 EC3A68A9 		.ascii	"\354:h\251\262\321r]\324R~\243\252\332q\000r@\036\232"
 519      B2D1725D 
 519      D4527EA3 
 519      AADA7100 
 519      72401E9A 
 520 082c 56884E47 		.ascii	"V\210NG\210~CIH\344\027\315\037D\333\241\225\247\205"
 520      887E4349 
 520      48E417CD 
ARM GAS  /tmp/ccq046By.s 			page 42


 520      1F44DBA1 
 520      95A785
 521 083f 04258C79 		.ascii	"\004%\214y\010\262\264\360\222\014\336,W\374\223\004"
 521      08B2B4F0 
 521      920CDE2C 
 521      57FC9304 
 522 084f 20562AED 		.ascii	" V*\355\247\352\314\037\216\342\251=\326q\264\211\267"
 522      A7EACC1F 
 522      8EE2A93D 
 522      D671B489 
 522      B7
 523 0860 2A6386D8 		.ascii	"*c\206\330\330\312Y\272-FY'\211\244\030;W\237\330\252"
 523      D8CA59BA 
 523      2D465927 
 523      89A4183B 
 523      579FD8AA 
 524 0874 35414ECD 		.ascii	"5AN\315\241\337q\\\232:B<\272\213\2123\2075\370\026"
 524      A1DF715C 
 524      9A3A423C 
 524      BA8B8A33 
 524      8735F816 
 525 0888 3DC7135B 		.ascii	"=\307\023[n\2678*x\232\202\241H\005i{\322\371d\037\277"
 525      6EB7382A 
 525      789A82A1 
 525      4805697B 
 525      D2F9641F 
 526 089d FA8818F9 		.ascii	"\372\210\030\371\361\302\012\036\375\376o-7+\207\352"
 526      F1C20A1E 
 526      FDFE6F2D 
 526      372B87EA 
 527 08ad F9D5F05D 		.ascii	"\371\325\360]\307+\250\216\252\224\253\011\312\217r"
 527      C72BA88E 
 527      AA94AB09 
 527      CA8F72
 528 08bc 841C13E4 		.ascii	"\204\034\023\344\013\307\361\265\272\347\202\240U\020"
 528      0BC7F1B5 
 528      BAE782A0 
 528      5510
 529 08ca 14AAB5AE 		.ascii	"\024\252\265\256\015T\341\373\006oB\250\206\037\000"
 529      0D54E1FB 
 529      066F42A8 
 529      861F00
 530 08d9 7B6EF21F 		.ascii	"{n\362\037\301\340W\247\343\017\271\342\323J\321\224"
 530      C1E057A7 
 530      E30FB9E2 
 530      D34AD194 
 531 08e9 D2C6EA24 		.ascii	"\322\306\352$\255h\012YXj\312b\346\376<\225\330FB\352"
 531      AD680A59 
 531      586ACA62 
 531      E6FE3C95 
 531      D84642EA 
 532 08fd 162F36B6 		.ascii	"\026/6\266\0147\264h\304F\022\365\215\264\361n\321\233"
 532      0C37B468 
 532      C44612F5 
 532      8DB4F16E 
 532      D19B
 533 090f 2F97B5B9 		.ascii	"/\227\265\271Y\264\271\311l\363\243\241X\023\222l\236"
ARM GAS  /tmp/ccq046By.s 			page 43


 533      59B4B9C9 
 533      6CF3A3A1 
 533      5813926C 
 533      9E
 534 0920 FB473841 		.ascii	"\373G8A h!\313\001\024j\260\332\334 \267\271E\264y\252"
 534      206821CB 
 534      01146AB0 
 534      DADC20B7 
 534      B945B479 
 535 0935 BE604A4A 		.ascii	"\276`JJ\374\322\310\343\267\261(\343\236\006W\3209\344"
 535      FCD2C8E3 
 535      B7B128E3 
 535      9E0657D0 
 535      39E4
 536 0947 1C6B8CE3 		.ascii	"\034k\214\343q=e\256\21645h)R \310\374k\246y\204\333"
 536      713D65AE 
 536      8E343568 
 536      295220C8 
 536      FC6BA679 
 537 095d 69674DC3 		.ascii	"igM\303\276W\010\367R&\351qb\227\204\234\025]1v\256"
 537      BE5708F7 
 537      5226E971 
 537      6297849C 
 537      155D3176 
 538 0972 D4995EA7 		.ascii	"\324\231^\2475\242\033j\337>p\306&\012N\237\230<\244"
 538      35A21B6A 
 538      DF3E70C6 
 538      260A4E9F 
 538      983CA4
 539 0985 22B9AF20 		.ascii	"\"\271\257 \355m\362\362\265\034\034\367Hn\006\2470"
 539      ED6DF2F2 
 539      B51C1CF7 
 539      486E06A7 
 539      30
 540 0996 5A2FA6BD 		.ascii	"Z/\246\275\245%y\343j\2674\351\024\373w\205\230\326"
 540      A52579E3 
 540      6AB734E9 
 540      14FB7785 
 540      98D6
 541 09a8 748163E8 		.ascii	"t\201c\350Y\332\315\273\231\307\020\364\321\262\301"
 541      59DACDBB 
 541      99C710F4 
 541      D1B2C1
 542 09b7 09173C2A 		.ascii	"\011\027<*\351\251\233\236r\304c\224\351\313\3158\255"
 542      E9A99B9E 
 542      72C46394 
 542      E9CBCD38 
 542      AD
 543 09c8 A0163E23 		.ascii	"\240\026>#|\326\374|\202\002O\321\316\270\212\236t\311"
 543      7CD6FC7C 
 543      82024FD1 
 543      CEB88A9E 
 543      74C9
 544 09da 25263155 		.ascii	"%&1U\216;\224\257\302\037h\347\373\261\263\023*\234"
 544      8E3B94AF 
 544      C21F68E7 
 544      FBB1B313 
ARM GAS  /tmp/ccq046By.s 			page 44


 544      2A9C
 545 09ec A8A26BFC 		.ascii	"\250\242k\374\370p\265\224\341? |\335\324\311\327N8"
 545      F870B594 
 545      E13F207C 
 545      DDD4C9D7 
 545      4E38
 546 09fe 9D76EECE 		.ascii	"\235v\356\316\277\273\317\001\237\240\314\324\303\324"
 546      BFBBCF01 
 546      9FA0CCD4 
 546      C3D4
 547 0a0c 06277C9A 		.ascii	"\006'|\2322\365\215O\272\324\370\002e\366\336,i\220"
 547      32F58D4F 
 547      BAD4F802 
 547      65F6DE2C 
 547      6990
 548 0a1e 7E7D6814 		.ascii	"~}h\024\237\030\317.&b\\&)\220<\347&y\356uG]\212\006"
 548      9F18CF2E 
 548      26625C26 
 548      29903CE7 
 548      2679EE75 
 549 0a36 D7D1CED6 		.ascii	"\327\321\316\326\344\203\207y\334B\231\305\023\023Y"
 549      E4838779 
 549      DC4299C5 
 549      131359
 550 0a45 4EB88B32 		.ascii	"N\270\2132\225y\273\013\325\270\2372\025\245\225\015"
 550      9579BB0B 
 550      D5B89F32 
 550      15A5950D 
 551 0a55 D22F0AEB 		.ascii	"\322/\012\353\311\301\330\226\332\347\204\207i\337\371"
 551      C9C1D896 
 551      DAE78487 
 551      69DFF9
 552 0a64 6789350E 		.ascii	"g\2115\016\370\2254\252\365]\261\013\236\226\230\207"
 552      F89534AA 
 552      F55DB10B 
 552      9E969887 
 553 0a74 253ABC48 		.ascii	"%:\274H\353\247\236\225A\\'9\210\314\343\376\247).8"
 553      EBA79E95 
 553      415C2739 
 553      88CCE3FE 
 553      A7292E38 
 554 0a88 9D327BAA 		.ascii	"\2352{\252\017Wi\360\011\312\324\233\036!\234O\353/"
 554      0F5769F0 
 554      09CAD49B 
 554      1E219C4F 
 554      EB2F
 555 0a9a 526A7A78 		.ascii	"Rjzx\374\003e\012\313R\037+\361U\312<)M\230Q\340r\312"
 555      FC03650A 
 555      CB521F2B 
 555      F155CA3C 
 555      294D9851 
 556 0ab1 9C9BCFEE 		.ascii	"\234\233\317\356\320\340j\312t\224\233\206]\360-\312"
 556      D0E06ACA 
 556      74949B86 
 556      5DF02DCA 
 557 0ac1 8C56EF19 		.ascii	"\214V\357\031\222\026!\203D[\361=\223\011I?\204hH\377"
 557      92162183 
ARM GAS  /tmp/ccq046By.s 			page 45


 557      445BF13D 
 557      9309493F 
 557      846848FF 
 558 0ad5 DEEC7C05 		.ascii	"\336\354|\005n\026\301\3770\275\220\026OR\262\245\237"
 558      6E16C1FF 
 558      30BD9016 
 558      4F52B2A5 
 558      9F
 559 0ae6 95969A87 		.ascii	"\225\226\232\207\271Bo\345\2019|\276,\377N\254\220\277"
 559      B9426FE5 
 559      81397CBE 
 559      2CFF4EAC 
 559      90BF
 560 0af8 5ABC994D 		.ascii	"Z\274\231M\260K\366b\346Fy\30437\263\230\2357a\353\257"
 560      B04BF662 
 560      E64679C4 
 560      3337B398 
 560      9D3761EB 
 561 0b0d 641372B8 		.ascii	"d\023r\270m:3\331\210\255\027\377\224\034o\223,5\337"
 561      6D3A33D9 
 561      88AD17FF 
 561      941C6F93 
 561      2C35DF
 562 0b20 66E0AD72 		.ascii	"f\340\255r\270\311F|/+~F\216_\222i\222\373\245\263\005"
 562      B8C9467C 
 562      2F2B7E46 
 562      8E5F9269 
 562      92FBA5B3 
 563 0b35 D3D73CEC 		.ascii	"\323\327<\354\017\324+\301\315\273\006\365\3602kz\233"
 563      0FD42BC1 
 563      CDBB06F5 
 563      F0326B7A 
 563      9B
 564 0b46 18E96372 		.ascii	"\030\351cr\351\266INg3\203\037\221\343\207m\361\254"
 564      E9B6494E 
 564      6733831F 
 564      91E3876D 
 564      F1AC
 565 0b58 FC71FBF2 		.ascii	"\374q\373\362\231GIo3c\375\220\334\372'r\370(;\331\273"
 565      9947496F 
 565      3363FD90 
 565      DCFA2772 
 565      F8283BD9 
 566 0b6d 7278A77C 		.ascii	"rx\247|\262\235\254+\337\332u%\023\007\265\315L\034"
 566      B29DAC2B 
 566      DFDA7525 
 566      1307B5CD 
 566      4C1C
 567 0b7f 3C93A347 		.ascii	"<\223\243Gl\177)kb\214y%7\306&\305\036e\215y#\027o\233"
 567      6C7F296B 
 567      628C7925 
 567      37C626C5 
 567      1E658D79 
 568 0b97 06D7B29E 		.ascii	"\006\327\262\236|m?,m\177\004\177\007\372gE?\0208I\372"
 568      7C6D3F2C 
 568      6D7F047F 
 568      07FA6745 
ARM GAS  /tmp/ccq046By.s 			page 46


 568      3F103849 
 569 0bac 0E630FB4 		.ascii	"\016c\017\264\007\273\243EH\352\016A\231\014\364\001"
 569      07BBA345 
 569      48EA0E41 
 569      990CF401 
 570 0bbc EAE950A6 		.ascii	"\352\351P\246\000\315C=\036\312X\240$\240c@\373\200"
 570      00CD433D 
 570      1ECA58A0 
 570      24A06340 
 570      FB80
 571 0bce 52811281 		.ascii	"R\201\022\201\216\003\305\001%\000\035\000:\011\364"
 571      8E03C501 
 571      25001D00 
 571      3A09F4
 572 0bdd 1EC61C84 		.ascii	"\036\306\034\2042\003\350\010\220\000\264\037(\013h"
 572      3203E808 
 572      9000B41F 
 572      280B68
 573 0bec 37D009A0 		.ascii	"7\320\011\240\243@\231@\013\200M\303\354\323d\222\235"
 573      A3409940 
 573      0B804DC3 
 573      ECD36492 
 573      9D
 574 0bfd D90BF9CC 		.ascii	"\331\013\371\314Fmbj\216\305?\267\2770l\210\2670\360"
 574      466D626A 
 574      8EC53FB7 
 574      BF306C88 
 574      B730F0
 575 0c10 0772F8A0 		.ascii	"\007r\370\240\034>\310F\370\240\034>$\207w\262\333y"
 575      1C3EC846 
 575      F8A01C3E 
 575      248777B2 
 575      DB79
 576 0c22 4E0EBF2D 		.ascii	"N\016\277-\017\3019v\325'\355\037\026\354/\366sl\020"
 576      0FC13976 
 576      D527ED1F 
 576      16EC2FF6 
 576      736C10
 577 0c35 0ED83FBB 		.ascii	"\016\330?\273\226<4Y\371\323\366\243\2121\247\226\365"
 577      963C3459 
 577      F9D3F6A3 
 577      8A31A796 
 577      F5
 578 0c46 4DBF1CFE 		.ascii	"M\277\034\376P\376\270jh\304\231\202\260\202\240l\037"
 578      50FEB86A 
 578      68C49982 
 578      B082A06C 
 578      1F
 579 0c57 576D2DB8 		.ascii	"Wm-\270\360\212 $\253Da}\366\205-YGVy\207\034\337n\203"
 579      F08A2024 
 579      AB44617D 
 579      F6852D59 
 579      47567987 
 580 0c6f 1F65D7FD 		.ascii	"\037e\327\375\245\3758a\347\306\256L\233\375\203\226"
 580      A5FD3861 
 580      E7C6AE4C 
 580      9BFD8396 
ARM GAS  /tmp/ccq046By.s 			page 47


 581 0c7f 3D97D975 		.ascii	"=\227\331u\177j\377dc\037\207\254\361w\354\033\317\356"
 581      7F6AFF64 
 581      631F87AC 
 581      F177EC1B 
 581      CFEE
 582 0c91 7656FA63 		.ascii	"vV\372c\373Q\265d\035Y\361\367\355\007\255\345\1775"
 582      FB51B564 
 582      1D59F1F7 
 582      ED07ADE5 
 582      7F35
 583 0ca3 D3C5C5FD 		.ascii	"\323\305\305\375\216\370\214Z|\227\\NI\336\355ly \216"
 583      8EF88C5A 
 583      7C975C4E 
 583      49DEED6C 
 583      79208E
 584 0cb6 DCC6E223 		.ascii	"\334\306\342#+\007\206gcK\202H\026p\231\223\002\375"
 584      2B078667 
 584      634B8248 
 584      16709993 
 584      02FD
 585 0cc8 090E88FF 		.ascii	"\011\016\210\377\217\207\005I\310\356?\350D\354\313"
 585      8F870549 
 585      C8EE3FE8 
 585      44ECCB
 586 0cd7 3307B32F 		.ascii	"3\007\263/\317S\230\376$\013%\371=\364\332|\216\343"
 586      CF5398FE 
 586      240B25F9 
 586      3DF4DA7C 
 586      8EE3
 587 0ce9 D2DF86ED 		.ascii	"\322\337\206\355\375\313\212\373\311\377W\221\237E\233"
 587      FDCB8AFB 
 587      C9FF5791 
 587      9F459B
 588 0cf8 C6EF6056 		.ascii	"\306\357`Vq\356\022\305y\222\342<Q\361\335\247qM\032"
 588      71EE12C5 
 588      7992E23C 
 588      51F1DDA7 
 588      714D1A
 589 0d0b FB8AB99F 		.ascii	"\373\212\271\237\257\025\345c\362O\240\376\252\262="
 589      AF15E563 
 589      F24FA0FE 
 589      AAB23D
 590 0d1a 2E5AE991 		.ascii	".Z\351\221\231\364\223?\027\243\323\230\274!S\366\214"
 590      99F4933F 
 590      17A3D398 
 590      BC2153F6 
 590      8C
 591 0d2b DFC7F892 		.ascii	"\337\307\370\222\232&~\003\2253\256\342\243\003\354"
 591      9A267E03 
 591      9533AEE2 
 591      A303EC
 592 0d3a 935E27D5 		.ascii	"\223^'\325\247\372J\235\3056\362\232>\213\305\306\266"
 592      A7FA4A9D 
 592      C536F29A 
 592      3E8BC5C6 
 592      B6
 593 0d4b DAAAAB2E 		.ascii	"\332\252\253.\313\276D\0121y\211\024`\351%R\332\336"
ARM GAS  /tmp/ccq046By.s 			page 48


 593      CBBE440A 
 593      31798914 
 593      60E92552 
 593      DADE
 594 0d5d F5460D2F 		.ascii	"\365F\015/\221\032\372z\372P\376L\020\300A\012\005\001"
 594      911AFA7A 
 594      FA50FE4C 
 594      10C0410A 
 594      0501
 595 0d6f A233D658 		.ascii	"\2423\326X\203\352\322\307H\021\376\210S\005\374\306"
 595      83EAD2C7 
 595      4811FE88 
 595      5305FCC6 
 596 0d7f 27D818AC 		.ascii	"'\330\030\254\010\336\021\035\376\215n\247!\"T\027\034"
 596      08DE111D 
 596      FE8D6EA7 
 596      21225417 
 596      1C
 597 0d90 1EFABDCE 		.ascii	"\036\372\275\316{g\330\037\302\002\215\273B\302\014"
 597      7B67D81F 
 597      C2028DBB 
 597      42C20C
 598 0d9f BAEDA46E 		.ascii	"\272\355\244n\210\361\374b\203Ng\210\321\355\014\016"
 598      88F1FC62 
 598      834E6788 
 598      D1ED0C0E 
 599 0daf D74519A2 		.ascii	"\327E\031\242\2151\272\300o\277\376\334K\347\357\357"
 599      8D31BAC0 
 599      6FBFFEDC 
 599      4BE7EFEF 
 600 0dbf A3DB1CB0 		.ascii	"\243\333\034\260e\333\377z\221\256\240(\240\360\360"
 600      65DBFF7A 
 600      91AEA028 
 600      A0F0F0
 601 0dce 90CFB6AB 		.ascii	"\220\317\266\2537\177\363\333\265\336\236\236\2346("
 601      377FF3DB 
 601      B5DE9E9E 
 601      9C3628
 602 0ddd 685758A4 		.ascii	"hWX\244\361s\257 \343\257t\273b\242u\341\206\355 #8"
 602      F173AF20 
 602      E3AF74BB 
 602      62A275E1 
 602      86ED2023 
 603 0df2 3AE2D348 		.ascii	":\342\323HCd\350\247\241\301\177\010\323\205En\017\337"
 603      4364E8A7 
 603      A1C17F08 
 603      D385456E 
 603      0FDF
 604 0e04 1512AA8B 		.ascii	"\025\022\252\213\010\006u\221\241\272\240\220\320\035"
 604      08067591 
 604      A1BAA090 
 604      D01D
 605 0e12 C1BBC28D 		.ascii	"\301\273\302\215A\306?F\205\306|\266\223S\233e\350~"
 605      41C63F46 
 605      85C67CB6 
 605      93539B65 
 605      E87E
ARM GAS  /tmp/ccq046By.s 			page 49


 606 0e24 5246CC1F 		.ascii	"RF\314\037ctA1\306\020\030\000\003\261!$Z\031\265+*"
 606      63744131 
 606      C6101800 
 606      03B12124 
 606      5A19B52B 
 607 0e39 24DAC110 		.ascii	"$\332\301\020\023\025\032\032\022\2552\020\241\321\312"
 607      13151A1A 
 607      12AD3210 
 607      A1D1CA
 608 0e48 08434868 		.ascii	"\010CHh4\231\372\316m\177\325\251\357\344\334b\214\021"
 608      3499FACE 
 608      6D7FD5A9 
 608      EFE4DC62 
 608      8C11
 609 0e5a 60EB7751 		.ascii	"`\353wQa\206\240\230P\343\256\250 \243*`\013\361\264"
 609      6186A098 
 609      50E3AEA8 
 609      20A32A60 
 609      0BF1B4
 610 0e6d 2AC08F16 		.ascii	"*\300\217\026\233i\361\025-|i\341C\013oZl\242\305FZ"
 610      9B69F115 
 610      2D7C69E1 
 610      430B6F5A 
 610      6CA2C546 
 611 0e82 6C258526 		.ascii	"l%\205&`\243\277\267!rG\330w\212\215_\351\375\310\227"
 611      60A3BFB7 
 611      217247D8 
 611      778A8D5F 
 611      E9FDC897 
 612 0e96 BFC2DF7B 		.ascii	"\277\302\337{\253^\261)P\257G\377\211\374\224\333\303"
 612      AB5EB129 
 612      50AF47FF 
 612      89FC94DB 
 612      C3
 613 0ea7 4383A325 		.ascii	"C\203\243%\237{n\0102\252\315\025\014\226\340m>z\274"
 613      9F7B6E08 
 613      32AACD15 
 613      0C96E06D 
 613      3E7ABC
 614 0eba C547AF0C 		.ascii	"\305G\257\014\370m\200\217\336a[`\200\257\257\217^\265"
 614      F86D808F 
 614      DE615B60 
 614      80AFAF8F 
 614      5EB5
 615 0ecc EDDBFF0A 		.ascii	"\355\333\377\012\360\325+\277\336\346\343\253\307\233"
 615      F0D52BBF 
 615      DEE6E3AB 
 615      C79B
 616 0eda F47A27C6 		.ascii	"\364z'\306~\2436\314@&\035\026\022dt\242\325\210\340"
 616      7EA336CC 
 616      40261D16 
 616      126474A2 
 616      D588E0
 617 0eed 98FF01C1 		.ascii	"\230\377\001\301a\006\342\301 \243\263y\346Aa\221a\306"
 617      6106E2C1 
 617      20A3B379 
 617      E6416191 
ARM GAS  /tmp/ccq046By.s 			page 50


 617      61C6
 618 0eff BFAE2FB7 		.ascii	"\277\256/\267s\177c\221\016\366\177\027m\330\025E\264"
 618      737F6391 
 618      0EF67F17 
 618      6DD81545 
 618      B4
 619 0f10 AA7DBCB7 		.ascii	"\252}\274\267z\177\265Y\357\251\015\360\367\017\334"
 619      7A7FB559 
 619      EFA90DF0 
 619      F70FDC
 620 0f1f B885D449 		.ascii	"\270\205\324Iu\213W \251*\003\003\2757\3535z\337@_\375"
 620      758B5720 
 620      A92A0303 
 620      BD37EB35 
 620      7ADF405F 
 621 0f34 7FF8FA6C 		.ascii	"\177\370\372l\300\336\201\340\"\037ok\323/5\033\003"
 621      C0DE81E0 
 621      221F6F6B 
 621      D32F351B 
 621      03
 622 0f45 3679F907 		.ascii	"6y\371\007\370~\243'5OZ3\367\376B\263\321o\323\347R"
 622      F87EA327 
 622      354F5A33 
 622      F7FE42B3 
 622      D16FD3E7 
 623 0f5a AF9F05E7 		.ascii	"\257\237\005\347'\307}\356@\244@\013)=\331\036/\007"
 623      27C77DEE 
 623      40A4400B 
 623      293DD91E 
 623      2F07
 624 0f6c 2241ECF1 		.ascii	"\"A\354\361\223\020~K\021\236j2V\037\370\255\236T<I"
 624      93107E4B 
 624      119E6A32 
 624      561FF8AD 
 624      9E543C49 
 625 0f80 C5D2B75E 		.ascii	"\305\322\267^MF\323>?3\310\217\202\260\367\026\275\202"
 625      4D46D33E 
 625      3F33C88F 
 625      82B0F716 
 625      BD82
 626 0f92 4CD201E6 		.ascii	"L\322\001\346KJ\336[ov\207\227\376\347"
 626      4B4ADE5B 
 626      6F768797 
 626      FEE7
 627 0fa0 797FBB21 		.ascii	"y\177\273!\"\302\020\251\013\375\336\250\363\376:pK"
 627      22C210A9 
 627      0BFDDEA8 
 627      F3FE3A70 
 627      4B
 628 0fb1 202C025D 		.ascii	" ,\002]\207\257\276\370\376{\235\270\372;\276\330\000"
 628      87AFBEF8 
 628      FE7B9DB8 
 628      FA3BBED8 
 628      00
 629 0fc2 75086647 		.ascii	"u\010fG\275\267w\320\267\260c|Bw\250\311\012\223\260"
 629      BDB777D0 
 629      B7B0637C 
ARM GAS  /tmp/ccq046By.s 			page 51


 629      4277A8C9 
 629      0A93B0
 630 0fd5 F83FB3B7 		.ascii	"\370?\263\2679\256"
 630      39AE
 631              		.text
 632              		.section	.gnu.lto_.symtab.c9d7075243aa538e,"",%progbits
 633 0000 5F70616C 		.ascii	"_pal_lld_init\000"
 633      5F6C6C64 
 633      5F696E69 
 633      7400
 634 000e 00       		.ascii	"\000"
 635 000f 00       		.ascii	"\000"
 636 0010 00       		.ascii	"\000"
 637 0011 00000000 		.ascii	"\000\000\000\000\000\000\000\000"
 637      00000000 
 638 0019 45010000 		.ascii	"E\001\000\000"
 639 001d 5F70616C 		.ascii	"_pal_lld_setgroupmode\000"
 639      5F6C6C64 
 639      5F736574 
 639      67726F75 
 639      706D6F64 
 640 0033 00       		.ascii	"\000"
 641 0034 00       		.ascii	"\000"
 642 0035 00       		.ascii	"\000"
 643 0036 00000000 		.ascii	"\000\000\000\000\000\000\000\000"
 643      00000000 
 644 003e 4B010000 		.ascii	"K\001\000\000"
 645              		.text
 646              		.section	.gnu.lto_.opts,"",%progbits
 647 0000 272D666D 		.ascii	"'-fmath-errno' '-fsigned-zeros' '-ftrapping-math' '"
 647      6174682D 
 647      6572726E 
 647      6F272027 
 647      2D667369 
 648 0033 2D666E6F 		.ascii	"-fno-trapv' '-fno-openmp' '-fno-openacc' '-mcpu=cor"
 648      2D747261 
 648      70762720 
 648      272D666E 
 648      6F2D6F70 
 649 0066 7465782D 		.ascii	"tex-m7' '-mno-thumb-interwork' '-mthumb' '-O2' '-fo"
 649      6D372720 
 649      272D6D6E 
 649      6F2D7468 
 649      756D622D 
 650 0099 6D69742D 		.ascii	"mit-frame-pointer' '-falign-functions=16' '-ffuncti"
 650      6672616D 
 650      652D706F 
 650      696E7465 
 650      72272027 
 651 00cc 6F6E2D73 		.ascii	"on-sections' '-fdata-sections' '-fno-common' '-flto"
 651      65637469 
 651      6F6E7327 
 651      20272D66 
 651      64617461 
 652 00ff 2700     		.ascii	"'\000"
 653              		.text
 654              		.comm	__gnu_lto_v1,1,1
ARM GAS  /tmp/ccq046By.s 			page 52


 655              		.comm	__gnu_lto_slim,1,1
 656              		.ident	"GCC: (GNU Tools for Arm Embedded Processors 7-2017-q4-major) 7.2.1 20170904 (release) [ARM
ARM GAS  /tmp/ccq046By.s 			page 53


DEFINED SYMBOLS
                            *ABS*:0000000000000000 hal_pal_lld.c
                            *COM*:0000000000000001 __gnu_lto_v1
                            *COM*:0000000000000001 __gnu_lto_slim

NO UNDEFINED SYMBOLS
