ARM GAS  /tmp/ccaKUv9r.s 			page 1


   1              		.cpu cortex-m7
   2              		.eabi_attribute 20, 1
   3              		.eabi_attribute 21, 1
   4              		.eabi_attribute 23, 3
   5              		.eabi_attribute 24, 1
   6              		.eabi_attribute 25, 1
   7              		.eabi_attribute 26, 1
   8              		.eabi_attribute 30, 2
   9              		.eabi_attribute 34, 1
  10              		.eabi_attribute 18, 4
  11              		.file	"hal_pal.c"
  12              		.section	.gnu.lto_.profile.b0f106dc4bbba5c7,"",%progbits
  13 0000 789C6363 		.ascii	"x\234cc```\001bF\006\015\031\000\000\344\000P"
  13      60606001 
  13      6246060D 
  13      190000E4 
  13      0050
  14              		.text
  15              		.section	.gnu.lto_.icf.b0f106dc4bbba5c7,"",%progbits
  16 0000 789C6363 		.ascii	"x\234cc``\020a@\000f\206\315/o\034\347a|\370\275\355"
  16      60601061 
  16      40006686 
  16      CD2F6F1C 
  16      E7617CF8 
  17 0016 0207D3FE 		.ascii	"\002\007\323\376M\323\32603\000\000g\376\011T"
  17      4DD3D630 
  17      33000067 
  17      FE0954
  18              		.text
  19              		.section	.gnu.lto_.jmpfuncs.b0f106dc4bbba5c7,"",%progbits
  20 0000 789C6363 		.ascii	"x\234cc``hf@\000f\006FF\306\3729@\212\211\221\221\031"
  20      60606866 
  20      40006606 
  20      4646C6FA 
  20      39408A89 
  21 0017 C4006246 		.ascii	"\304\000bF&\030\207q\0163\023\033\003\003\343\001\026"
  21      26188771 
  21      0E33131B 
  21      0303E301 
  21      16
  22 0028 460620FE 		.ascii	"F\006 \376\017\004\374\014h|F\306)\314\214\323Z\017"
  22      0F04FC0C 
  22      687C46C6 
  22      29CC8CD3 
  22      5A0F
  23 003a 9D67EF66 		.ascii	"\235g\357f\006\352ed`\334\314(\003\024z\275g\303\015"
  23      06EA6564 
  23      60DCCC28 
  23      03147ABD 
  23      67C30D
  24 004d 56881044 		.ascii	"V\210\020D\335\026F\031\246JF\014\323\000\214y&%"
  24      DD164619 
  24      A64A460C 
  24      D3008C79 
  24      2625
  25              		.text
  26              		.section	.gnu.lto_.inline.b0f106dc4bbba5c7,"",%progbits
ARM GAS  /tmp/ccaKUv9r.s 			page 2


  27 0000 789C6363 		.ascii	"x\234cc``\370\316\200\000\314\014\014\234\034\214\314"
  27      6060F8CE 
  27      8000CC0C 
  27      0C9C1C8C 
  27      CC
  28 0011 0C0A8C20 		.ascii	"\014\012\214 &\210t\000\223\012\034l\037\364\030\330"
  28      26887400 
  28      930A1C6C 
  28      1FF418D8 
  29 0021 16C83331 		.ascii	"\026\310310\276`g\201\220 \202\003\314\344\000\021\002"
  29      30BE6067 
  29      81902082 
  29      03CCE400 
  29      1102
  30 0033 60A600C8 		.ascii	"`\246\000\310\030F\006>^F\026F\240N\210!\012HF1p3]\340"
  30      1846063E 
  30      5E461646 
  30      A04E8821 
  30      0A484631 
  31 004b 87180564 		.ascii	"\207\030\005d\240\030\302\262@\236\007j\022\363\016"
  31      A018C2B2 
  31      409E076A 
  31      12F30E
  32 005a 710106A0 		.ascii	"q\001\006\240\2352 \276\002X^\001d2\023\003\2670\212"
  32      9D3220BE 
  32      02585E01 
  32      64321303 
  32      B7308A
  33 006d FBA04673 		.ascii	"\373\240Fs\002\345\210s\036\320R\011\220I,\274@\357"
  33      02E58873 
  33      1ED05209 
  33      90492CBC 
  33      40EF
  34 007f 4EF00341 		.ascii	"N\360\003A\006\000\373F \246"
  34      0600FB46 
  34      20A6
  35              		.text
  36              		.section	.gnu.lto_.pureconst.b0f106dc4bbba5c7,"",%progbits
  37 0000 789C6363 		.ascii	"x\234cc```\007bf\006)F)&I\000\001\274\000a"
  37      60606007 
  37      62660629 
  37      46292649 
  37      0001BC00 
  38              		.text
  39              		.section	.gnu.lto_palReadBus.b0f106dc4bbba5c7,"",%progbits
  40 0000 789C9591 		.ascii	"x\234\225\221Ok\223A\020\306\347y'\331\274\321\246_"
  40      4F6B9341 
  40      10C6E779 
  40      27D9BCD1 
  40      A65F
  41 0012 C01E7210 		.ascii	"\300\036r\020J/.^T\020\274\010~\001?\200\244i!\201H"
  41      4A2F2E5E 
  41      5410BC08 
  41      7E013F80 
  41      A4692181 
  42 0027 C458E8AD 		.ascii	"\304X\350\255\233\364\217\225*\224b[\010\257%\207\026"
  42      9BF48F95 
ARM GAS  /tmp/ccaKUv9r.s 			page 3


  42      2A94625B 
  42      08AF2587 
  42      16
  43 0038 411015A3 		.ascii	"A\020\025\243\321X\3655BoU\353A\024z\322\223\"E\305"
  43      D158F535 
  43      426F55EB 
  43      41147AD2 
  43      932245C5 
  44 004c A3546736 		.ascii	"\243Tg6-\344\340\245\207\235}fw\34673\273\206\210\306"
  44      2DE4E0A5 
  44      879D7D66 
  44      77E63733 
  44      BB8688C6 
  45 0060 03A233B2 		.ascii	"\003\2423\262\037\221\005&\004\363o\210\252a\000\250"
  45      1F910526 
  45      04F36F88 
  45      AA6100A8 
  46 0070 70216822 		.ascii	"p!h\"\300\004\256\363M\306\326\324\375\210\3478\222"
  46      C004AEF3 
  46      4DC6D6D4 
  46      FD88E738 
  46      92
  47 0081 B084B83F 		.ascii	"\260\204\270?7\353_\372\325\005\262\342~\337\331h\366"
  47      37EB5FFA 
  47      D505B2E2 
  47      7EDFD968 
  47      F6
  48 0092 0DDD76AE 		.ascii	"\015\335v\256\346\342\345\005\263\322|\347\322\021\007"
  48      E6E2E505 
  48      B3D27CE7 
  48      D21107
  49 00a1 B424E14D 		.ascii	"\264$\341M\014\340!\006\264\306#\014I\360\364\326\362"
  49      0CE02106 
  49      B4C6230C 
  49      49F0F4D6 
  49      F2
  50 00b2 0CF36990 		.ascii	"\014\363i\220\350O?\356l\367\017\256\371\304\337\253"
  50      E84F3FEE 
  50      6CF70FAE 
  50      F9C4DFAB 
  51 00c2 EC8E46CC 		.ascii	"\354\216F\314x\014\356M\224#B\013\203\032\377\371\301"
  51      780CEE4D 
  51      9423420B 
  51      831AFFF9 
  51      C1
  52 00d3 EE62C624 		.ascii	"\356b\306$\032L\312\026\344\023\030\202\210{\357\223"
  52      1A4CCA16 
  52      E4131882 
  52      887BEF93 
  53 00e3 B1DBFD7B 		.ascii	"\261\333\375{\325\305\333k\270u.\035HZ\202\305$\023"
  53      D5C5DB6B 
  53      B8752E1D 
  53      485A82C5 
  53      2413
  54 00f5 624C5295 		.ascii	"bLR\225Q\223\202\262B\322\366hV\0302\253\213\351\232"
  54      519382B2 
  54      42D2F668 
ARM GAS  /tmp/ccaKUv9r.s 			page 4


  54      561832AB 
  54      8BE99A
  55 0108 B8A22663 		.ascii	"\270\242&c\372\206Z\373\353\215\327F\321u\016\244\350"
  55      FA865AFB 
  55      EB8DD746 
  55      D1750EA4 
  55      E8
  56 0119 D274E76D 		.ascii	"\322t\347mJ\207e\337\363zgs\3034\260Ru\316e#N\3259\205"
  56      4A8765DF 
  56      F37A6773 
  56      C334B052 
  56      75CE6523 
  57 0131 A73AA0BE 		.ascii	"\247:\240\276\313\334\302G\330\273n\336_\205h\243\201"
  57      CBDCC247 
  57      D8BB6EDE 
  57      5F8568A3 
  57      81
  58 0142 456D94F0 		.ascii	"Em\224\360\014V\330\235v\272\013\346^p\372\177\340C"
  58      0C56D89D 
  58      76BA0BE6 
  58      5E70FA7F 
  58      E043
  59 0154 521DEB7B 		.ascii	"R\035\353{\340\017\255v+#\340\251\252^\035\306s\017"
  59      E00FAD76 
  59      2B23E0A9 
  59      AA5E1DC6 
  59      730F
  60 0166 D6C9F1C2 		.ascii	"\326\311\361\302\203k\373\340\304\201Z\354\303KO\012"
  60      836BFBE0 
  60      C4815AEC 
  60      C34B4F0A 
  61 0176 94147BD2 		.ascii	"\224\024{\322\344\257\031tQIiS\200\275ts z\006\257<"
  61      E4AF1974 
  61      51496953 
  61      80BD7473 
  61      207A06AF 
  62 018b DD7F55A7 		.ascii	"\335\177U\247K\377\263O\017}\001C;\250e\367N\364\241"
  62      4BFFB34F 
  62      0F7D0143 
  62      3BA865F7 
  62      4EF4A1
  63 019e 66652AF9 		.ascii	"fe*\371\011i\350\224-\224/\216\332\\it\334\236-\024"
  63      0969E894 
  63      2D942F8E 
  63      DA5C6974 
  63      DC9E2D14 
  64 01b2 878BE7AF 		.ascii	"\207\213\347\257\214\215\024\3136\257\272\\9~\362\204"
  64      8C8D14CB 
  64      36AFBA5C 
  64      397EF284 
  65 01c2 B5E58A2D 		.ascii	"\265\345\212-\344J\266r9\257\373\205K\271\322\261<\361"
  65      E44AB672 
  65      39AFFB85 
  65      4BB9D2B1 
  65      3CF1
  66 01d4 F058E51F 		.ascii	"\360X\345\037\257M\327R"
  66      AF4DD752 
ARM GAS  /tmp/ccaKUv9r.s 			page 5


  67              		.text
  68              		.section	.gnu.lto_palWriteBus.b0f106dc4bbba5c7,"",%progbits
  69 0000 789C9553 		.ascii	"x\234\225SMk\023Q\024}g\336d\362\325\244.\005\273\350"
  69      4D6B1351 
  69      147D67DE 
  69      64F2D5A4 
  69      2E05BBE8 
  70 0014 4208DDF8 		.ascii	"B\010\335\370p\243\202\013\027\005\377@\177\200$\261"
  70      70A3820B 
  70      1705FF40 
  70      7F8024B1 
  71 0024 90402462 		.ascii	"\220@$bZp\327I\332\244\325*\0241)\204i\011\025\243\010"
  71      5A70D749 
  71      DAA4D52A 
  71      14312984 
  71      690915A3 
  72 0039 A2E2476C 		.ascii	"\242\342GlZk\214Z7\255\322\"\242\340J\301\205\240\244"
  72      5A6B8C5A 
  72      37ADD222 
  72      A2E04AC1 
  72      85A0A4
  73 004c E0C24549 		.ascii	"\340\302EI\274\367%\321(n:\360\356\334\317s\317\234"
  73      BCF725D1 
  73      286E3AF0 
  73      EEDCCF73 
  73      CF9C
  74 005e 99B18410 		.ascii	"\231\261\204\020#R\210a\272\037\240\003)`\314\275\026"
  74      23528861 
  74      BA1FA003 
  74      2960CCBD 
  74      16
  75 006f 22ED3100 		.ascii	"\"\3551\000vl\017\304\204\201\011\\\222W%\352\323_\226"
  75      766C0FC4 
  75      8481095C 
  75      925725EA 
  75      D35F96
  76 0082 8DA11B36 		.ascii	"\215\241\0336]\265\371\037V\316\316\356wh\274@\207/"
  76      5DB5F91F 
  76      56CECEEE 
  76      7768BC40 
  76      872F
  77 0094 DCC71075 		.ascii	"\334\307\020umM\335u\344\254t$`R\270\263Y\374\034\344"
  77      6D4DDD75 
  77      E4AC7424 
  77      6052B8B3 
  77      59FC1CE4 
  78 00a8 D0C02085 		.ascii	"\320\300 \205\331\255\371\234\224\307!\310\377\320\270"
  78      D9ADF99C 
  78      94C721C8 
  78      FFD0B8
  79 00b7 F53118BA 		.ascii	"\3651\030\272n\333\031\273\266{M\332\007\035)\361\010"
  79      6EDB19BB 
  79      B67B4DDA 
  79      071D29F1 
  79      08
  80 00c8 9200F110 		.ascii	"\222\000\361\020\003x\200\001A)\201\012B\324\276\320"
  80      03788001 
ARM GAS  /tmp/ccaKUv9r.s 			page 6


  80      4129810A 
  80      42D4BED0 
  81 00d8 5C7AE597 		.ascii	"\\z\345\227'\364hy\315\211v&7\312z\322\304\343\177'"
  81      27F46879 
  81      CD897626 
  81      37CA7AD2 
  81      C4E37F27 
  82 00ec 4D816584 		.ascii	"M\201e\204\270\375\323\275f>`\231\245.[Ta\011\220sg"
  82      B8FDD3BD 
  82      663E6099 
  82      A52E5B54 
  82      61099073 
  83 0101 DB55B39B 		.ascii	"\333U\263\233\255i\"PF\353d?\300#\006\015\273$\033\223"
  83      AD692250 
  83      46EB643F 
  83      C023060D 
  83      BB241B93 
  84 0115 8D8B8C65 		.ascii	"\215\213\214e\261qs\350a\343e\343#\343\366\263\027\000"
  84      B17173E8 
  84      61E365E3 
  84      23E3F6B3 
  84      1700
  85 0127 93146286 		.ascii	"\223\024b\206\320I8\273&.H\203\275\311\232\370\212L"
  85      D04938BB 
  85      262E4883 
  85      BDC99AF8 
  85      8A4C
  86 0139 33F7ADD2 		.ascii	"3\367\255\322\307K\213\322(Jp\252\352m\307,l![\177\343"
  86      C74B8BD2 
  86      284A70AA 
  86      EA6DC72C 
  86      6C215B7F 
  87 014e 668DA47E 		.ascii	"f\215\244~\270\325\372\346\272U\302b\232\204\036t\244"
  87      B8D5FAE6 
  87      BA55C262 
  87      9A841E74 
  87      A4
  88 015f A7280358 		.ascii	"\247(\003X\241'\342\332\316\354\225\367P\267\3559]\362"
  88      A127E2DA 
  88      CEEC95F7 
  88      50B7ED39 
  88      5DF2
  89 0171 621525E4 		.ascii	"b\025%\344\365\013\300\023(\002\236\334\315\241\215"
  89      F50BC013 
  89      28029EDC 
  89      CDA18D
  90 0180 6CEA65B2 		.ascii	"l\352e\262w\231kO\350>\254it\026\012O\333\350\205.z"
  90      77996B4F 
  90      E83EAC69 
  90      74160A4F 
  90      DBE8852E 
  91 0195 076DBBB1 		.ascii	"\007m\273\261\261\340g\352\026\366\241F0\324\323\350"
  91      B1E067EA 
  91      16F6A146 
  91      30D4D3E8 
  92 01a5 F6B83509 		.ascii	"\366\2705\011\353/V\264\017mV\177\372\274:\355\352e"
  92      EB2F56B4 
ARM GAS  /tmp/ccaKUv9r.s 			page 7


  92      0F6D567F 
  92      FABC3AED 
  92      EA65
  93 01b7 EADB1353 		.ascii	"\352\333\023S?\236i\246\0063\255\267\231\376\354\242"
  93      3F9E69A6 
  93      0633ADB7 
  93      99FEECA2 
  94 01c7 FB35112F 		.ascii	"\3735\021/\345\352o/\352\\\257\344}\377\223<@\004\360"
  94      E5EA6F2F 
  94      EA5CAFE4 
  94      7DFF933C 
  94      4004F0
  95 01da BCB3EA5D 		.ascii	"\274\263\352]\245Z\011\320\252\2514\227\202x\241W\261"
  95      A55A09D0 
  95      AAA93497 
  95      8278A157 
  95      B1
  96 01eb E6545C59 		.ascii	"\346T\\Y\\\272\211\337\305~\274\204\312\323\207G4\326"
  96      5CBA89DF 
  96      C57EBC84 
  96      CAD38747 
  96      34D6
  97 01fd A168B7F8 		.ascii	"\241h\267\370\216L\251uY\257\325\177\311\014\311I\337"
  97      8E4CA975 
  97      59AFD57F 
  97      C90CC949 
  97      DF
  98 020e 05313DA6 		.ascii	"\0051=\246b\3113\243*\234\030=\257\206c\361H|dl\374"
  98      62C933A3 
  98      2A9C183D 
  98      AF8663F1 
  98      487C646C 
  99 0223 743CA9A2 		.ascii	"t<\251\242\354'S\207\217\036Q*\231R\261pB\245\316E\371"
  99      EC275387 
  99      8F1E512A 
  99      9952B170 
  99      42A5CE45 
 100 0238 7EEA6C38 		.ascii	"~\352l8q(*dd<eF\342c\251_\201D\026\254"
 100      71282A64 
 100      643C6546 
 100      E263A95F 
 100      814416AC 
 101              		.text
 102              		.section	.gnu.lto_palSetBusMode.b0f106dc4bbba5c7,"",%progbits
 103 0000 789C9592 		.ascii	"x\234\225\222MkSA\024\206\317;\347\346\336\244\265]"
 103      4D6B5341 
 103      1486CF3B 
 103      E7E6DEA4 
 103      B55D
 104 0012 0B769185 		.ascii	"\013v\221\205\020\272qp\243\202\013\027]\370\003\374"
 104      10BA7170 
 104      A3820B17 
 104      5DF803FC 
 105 0022 0192A681 		.ascii	"\001\222\246\201DR\"\306\202\273LS\223VZ\260\250M!^"
 105      445222C6 
 105      82BB4C53 
 105      93565AB0 
ARM GAS  /tmp/ccaKUv9r.s 			page 8


 105      A84D215E 
 106 0036 240BA320 		.ascii	"$\013\243 \210J\353G\332\252\327,\\Y\245])~,\024\004"
 106      884AEB47 
 106      DAAAD72C 
 106      5C59A55D 
 106      297E2C14 
 107 004b 259616B7 		.ascii	"%\226\026\267Z=3\325\205\356:03\347\3349\3573\357\034"
 107      5A3D33D5 
 107      85EE3A30 
 107      33E7DC39 
 107      EF33EF1C 
 108 005f AE4F44A7 		.ascii	"\256OD\247\024\321\220\354\373d\202\011j\366%\321x\\"
 108      14D190EC 
 108      FB648209 
 108      6AF625D1 
 108      785C
 109 0071 01363071 		.ascii	"\00160qPY\241\214\031\276\302\350L~n\253\301\233FF4"
 109      5059A18C 
 109      19BEC2E8 
 109      4C7E6EAB 
 109      C19B4646 
 110 0086 BF1ED44C 		.ascii	"\277\036\324Luo\310Du\231v`\001\203R\265v\376n\310\323"
 110      756FC844 
 110      75997660 
 110      018352B5 
 110      76FE6EC8 
 111 009b 1C32E049 		.ascii	"\0342\340I\272\265\332\370\324oS\205\244\244\325\265"
 111      BAB5DAF8 
 111      D46F5385 
 111      A4A4D5B5 
 112 00ab F91AF351 		.ascii	"\371\032\363Q\220\304o6o\275\353O\265\214\251\230\350"
 112      90C46F36 
 112      6FBDEB4F 
 112      B58CA998 
 112      E8
 113 00bc C57536FB 		.ascii	"\305u6\373Cf<\000\013\020\3671\200E\014\220|\"<DJ\312"
 113      43663C00 
 113      0B10F731 
 113      80450C90 
 113      7C223C44 
 114 00d2 BF2FB42E 		.ascii	"\277/\264.\367\3621'\375\260\261x\265\347\217\364G\313"
 114      F7F23127 
 114      FDB0B178 
 114      B5E78FF4 
 114      47CB
 115 00e4 493D3CFA 		.ascii	"I=<\372_\352\021\332H\331\372\217\367\266\347\372|\257"
 115      5FEA11DA 
 115      48D9FA8F 
 115      F7B6E7FA 
 115      7CAF
 116 00f6 F9D72E96 		.ascii	"\371\327.\226\340\023$\270\263\036\213\314\366\257I"
 116      E01324B8 
 116      B31E8BCC 
 116      F6AF49
 117 0105 13756FE0 		.ascii	"\023uo\340\375\361\204\022Y\214e\361=Y\202\230\215|"
 117      FDF18412 
 117      598C65F1 
ARM GAS  /tmp/ccaKUv9r.s 			page 9


 117      3D598298 
 117      8D7C
 118 0117 5807011C 		.ascii	"X\007\001\034\214\246D/\2751\021]`e\243\211\210\276"
 118      8CA6442F 
 118      BD31115D 
 118      6065A389 
 118      88BE
 119 0129 A2B2F4E5 		.ascii	"\242\262\364\345[\306R\033\254\344\276z\265\363*\260"
 119      5BC6521B 
 119      ACE4BE7A 
 119      B5F32AB0 
 120 0139 AF666777 		.ascii	"\257fgw\245\263\372\334o\342\332\270\264.\031r\274\301"
 120      A5B3FADC 
 120      6FE2DAB8 
 120      B42E1972 
 120      BCC1
 121 014b 3E96C5A2 		.ascii	">\226\305\242=\333\232\276\364\032\372\266\231uG\011"
 121      3DDB9ABE 
 121      F41AFAB6 
 121      99754709 
 122 015b ACA08939 		.ascii	"\254\240\2119\327R<\206v\350\304\016\230wE\352\301\023"
 122      D7523C86 
 122      76E8C40E 
 122      987745EA 
 122      C113
 123 016d 47B2AFC4 		.ascii	"G\262\257\304\323\177I\336\256H\275\210\034IY\3223G"
 123      D37F49DE 
 123      AE48BD88 
 123      1C4959D2 
 123      3347
 124 017f 9AD8AC61 		.ascii	"\232\330\254a\007\025\023_\002\244.jI\327U\221\267\333"
 124      0715135F 
 124      02A42E6A 
 124      49D75591 
 124      B7DB
 125 0191 DDB741F9 		.ascii	"\335\267A\371\247\211\207\274\247n\015\240\2032Ig\\"
 125      A78987BC 
 125      A76E0DA0 
 125      83324967 
 125      5C
 126 01a2 7910721F 		.ascii	"y\020r\037m\240\322\\\276\350\030\356\347\231\2222\351"
 126      6DA0D25C 
 126      BEE818EE 
 126      E7999232 
 126      E9
 127 01b3 A55C7144 		.ascii	"\245\\qD\347\212\243Y\235.d\317\351\241\\~8\177\342"
 127      E78AA359 
 127      9D2E64CF 
 127      E9A15C7E 
 127      387FE2
 128 01c6 ECD848BE 		.ascii	"\354\330H\276\25036.\226\016\036>\244u\261\244s\351"
 128      A833362E 
 128      960E1E3E 
 128      A475B1A4 
 128      73E9
 129 01d8 822E9DC9 		.ascii	"\202.\235\311\330\375\344\351t\341@\206xx\254\344\215"
 129      D8FDE4E9 
ARM GAS  /tmp/ccaKUv9r.s 			page 10


 129      74E14086 
 129      7878ACE4 
 129      8D
 130 01e9 1647B2BF 		.ascii	"\026G\262\277\001\214\336\325l"
 130      018CDED5 
 130      6C
 131              		.text
 132              		.section	.gnu.lto_.symbol_nodes.b0f106dc4bbba5c7,"",%progbits
 133 0000 789C6363 		.ascii	"x\234cc``\010\004b\006\246yL\365\014\014\023\31610\000"
 133      60600804 
 133      6206A679 
 133      4CF50C0C 
 133      13CE3130 
 134 0015 A95D0D8E 		.ascii	"\251]\015\216@\221\371L\365\214\250\"\013\230\352\231"
 134      4091F94C 
 134      F58CA822 
 134      0B98EA99 
 135 0025 50441817 		.ascii	"PD\030\0273\3253\203E\030\030\032\032\034\030\030\230"
 135      33D53383 
 135      4518181A 
 135      1A1C1818 
 135      98
 136 0036 99981996 		.ascii	"\231\230\031\226<\374\307\310\000\000B^\024\033"
 136      3CFCC7C8 
 136      0000425E 
 136      141B
 137              		.text
 138              		.section	.gnu.lto_.refs.b0f106dc4bbba5c7,"",%progbits
 139 0000 789C6363 		.ascii	"x\234cc```\004b\006\000\000D\000\010"
 139      60606004 
 139      62060000 
 139      440008
 140              		.text
 141              		.section	.gnu.lto_.decls.b0f106dc4bbba5c7,"",%progbits
 142 0000 789CA558 		.ascii	"x\234\245X{P\024G\032\237\356\336\305eY\300Bse\325Q"
 142      7B501447 
 142      1A9FEEDE 
 142      C56559C0 
 142      427365D5 
 143 0015 29932286 		.ascii	")\223\"\206\312E\327\307E\275+\315\345\"^LE\017kM*\347"
 143      CA45D7C7 
 143      45BD2BCD 
 143      E5225E4C 
 143      450F6B4D 
 144 002b 3FB721B0 		.ascii	"?\267!\260F\352\200\265\330\345\352\362W\006v#\020\243"
 144      46EA80B5 
 144      D8E5EAF2 
 144      57067623 
 144      10A3
 145 003d 01442288 		.ascii	"\001D\"\210\011\202Q\001\037hP\203\313[^\202\250AD\361"
 145      09825101 
 145      1F685083 
 145      CB5B5E82 
 145      A84144F1 
 146 0051 052ABE89 		.ascii	"\005*\276\211\"\032AQ\270\257\273gv\206\225\215\326"
 146      221A4151 
 146      B8AFBB67 
ARM GAS  /tmp/ccaKUv9r.s 			page 11


 146      7686958D 
 146      D6
 147 0062 DD14BD3D 		.ascii	"\335\024\275=\335\363\365\367\373}\277\376\272{\006"
 147      DDF3F5F7 
 147      FB7DBFFE 
 147      BA7B06
 148 0071 1F4110E6 		.ascii	"\037A\020\346O\024\204\016,\010\271H\020F\340\322@_"
 148      4F14840E 
 148      2C08B948 
 148      1046E0D2 
 148      405F
 149 0083 0D140265 		.ascii	"\015\024\002e\002\364\325B\375\022\324\364\242\317\202"
 149      02F4D542 
 149      FD12D4F4 
 149      A2CF82
 150 0092 E1FE1528 		.ascii	"\341\376\025(S\240\274)\365\253\257?\201\257\000\250"
 150      53A0BC29 
 150      F5ABAF3F 
 150      81AF00A8 
 151 00a2 83A0806B 		.ascii	"\203\240\200k6\236\372\031\206\372u(\313\3513hO\205"
 151      369EFA19 
 151      86FA7528 
 151      CBE93368 
 151      4F85
 152 00b4 320DCA53 		.ascii	"2\015\312Sh7A1\302\375t\3041\374\240\356\207\332\037"
 152      68374131 
 152      C2FD74C4 
 152      31FCA0EE 
 152      87DA1F
 153 00c7 EA002848 		.ascii	"\352\000(H\302\245\365_<0\027\000\336x\250?Qa\312\274"
 153      C2A5F55F 
 153      3C301700 
 153      DE78A83F 
 153      5161CABC 
 154 00db 65BC6109 		.ascii	"e\274a\011\223\3727z`_\221\360\265\002\307\242\230\024"
 154      93FA377A 
 154      605F91F0 
 154      B502C7A2 
 154      9814
 155 00ed FF31B4BB 		.ascii	"\3771\264\273\004\216\371\212\204\035\346\201\275D\212"
 155      048EF98A 
 155      841DE681 
 155      BD448A
 156 00fc D513FB25 		.ascii	"\325\023\373%/\361\312\370\013\241\374\001q\215\375"
 156      2FF1CAF8 
 156      0BA1FC01 
 156      718DFD
 157 010b 90820BEE 		.ascii	"\220\202\013\356\334\272R\250%\036x\231\004\375\354"
 157      DCBA52A8 
 157      251E7899 
 157      04FDEC
 158 011a 2CC9256B 		.ascii	",\311%k\010\012\322#\0154\357\265\346\\\011\200\346"
 158      080AD223 
 158      0D34EFB5 
 158      E65C0980 
 158      E6
 159 012b 443D9A0C 		.ascii	"D=\232\014\315\034\327\203f-\177\252\203\346\310\266"
ARM GAS  /tmp/ccaKUv9r.s 			page 12


 159      CD1CD783 
 159      662D7FAA 
 159      83E6C8B6 
 160 013b 92541DC1 		.ascii	"\222T\035\301\210\016\274\320TXL\007\276\256Gt\232\003"
 160      880EBCD0 
 160      54584C07 
 160      BEAE4774 
 160      9A03
 161 014d A16B4F6F 		.ascii	"\241kOo\331#\177\336E-\012\034?:\375\3118v\277\265\277"
 161      D9237FDE 
 161      452D0A1C 
 161      3F3AFDC9 
 161      3876BFB5 
 162 0162 E1B2FFB4 		.ascii	"\341\262\377\264\235\"\277t_\010\250\014\021\231C\333"
 162      9D22BF74 
 162      5F08A80C 
 162      119943DB 
 163 0172 37FD5BC7 		.ascii	"7\375[\307\221E\324\020wu\016\235\017@\372\320\024Q"
 163      9145D410 
 163      77750E9D 
 163      0F40FAD0 
 163      1451
 164 0184 4C12F31C 		.ascii	"L\022\363\034\242\357\"\001\225\242`\364#\012\026P\005"
 164      A2EF2201 
 164      95A260F4 
 164      230A1650 
 164      05
 165 0195 0AA5CE0F 		.ascii	"\012\245\316\017\241i\002\372\011:\017B\3476\352\260"
 165      A16902FA 
 165      093A0F42 
 165      E736EAB0 
 166 01a5 BA2BE7ED 		.ascii	"\272+\347\355\354~Q\234\214\312\221\036\271\020a6\020"
 166      EC7E519C 
 166      8CCA911E 
 166      B9106136 
 166      10
 167 01b6 F4EB7A0E 		.ascii	"\364\353z\016Q\2705=\337\207\254C\014\303\265\351j="
 167      51B8353D 
 167      DF87AC43 
 167      0CC3B5E9 
 167      6A3D
 168 01c8 F68651ED 		.ascii	"\366\206Q\355\025c\244\350\325\206/E\021\243*\300\250"
 168      1563A4E8 
 168      D5862F45 
 168      11A32AC0 
 168      A8
 169 01d9 54300092 		.ascii	"T0\000\222\2038\353\036\246\373\223F\016r\355\221\263"
 169      8338EB1E 
 169      A6FB9346 
 169      0E72ED91 
 169      B3
 170 01ea D4CF1BC8 		.ascii	"\324\317\033\310a\257 \327\017\315;\336N\003\251\005"
 170      61AF20D7 
 170      0FCD3BDE 
 170      4E03A905 
 171 01fa 901A05A4 		.ascii	"\220\032\005\244J\0069u\257?+\200l\345\223\260\351\376"
 171      4A063975 
ARM GAS  /tmp/ccaKUv9r.s 			page 13


 171      AF3F2B80 
 171      6CE593B0 
 171      E9FE
 172 020c 859BBE7C 		.ascii	"\205\233\276|~BU\263\027\304gopKO\006&\305\334tc\333"
 172      7E4255B3 
 172      17C4676F 
 172      704B4F06 
 172      26C5DC74 
 173 0222 DE857A20 		.ascii	"\336\205z \343x\241\210a@\311Hf\267?)\341\243\3578\257"
 173      E378A188 
 173      6140C948 
 173      66B73F29 
 173      E1A3EF38 
 174 0237 76FB71CF 		.ascii	"v\373q\317\223\240\271k\260\353\200\226\354\347\317"
 174      93A0B96B 
 174      B0EB8096 
 174      ECE7CF
 175 0246 D666D6D6 		.ascii	"\326f\326\326j\310!\336(\310NO\326\222*\336(\314H+\321"
 175      6AC821DE 
 175      28C84E4F 
 175      D6922ADE 
 175      28CC482B 
 176 025b 931ADE68 		.ascii	"\223\032\336h\353;\272\331\217\247\326xh\326\217\014"
 176      EB3BBAD9 
 176      8FA7D678 
 176      68D68F0C 
 177 026b 5407728F 		.ascii	"T\007r\217\230\322+:\375\330\227\034\346\246?<\036\352"
 177      98D22B3A 
 177      FDD8971C 
 177      E6A63F3C 
 177      1EEA
 178 027d A3B93585 		.ascii	"\243\2715\205\346\026Qe\326\024\236YU-G\266\031\310"
 178      E6165165 
 178      D6149E59 
 178      552D47B6 
 178      19C8
 179 028f 11668C77 		.ascii	"\021f\214w\347<y\022(\013\235\346\020\265\241\002:\016"
 179      E73C7912 
 179      280B9DE6 
 179      10B5A102 
 179      3A0E
 180 02a1 619CA0B1 		.ascii	"a\234\240\261u@lS\244\330NBg\233*c\246|\233Lg\363\024"
 180      75406C53 
 180      A4D84E42 
 180      679B2A63 
 180      A67C9B4C 
 181 02b8 08DDAE08 		.ascii	"\010\335\256\010=E\322\2712\375\3345=i\347\030I'6\334"
 181      3D45D2B9 
 181      32FDDC35 
 181      3D69E718 
 181      492736DC 
 182 02cc F78AD1E9 		.ascii	"\367\212\321\351\025c\244hf\035\313\2303\200qZ\3018"
 182      1563A468 
 182      661DCB98 
 182      3380715A 
 182      C138
 183 02de 254F66D2 		.ascii	"%Of\322`~\271\216\\` \232\207;\366w\004\240\011!!\241"
ARM GAS  /tmp/ccaKUv9r.s 			page 14


 183      607EB98E 
 183      5C60209A 
 183      873BF677 
 183      04A00921 
 184 02f4 E974741A 		.ascii	"\351tt\032\024\204\225y\022\32094\201z@\027\001\360"
 184      14849579 
 184      12D03934 
 184      817A4017 
 184      01F0
 185 0306 3C0A4117 		.ascii	"<\012A\027P\010[B\371\224\025d\316\344\212\376\036Q"
 185      50085B42 
 185      F9941564 
 185      CEE48AFE 
 185      1E51
 186 0318 FCCAC0E0 		.ascii	"\374\312\300\340\316\002\034\035\340\246i\244.f\004"
 186      CE021C1D 
 186      E0A669A4 
 186      2E6604
 187 0327 BBED9BE7 		.ascii	"\273\355\233\347g\213\325I\204\031\377<\246\361q\212"
 187      678BD549 
 187      8419FF3C 
 187      A6F1718A 
 188 0337 2A85325C 		.ascii	"*\2052\\\256\207uK\215\004)\012\276x5\215\265\267K\365"
 188      AE87754B 
 188      8D04290A 
 188      BE78358D 
 188      B5B74BF5 
 189 034b 28246462 		.ascii	"($db(w\373\260<\250\300!6Mg\253\244\025\374^B\023\225"
 189      2877FBB0 
 189      3CA8C021 
 189      364D67AB 
 189      A415FC5E 
 190 0362 5C1B4502 		.ascii	"\\\033E\002\334vT\004$2\026\024\375\230w\353\014j\015"
 190      DC765404 
 190      24321614 
 190      FD9877EB 
 190      0C6A0D
 191 0375 892B228D 		.ascii	"\211+\"\215Z\021jM\025\271\014\212t\201\"\335\222\""
 191      5A116A4D 
 191      15B90C8A 
 191      748122DD 
 191      9222
 192 0387 9CF39DF2 		.ascii	"\234\363\235\362I\2110\202Z\215&\215Z\017e\224\372N"
 192      49893082 
 192      5A8D268D 
 192      5A0F6594 
 192      FA4E
 193 0399 04A789DE 		.ascii	"\004\247\211\336\235\012\243<\252\0228\210'\260\363"
 193      9D0AA33C 
 193      AA123888 
 193      27B0F3
 194 03a8 F0A9FD06 		.ascii	"\360\251\375\006r\211g\354\325\226=I:r\2257\276k\335"
 194      728967EC 
 194      D5963D49 
 194      3A729537 
 194      BE6BDD
 195 03bb DDA22537 		.ascii	"\335\242%7y\303U\274\273\015\223\273\274\261\263\254"
ARM GAS  /tmp/ccaKUv9r.s 			page 15


 195      79C355BC 
 195      BB0D93BB 
 195      BCB1B3AC 
 196 03cb 6F0D2203 		.ascii	"o\015\"\003\274q/y\217\235\014\363{\347\346\264\343"
 196      BC712F79 
 196      8F9D0CF3 
 196      7BE7E6B4 
 196      E3
 197 03dc 98FB7E13 		.ascii	"\230\373~\023\232Y\251\271\335\032\276V\272\351\352"
 197      9A59A9B9 
 197      DD1ABE56 
 197      BAE9EA
 198 03eb D8D7B1C3 		.ascii	"\330\327\261\303\245#NBm\375\037\265\366\334\016\004"
 198      A5234E42 
 198      6DFD1FB5 
 198      F6DC0E04 
 199 03fb C52153E0 		.ascii	"\305!S\340\012\245?\371\242\323!V7\310\3227\201\364"
 199      0AA53FF9 
 199      A2D32156 
 199      37C8D237 
 199      81F4
 200 040d 3741CC3E 		.ascii	"7A\314>\020u\264\230\245\210kO\315/\317\313\021\253"
 200      1075B498 
 200      A5886B4F 
 200      CD2FCFCB 
 200      11AB
 201 041f C127B5BE 		.ascii	"\301'\265\276\352i\335\203\024s%\035A\247^\260\270\315"
 201      EA69DD83 
 201      1473251D 
 201      41A75EB0 
 201      B8CD
 202 0431 1EF649E9 		.ascii	"\036\366I\351\370\020\304\037\000\251\356@y\004\345"
 202      F810C41F 
 202      00A9EE40 
 202      7904E5
 203 0440 01947E28 		.ascii	"\001\224~(w\241<\206r\037\312\257P\006\241\334s\247"
 203      77A13C86 
 203      721FCAAF 
 203      5006A1DC 
 203      73A7
 204 0452 2C65F078 		.ascii	",e\360x\276\302\340\027O\006\365H\225+\324\372\254\212"
 204      BEC2E017 
 204      4F06F548 
 204      952BD4FA 
 204      AC8A
 205 0464 EFB5B1F9 		.ascii	"\357\265\261\371\252\254/\253|\267xZ7#O1\332T\316\257"
 205      AAAC2FAB 
 205      7CB7785A 
 205      37234F31 
 205      DA54CEAF 
 206 0478 7B9AEF7F 		.ascii	"{\232\357\177\306\374\226\312\373\021O\363\006\205\213"
 206      C6FC96CA 
 206      FB114FF3 
 206      06858B
 207 0487 9488AE20 		.ascii	"\224\210\256 \226\210}\243W\017w5\354R\315\332\2551"
 207      96887DA3 
 207      570F7735 
ARM GAS  /tmp/ccaKUv9r.s 			page 16


 207      EC52CDDA 
 207      AD31
 208 0499 674D1556 		.ascii	"gM\025V\277\012\270ql`5\317fUX7\306\016Kv\016\353\360"
 208      BF0AB871 
 208      6C6035CF 
 208      66555837 
 208      C60E4B76 
 209 04b0 62859E9B 		.ascii	"b\205\236\233_\201%ptl\321\2309\244du\353`\251\226\244"
 209      5F812570 
 209      746CD198 
 209      39A46475 
 209      EB60A996 
 210 04c5 B094C415 		.ascii	"\260\224\304\025\345\216?\242\320\011<\332\206J\037"
 210      E58E3FA2 
 210      D0093CDA 
 210      864A1F
 211 04d4 BA553C85 		.ascii	"\272U<\205\261C\312\236Gc\367\222J\350\011d\320\377"
 211      B143CA9E 
 211      4763F792 
 211      4AE80964 
 211      D0FF
 212 04e6 934D4067 		.ascii	"\223M@g\373\321\241\036\275\341+\367a\313\340\2255="
 212      FBD1A11E 
 212      BDE12BF7 
 212      61CBE095 
 212      353D
 213 04f8 8C0C1211 		.ascii	"\214\014\022\021\260=\230\272\361\272?\331\300\251\347"
 213      B03D98BA 
 213      F1BA3FD9 
 213      C0A9E7
 214 0507 347E97E7 		.ascii	"4~\227\347\213B\015\234\373\261\263\343\351~\200\022"
 214      8B420D9C 
 214      FBB1B3E3 
 214      E97E8012 
 215 0517 B1018D28 		.ascii	"\261\001\215(\344a8T^\274#\021\207\216\006\030\272\221"
 215      E4613854 
 215      5EBC2311 
 215      878E0618 
 215      BA91
 216 0529 D989F86A 		.ascii	"\331\211\370j6\320]\336\325\231\036(\255f\372\370\301"
 216      36D05DDE 
 216      D5991E28 
 216      AD66FAF8 
 216      C1
 217 053a FAB35D01 		.ascii	"\372\263]\001$\217\214z\217Z\376\354{\324r~\332\365"
 217      248F8C7A 
 217      8F5AFEEC 
 217      7BD4727E 
 217      DAF5
 218 054c 9E387E12 		.ascii	"\2368~\022\221\355\234\356\331\376\237\211\267\267\212"
 218      91ED9CEE 
 218      D9FE9F89 
 218      B7B78A
 219 055b 54E0B15C 		.ascii	"T\340\261\\:\210V\343`\364%v\277U\334\231\371\220\035"
 219      3A8856E3 
 219      60F42576 
 219      BF55DC99 
ARM GAS  /tmp/ccaKUv9r.s 			page 17


 219      F9901D
 220 056e 7629588F 		.ascii	"v)X\217\222\261;\256\345\374\034\322\026\227\254s\006"
 220      92B13BAE 
 220      E5FC1CD2 
 220      1697AC73 
 220      06
 221 057f C2D1039B 		.ascii	"\302\321\003\233\311\250\031r\200\227$L\005\374\012"
 221      C9A81972 
 221      8097244C 
 221      05FC0A
 222 058e F3E9F91A 		.ascii	"\363\351\371\0320\326\340\020\264\016\312Z\254>\177"
 222      30D6E010 
 222      B40ECA5A 
 222      AC3E7F
 223 059d 4686E616 		.ascii	"F\206\346\026\366\337\020\305\014\003S\257\016\324\243"
 223      F6DF10C5 
 223      0C0353AF 
 223      0ED4A3
 224 05ac 83C6C864 		.ascii	"\203\306\310d\316\251\243\220/\0120\032\275(\250\263"
 224      CEA9A390 
 224      2F0A301A 
 224      BD28A8B3 
 225 05bc 86626951 		.ascii	"\206biQP\302N\354\341jT\342R\363\313o\360\274\245/M"
 225      50C24EEC 
 225      E16A54E2 
 225      52F3CB6F 
 225      F0BCA52F 
 226 05d1 07C604E6 		.ascii	"\007\306\004\346\213\002\324|Tx\377\001!\271\032\246"
 226      8B02D47C 
 226      5478FF01 
 226      21B91AA6 
 227 05e1 6672E540 		.ascii	"fr\345@)q'\356\261b\226\270\3510\370\033E#\312\317#"
 227      297127EE 
 227      B16296B8 
 227      E930F81B 
 227      4523CACF 
 228 05f6 71655950 		.ascii	"qeYP\032\250\361[\312\000\236\350*\252\367\231 \015"
 228      1AA8F15B 
 228      CA009EE8 
 228      2AAAF799 
 228      200D
 229 0608 4FF13A5C 		.ascii	"O\361:\\\030k\354\300\315\015e>\352\244\316\300\352"
 229      186BECC0 
 229      CD0D653E 
 229      EAA4CEC0 
 229      EA
 230 0619 A45E8F69 		.ascii	"\244^\217iV\262\032\214\213Z\013\237hH>\017\354a\335"
 230      56B21A8C 
 230      8B5A0B9F 
 230      68483E0F 
 230      EC61DD
 231 062c F5029DB7 		.ascii	"\365\002\235\267<\311\302\336\337>\247\237ao\237\033"
 231      3CC9C2DE 
 231      DF3EA79F 
 231      616F9F1B 
 232 063c 40F64CEC 		.ascii	"@\366L\354\361\366I{\001\350PME\225_\027\274}\300\347"
 232      F1F6497B 
ARM GAS  /tmp/ccaKUv9r.s 			page 18


 232      01E8504D 
 232      45955F17 
 232      BC7DC0E7 
 233 0650 051ACFB8 		.ascii	"\005\032\317\270\"\304\177\241\246\205\265G\344\013"
 233      22C47FA1 
 233      A685B547 
 233      E40B
 234 065e F17EE8C5 		.ascii	"\361~\350\305\274\222LiC\036\202\334=X\362\201e\277"
 234      BC924C69 
 234      431E82DC 
 234      3D58F281 
 234      65BF
 235 0670 EC4F7280 		.ascii	"\354Or\200\324^\371s\016'_\002\267\347|\224q\274\013"
 235      D45EF973 
 235      0E275F02 
 235      B7E77C94 
 235      71BC0B
 236 0683 2B60AA21 		.ascii	"+`\252!\317p\025\334\217\335\244\224 \22145\305u\311"
 236      CF7015DC 
 236      8FDDA494 
 236      20913435 
 236      C575C9
 237 0696 ADFA6E78 		.ascii	"\255\372nx\025\023\320?\004!M\027\313\226\352\245\266"
 237      1513D03F 
 237      04214D17 
 237      CB96EAA5 
 237      B6
 238 06a7 F2A73A52 		.ascii	"\362\247:R\314\346\000}\273\363\311q\254\301|\202P\234"
 238      CCE6007D 
 238      BBF3C971 
 238      ACC17C82 
 238      509C
 239 06b9 86F61D1B 		.ascii	"\206\366\035\033p\354\323M\312b\331\340\020\307c\226"
 239      70ECD34D 
 239      CA62D9E0 
 239      10C76396 
 240 06c9 B1F25B97 		.ascii	"\261\362[\227\2006\341I\360\233\2035\034\344A}o\203"
 240      8036E149 
 240      F09B8335 
 240      1CE4417D 
 240      6F83
 241 06db CFAB7962 		.ascii	"\317\253yb^\267X=\260\216\244\036N^+\346\241w\250\031"
 241      5EB7583D 
 241      B08EA41E 
 241      4E5E2BE6 
 241      A177A819 
 242 06ef CA566607 		.ascii	"\312Vf\007n\341w#\356F\350[\334\005\214r\361\253tK\334"
 242      6EE17723 
 242      EE46E85B 
 242      DC058C72 
 242      F1AB744B 
 243 0704 E868F123 		.ascii	"\350h\361#w9\231\325\215'k\30712\024\221\223IMo\277"
 243      773999D5 
 243      8D276BC7 
 243      31321491 
 243      93494D6F 
 244 0719 82DC04BF 		.ascii	"\202\334\004\277\303\254\363\\vo\243\237\232\341'\277"
ARM GAS  /tmp/ccaKUv9r.s 			page 19


 244      C3ACF35C 
 244      766FA39F 
 244      9AE127BF 
 245 0729 5311CC63 		.ascii	"S\021\314c\004\277\227\011v\367gf\351$\202\035\233\014"
 245      04BF9709 
 245      76F76766 
 245      E924821D 
 245      9B0C
 246 073b B0089344 		.ascii	"\260\010\223D\272\315\200\031\332\254\020\334\354Ip"
 246      BACD8019 
 246      DAAC10DC 
 246      EC4970
 247 074a 0B23F8F4 		.ascii	"\013#\370\364\342\225~L\2068\301\203MU)zF\206\346\036"
 247      E2957E4C 
 247      8638C183 
 247      4D55297A 
 247      4686E61E 
 248 075e 2758B3B6 		.ascii	"'X\263\266\2647\320M\260\200\023t\344\376\324\344\235"
 248      B437D04D 
 248      B0801374 
 248      E4FED4E4 
 248      9D
 249 076f E00F8CE0 		.ascii	"\340\017\214\340V\231\340\376\035\307\356\023\211`\363"
 249      5699E0FE 
 249      1DC7EE13 
 249      8960F3
 250 077e CB6E7E60 		.ascii	"\313n~`\205\362\025~\371\236\374\2661~\277\374\340X"
 250      85F2157E 
 250      F99EFCB6 
 250      317EBFFC 
 250      E058
 251 0790 1F4852B5 		.ascii	"\037HR\265^\371\215d\257+\360q\213\272\203\363k\271"
 251      5EF98D64 
 251      AF2BF071 
 251      8BBA83F3 
 251      6BB9
 252 07a2 DAD0E2CB 		.ascii	"\332\320\342\313:\3516X\310;\333\213\036\274\355\225"
 252      3AE93658 
 252      C83BDB8B 
 252      1EBCED95 
 253 07b2 7331E35C 		.ascii	"s1\343\\$s\316<XW\341\013\234\273\371\202\374\332\261"
 253      2473CE3C 
 253      5857E10B 
 253      9CBBF982 
 253      FCDAB1
 254 07c5 7AADB805 		.ascii	"z\255\270\00513\264]!\275\035"
 254      3133B45D 
 254      21BD1D
 255 07d0 F30F68B4 		.ascii	"\363\017h\264\223\221m\273U\333E\344\275\"\3457\016"
 255      93916DBB 
 255      55DB45E4 
 255      BD22E537 
 255      0E
 256 07e1 40B48B6F 		.ascii	"@\264\213o\027\271\365\015Zo\366\036G\032\332\315\206"
 256      17B9F50D 
 256      5A6FF61E 
 256      471ADACD 
ARM GAS  /tmp/ccaKUv9r.s 			page 20


 256      86
 257 07f2 ACFED235 		.ascii	"\254\376\3225L\364)\356!\3179z\320\036\266]$\226\345"
 257      4CF429EE 
 257      21CF397A 
 257      D01EB65D 
 257      2496E5
 258 0805 6669C71E 		.ascii	"fi\307\0365\326g0*a\243*\252o^\033G\276\347\332\237"
 258      35D66730 
 258      2A61A32A 
 258      AA6F5E1B 
 258      47BEE7DA 
 259 081a EE749649 		.ascii	"\356t\226I\347\251\037\235\212K\033\252|\371yz\206>"
 259      E7A91F9D 
 259      8A4B1BAA 
 259      7CF9797A 
 259      863E
 260 082c DED27A3F 		.ascii	"\336\322z?KOvq\333\247}'\236\032\270-\3653\324\264\372"
 260      4B4F7671 
 260      DBA77D27 
 260      9E1AB82D 
 260      F533D4B4 
 261 0841 7B44D145 		.ascii	"{D\321Ei\013\205~E\225\003\030\36658 \320~\314\276y"
 261      690B857E 
 261      45950318 
 261      F6353820 
 261      D07ECCBE 
 262 0856 4F0D563C 		.ascii	"O\015V<6\220\003\314\223f\247\243\250O\203B\203\021"
 262      369003CC 
 262      9366A7A3 
 262      A84F8342 
 262      8311
 263 0868 9823FD36 		.ascii	"\230#\3756\371\177\027\002rA\002\034\224\324\207+\007"
 263      F97F1702 
 263      7241021C 
 263      94D4872B 
 263      07
 264 0879 B675B1EF 		.ascii	"\266u\261\357\013\332\015\367:V\263p\305\002\221L\022"
 264      0BDA0DF7 
 264      3A56B370 
 264      C502914C 
 264      12
 265 088a D0AC6034 		.ascii	"\320\254`4\035\342\372\011$r1\274C P\031\007\254li\353"
 265      1DE2FA09 
 265      247231BC 
 265      43205019 
 265      07AC6C69 
 266 089f 0C084A93 		.ascii	"\014\010J\223\016\227w\020\363\375#<\337\307N\335r\034"
 266      0E977710 
 266      F3FD233C 
 266      DFC74EDD 
 266      721C
 267 08b1 24B3A4D6 		.ascii	"$\263\244\326{s\233\036\371\352%\337)\317\363\335~\361"
 267      7B739B1E 
 267      F9EA25DF 
 267      29CFF3DD 
 267      7EF1
 268 08c3 EB056AD7 		.ascii	"\353\005j\327\025\277\345\272;m\270\315\367\265\002"
ARM GAS  /tmp/ccaKUv9r.s 			page 21


 268      15BFE5BA 
 268      3B6DB8CD 
 268      F7B502
 269 08d2 F14435DB 		.ascii	"\361D5\333j\326\\q\212\211\253\341t\256\304A\250\024"
 269      6AD65C71 
 269      8A89ABE1 
 269      74AEC441 
 269      A814
 270 08e4 920EB614 		.ascii	"\222\016\266\024\325\340\275\320\363O\3706\255\302\257"
 270      D5E0BDD0 
 270      F34FF836 
 270      ADC2AF
 271 08f3 D1FF06DC 		.ascii	"\321\377\006\334.\270\216\211\213\353\357\330Yy@\353"
 271      2EB88E89 
 271      8BEBEFD8 
 271      597940EB 
 272 0903 55F01A59 		.ascii	"U\360\032Y\360}\234\343\235\336m\305Z\317\370\225\267"
 272      F07D9CE3 
 272      9DDE6DC5 
 272      5ACFF895 
 272      B7
 273 0914 8E5A46B2 		.ascii	"\216ZF\262F&y\240!\373W\275gH^\255\313\367\266g\004"
 273      462679A0 
 273      21FB57BD 
 273      67485EAD 
 273      CBF7B667 
 274 0929 4A215DFE 		.ascii	"J!]\376}b^u\342dtX\012\0076 \325\300j)\234:\026NE\361"
 274      7D625E75 
 274      E2647458 
 274      0A073620 
 274      D5C06A29 
 275 0943 E05D83FA 		.ascii	"\340]\203\372\324\245\013O\011\241^:u\353\331\232\310"
 275      D4A50B4F 
 275      09A15E3A 
 275      75EBD99A 
 275      C8
 276 0954 EAC9EFF1 		.ascii	"\352\311\357\361'G\244\334;\2378,}\305\005\320\355\341"
 276      2747A4DC 
 276      3B9F382C 
 276      7DC505D0 
 276      EDE1
 277 0966 66678194 		.ascii	"fg\201\224\247}\354\177#\267\312\016K\377M\363\247\037"
 277      A77DEC7F 
 277      23B7CA0E 
 277      4BFF4DF3 
 277      A71F
 278 0978 75B55BEF 		.ascii	"u\265[\357\370zU\252YV\352\010WJt\014\\3x*\325\004!"
 278      F87A55AA 
 278      5956EA08 
 278      574A740C 
 278      5C33782A 
 279 098f 34B2105A 		.ascii	"4\262\020ZX\354\315r\354\333k\235\256g\224\362j}\333"
 279      58ECCD72 
 279      ECDB6B9D 
 279      AE6794F2 
 279      6A7DDB
 280 09a2 7526492F 		.ascii	"u&I/)u\366e\256\324QI)\330\012U\003\033$\245Z\361k\202"
ARM GAS  /tmp/ccaKUv9r.s 			page 22


 280      2975F665 
 280      AED45149 
 280      29D80A55 
 280      031B24A5 
 281 09ba 2636C2F6 		.ascii	"&6\302\366\2579\306\225\326X\2131\"\306\362\037\343"
 281      AF39C695 
 281      D6588B31 
 281      22C6F21F 
 281      E3
 282 09cb 8295D19F 		.ascii	"\202\225\321\237F/\263'DE[\215\221\364\336j\2331g\266"
 282      462FB327 
 282      44455B8D 
 282      91F4DE6A 
 282      9B3167B6 
 283 09df D168B519 		.ascii	"\321h\265\031WF\304\030m\361\221\2646\257\212\210\231"
 283      5746C418 
 283      6DF191B4 
 283      36AF8A88 
 283      99
 284 09f0 16A97BEF 		.ascii	"\026\251{\357\357\037M^0c\206\2407\233\023\242\343\354"
 284      EF1F4D5E 
 284      306386A0 
 284      379B13A2 
 284      E3EC
 285 0a02 B3669AED 		.ascii	"\263f\232\355\1776&\330\342\2151\326H0\216\210\217\235"
 285      7F3626D8 
 285      E28D31D6 
 285      48308E88 
 285      8F9D
 286 0a14 1A678DB3 		.ascii	"\032g\215\263L\265D|\032m\214\216\213\214I\210\262\030"
 286      4CB5447C 
 286      1A6D8C8E 
 286      8B8C4988 
 286      B218
 287 0a26 6323C06F 		.ascii	"c#\300o\234\305h\216\262\254\210H\210\261\233\355\237"
 287      9CC5688E 
 287      B2AC8848 
 287      88B19BED 
 287      9F
 288 0a37 AFB2D8A6 		.ascii	"\257\262\330\246\255\024t\262\017\343s}\330>\267\031"
 288      AD1474B2 
 288      0FE3737D 
 288      D83EB719 
 289 0a47 CD367B14 		.ascii	"\3156{\024\014\200\201\206h\353*k\274\235\206b\266\207"
 289      0C808186 
 289      68EB2A6B 
 289      BC9D8662 
 289      B687
 290 0a59 BF783074 		.ascii	"\277x0t\220\315\270\354\303%\263f\032\027/\0163\276"
 290      90CDB8EC 
 290      C325B366 
 290      1A172F0E 
 290      33BE
 291 0a6b B7F4FDF0 		.ascii	"\267\364\375\360\177\317\224\3433\307\304D\201s\037"
 291      7FCF94E3 
 291      33C7C444 
 291      81731F
ARM GAS  /tmp/ccaKUv9r.s 			page 23


 292 0a7a 6A151DA5 		.ascii	"j\025\035\245\371\353\337L\213\350\317b\315\342\005"
 292      F9EBDF4C 
 292      8BE8CF62 
 292      CDE205
 293 0a89 1F9834EF 		.ascii	"\037\2304\357.3\231\320\307h\22162\306\022\021/\011"
 293      2E3399D0 
 293      C7689136 
 293      32C61211 
 293      2F09
 294 0a9b 3063B6D9 		.ascii	"0c\266\331\256\223o\210\315b'\341a&\362~\230I\273\364"
 294      AE936F88 
 294      CD6227E1 
 294      6126F27E 
 294      9849BBF4 
 295 0aaf A3A561A6 		.ascii	"\243\245a\246q\341\313\226.\\\030f\362\011\377p\371"
 295      71E1CB96 
 295      2E5C1866 
 295      F209FF70 
 295      F9
 296 0ac0 D28526ED 		.ascii	"\322\205&\355\222\360\260\205&\362\256\311d\260\331"
 296      92F0B085 
 296      26F2AEC9 
 296      64B0D9
 297 0acf 6321F0CF 		.ascii	"c!\360\317VE[\315v=\217&:\312l\367\261\256X\001^\014"
 297      56455BCD 
 297      763D8F26 
 297      3ACA6CF7 
 297      B1AE5801 
 298 0ae5 D4A57945 		.ascii	"\324\245yE\204\315>\327l\177\343\371\342\310\272\314"
 298      84CD3ED7 
 298      6C7FE3F9 
 298      E2C8BACC 
 299 0af5 7B7129E4 		.ascii	"{q)\344\261\362\334\256\024\264\357\207\277\233`\323"
 299      B1F2DCAE 
 299      14B4EF87 
 299      BF9B60D3 
 300 0b05 455B63AD 		.ascii	"E[c\255Q\026`\005\275&KD\024\364\315\375\037\323E\360"
 300      51166005 
 300      BD264B44 
 300      14F4CDFD 
 300      1FD345F0 
 301 0b19 83EAE3F8 		.ascii	"\203\352\343\370h\273\005\234\370\303\3752\213\035\356"
 301      68BB059C 
 301      F8C3FD32 
 301      8B1DEE
 302 0b28 9680FF97 		.ascii	"\226\200\377\227d\301\315\020\356g\361\326\204U\024"
 302      64C1CD10 
 302      EE67F1D6 
 302      845514
 303 0b37 D5DF6C5E 		.ascii	"\325\337l^\221\020\027i6O\2333{\346[:\271\245\211\\"
 303      91101769 
 303      364F9B33 
 303      7BE65B3A 
 303      B9A5895C 
 304 0b4b 1911AF7E 		.ascii	"\031\021\257~6k\372\250\326[\377\005\241\255\240\224"
 304      366BFAA8 
 304      D65BFF05 
ARM GAS  /tmp/ccaKUv9r.s 			page 24


 304      A1ADA094 
 305              		.text
 306              		.section	.gnu.lto_.symtab.b0f106dc4bbba5c7,"",%progbits
 307 0000 70616C52 		.ascii	"palReadBus\000"
 307      65616442 
 307      757300
 308 000b 00       		.ascii	"\000"
 309 000c 00       		.ascii	"\000"
 310 000d 00       		.ascii	"\000"
 311 000e 00000000 		.ascii	"\000\000\000\000\000\000\000\000"
 311      00000000 
 312 0016 1C010000 		.ascii	"\034\001\000\000"
 313 001a 70616C57 		.ascii	"palWriteBus\000"
 313      72697465 
 313      42757300 
 314 0026 00       		.ascii	"\000"
 315 0027 00       		.ascii	"\000"
 316 0028 00       		.ascii	"\000"
 317 0029 00000000 		.ascii	"\000\000\000\000\000\000\000\000"
 317      00000000 
 318 0031 21010000 		.ascii	"!\001\000\000"
 319 0035 70616C53 		.ascii	"palSetBusMode\000"
 319      65744275 
 319      734D6F64 
 319      6500
 320 0043 00       		.ascii	"\000"
 321 0044 00       		.ascii	"\000"
 322 0045 00       		.ascii	"\000"
 323 0046 00000000 		.ascii	"\000\000\000\000\000\000\000\000"
 323      00000000 
 324 004e 26010000 		.ascii	"&\001\000\000"
 325 0052 5F70616C 		.ascii	"_pal_lld_setgroupmode\000"
 325      5F6C6C64 
 325      5F736574 
 325      67726F75 
 325      706D6F64 
 326 0068 00       		.ascii	"\000"
 327 0069 02       		.ascii	"\002"
 328 006a 00       		.ascii	"\000"
 329 006b 00000000 		.ascii	"\000\000\000\000\000\000\000\000"
 329      00000000 
 330 0073 2C010000 		.ascii	",\001\000\000"
 331              		.text
 332              		.section	.gnu.lto_.opts,"",%progbits
 333 0000 272D666D 		.ascii	"'-fmath-errno' '-fsigned-zeros' '-ftrapping-math' '"
 333      6174682D 
 333      6572726E 
 333      6F272027 
 333      2D667369 
 334 0033 2D666E6F 		.ascii	"-fno-trapv' '-fno-openmp' '-fno-openacc' '-mcpu=cor"
 334      2D747261 
 334      70762720 
 334      272D666E 
 334      6F2D6F70 
 335 0066 7465782D 		.ascii	"tex-m7' '-mno-thumb-interwork' '-mthumb' '-O2' '-fo"
 335      6D372720 
 335      272D6D6E 
ARM GAS  /tmp/ccaKUv9r.s 			page 25


 335      6F2D7468 
 335      756D622D 
 336 0099 6D69742D 		.ascii	"mit-frame-pointer' '-falign-functions=16' '-ffuncti"
 336      6672616D 
 336      652D706F 
 336      696E7465 
 336      72272027 
 337 00cc 6F6E2D73 		.ascii	"on-sections' '-fdata-sections' '-fno-common' '-flto"
 337      65637469 
 337      6F6E7327 
 337      20272D66 
 337      64617461 
 338 00ff 2700     		.ascii	"'\000"
 339              		.text
 340              		.comm	__gnu_lto_v1,1,1
 341              		.comm	__gnu_lto_slim,1,1
 342              		.ident	"GCC: (GNU Tools for Arm Embedded Processors 7-2017-q4-major) 7.2.1 20170904 (release) [ARM
ARM GAS  /tmp/ccaKUv9r.s 			page 26


DEFINED SYMBOLS
                            *ABS*:0000000000000000 hal_pal.c
                            *COM*:0000000000000001 __gnu_lto_v1
                            *COM*:0000000000000001 __gnu_lto_slim

NO UNDEFINED SYMBOLS
