ARM GAS  /tmp/cc9UdhPV.s 			page 1


   1              		.cpu cortex-m7
   2              		.eabi_attribute 20, 1
   3              		.eabi_attribute 21, 1
   4              		.eabi_attribute 23, 3
   5              		.eabi_attribute 24, 1
   6              		.eabi_attribute 25, 1
   7              		.eabi_attribute 26, 1
   8              		.eabi_attribute 30, 2
   9              		.eabi_attribute 34, 1
  10              		.eabi_attribute 18, 4
  11              		.file	"hal_st_lld.c"
  12              		.section	.gnu.lto_.profile.13ea95c61cc81f0e,"",%progbits
  13 0000 789C6363 		.ascii	"x\234cc```\001bF\006M\036\000\000\326\000A"
  13      60606001 
  13      6246064D 
  13      1E0000D6 
  13      0041
  14              		.text
  15              		.section	.gnu.lto_.icf.13ea95c61cc81f0e,"",%progbits
  16 0000 789C6363 		.ascii	"x\234cc``\340e@\000&\206\177\013\256\354\343f\\\270"
  16      6060E065 
  16      40002686 
  16      7F0BAEEC 
  16      E3665CB8 
  17 0014 E2A21D03 		.ascii	"\342\242\035\003\000)\277\005\252"
  17      0029BF05 
  17      AA
  18              		.text
  19              		.section	.gnu.lto_.jmpfuncs.13ea95c61cc81f0e,"",%progbits
  20 0000 789C6363 		.ascii	"x\234cc``\360d@\000&0\311\310\300\300\3028\205\231\361"
  20      6060F064 
  20      40002630 
  20      C9C8C0C0 
  20      C2388599 
  21 0015 F78F737B 		.ascii	"\367\217s{\331\273\231\347030r3nf\224a`<\300\302\310"
  21      D9BB99E7 
  21      30333072 
  21      336E6694 
  21      61603CC0 
  22 002b 0DC44025 		.ascii	"\015\304@%@\351\256_\327\3738 \322\034\214[\240\322"
  22      40E9AE5F 
  22      D7FB3820 
  22      D21C8C5B 
  22      A0D2
  23 003d 1C606906 		.ascii	"\034`i\006\000Ck\017:"
  23      00436B0F 
  23      3A
  24              		.text
  25              		.section	.gnu.lto_.inline.13ea95c61cc81f0e,"",%progbits
  26 0000 789C6363 		.ascii	"x\234cc``\260d@\000&\006\006v\011F\006&\226\005\362"
  26      6060B064 
  26      40002606 
  26      06760946 
  26      06269605 
  27 0015 0C6C0BE4 		.ascii	"\014l\013\344\231@b\214\\p\202\201S\020(\311\366A\017"
  27      9940628C 
  27      5C708281 
ARM GAS  /tmp/cc9UdhPV.s 			page 2


  27      531028C9 
  27      F6410F
  28 0028 2EC9CC03 		.ascii	".\311\314\003\326\304\000\000\206\240\004\036"
  28      D6C40000 
  28      86A0041E 
  29              		.text
  30              		.section	.gnu.lto_.pureconst.13ea95c61cc81f0e,"",%progbits
  31 0000 789C6363 		.ascii	"x\234cc```\003b&\206]\214\214R\000\003\261\000\345"
  31      60606003 
  31      6226865D 
  31      8C8C5200 
  31      03B100E5 
  32              		.text
  33              		.section	.gnu.lto_SysTick_Handler.13ea95c61cc81f0e,"",%progbits
  34 0000 789C9553 		.ascii	"x\234\225SMHTQ\024>\347\335qfR+\227A.\306\205\220 \276"
  34      4D485451 
  34      143EE7DD 
  34      7166522B 
  34      97412EC6 
  35 0018 2C486917 		.ascii	",Hi\027\266Hp\212\034\367\242\343\324\014\314\370d\336"
  35      B648708A 
  35      1CF7A2E3 
  35      D40CCCF8 
  35      64DE
  36 002a 28BAC9E7 		.ascii	"(\272\311\347\250\250X eS\214\243#\031\344\2462\373"
  36      A8A85820 
  36      65538CA3 
  36      2319E4A6 
  36      32FB
  37 003c 31F3A797 		.ascii	"1\363\247\227\366\243\345O\212\255lQJF)QQ$D\332\271"
  37      F6A3E54F 
  37      8AAD6C51 
  37      4A462951 
  37      512444DA 
  38 0051 6F1CB137 		.ascii	"o\034\2617Py\341\335w\357\375\316\371\3569\337\3075"
  38      5079E1DD 
  38      77EFFDCE 
  38      F9EE39DF 
  38      C735
  39 0063 02C01203 		.ascii	"\002\300\022\0038\203\000{i\215\014Ph\231\002\2501\013"
  39      3883007B 
  39      698D0C50 
  39      689902A8 
  39      310B
  40 0075 887CA198 		.ascii	"\210|\241\230\021\252\005\254\306\263\254\225\341H\303"
  40      11AA05AC 
  40      C6B3AC95 
  40      E148C3
  41 0084 52BF9076 		.ascii	"R\277\220vM\241\241^Z\335U\243\324\357\011Qz\200>>\360"
  41      4DA1A15E 
  41      5ADD55A3 
  41      D4EF0951 
  41      7A803E3E 
  42 0099 36A60185 		.ascii	"6\246\001\205-\334Z\273\270\323h\210\234\343\0354\002"
  42      2DDC5ABB 
  42      B8D36888 
  42      9CE31D34 
ARM GAS  /tmp/cc9UdhPV.s 			page 3


  42      02
  43 00aa F1C3CDD9 		.ascii	"\361\303\315\3318UY[oP\324\327W\261\355\204\021\240"
  43      3855595B 
  43      6F50D4D7 
  43      57B1ED84 
  43      11A0
  44 00bc 9170BA44 		.ascii	"\221p\272DQ\241\211\011|U\253\302\022\012\234b\246\256"
  44      51A18909 
  44      7C55ABC2 
  44      120A9C62 
  44      A6AE
  45 00ce 27C49A59 		.ascii	"'\304\232Y\210!\032h\373e2\270\270\213o\005\264\320"
  45      88211A68 
  45      FB6532B8 
  45      B88B6F05 
  45      B4D0
  46 00e0 F6FD60C3 		.ascii	"\366\375`\303\034\262\223\310#W\226\032UCj\227\242\370"
  46      1CB293C8 
  46      2357961A 
  46      55436A97 
  46      A2F8
  47 00f2 15753DB8 		.ascii	"\025u=\270/X\333|N\351\364'\205\030\303>dT\002\336\303"
  47      2F58DB7C 
  47      4EE9F427 
  47      8518C33E 
  47      645402DE 
  48 0107 64BC8BC9 		.ascii	"d\274\213\311\221\022\357c*%5|P\206\014\234\217\241"
  48      9112EF63 
  48      2A25357C 
  48      50860C9C 
  48      8FA1
  49 0119 05FB095B 		.ascii	"\005\373\011[F\377BW\240g\0267\313\257\323\272\274\320"
  49      46FF4257 
  49      A0671637 
  49      CBAFD3BA 
  49      BCD0
  50 012b B25BEB20 		.ascii	"\262[\353 \300\020t\320\362P:5\200\0178(\350\301\321"
  50      C01074D0 
  50      F2503A35 
  50      800F3828 
  50      E8C1D1
  51 013e 498B1B70 		.ascii	"I\213\033p\200cL\217\375\014\246\207)q\220\203\006="
  51      80634C8F 
  51      FD0CA687 
  51      29719083 
  51      063D
  52 0150 38DBC678 		.ascii	"8\333\306x\215\200C\034\216\333*'\016\243\021\037r5"
  52      8D80431C 
  52      8EDB2A27 
  52      0EA3111F 
  52      7235
  53 0162 6942D274 		.ascii	"iB\322tQ \364J\270w5>\345\233\020V.[B\021\276\353\213"
  53      5120F44A 
  53      B877353E 
  53      E59B1056 
  53      2E5B4211 
  54 0179 038AD920 		.ascii	"\003\212\331 P\267*\246\000?\371\27427/\320\011>B\203"
ARM GAS  /tmp/cc9UdhPV.s 			page 4


  54      50B72AA6 
  54      003FF9BC 
  54      32372FD0 
  54      093E4283 
  55 018d D62FE088 		.ascii	"\326/\340\210&l\367\360\350\273\304\224\037\033\331"
  55      266CF7F0 
  55      E8BBC494 
  55      1F1BD9
  56 019c DA755F6F 		.ascii	"\332u_o\364\276J\320\262Gy6>F\003\271\342\267h\332\001"
  56      F4BE4AD0 
  56      B2477936 
  56      3E4603B9 
  56      E2B768DA 
  57 01b1 AC60ED9B 		.ascii	"\254`\355\233\357\035\275\247\364B\235\217\012e\374"
  57      EF1DBDA7 
  57      F4429D8F 
  57      0A65FC
  58 01c0 A3E62754 		.ascii	"\243\346'T\352S^3\237\010\350\357_\2317U\377R\314!F"
  58      EA535E33 
  58      9F08E8EF 
  58      5F993755 
  58      FF52CC21 
  59 01d5 B1268E03 		.ascii	"\261&\216\003>\303j\0101S\324|\235\245\355\377\260t"
  59      3EC36A08 
  59      3153D47C 
  59      9DA5EDFF 
  59      B074
  60 01e7 4CB33450 		.ascii	"L\2634P?2m\212X\0128\3767K[\243\225\232c-\315n\"\366"
  60      3F326D8A 
  60      580A38FE 
  60      374B5BA3 
  60      959A632D 
  61 01ff E71CDC11 		.ascii	"\347\034\334\021kiv)\340\013\216\305\307Z\232\335M\211"
  61      6B697629 
  61      E00B8EC5 
  61      C75A9ADD 
  61      4D89
  62 0211 131C4CD0 		.ascii	"\023\034L\320\203\037\333\031\257\021p2\326\322)\222"
  62      831FDB19 
  62      AF117032 
  62      D6D22992 
  63 0221 679A4B30 		.ascii	"g\232K0\275\305\322\265\360\333\341\204\250[\343\232"
  63      BDC5D2B5 
  63      F0DBE184 
  63      A85BE39A 
  64 0231 5B2F35B7 		.ascii	"[/5\267\364\326\314lZ3\026\265\246i\302\244\275\270"
  64      F4D6CC6C 
  64      5A3316B5 
  64      A669C2A4 
  64      BDB8
  65 0243 18A91329 		.ascii	"\030\251\023)~vC\347O\350\357\354\353@-\220\217F\322"
  65      7E7643E7 
  65      4FE8EFEC 
  65      EB402D90 
  65      8F46D2
  66 0256 8C9E1F11 		.ascii	"\214\236\037\021\037\027\235\222\307!\312\316\322r\207"
  66      1F179D92 
ARM GAS  /tmp/cc9UdhPV.s 			page 5


  66      C721CACE 
  66      D27287
  67 0265 57CC71BA 		.ascii	"W\314q\272\212]6_y\211K\022\355|-\311\231Y\207DI\026"
  67      8A5D365F 
  67      79894B12 
  67      ED7C2DC9 
  67      99598744 
  68 027b 9D456EB1 		.ascii	"\235En\261L\362\372d\321V`=x@\314\313;*\026\344Z+29"
  68      4CF2FA64 
  68      D156603D 
  68      7840CCCB 
  68      3B2A16E4 
  69 0293 5228FB0A 		.ascii	"R(\373\012\335\356\222\014;\304U\024\271\313\035\307"
  69      DDEE920C 
  69      3BC45514 
  69      B9CB1DC7 
  70 02a3 FE93D42E 		.ascii	"\376\223\324.y<R\351\006\357\221|k\216\265\222\"\354"
  70      793C52E9 
  70      06EF917C 
  70      6B8EB592 
  70      22EC
  71 02b5 92D75158 		.ascii	"\222\327QX\221\345\311pB\336\366\210\034\225>1\307j"
  71      91E5C970 
  71      42DEF688 
  71      1C953E31 
  71      C76A
  72 02c7 CBB589AE 		.ascii	"\313\265\211\256R\273\273\274\304!\332=\262K.<m\267"
  72      52BBBBBC 
  72      C421DA3D 
  72      B24B2E3C 
  72      6DB7
  73 02d9 13D9E16D 		.ascii	"\023\331\341m\264*\3114y}\332\177\033\251\224\261y\263"
  73      B42AC934 
  73      797DDA7F 
  73      1BA994B1 
  73      79B3
  74 02eb 53AE9229 		.ascii	"S\256\222)5\311j\313\267\024\027\311\2162\257+\335\222"
  74      35C96ACB 
  74      B71417C9 
  74      8E32AF2B 
  74      DD92
  75 02fd BA1F042F 		.ascii	"\272\037\004/\230<\016\217\344\255\202\337\014\221\316"
  75      983C0E8F 
  75      E4AD82DF 
  75      0C91CE
  76 030c 0D       		.ascii	"\015"
  77              		.text
  78              		.section	.gnu.lto_st_lld_init.13ea95c61cc81f0e,"",%progbits
  79 0000 789C9D91 		.ascii	"x\234\235\221\317KTQ\024\307\317\367\335\361\3153\321"
  79      CF4B5451 
  79      14C7CFF7 
  79      DDF1CD33 
  79      D1
  80 0011 205C04CD 		.ascii	" \\\004\315\242\255\233.*\344\037`\233@%\030\367R*\314"
  80      A2AD9B2E 
  80      2AE41F60 
  80      9B402518 
ARM GAS  /tmp/cc9UdhPV.s 			page 6


  80      F7522ACC 
  81 0025 C4E413DF 		.ascii	"\304\344\023\337\330v\356d\223?\022\231 \307\315C\036"
  81      D876EE64 
  81      933F1299 
  81      20C7CD43 
  81      1E
  82 0036 088A8B08 		.ascii	"\010\212\213\010\251\254\251F\237\203\340N\2336*.\002"
  82      A9ACA946 
  82      9F83E04E 
  82      9B362A2E 
  82      02
  83 0047 21911057 		.ascii	"!\221\020W\202\221\244\235{\007\333\327\201\313=\357"
  83      8291A49D 
  83      7B07DBD7 
  83      81CB3DEF 
  84 0057 7BEEF99C 		.ascii	"{\356\371\234\357}\327&\242F\213\350\036\3577xA\020"
  84      EF7DD726 
  84      A2468BE8 
  84      1EEF3778 
  84      4110
  85 0069 ACFC2651 		.ascii	"\254\374&Q\326\261\000\235(\007\224\261\220\301\244"
  85      D6B1009D 
  85      280794B1 
  85      90C1A4
  86 0078 7829501E 		.ascii	"x)P\036=(ZM\013\212#\234Y\276\366L\345\256\373\202\250"
  86      3D285A4D 
  86      0B8A239C 
  86      59BEF64C 
  86      E5AEFB82 
  87 008d C04B07DE 		.ascii	"\300K\007\336\240\211\370\330\376\322\371t\275\035\251"
  87      A089F8D8 
  87      FED2F974 
  87      BD1DA9
  88 009c EA780B9B 		.ascii	"\352x\013\233\300\311\353\2575\241:\277\030U\341\372"
  88      C0C9EBAF 
  88      35A13ABF 
  88      1855E1FA 
  89 00ac 1C2A719B 		.ascii	"\034*q\233h\214\353<D\2054.,\235\215\204\364\003\345"
  89      688CEB3C 
  89      4485342E 
  89      2C9D8D84 
  89      F403E5
  90 00bf 93C3ADC5 		.ascii	"\223\303\255\305+\272\215Q\205\\y+\372\\\370\002\320"
  90      2BBA8D51 
  90      855C792B 
  90      FA5CF802 
  90      D0
  91 00d0 E46FC7F9 		.ascii	"\344o\307\371\213\332\352g>\034Q\015,\315\226*\033N"
  91      8BDAEA67 
  91      3E1C510D 
  91      2CCD962A 
  91      1B4E
  92 00e2 80D92C9B 		.ascii	"\200\331,\233\012\036\222/,,#\206w\210\221\356\330V"
  92      0A1E922F 
  92      2C2C2386 
  92      778891EE 
  92      D856
ARM GAS  /tmp/cc9UdhPV.s 			page 7


  93 00f4 FB2FAECA 		.ascii	"\373/\256\312W\352iV\335\364\205\300{\004\2306~\361"
  93      57EA6956 
  93      DDF485C0 
  93      7B049836 
  93      7EF1
  94 0106 01920F54 		.ascii	"\001\222\017T\276\314\177\217h\244\300\352L=\212\334"
  94      BECC7F8F 
  94      68A4C0EA 
  94      4C3D8ADC 
  95 0116 673CEC8C 		.ascii	"g<\354\214_z\370\307\011\037\315\004}c|2\023\376\336"
  95      5F7AF8C7 
  95      091FCD04 
  95      7D637C32 
  95      13FEDE
  96 0129 81457CBE 		.ascii	"\201E|\276\344\357.\376'\277d\370\226\346\257\030\376"
  96      E4EF2EFE 
  96      27BF64F8 
  96      96E6AF18 
  96      FE
  97 013a C944EE54 		.ascii	"\311D\356Th~\004Q\254r\327\021r\301\331\2740\177\236"
  97      687E0451 
  97      AC72D711 
  97      72C1D9BC 
  97      307F9E
  98 014d EBC5E2D1 		.ascii	"\353\305\342\321^4\363[9\276\250)hc\010\221\321\205"
  98      5E34F35B 
  98      39BEA829 
  98      68630891 
  98      D185
  99 015f B39F9B25 		.ascii	"\263\237\233%c\314F\035\326\020ci\342\327\366\224S\225"
  99      63CC461D 
  99      D6106369 
  99      E2D7F694 
  99      5395
 100 0171 1C9411F3 		.ascii	"\034\224\021\363E\224\216\361$\230[\200\301\351\030"
 100      45948EF1 
 100      24985B80 
 100      C1E918
 101 0180 63063F16 		.ascii	"c\006?\026;\350\222\011\367Q\277\364\022\003\303\375"
 101      3BE89209 
 101      F751BFF4 
 101      1203C3FD 
 102 0190 43B23D91 		.ascii	"C\262=\221|\220\214\247\207\373\222\256\354\325\271"
 102      7C908CA7 
 102      87FB92AE 
 102      ECD5B9
 103 019f EB35B7DD 		.ascii	"\3535\267\335\226\256'\023\367Sr\320\035J{2\336\335"
 103      96AE2713 
 103      F75372D0 
 103      1D4A7B32 
 103      DEDD
 104 01b1 D9DA223B 		.ascii	"\331\332\";:\356\310\356\273\235\217\233u\245\307K\367"
 104      3AEEC8EE 
 104      BB9D8F9B 
 104      75A5C74B 
 104      F7
 105 01c2 A4527DB7 		.ascii	"\244R}\267z\351\017\037\320\315\011"
ARM GAS  /tmp/cc9UdhPV.s 			page 8


 105      7AE90F1F 
 105      D0CD09
 106              		.text
 107              		.section	.gnu.lto_.symbol_nodes.13ea95c61cc81f0e,"",%progbits
 108 0000 789C6363 		.ascii	"x\234cc``(\004b\006\246yL\365\014\014\023\31610\000"
 108      60602804 
 108      6206A679 
 108      4CF50C0C 
 108      13CE3130 
 109 0015 A95D0D8E 		.ascii	"\251]\015\216@\221\371L\365\214(\"\214\013\230\352\231"
 109      4091F94C 
 109      F58C2822 
 109      8C0B98EA 
 109      99
 110 0026 C0220C0C 		.ascii	"\300\"\014\014\015\015\016@\201\205L\365\314(\002\213"
 110      0D0D0E40 
 110      81854CF5 
 110      CC28028B 
 111 0036 98EA5990 		.ascii	"\230\352Y\220\005\230\201\260\345\341?Ff\006&\206\226"
 111      059881B0 
 111      E5E13F46 
 111      66062686 
 111      96
 112 0047 B637F2CC 		.ascii	"\2667\362\314\214,`>\003\000#A\033\250"
 112      8C2C603E 
 112      03002341 
 112      1BA8
 113              		.text
 114              		.section	.gnu.lto_.refs.13ea95c61cc81f0e,"",%progbits
 115 0000 789C6363 		.ascii	"x\234cc```\004b\006\000\000D\000\010"
 115      60606004 
 115      62060000 
 115      440008
 116              		.text
 117              		.section	.gnu.lto_.decls.13ea95c61cc81f0e,"",%progbits
 118 0000 789CAD96 		.ascii	"x\234\255\226kP\024W\026\200\373\364\035\306ax\026R"
 118      6B501457 
 118      1680FBF4 
 118      1DC66178 
 118      1652
 119 0012 5BFEE087 		.ascii	"[\376\340\207eQ%\177\342H\254\212\251\374\330\212!\311"
 119      6551257F 
 119      E248AC8A 
 119      A9FCD88A 
 119      21C9
 120 0024 4A2D2496 		.ascii	"J-$\226\220\255\335_\223\3110\011S\316\303\314\014n"
 120      90ADDD5F 
 120      93C93009 
 120      53CEC3CC 
 120      0C6E
 121 0036 FCB5AD3C 		.ascii	"\374\265\255<\342\250Q))7\342\003\302\272\210F\262\020"
 121      E2A85129 
 121      2937E203 
 121      C2BA8846 
 121      B210
 122 0048 25AE22CA 		.ascii	"%\256\"\312Cy+\212\021\305 \020@p\005\007\304\007(1"
 122      43792B8A 
ARM GAS  /tmp/cc9UdhPV.s 			page 9


 122      11C52010 
 122      40700507 
 122      C4072831 
 123 005c ECB9F776 		.ascii	"\354\271\367vO\017\023\251\220\332\355\342\320\367\336"
 123      4F0F13A9 
 123      90DAEDE2 
 123      D0F7DE
 124 006b 3EF73B8F 		.ascii	">\367;\217{N\367h\005A\030\015\023\004\215\006\005\004"
 124      7B4EF768 
 124      0541180D 
 124      13048D06 
 124      0504
 125 007d 61162F82 		.ascii	"a\026/\202ku(8\025j\004~\205\240\\BiBiAiC\271*\374\362"
 125      6B752838 
 125      156A047E 
 125      85A05C42 
 125      69426941 
 126 0097 DA819B74 		.ascii	"\332\201\233tx\377\020%\006%Vf\334D\351A\271\203rQ\326"
 126      78FF1025 
 126      06255666 
 126      DC44E941 
 126      B9837251 
 127 00ac 8D90997D 		.ascii	"\215\220\231}(?\242\014\242\334\245\376\240<\220m\214"
 127      283FA20C 
 127      A2DCA5FE 
 127      A03C906D 
 127      8C
 128 00bd A33C4479 		.ascii	"\243<Dy\204\362D\266\035|\355\016\260\251\303\261\026"
 128      84F244B6 
 128      1D7CED0E 
 128      B0A9C3B1 
 128      16
 129 00ce 651AC7CB 		.ascii	"e\032\307\313QB\201\333\357@\241q\001\316\011\215\023"
 129      514281DB 
 129      EF40A171 
 129      01CE098D 
 129      13
 130 00df C7A21CCF 		.ascii	"\307\242\034\317\313\342( p\247\371\330\327d\007\201"
 130      CBE22820 
 130      70A7F9D8 
 130      D7640781 
 131 00ef E57AA059 		.ascii	"\345z\240Y\211\302\245\177\215\235y\026\301\227\250"
 131      89C2A57F 
 131      8D9D7916 
 131      C197A8
 132 00fe C699D663 		.ascii	"\306\231\326c\327tDd\343\346\347\245\371!+NH\374\322"
 132      D7744464 
 132      E3E6E7A5 
 132      F9212B4E 
 132      48FCD2
 133 0111 951101AA 		.ascii	"\225\021\001\252\200(\254\316\335\223G\026\221\2770"
 133      8028ACCE 
 133      DD934716 
 133      91BF30
 134 0120 CD6B3915 		.ascii	"\315k9\025\007)7F\017\032\234>\274\\8\030\211\323X="
 134      07293746 
 134      0F1A9C3E 
ARM GAS  /tmp/cc9UdhPV.s 			page 10


 134      BC5C3818 
 134      89D3583D 
 135 0134 2C2D2062 		.ascii	",- b_\367LO$\350\023\266I\322V\2518[\012]+\300\031\210"
 135      5FF74C4F 
 135      24E813B6 
 135      49D256A9 
 135      385B0A5D 
 136 014c 837F439C 		.ascii	"\203\177C\234\000\325\220@m\177\007+\0048\205\213'q"
 136      00D59040 
 136      6D7F072B 
 136      0438858B 
 136      2771
 137 015e B194DAAB 		.ascii	"\261\224\332\253\0359\370\373\375\223\222\264\024\316"
 137      1D39F8FB 
 137      FD9392B4 
 137      14CE
 138 016c 821E4E03 		.ascii	"\202\036N\003a:\030\356r=w\340\330\221\374\022-)\002"
 138      613A18EE 
 138      723D77E0 
 138      D891FC12 
 138      2D2902
 139 017f EA81587D 		.ascii	"\352\201X}\340\356%q>\033\347\347\265\321T\276\2541"
 139      E0EE2571 
 139      3E1BE7E7 
 139      B5D154BE 
 139      AC31
 140 0191 579244A8 		.ascii	"W\222D\250A\033\347T\033h\222\336p\025\015\235\255\253"
 140      411BE754 
 140      1B6892DE 
 140      70150D9D 
 140      ADAB
 141 01a3 B910D607 		.ascii	"\271\020\326\007w\000\263\013\321,~\232s\372\037\357"
 141      7700B30B 
 141      D12C7E9A 
 141      73FA1FEF 
 142 01b3 54D87C56 		.ascii	"T\330|V\271\200\257\343\252\310o\262*\235([\300\277"
 142      B980AFE3 
 142      AAC86FB2 
 142      2A9D285B 
 142      C0BF
 143 01c5 22CA0C51 		.ascii	"\"\312\014Q\341\262?\031\000\201T\376\234\233S.^\323"
 143      E1B23F19 
 143      008154FE 
 143      9C9B532E 
 143      5ED3
 144 01d7 7C10B08F 		.ascii	"|\020\260\217/\211\252\261\200-\277\360U\360?\366;\245"
 144      2F89AAB1 
 144      802DBFF0 
 144      55F03FF6 
 144      3BA5
 145 01e9 0609F271 		.ascii	"\006\011\362q\177}\361\363\313\372~\350\305\247\177"
 145      7F7DF1F3 
 145      CBFA7EE8 
 145      C5A77F
 146 01f8 16843D3A 		.ascii	"\026\204=:;/\221\334\223S\221\344\026;\003\2704;U\033"
 146      3B2F91DC 
 146      935391E4 
ARM GAS  /tmp/cc9UdhPV.s 			page 11


 146      163B03B8 
 146      343B551B 
 147 020c C5AB40A4 		.ascii	"\305\253@\244\0052\321~(\214WA4NO\354\234-\010Y\262"
 147      0532D17E 
 147      288C5741 
 147      344E4FEC 
 147      9C2D0859 
 148 0221 8FA67D4F 		.ascii	"\217\246}O\266\024-\302\207\277\203\006<\214z<\014\001"
 148      B6142DC2 
 148      87BF8306 
 148      3C8C7A3C 
 148      0C01
 149 0233 2EC212FC 		.ascii	".\302\022\374\357\320pc\007N\371\356G.+\226\212\373"
 149      EFD07063 
 149      074EF9EE 
 149      472E2B96 
 149      8AFB
 150 0245 F1886A56 		.ascii	"\361\210jVV\327\347IWq\337\233L\017\352\324s\252\243"
 150      56D7E749 
 150      5771DF9B 
 150      4C0FEAD4 
 150      73AAA3
 151 0258 F508B5D0 		.ascii	"\365\010\265\320\017p\001\372\320\267K\260\214\026\340"
 151      0F7001FA 
 151      D0B74BB0 
 151      8C16E0
 152 0267 CEF1E228 		.ascii	"\316\361\342(r\232\227qIO\331L\250\014\353m\011/\224"
 152      729A9771 
 152      494FD94C 
 152      A80CEB6D 
 152      092F94
 153 027a 6AB74AF4 		.ascii	"j\267J\364\310)\252QE5\006\243\232\030\252o\342QS\030"
 153      C829AA51 
 153      453506A3 
 153      9A18AA6F 
 153      E2515318 
 154 028e 69E0A8CE 		.ascii	"i\340\250\316s\365\203\021\210\352\307\322\231\272\235"
 154      73F58311 
 154      88EAC7D2 
 154      99BA9D
 155 029d F0A2E29E 		.ascii	"\360\242\342\236\264M\317\235jVI\315r\223@\013#xO7|"
 155      B44DCF9D 
 155      6A5649CD 
 155      7293400B 
 155      23784F37 
 156 02b2 41481161 		.ascii	"AH\021a\204\326\252G\355 \023\256\373V^9%\345\204\260"
 156      84D6AA47 
 156      ED2013AE 
 156      FB565E39 
 156      25E584B0 
 157 02c6 FDADEAFE 		.ascii	"\375\255\352\376Ve\177\033\333_9=\232M\310\003\276\277"
 157      56657F1B 
 157      DB5F393D 
 157      9A4DC803 
 157      BEBF
 158 02d8 A9ACAA0E 		.ascii	"\251\254\252\0164\"\257M\232/\\k\233:zA\343_\273\014"
 158      3422AF4D 
ARM GAS  /tmp/cc9UdhPV.s 			page 12


 158      9A2F5C6B 
 158      9B3A7A41 
 158      E35FBB0C 
 159 02ec 6CF1E1F9 		.ascii	"l\361\341\371\336}\342\274\351\356`\351\276\002r\276"
 159      DE7DE2BC 
 159      E9EE60E9 
 159      BE0272BE 
 160 02fc 7F3E7C7B 		.ascii	"\177>|{\334\357\225\227\2245\344\325\256cJ\320\256\272"
 160      DCEF9597 
 160      9435E4D5 
 160      AE634AD0 
 160      AEBA
 161 030e D5AEB875 		.ascii	"\325\256\270u\225\271\225?1\271W\253\337F\015\260~\243"
 161      95B9953F 
 161      31B957AB 
 161      DF460DB0 
 161      7EA3
 162 0320 C7AE749C 		.ascii	"\307\256t\234\000\327h\003\201!\016V\306Q\0037\246k"
 162      00D76803 
 162      81210E56 
 162      C6510337 
 162      A66B
 163 0332 9E87936B 		.ascii	"\236\207\223k\032\032\203\346D\366\361\011\015$\304"
 163      1A1A83E6 
 163      44F6F109 
 163      0D24C4
 164 0341 016A83BE 		.ascii	"\001j\203\276Ty\277\010\320\205\356w\312V\360*\224\220"
 164      5479BF08 
 164      D085EE77 
 164      CA56F02A 
 164      9490
 165 0353 3EF137BA 		.ascii	">\3617\272\214c\035\273\263\376\226\376!\221%\002\254"
 165      8C631DBB 
 165      B3FE96FE 
 165      21912502 
 165      AC
 166 0364 6274B88E 		.ascii	"bt\270\216\335\335\305\314\335@\340\367\300\014n\255"
 166      DDDDC5CC 
 166      DD40E0F7 
 166      C00C6EAD 
 167 0374 F6CD6862 		.ascii	"\366\315hb\366\260\360\261p\200\261\325\370oB\214\342"
 167      F6B0F0B1 
 167      7080B1D5 
 167      F86F428C 
 167      E2
 168 0385 249BE08E 		.ascii	"$\233\340\216\241\231\362\263\221\274z\2658\275\320"
 168      A199F2B3 
 168      91BC7AB5 
 168      38BDD0
 169 0394 9E732E6C 		.ascii	"\236s.l\336\360\272\225\360nqs\217\267\347N\311/\300"
 169      DEF0BA95 
 169      F06E7173 
 169      8FB7E74E 
 169      C92FC0
 170 03a7 45382D1B 		.ascii	"E8-\033>\270+\234\227\376\353\264w\006\012\332 \330"
 170      3EB82B9C 
 170      97FEEBB4 
ARM GAS  /tmp/cc9UdhPV.s 			page 13


 170      77060ADA 
 170      20D8
 171 03b9 991F1076 		.ascii	"\231\037\020v\233\301z\2303\335\334\231\036\346L\321"
 171      9BC17A98 
 171      33DDDC99 
 171      1EE64CD1 
 172 03c9 4F33FB23 		.ascii	"O3\373#\303\267\373_f\254DT\363w \\9\025\034\242\376"
 172      C3B7FB5F 
 172      66AC4454 
 172      F377205C 
 172      39151CA2 
 173 03de C85109FB 		.ascii	"\310Q\011\373\260\213\345\027vN6\216\206\343i\326b\301"
 173      B08BE517 
 173      764E368E 
 173      86E369D6 
 173      62C1
 174 03f0 771C22DE 		.ascii	"w\034\"\336\312\212k[\244\330\234P\006\351U\017\264"
 174      CA8A6B5B 
 174      A4D89C50 
 174      06E9550F 
 174      B4
 175 0401 37B8E2FB 		.ascii	"7\270\342\373\330\301N<m\313'\344H\010c\215\267U\376"
 175      D8C14E3C 
 175      6DCB27E4 
 175      4808638D 
 175      B755FE
 176 0414 A09159D7 		.ascii	"\240\221Y\327}\257\217\236\222$|_\326k\030\253_e\365"
 176      7DAF8F9E 
 176      92247C5F 
 176      D66B18AB 
 176      5F65F5
 177 0427 07B37E64 		.ascii	"\007\263~d\254\206\247]\345\213H\025g\215\344V>\213"
 177      AC86A75D 
 177      E58B4815 
 177      678DE456 
 177      3E8B
 178 0439 90598F6E 		.ascii	"\220Y\217n\307\0275\260\256.^\313\033h@\205\015\004"
 178      C71735B0 
 178      AE2E5ECB 
 178      1B684085 
 178      0D04
 179 044b C30619AC 		.ascii	"\303\006\031\254tjzG$i\346\260\301\274\366\033:\031"
 179      746A7A47 
 179      2469E6B0 
 179      C1BCF61B 
 179      3A19
 180 045d D6594878 		.ascii	"\326YHxW\177\305\273zHE\015\005\243\3562\324\315\341"
 180      577FC5BB 
 180      7A48450D 
 180      05A3EE32 
 180      D4CDE1
 181 0470 FA0CD2C9 		.ascii	"\372\014\322\311I\307\313\017WD\222~>\331Q\337pP\213"
 181      49C7CB0F 
 181      5744927E 
 181      3ED951DF 
 181      70508B
 182 0483 BD0423AC 		.ascii	"\275\004#\254\016\347\351\270\277_/9\0331os\335g\315"
ARM GAS  /tmp/cc9UdhPV.s 			page 14


 182      0EE7E9B8 
 182      BF5F2F39 
 182      1B316F73 
 182      DD67CD
 183 0496 F51FA5B9 		.ascii	"\365\037\245\271\272\033\372\275Z\331\323\251\032\262"
 183      BA1BFABD 
 183      5AD9D3A9 
 183      1AB2
 184 04a4 EBD8E12F 		.ascii	"\353\330\341/\244\342-\322\233\315\"\325\204a\305Y\270"
 184      A4E22DD2 
 184      9BCD22D5 
 184      8461C559 
 184      B8
 185 04b5 071A3A9B 		.ascii	"\007\032:\233\353\357(\363w\372I]\235\216Tk\231\217"
 185      EBEF28F3 
 185      77FA495D 
 185      9D8E546B 
 185      998F
 186 04c7 D5DEAE03 		.ascii	"\325\336\256\003\242z\276\273O\006\236\357\230\032\373"
 186      A27ABEBB 
 186      4F069EEF 
 186      981AFB
 187 04d6 5830EB01 		.ascii	"X0\353\001c\225\334\352\376VK:8\353\233\246\202|\"\263"
 187      6395DCEA 
 187      FE564B3A 
 187      38EB9BA6 
 187      827C22B3 
 188 04ea 06BC73D3 		.ascii	"\006\274s\323\350SQ\276`\3248C\025\374\263\311\253!"
 188      E85351BE 
 188      60D43843 
 188      15FCB3C9 
 188      AB21
 189 04fc 431C9523 		.ascii	"C\034\225#\355\031'\376RI\360\315)\225\011\2255\021"
 189      ED1927FE 
 189      5249F0CD 
 189      29950995 
 189      3511
 190 050e CC7AC858 		.ascii	"\314z\310X-C\345\365\221d\212\263\316{\033\217\352\374"
 190      2D43E5F5 
 190      91648AB3 
 190      CE7B1B8F 
 190      EAFC
 191 0520 A5B2B26C 		.ascii	"\245\262\262ln\251L\252\260\311`\330#\006\353/\032\331"
 191      6EA94CAA 
 191      B0C960D8 
 191      2306EB2F 
 191      1AD9
 192 0532 1B41762E 		.ascii	"\033Av.b\260+c=\271\221J\251\034\232\033\343c\025\365"
 192      62B02B63 
 192      3DB9914A 
 192      A91C9A1B 
 192      E36315F5 
 193 0546 3818F584 		.ascii	"8\030\365\204\241\012\253\037\267\206\360\326\326\341"
 193      A10AAB1F 
 193      B786F0D6 
 193      D6E1
 194 0554 F46ED58B 		.ascii	"\364n\325\213\216p\362%'\177\331Y\371\016}Gd/\350'\007"
ARM GAS  /tmp/cc9UdhPV.s 			page 15


 194      8E70F225 
 194      277FD959 
 194      F90E7D47 
 194      642FE827 
 195 0569 6EE8D95B 		.ascii	"n\350\331[!\0019\310w\177;;|UG\276\342\023\345k\031"
 195      210139C8 
 195      777F3B3B 
 195      7C5547BE 
 195      E213E56B 
 196 057e C3BF96DF 		.ascii	"\303\277\226\337\015\2674\352\371\033D\002\372\021("
 196      0DB734EA 
 196      F91B4402 
 196      FA1128
 197 058d FFB95D24 		.ascii	"\377\271]$\245\\\267{\337\366\261\020\305\356\266\005"
 197      A55CB77B 
 197      DFF6B110 
 197      C5EEB605 
 198 059d D8D53E78 		.ascii	"\330\325>x2~.\024\342\343\343\023\342\027\227H9\331"
 198      327E2E14 
 198      E2E3E313 
 198      E2179748 
 198      39D9
 199 05af F8EBEA01 		.ascii	"\370\353\352\001\031\253)\303\3029\262\004\246\261\260"
 199      19AB29C3 
 199      C239B204 
 199      A6B1B0
 200 05be 9F632272 		.ascii	"\237c\"r\304\305*\311@K9\021\377\011%R\001nx\356\243"
 200      C4C52AC9 
 200      404B3911 
 200      FF092552 
 200      016E78EE 
 201 05d3 99CBC18F 		.ascii	"\231\313\301\217\005j\277\010\326~\312*\377\014p}j\340"
 201      056ABF08 
 201      D67ECA2A 
 201      FF0C707D 
 201      6AE0
 202 05e5 BEA24FE9 		.ascii	"\276\242O\351\317^J\347\352\374\227X\227\217\354\227"
 202      CF5E4AE7 
 202      EAFC9758 
 202      978FEC97 
 203 05f5 A468AA25 		.ascii	"\244h\252%\310'\"\370YO}\3448\226\223W\313`S/7\316|"
 203      C82722F8 
 203      594F7DE4 
 203      38969357 
 203      CB60532F 
 204 060c CD975FB2 		.ascii	"\315\227_\262\022v\037\374\204\0123\354\031UG(l\025"
 204      12761FFC 
 204      840A33EC 
 204      19554728 
 204      6C15
 205 061e 136016E2 		.ascii	"\023`\026\342a\213\030\017\331(\222\030\257\374\236"
 205      618B180F 
 205      D9289218 
 205      AFFC9E
 206 062d FDFEE2BD 		.ascii	"\375\376\342\275\375Qd\232eX\254|\321\267+\024\026'"
 206      FD51649A 
 206      6558AC7C 
ARM GAS  /tmp/cc9UdhPV.s 			page 16


 206      D1B72B14 
 206      1627
 207 063f BC14079F 		.ascii	"\274\024\007\237#\345\327\210<\252\306q\222\215\233"
 207      23E5D788 
 207      3CAAC671 
 207      928D9B
 208 064e 210FB573 		.ascii	"!\017\265sE\177\251\321 \231\321\352\336\336\272\220"
 208      457FA9D1 
 208      2099D1EA 
 208      DEDEBA90 
 209 065e C0F77C5E 		.ascii	"\300\367|^@\\\002l\023\303\331\027\027\357\264\022\267"
 209      405C026C 
 209      13C3D917 
 209      17EFB412 
 209      B7
 210 066f 560C6803 		.ascii	"V\014h\003\225;\346|\024\274\2622\275\247\0322\235v"
 210      953BE67C 
 210      14BCB232 
 210      BDA71A32 
 210      9D76
 211 0681 8BC19DE9 		.ascii	"\213\301\235\351\310\262\270\014I\231\326\217\254i\236"
 211      C8B2B80C 
 211      4999D68F 
 211      AC699E
 212 0690 AC0CABD3 		.ascii	"\254\014\253\323`\246c\247;q\365k\006\247\333\220i\262"
 212      60A663A7 
 212      3B71F56B 
 212      06A7DB90 
 212      69B2
 213 06a2 19363A5D 		.ascii	"\0316:]\036\267!-=u\325\253\206\224\224\267\015\351"
 213      1EB7212D 
 213      3D75D5AB 
 213      869494B7 
 213      0DE9
 214 06b4 C9A99B12 		.ascii	"\311\251\233\022\351\023\243\333c\264\3312V\230u\177"
 214      E913A3DB 
 214      63B4D932 
 214      5698757F 
 215 06c4 78EF83A5 		.ascii	"x\357\203\245I\211\211\202\336h\314\262:<\253^5z\336"
 215      49898982 
 215      DE68CCB2 
 215      3A3CAB5E 
 215      357ADE
 216 06d7 3064B95D 		.ascii	"0d\271]\006\233\323\214\004\223\313\376\212\303\351"
 216      069BD38C 
 216      0493CBFE 
 216      8AC3E9
 217 06e6 B0BC6231 		.ascii	"\260\274b1}d5X\035f[V\206\305`7\241-\207\305`\314\260"
 217      7D643558 
 217      1D665B56 
 217      86C56037 
 217      A12D87C5 
 218 06fd 7C6CCAB2 		.ascii	"|l\312\262y\214\236\315\033-\356\025\231\202Na\030~"
 218      798C9ECD 
 218      1B2DEE15 
 218      99824E61 
 218      187E
ARM GAS  /tmp/cc9UdhPV.s 			page 17


 219 070f 95E1DEEC 		.ascii	"\225\341\336\3546\240\033\031\270\0017F\245mv\247[\315"
 219      36A01B19 
 219      B8013746 
 219      A56D76A7 
 219      5BCD
 220 0721 1B8C6B4D 		.ascii	"\033\214kM\216\014\233\305\365\336\3775J!\214\217\214"
 220      8E0C9BC5 
 220      F5DEFF35 
 220      4A218C8F 
 220      8C
 221 0732 5687D513 		.ascii	"V\207\325\023c\244\033\214V\327\247F\313F\253\315\371"
 221      63A41B8C 
 221      56D7A746 
 221      CB46ABCD 
 221      F9
 222 0743 499665ED 		.ascii	"I\226e\355\002\255\231\235v\273\323!\033\\\263>5)\365"
 222      02AD999D 
 222      76BBD321 
 222      1B5CB33E 
 222      3529F5
 223 0756 33D4303B 		.ascii	"3\3240;]\026\343\246\325v\014#\306\234\311\002\261["
 223      5D16E3A6 
 223      D5760C23 
 223      C69CC902 
 223      B15B
 224 0768 5C7220C9 		.ascii	"\\r \311o,\220\355\362\370Sc\316\304\344 -\316\261\311"
 224      6F2C90ED 
 224      F2F85363 
 224      CEC4E420 
 224      2DCEB1C9 
 225 077c 6A4EB378 		.ascii	"jN\263x\020\351\261\330e\340:\227\325\351\262z6\277"
 225      10E9B1D8 
 225      65E03A97 
 225      D5E9B27A 
 225      36BF
 226 078e FB9B3324 		.ascii	"\373\2333${/\373M\331hCc\3164\271b\234n\223\015\255"
 226      7B2FFB4D 
 226      D9684363 
 226      CE34B962 
 226      9C6E930D 
 227 07a3 A438CD1B 		.ascii	"\2448\315\033\336u9\355\311i\353\027\3526\305\323\335"
 227      DE7539ED 
 227      C969EB17 
 227      EA36C5D3 
 227      DD
 228 07b4 D47F7A47 		.ascii	"\324\177zGd4KB\000+\206%\034\213a\203\361c\\1Z\335\256"
 228      64344B42 
 228      002B8625 
 228      1C8B6183 
 228      F1635C31 
 229 07cb 50FF5284 		.ascii	"P\377R\204\321"
 229      D1
 230 07d0 E8B6788C 		.ascii	"\350\266x\214o\255I{g\335\372\344\010\223\355\257\246"
 230      6FAD497B 
 230      67DDFAE4 
 230      0893EDAF 
 230      A6
ARM GAS  /tmp/cc9UdhPV.s 			page 18


 231 07e1 CD6E3C28 		.ascii	"\315n<(\033\026X\312o;\027\313g\036CRjZr\232\232I\273"
 231      1B1658CA 
 231      6F3B17CB 
 231      671E4352 
 231      6A5A729A 
 232 07f8 DBEA367E 		.ascii	"\333\3526~b\246\221.\246\356\275?\367pb\345\300?p\330"
 232      62A6912E 
 232      A6EEBD3F 
 232      F77062E5 
 232      C03F70D8 
 233 080c 02DC65FE 		.ascii	"\002\334e\376\317Y\212e\356f9\346\304\020\026\260H\376"
 233      CF598A65 
 233      EE6639E6 
 233      C41016B0 
 233      48FE
 234 081e B4264593 		.ascii	"\264&E\223\362\376\232\2675I\351\353SB\222\326\244$"
 234      F2FE9AB7 
 234      3549E9EB 
 234      534292D6 
 234      A424
 235 0830 BFF5C7FF 		.ascii	"\277\365\307\377\331{ZXf\373jt>\\\351\217t\354\264\377"
 235      D97B5A58 
 235      66FB6A74 
 235      3E5CE98F 
 235      74ECB4FF 
 236 0844 02EC1D03 		.ascii	"\002\354\035\003\333"
 236      DB
 237              		.text
 238              		.section	.gnu.lto_.symtab.13ea95c61cc81f0e,"",%progbits
 239 0000 53797354 		.ascii	"SysTick_Handler\000"
 239      69636B5F 
 239      48616E64 
 239      6C657200 
 240 0010 00       		.ascii	"\000"
 241 0011 00       		.ascii	"\000"
 242 0012 00       		.ascii	"\000"
 243 0013 00000000 		.ascii	"\000\000\000\000\000\000\000\000"
 243      00000000 
 244 001b C5000000 		.ascii	"\305\000\000\000"
 245 001f 73745F6C 		.ascii	"st_lld_init\000"
 245      6C645F69 
 245      6E697400 
 246 002b 00       		.ascii	"\000"
 247 002c 00       		.ascii	"\000"
 248 002d 00       		.ascii	"\000"
 249 002e 00000000 		.ascii	"\000\000\000\000\000\000\000\000"
 249      00000000 
 250 0036 C7000000 		.ascii	"\307\000\000\000"
 251 003a 5F706F72 		.ascii	"_port_irq_epilogue\000"
 251      745F6972 
 251      715F6570 
 251      696C6F67 
 251      756500
 252 004d 00       		.ascii	"\000"
 253 004e 02       		.ascii	"\002"
 254 004f 00       		.ascii	"\000"
 255 0050 00000000 		.ascii	"\000\000\000\000\000\000\000\000"
ARM GAS  /tmp/cc9UdhPV.s 			page 19


 255      00000000 
 256 0058 C9000000 		.ascii	"\311\000\000\000"
 257 005c 63685379 		.ascii	"chSysTimerHandlerI\000"
 257      7354696D 
 257      65724861 
 257      6E646C65 
 257      724900
 258 006f 00       		.ascii	"\000"
 259 0070 02       		.ascii	"\002"
 260 0071 00       		.ascii	"\000"
 261 0072 00000000 		.ascii	"\000\000\000\000\000\000\000\000"
 261      00000000 
 262 007a CB000000 		.ascii	"\313\000\000\000"
 263 007e 6E766963 		.ascii	"nvicSetSystemHandlerPriority\000"
 263      53657453 
 263      79737465 
 263      6D48616E 
 263      646C6572 
 264 009b 00       		.ascii	"\000"
 265 009c 02       		.ascii	"\002"
 266 009d 00       		.ascii	"\000"
 267 009e 00000000 		.ascii	"\000\000\000\000\000\000\000\000"
 267      00000000 
 268 00a6 D0000000 		.ascii	"\320\000\000\000"
 269              		.text
 270              		.section	.gnu.lto_.opts,"",%progbits
 271 0000 272D666D 		.ascii	"'-fmath-errno' '-fsigned-zeros' '-ftrapping-math' '"
 271      6174682D 
 271      6572726E 
 271      6F272027 
 271      2D667369 
 272 0033 2D666E6F 		.ascii	"-fno-trapv' '-fno-openmp' '-fno-openacc' '-mcpu=cor"
 272      2D747261 
 272      70762720 
 272      272D666E 
 272      6F2D6F70 
 273 0066 7465782D 		.ascii	"tex-m7' '-mno-thumb-interwork' '-mthumb' '-O2' '-fo"
 273      6D372720 
 273      272D6D6E 
 273      6F2D7468 
 273      756D622D 
 274 0099 6D69742D 		.ascii	"mit-frame-pointer' '-falign-functions=16' '-ffuncti"
 274      6672616D 
 274      652D706F 
 274      696E7465 
 274      72272027 
 275 00cc 6F6E2D73 		.ascii	"on-sections' '-fdata-sections' '-fno-common' '-flto"
 275      65637469 
 275      6F6E7327 
 275      20272D66 
 275      64617461 
 276 00ff 2700     		.ascii	"'\000"
 277              		.text
 278              		.comm	__gnu_lto_v1,1,1
 279              		.comm	__gnu_lto_slim,1,1
 280              		.ident	"GCC: (GNU Tools for Arm Embedded Processors 7-2017-q4-major) 7.2.1 20170904 (release) [ARM
ARM GAS  /tmp/cc9UdhPV.s 			page 20


DEFINED SYMBOLS
                            *ABS*:0000000000000000 hal_st_lld.c
                            *COM*:0000000000000001 __gnu_lto_v1
                            *COM*:0000000000000001 __gnu_lto_slim

NO UNDEFINED SYMBOLS
