ARM GAS  /tmp/cc2vIq3D.s 			page 1


   1              		.cpu cortex-m7
   2              		.eabi_attribute 20, 1
   3              		.eabi_attribute 21, 1
   4              		.eabi_attribute 23, 3
   5              		.eabi_attribute 24, 1
   6              		.eabi_attribute 25, 1
   7              		.eabi_attribute 26, 1
   8              		.eabi_attribute 30, 2
   9              		.eabi_attribute 34, 1
  10              		.eabi_attribute 18, 4
  11              		.file	"memstreams.c"
  12              		.section	.gnu.lto_.profile.cdb705faafa1501,"",%progbits
  13 0000 789C6363 		.ascii	"x\234cc```\001bF\206\000K\000\001Q\000\225"
  13      60606001 
  13      62468600 
  13      4B000151 
  13      0095
  14              		.text
  15              		.section	.gnu.lto_.icf.cdb705faafa1501,"",%progbits
  16 0000 789C6363 		.ascii	"x\234cc``Pe@\0006\206\367\027\227\2610n[\274\262\227"
  16      60605065 
  16      40003686 
  16      F71797B1 
  16      306E5BBC 
  17 0016 8569C9E2 		.ascii	"\205i\311\342{o\231\230\301$\313\247\226gw8X\277\336"
  17      7B6F9998 
  17      C124CBA7 
  17      96677738 
  17      58BFDE
  18 0029 58FE868D 		.ascii	"X\376\206\215\001\000N\203\022\014"
  18      01004E83 
  18      120C
  19              		.text
  20              		.section	.gnu.lto_.jmpfuncs.cdb705faafa1501,"",%progbits
  21 0000 789C8D4E 		.ascii	"x\234\215NA\012\2000\014K\332n\036\367^O\373\310^\342"
  21      410A8030 
  21      0C4BDA6E 
  21      1EF75E4F 
  21      FBC85EE2 
  22 0014 C99FB946 		.ascii	"\311\237\271F\004\305\203\030\010M\240\011\251\0006"
  22      04C58318 
  22      084DA009 
  22      A90036
  23 0023 DC2830D2 		.ascii	"\334(0\322\373p$)H\233\344\"\305\341\226\327\253\255"
  23      FB702429 
  23      489BE422 
  23      C5E196D7 
  23      ABAD
  24 0035 24B80791 		.ascii	"$\270\007\221<\022-\323\337\336\237-q\266\274_~\264"
  24      3C122DD3 
  24      DFDE9F2D 
  24      71B6BC5F 
  24      7EB4
  25 0047 466855CB 		.ascii	"FhU\313x\351\327\030\021\023\360\01519"
  25      78E9D718 
  25      1113F00D 
  25      3139
ARM GAS  /tmp/cc2vIq3D.s 			page 2


  26              		.text
  27              		.section	.gnu.lto_.inline.cdb705faafa1501,"",%progbits
  28 0000 789C6363 		.ascii	"x\234cc``hdd\200\003V\006\006^\036Ff\006\005F\006f\007"
  28      60606864 
  28      64800356 
  28      06065E1E 
  28      46660605 
  29 0018 30990026 		.ascii	"0\231\000&\025\270\330\326\3511p\334\322cb`|\301\316"
  29      15B8D8D6 
  29      E93170DC 
  29      D2636260 
  29      7CC1CE
  30 002b 02214104 		.ascii	"\002!A\004\007\230\311\301\300\262@\236\207\201\361"
  30      0798C9C1 
  30      C0B2409E 
  30      8781F1
  31 003a 2EBB0013 		.ascii	".\273\000\023\230d`\332\305/\0012\220\221\201\207\033"
  31      986460DA 
  31      C52F0132 
  31      90918187 
  31      1B
  32 004b 6A1EC4A4 		.ascii	"j\036\304\244\006F\250\201\314\323\305\031\330\377\252"
  32      0646A881 
  32      CCD3C519 
  32      D8FFAA
  33 005a 61319079 		.ascii	"a1\220y\2218n\003\231\030\004%\031YP\014dR\000\371\000"
  33      91386E03 
  33      99180425 
  33      1959500C 
  33      645200F9 
  34 006f 6C2A3750 		.ascii	"l*7P\033\003\307\007\234\316d\272\300\317\0032Z\006"
  34      1B03C707 
  34      9CCE64BA 
  34      C0CF0332 
  34      5A06
  35 0081 C455000B 		.ascii	"\304U\000\013*\200\0045@F\263\360200O\360\003Af\204"
  35      2A800435 
  35      4046B3F0 
  35      3230304F 
  35      F0034166 
  36 0096 2DD060A0 		.ascii	"-\320`\240\201%,\014\034\354\214\014L\254\035\352\014"
  36      81252C0C 
  36      1CEC8C0C 
  36      4CAC1DEA 
  36      0C
  37 00a7 DC2BDC98 		.ascii	"\334+\334\230\300\021\000\000I\0135\372"
  37      C0110000 
  37      490B35FA 
  38              		.text
  39              		.section	.gnu.lto_.pureconst.cdb705faafa1501,"",%progbits
  40 0000 789C6363 		.ascii	"x\234cc``\340\006bV\006)F)&)f)\026)\000\004\023\000"
  40      6060E006 
  40      62560629 
  40      46292629 
  40      66291629 
  41 0018 A3       		.ascii	"\243"
  42              		.text
ARM GAS  /tmp/cc2vIq3D.s 			page 3


  43              		.section	.gnu.lto__put.cdb705faafa1501,"",%progbits
  44 0000 789C9552 		.ascii	"x\234\225R\317KTQ\024\276\337\273\357\207\243f\324\252"
  44      CF4B5451 
  44      14BEDFBB 
  44      EF87A366 
  44      D4AA
  45 0012 C52C5C24 		.ascii	"\305,\\$\342\"_\321\257U+!\210\240M\177\201\332\200"
  45      E2225FD1 
  45      AF552B21 
  45      88A04D7F 
  45      81DA80
  46 0025 030E238D 		.ascii	"\003\016#\215A\253\274:\346d\031\011\251\331\360\220"
  46      41ABBC3A 
  46      E6641909 
  46      A9D9F090 
  47 0035 2191A208 		.ascii	"!\221\242\010\223F+\323z\251\231\277\246\2544\244\205"
  47      93462BD3 
  47      7AA999BF 
  47      A6AC34A4 
  47      85
  48 0046 8B42E977 		.ascii	"\213B\351wD\344\322:\347\275\011\2156\372\340\235w\356"
  48      44E4D23A 
  48      E7BD098D 
  48      36FAE09D 
  48      77EE
  49 0058 7DE7FBBE 		.ascii	"}\347\373\276s\276{M!\304W)\3041\372\356\247\027\206"
  49      73BE7B4D 
  49      21C45729 
  49      C431FAEE 
  49      A71786
  50 006b 80D6FA5C 		.ascii	"\200\326\372\\\210\372\034M\323?\010\241r\345\215\014"
  50      88FA1C4D 
  50      D33F08A1 
  50      72E58D0C 
  51 007b 7DF22574 		.ascii	"}\362%t\177_\0078Q9\020u\232\324Q\207\026\331&\361\262"
  51      7F5F0738 
  51      51391075 
  51      9AD45187 
  51      16D926F1 
  52 0090 F18E232F 		.ascii	"\361\216#/HG\012\350\264\374\221I\276/\340%PH\313\236"
  52      48470AE8 
  52      B4FC9149 
  52      BE2FE025 
  52      5048CB9E 
  53 00a4 E1F8104A 		.ascii	"\341\370\020J\256+z\334+mfWzV\005\034\251\211\016*O"
  53      AE2B7ADC 
  53      2B6D6657 
  53      7A56051C 
  53      A9890E2A 
  54 00b9 2388BB08 		.ascii	"#\210\273\010\262z?J\250\370uf\276\325\222\207!(\277"
  54      B27A3F4A 
  54      A8F87566 
  54      BED59287 
  54      2128BF
  55 00cc FCEBB3AB 		.ascii	"\374\353\263\253\025\367(\325\240\334\231n\251v:Rb\000"
  55      15F728D5 
  55      A0DC996E 
ARM GAS  /tmp/cc2vIq3D.s 			page 4


  55      A9763A52 
  55      6200
  56 00de 723D90B6 		.ascii	"r=\220\266\004\356\241\230\312\235\246\233KR\036\361"
  56      04EEA198 
  56      CA9DA69B 
  56      4B521EF1 
  57 00ee A0D32B13 		.ascii	"\240\323+\023c\177\241_\032\245\312w\250\333\373>to"
  57      637FA15F 
  57      1AA5CA77 
  57      A8DBFB3E 
  57      746F
  58 0100 10BB19A8 		.ascii	"\020\273\031\250\013<@1W\377\374>?\035\220G=\344\255"
  58      0B3C4031 
  58      57FFFC3E 
  58      3F1D9047 
  58      3DE4AD
  59 0113 81F4547E 		.ascii	"\201\364T~Q\267\207\\\354\334~-\256&\224\356H\003\203"
  59      51B7875C 
  59      ECDC7E2D 
  59      AE2694EE 
  59      480383
  60 0126 FF0AF343 		.ascii	"\377\012\363C\345\357\372V\333\267\230:\036\242\210"
  60      E5EFFA56 
  60      DBB7983A 
  60      1EA288
  61 0135 07A23986 		.ascii	"\007\2429\206`\012P\322\373\312p\325\352\357\204r\337"
  61      600A50D2 
  61      FBCA70D5 
  61      EAEF8472 
  61      DF
  62 0146 EC584867 		.ascii	"\354XHg\266\025\2004M\215\203\244`\351\034\014^\232"
  62      B6158034 
  62      4D8D83A4 
  62      60E91C0C 
  62      5E9A
  63 0158 1C2C0A5A 		.ascii	"\034,\012Z\000<K\036\274\306\3049\342#\273\225+\232"
  63      003C4B1E 
  63      BCC6C439 
  63      E223BB95 
  63      2B9A
  64 016a C92ECAE2 		.ascii	"\311.\312\342\256XFC\252\267\245\204UX3)\003\342\023"
  64      AE584643 
  64      AAB7A584 
  64      55583329 
  64      03E213
  65 017d 1A063F5E 		.ascii	"\032\006?^\0345y/)AMu\234\035ya\361\001\030\336HC#\231"
  65      1C35792F 
  65      29414D75 
  65      9C1D7961 
  65      F10118DE 
  66 0195 713385AE 		.ascii	"q3\205\256z:\201BG\346\020\010\303<\002\375\233K,,\346"
  66      7A3A8142 
  66      47E61008 
  66      C33C02FD 
  66      9B4B2C2C 
  67 01aa D9B795FF 		.ascii	"\331\267\225\377+\200GH\241\235\347\020x\014\333\343"
  67      2B804748 
ARM GAS  /tmp/cc2vIq3D.s 			page 5


  67      A19DE710 
  67      780CDBE3 
  68 01ba 9E2CF599 		.ascii	"\236,\365\231\265MR\271\036\025[\201'D\265\204\306\267"
  68      B54D52B9 
  68      1E155B81 
  68      2744B584 
  68      C6B7
  69 01cc A3FBB24D 		.ascii	"\243\373\262M\022\233\347`3\035\037\3351\032\314\233"
  69      129BE760 
  69      331D1FDD 
  69      311ACC9B 
  70 01dc E2523C3B 		.ascii	"\342R<;\205\334\224\226\205\021O\21391\352\265\035w"
  70      85DC9496 
  70      85114F8B 
  70      3931EAB5 
  70      1D77
  71 01ee 9AAE1A3E 		.ascii	"\232\256\032>\227Nt\254G\012\311\311C\274\267\336\""
  71      974E74AC 
  71      470AC9C9 
  71      43BCB7DE 
  71      22
  72 01ff EB3F8B52 		.ascii	"\353?\213R\005\016ct\214\261\030\236\022uR\346\371\015"
  72      050E6374 
  72      8CB1189E 
  72      127552E6 
  72      F90D
  73 0211 76C62D9F 		.ascii	"v\306-\237\324\330P\203\273\330\207\3615\037\236\371"
  73      D4D85083 
  73      BBD887F1 
  73      351F9EF9 
  74 0221 BD7534C1 		.ascii	"\275u4\301g\311\022\365'f\372r\271\031:\177L\020\003"
  74      67C912F5 
  74      2766FA72 
  74      B9193A7F 
  74      4C1003
  75 0234 69CD9D47 		.ascii	"i\315\235G\266\325\015\312L\256\311L\301&n\317^={o\276"
  75      B6D50DCA 
  75      4CAEC94C 
  75      C1266ECF 
  75      5E3D7B6F 
  76 0249 41134969 		.ascii	"A\023Ii\321\336\012,\002.;\351\361\255,\251\341\014"
  76      D1DE0A2C 
  76      022E3BE9 
  76      F1AD2CA9 
  76      E10C
  77 025b A611D4A6 		.ascii	"\246\021\324\246*\327\273\242A`\006A9\270<\013\272\207"
  77      2AD7BBA2 
  77      41600641 
  77      39B83C0B 
  77      BA87
  78 026d 601672B7 		.ascii	"`\026r\267\314\256\212FBvyu\350\264]V\025\256\010\037"
  78      CCAE8A46 
  78      42767975 
  78      E8B45D56 
  78      15AE081F 
  79 0281 AF3D7522 		.ascii	"\257=u\"\034\265+9\217\306\366\034<`\333\321\230]U^"
  79      1CB52B39 
ARM GAS  /tmp/cc2vIq3D.s 			page 6


  79      8FC6F61C 
  79      3C60DBD1 
  79      985D555E 
  80 0295 6D57872B 		.ascii	"mW\207+\354X\355\311Py$fGB\221lZZ)\264p\015*d$V\363"
  80      EC58EDC9 
  80      50792466 
  80      4742916C 
  80      5A5A29B4 
  81 02b0 07B3F657 		.ascii	"\007\263\366W\002"
  81      02
  82              		.text
  83              		.section	.gnu.lto__get.cdb705faafa1501,"",%progbits
  84 0000 789C9552 		.ascii	"x\234\225R\317KTQ\024\276\337\273o\336\374h,j!\004C"
  84      CF4B5451 
  84      14BEDFBB 
  84      6FDEFC68 
  84      2C6A2104 
  85 0015 B848C485 		.ascii	"\270H\304\205\275\242_\177\200\020\264\250M\253\226"
  85      BDA25F7F 
  85      8010B4A8 
  85      4DAB96
  86 0024 6A0333E0 		.ascii	"j\0033\3400\322\030\264\210|:\346\244\271\020L\313\341"
  86      30D218B4 
  86      887C3AE6 
  86      A4B9104C 
  86      CBE1
  87 0036 21432289 		.ascii	"!C\"\211\021%\315\230\251\243\223\246i9e\245Q-\"\012"
  87      1125CD98 
  87      A9A393A6 
  87      693965A5 
  87      512D220A 
  88 004a A5148C7E 		.ascii	"\245\024\214~\271)\254s\336\033\312h\223\027\336\375"
  88      B929AC73 
  88      DE1BCA68 
  88      9317DEFD 
  89 005a 71DEF9BE 		.ascii	"q\336\371\276\357\234\357^M\0101!\2058J\353~\372\340"
  89      EF9CEF5E 
  89      4D083121 
  89      85384AEB 
  89      7EFAE0
  90 006d 10505A1E 		.ascii	"\020PZ\036\011Q\353R\024\365\275\020\206G\366di\361"
  90      0951EB52 
  90      14F5BD10 
  90      8647F664 
  90      69F1
  91 007f 4AA8765C 		.ascii	"J\250v\\\005xc\270 j\024\251\242\006\315\362\242\304"
  91      057863B8 
  91      206A14A9 
  91      A206CDF2 
  91      A2C4
  92 0091 93FA9BA6 		.ascii	"\223\372\233\246\274 M)\240\322\361S6\376n3\037\201"
  92      BC204D29 
  92      A0D2F153 
  92      36FE6E33 
  92      1F81
  93 00a3 023A76A7 		.ascii	"\002:v\247\243\303(\276j\320\310\\\032\320:\223\263"
  93      A3C328BE 
ARM GAS  /tmp/cc2vIq3D.s 			page 7


  93      6AD0C85C 
  93      1AD03A93 
  93      B3
  94 00b4 86DB948A 		.ascii	"\206\333\224\212h\247\364$|\270\005\037\253\247PL\311"
  94      68A7F424 
  94      7CB8051F 
  94      ABA7504C 
  94      C9
  95 00c5 CFB2F32D 		.ascii	"\317\262\363-Ny\010\202\366\255\337\2263JQ\267a\324"
  95      4E790882 
  95      F6ADDF96 
  95      334A51B7 
  95      61D4
  96 00d7 1999992E 		.ascii	"\031\231\231.i\3544\245D?\344z \205\004n\243\210\363"
  96      69EC34A5 
  96      443FE47A 
  96      2085046E 
  96      A388F3
  97 00ea BF7C9C7F 		.ascii	"\277|\234\177\350\226\207-\354\265\376\344\003oa\227"
  97      E896872D 
  97      ECB5FEE4 
  97      036F6197 
  98 00fa 855DEDD8 		.ascii	"\205]\355\330v%jL\031\252I%\017\374\215\347A\351fC\357"
  98      76256A4C 
  98      19AA4925 
  98      0FFC8DE7 
  98      41E96643 
  99 010f 8294472C 		.ascii	"\202\224G,\350HkbT\315AW:\362k\243\306e\206:0hC\367"
  99      E8486B62 
  99      54CD4157 
  99      3AF26BA3 
  99      C665863A 
 100 0127 FAB0FB37 		.ascii	"\372\260\3737\360m\337Z[\236\246b\010\205\270\203Bn"
 100      F06DDF5A 
 100      5B9EA662 
 100      0885B883 
 100      426E
 101 0139 8A7A1986 		.ascii	"\212z\031\206&@+\207o<ud\214\265\2371#\263\270=\375"
 101      26402B87 
 101      6F3C7564 
 101      8CB59F31 
 101      23B3B83D 
 102 014e F5F9D63C 		.ascii	"\365\371\326<P\321\232\302\223\244\311\251\362\344\340"
 102      50D19AC2 
 102      93A4C9A9 
 102      F2E4E0
 103 015d A34693E2 		.ascii	"\243F\223\342\002\267\343\021\014\365r@\210\363\304"
 103      02B7E311 
 103      0CF57240 
 103      88F3C4
 104 016c 49B61B19 		.ascii	"I\266\033\031\321HG\332E3b\021u\211\357\315\305\254"
 104      D14847DA 
 104      45336211 
 104      7589EFCD 
 104      C5AC
 105 017e C4BA71E9 		.ascii	"\304\272q\351\022K\250\033\374\3203\256q,.A\305\265"
 105      124BA81B 
ARM GAS  /tmp/cc2vIq3D.s 			page 8


 105      FCD033AE 
 105      712C2E41 
 105      C5B5
 106 0190 9F1B7BEC 		.ascii	"\237\033{\354\344\213P\255\306\206\307\262\223Z\002"
 106      E48B50AD 
 106      C686C7B2 
 106      935A02
 107 019f 9DB57413 		.ascii	"\235\265t\023\005\246t\021\010i\366\200\376\315\305"
 107      05A67411 
 107      0869F680 
 107      FECDC5
 108 01ae 5EBCDEA4 		.ascii	"^\274\336\244_7\354_n\214 \2016\356E`\024\272\305=]"
 108      5F37EC5F 
 108      6E8C2081 
 108      36EE4560 
 108      14BAC53D 
 109 01c3 62332B1B 		.ascii	"b3+\033\244\312XT`\252\273D\265\200\372W\343\373rE\306"
 109      A4CA5854 
 109      60AABB44 
 109      B580FA57 
 109      E3FB7245 
 110 01d8 B93F1A8D 		.ascii	"\271?\032\215t\215\364\326\2501\253\213\336\250\323"
 110      748DF4D6 
 110      A831AB8B 
 110      DEA8D3
 111 01e7 4E901BD2 		.ascii	"N\220\033\322rb\314\322bN\214[eG\315\206\227\016\233"
 111      7262CCD2 
 111      624E8C5B 
 111      6547CD86 
 111      970E9B
 112 01fa 4B253AD6 		.ascii	"K%:\326#\205\037M\307\355\230g\275K\316\177\\J\354\240"
 112      23851F4D 
 112      C7ED9867 
 112      BD4BCE7F 
 112      5C4AECA0 
 113 020e 7B2724EE 		.ascii	"{'$\356\261\036&\210\335r>\337\362}\210}\367\260H{C"
 113      B11E2688 
 113      DD723EDF 
 113      F27D887D 
 113      F7B0487B 
 114 0223 3A75C666 		.ascii	":u\306ft\330\006\245b3}\036&u\003\230$4\251\3165\201"
 114      74D806A5 
 114      62337D1E 
 114      26750398 
 114      2434A9CE 
 115 0239 73FEABA5 		.ascii	"s\376\253\245\022F\336\377\343\334\024t\342f\226\317"
 115      1246DEFF 
 115      E3DC1474 
 115      E26696CF 
 116 0249 B16C2A60 		.ascii	"\261l*`kyY\236\315Ss\257b\005\212\210K\215b\253\226"
 116      6B79599E 
 116      CD5373AF 
 116      62058A88 
 116      4B8D62AB 
 117 025e CEA2999C 		.ascii	"\316\242\231\234\334\302U(8\213i\370\224\301\2457\344"
 117      DCC25528 
 117      388B69F8 
ARM GAS  /tmp/cc2vIq3D.s 			page 9


 117      94C1A537 
 117      E4
 118 026f B957C697 		.ascii	"\271W\306\227gA\357\012\214#\267J\365@8\344\327\313"
 118      6741EF0A 
 118      8C23B74A 
 118      F54038E4 
 118      D7CB
 119 0281 2AFDA7F5 		.ascii	"*\375\247\365\322@\260<x\254\372\324\211`X\257\340}"
 119      D240B03C 
 119      78ACFAD4 
 119      896058AF 
 119      E07D
 120 0293 38B2E7E0 		.ascii	"8\262\347\340\001]\017G\364@Y\245^\031,\327#\325'\375"
 120      015D0F47 
 120      F44059A5 
 120      5E192CD7 
 120      23D527FD 
 121 02a7 65A1881E 		.ascii	"e\241\210\036\362\207r\333]\025B\011V\311P\244\012\345"
 121      F28772DB 
 121      5D154209 
 121      56C950A4 
 121      0AE5
 122 02b9 BF001B99 		.ascii	"\277\000\033\231Mi"
 122      4D69
 123              		.text
 124              		.section	.gnu.lto__reads.cdb705faafa1501,"",%progbits
 125 0000 789C9552 		.ascii	"x\234\225R\337K\024Q\024\276\337\334\231\331\331\334"
 125      DF4B1451 
 125      14BEDFDC 
 125      99D9D9DC 
 126 0010 EC1FF041 		.ascii	"\354\037\360A(\021\005\033\002\251\207\250\027!\012"
 126      2811051B 
 126      02A987A8 
 126      17210A
 127 001f 22A8FE02 		.ascii	"\"\250\376\002\265\005\027\334VZ\203\336\366\372k\315"
 127      B50517DC 
 127      565A83DE 
 127      F6FA6BCD 
 128 002f F4C14857 		.ascii	"\364\301HWY\2260\026\225\210\250\310,\315j\322\332R"
 128      59963016 
 128      9588A8C8 
 128      2CCD6AD2 
 128      DA52
 129 0041 D3281582 		.ascii	"\323(\025\202\240\240,\251\304\012\351\007\210k\347"
 129      A0A02CA9 
 129      C40AE907 
 129      886BE7
 130 0050 DED9B47C 		.ascii	"\336\331\264|\322\201\271s\356\271\347\373\356w\276"
 130      D281B973 
 130      EEB9E7FB 
 130      EE77BE
 131 005f 332663AC 		.ascii	"3&c\254Pg\354(}\213\351\205\301\240\265N2Vci\032\357"
 131      5067EC28 
 131      7D8BE985 
 131      C1A0B54E 
 131      32566369 
 132 0075 2C64628B 		.ascii	",db\213\376{;\023>\016\335M\353\200\014\204\005\026"
ARM GAS  /tmp/cc2vIq3D.s 			page 10


 132      FE7B3B13 
 132      3E0EDD4D 
 132      EB800C84 
 132      0516
 133 0087 D1B88E08 		.ascii	"\321\270\216\010Zx\033\307\213\372\353\011\336\314\023"
 133      5A781BC7 
 133      8BFAEB09 
 133      DECC13
 134 0096 9C41A7ED 		.ascii	"\234A\247\355\367\211\370\373l\271\005ri;\277\220\352"
 134      F789F8FB 
 134      6CB90572 
 134      693BBF90 
 134      EA
 135 00a7 F315F40A 		.ascii	"\363\025\364\012Q+\234\216o\373.\3255\034Lp\215\305"
 135      512B9C8E 
 135      6FFB2ED5 
 135      351C4C70 
 135      8DC5
 136 00b9 A8BA0F39 		.ascii	"\250\272\0179\270\211\034y\367-\024P\355\324\304L\253"
 136      B8891C79 
 136      F72D1450 
 136      EDD4C44C 
 136      AB
 137 00ca 871F00A3 		.ascii	"\207\037\000\243\370\302\217/\216\226\337\255p\263I"
 137      F8C28F2F 
 137      8E96DFAD 
 137      70B349
 138 00d9 2E762438 		.ascii	".v$8G?\370\277@J1\334F>\225/5\317\304\274\374\220\202"
 138      473FF8BF 
 138      404A31DC 
 138      463E952F 
 138      35CFC4BC 
 139 00f0 9E9FEB4D 		.ascii	"\236\237\353M#\003}\326\255\240:\356\254\207\352\014"
 139      23037DD6 
 139      ADA03AEE 
 139      AC87EA0C 
 140 0100 030ABA2C 		.ascii	"\003\012\272,\332b\331\374\260\202\316\216'[=\177o\355"
 140      DA62D9FC 
 140      B082CE8E 
 140      275B3D7F 
 140      6FED
 141 0112 51500D83 		.ascii	"QP\015\203\353\241\032\303]\344\313\372\305\2573\343"
 141      EBA11AC3 
 141      5DE4CBFA 
 141      C5AF33E3 
 142 0122 5E7E4461 		.ascii	"^~Da\257\364\367\215\371\362\222\012;\331a\304\205S"
 142      AFF4F78D 
 142      F9F2920A 
 142      3BD961C4 
 142      8553
 143 0134 9F9BE006 		.ascii	"\237\233\340\006\206\376\207\313\207\252\337\335H\267"
 143      86FE87CB 
 143      87AADFDD 
 143      48B7
 144 0142 6F3575DC 		.ascii	"o5u\334C\2364\203<\270\017\223\201\202k/\015G\244W\032"
 144      439E3483 
 144      3CB80F93 
ARM GAS  /tmp/cc2vIq3D.s 			page 11


 144      81826B2F 
 144      0D47A457 
 145 0157 8593FA85 		.ascii	"\205\223\372\205\236d\013\266\201\35645\271p\271\350"
 145      9E640BB6 
 145      81EE3435 
 145      B970B9E8 
 146 0167 52BD2117 		.ascii	"R\275!\027Sn=r\261\224$/\244\035Y\220\261\017\262?\306"
 146      536E3D72 
 146      B194242F 
 146      A41D5990 
 146      B10FB23F 
 147 017c CE12398D 		.ascii	"\316\0229\215M8\254\211\204ST\347\260\217\250\355\232"
 147      4D38AC89 
 147      845354E7 
 147      B08FA8ED 
 147      9A
 148 018d 1BD7E495 		.ascii	"\033\327\344\225R@\234{\331g\324\016~Z*\226\2518\007"
 148      52409C7B 
 148      D967D40E 
 148      7E5A2A96 
 148      A93807
 149 01a0 098C350C 		.ascii	"\011\2145\014?\367\3109\032\252\273\241\341\211\224"
 149      3FF7C839 
 149      1AAABBA1 
 149      E18994
 150 01af D9858B35 		.ascii	"\331\205\2135B\010j\313C\030<\220\355\320\331t\343\253"
 150      42086ACB 
 150      43183C90 
 150      EDD0D974 
 150      E3AB
 151 01c1 3759F655 		.ascii	"7Y\366U\341\036ip\320\205v\331\023\303C\330\212z\264"
 151      E11E6970 
 151      D08576D9 
 151      13C343D8 
 151      8A7AB4
 152 01d4 C865D636 		.ascii	"\310e\3266I5\254\250\244-\030QTu\235\321&\303\345\342"
 152      4935ACA8 
 152      A42D1851 
 152      54759DD1 
 152      26C3E5E2 
 153 01e8 249418D9 		.ascii	"$\224\030\331\007\324O\216\024\257\346\262\224\305M"
 153      07D44F8E 
 153      14AFE6B2 
 153      94C54D
 154 01f7 F46F7416 		.ascii	"\364ot\026fz]\334\253Z%W\250B\035\352\253N\270\303\214"
 154      667A5DDC 
 154      AB5A2557 
 154      A8421DEA 
 154      AB4EB8C3 
 155 020c 73CBB560 		.ascii	"s\313\265`\371\230K\244oJ\250\216GJ\250&\205>v\205&"
 155      F9984BA4 
 155      6F4AA88E 
 155      474AA826 
 155      853E7685 
 156 0221 A2973D2E 		.ascii	"\242\227=.\227AtR\350<\242]\331j\316D000\377\332\023"
 156      97417452 
 156      E83CA25D 
ARM GAS  /tmp/cc2vIq3D.s 			page 12


 156      D96ACE44 
 156      303030FF 
 157 0237 59165682 		.ascii	"Y\026V\202[1\331!R\210\2608\367\251z\312ff\222\336\357"
 157      5B31D921 
 157      5288B038 
 157      F7A97ACA 
 157      666692DE 
 158 024c 92981B12 		.ascii	"\222\230\033\022T$M{\262f\332SWK,\012\227\205 f\246"
 158      54244D7B 
 158      B266DA53 
 158      574B2C0A 
 158      97852066 
 159 0261 D7E9732A 		.ascii	"\327\351s*\267q\332\3215\3321\330\304\305\026\310\333"
 159      B771DAD1 
 159      35DA31D8 
 159      C4C516C8 
 159      DB
 160 0272 95A90CB5 		.ascii	"\225\251\014\265E\007?a\321\0004j\203&\361\226\323\317"
 160      45073F61 
 160      D100346A 
 160      8326F196 
 160      D3CF
 161 0284 076934D9 		.ascii	"\007i4\331RbW\204\202~\273\264\322\177\306.\251\010"
 161      52625784 
 161      827EBBB4 
 161      D27FC62E 
 161      A908
 162 0296 94058E57 		.ascii	"\224\005\216W\237>\021\010\331\3452\016\205w\355\331"
 162      9F3E1108 
 162      D9E5320E 
 162      8577EDD9 
 163 02a6 6DDBA1B0 		.ascii	"m\333\241\260]QZiW\006\312\354p\365)\177i0l\007\375"
 163      5D515A69 
 163      5706CAEC 
 163      70F5297F 
 163      69306C07 
 164 02bb C14CB8B3 		.ascii	"\301L\270\263\234i\201*\255\254\012'y0\\\365\007\233"
 164      9C69812A 
 164      ADAC0A27 
 164      79305CF5 
 164      079B
 165 02cd E865D8   		.ascii	"\350e\330"
 166              		.text
 167              		.section	.gnu.lto__writes.cdb705faafa1501,"",%progbits
 168 0000 789C9552 		.ascii	"x\234\225R\337K\024Q\024\276\347\236\231\235]w\263\177"
 168      DF4B1451 
 168      14BEE79E 
 168      999D5D77 
 168      B37F
 169 0012 C007A144 		.ascii	"\300\007\241D\024r\010\244\242\350I\210\202\010\242"
 169      147208A4 
 169      A2E84988 
 169      8208A2
 170 0021 BF406DC1 		.ascii	"\277@m\301\005\267\225\326\240\267\275\376Z3{0\322\315"
 170      05B795D6 
 170      A0B7BDFE 
 170      5A337B30 
ARM GAS  /tmp/cc2vIq3D.s 			page 13


 170      D2CD
 171 0033 962136A4 		.ascii	"\226!6\244\366A\242\"\323\374QMj\226\212F\251 \026="
 171      F641A222 
 171      D3FC514D 
 171      6A968A46 
 171      A920163D 
 172 0047 5416E662 		.ascii	"T\026\346bD$A\270v\356\235A\313'\035\2303\347\236{\276"
 172      442441B8 
 172      76EE9D41 
 172      CB271D98 
 172      33E79E7B 
 173 005c EF7EE7BB 		.ascii	"\357~\347\273\343a\214\025i\214\235\246o)\275\2403\340"
 173      E3618C15 
 173      698C9DA6 
 173      6F29BDA0 
 173      33E0
 174 006e 6DD38CD5 		.ascii	"m\323\214\325y9\307\316b&r\264\337{\230\010 hNY\003"
 174      7939C7CE 
 174      622672B4 
 174      DF7B9808 
 174      20684E59 
 175 0083 9089F002 		.ascii	"\220\211\360\002\213q\324 \006W\260\035\341M\343}\013"
 175      8B71D420 
 175      0657B01D 
 175      E14DE37D 
 175      0B
 176 0094 5BD14206 		.ascii	"[\321B\006\032-\177L%?\345\312%@>-3+c=\201\242\264\020"
 176      1A2D7F4C 
 176      253FE5CA 
 176      25403E2D 
 176      332B633D 
 177 00ac F5C2BE3E 		.ascii	"\365\302\276>t\364VC\323q\0139KPw\017\344\301C\310\223"
 177      74F45643 
 177      D3710B39 
 177      4B50770F 
 177      E4C143C8 
 178 00c1 673F8222 		.ascii	"g?\202\"\352\235\231\232k3\360\0300\312\257\375Z\266"
 178      EA9D999A 
 178      6B33F018 
 178      30CAAFFD 
 178      5AB6
 179 00d3 79E16D85 		.ascii	"y\341m\205\313t\241\330k!B/\340\277@*1\350\203Bj\377"
 179      CB74A1D8 
 179      6B21422F 
 179      E0BF402A 
 179      31E88342 
 180 00e9 D33A97F0 		.ascii	"\323:\227\360\341\011\005\275\3725\235\005\027:zGA5"
 180      E10905BD 
 180      FA359D05 
 180      173A7A47 
 180      4135
 181 00fb 78BC15AA 		.ascii	"x\274\025\2521\350W\3205\321\236\310\305\223\012\372"
 181      31E857D0 
 181      35D19EC8 
 181      C5930AFA 
 182 010b 79B2ABCD 		.ascii	"y\262\253\315p\241\357\323\012\312a`+\2243\030\204B"
 182      70A1EFD3 
ARM GAS  /tmp/cc2vIq3D.s 			page 14


 182      0ACA6160 
 182      2B943318 
 182      8442
 183 011d D9FFF3FB 		.ascii	"\331\377\363\373\334\244\017O)lwo\317D\240\240Ka\263"
 183      DCA40F4F 
 183      296C776F 
 183      CF44A0A0 
 183      4B61B3
 184 0130 1D7A52D8 		.ascii	"\035zR\330\215\371\026\3520\364?\\>\324\375\361A\266"
 184      8DF916EA 
 184      30F43F5C 
 184      3ED4FDF1 
 184      41B6
 185 0142 63974783 		.ascii	"c\227G\203'P \315 \017\236\202\207\001%\367\336\352"
 185      275020CD 
 185      200F9E82 
 185      870125F7 
 185      DEEA
 186 0154 B6C8AE37 		.ascii	"\266\310\2567\013{u\021\322\203\376\335@Gz\270\014("
 186      0B7B7511 
 186      D283FEDD 
 186      40477AB8 
 186      0C28
 187 0166 8346C1D0 		.ascii	"\203F\301\320e\360\310\245!\203W)\362\201t\303\0172"
 187      65F0C8A5 
 187      21835729 
 187      F28174C3 
 187      0F32
 188 0178 0F801C8F 		.ascii	"\017\200\034\217\261K\304M\267&l\326B\272)k\260\331"
 188      B14BC44D 
 188      B7266CD6 
 188      42BA296B 
 188      B0D9
 189 018a 17A84FAD 		.ascii	"\027\250O\255Opy\242<?\211>\366\015\352\007\226\226"
 189      4F7079A2 
 189      3C3F893E 
 189      F60DEA07 
 189      9696
 190 019c 4A652989 		.ascii	"Je)\211@\372\022M\303\257\015y\215\272\032nhxj\314\223"
 190      40FA124D 
 190      C3AF0D79 
 190      8DBA1A6E 
 190      68786ACC 
 191 01b1 829B7542 		.ascii	"\202\233uB\010\232\312K\030x&\247\241\275\331\346\371"
 191      089ACA4B 
 191      187826A7 
 191      A1BDD9E6 
 191      F9
 192 01c2 0F7EF3AE 		.ascii	"\017~\363\256p\2668\330\220\202\0169\022\203\347`*\352"
 192      70B638D8 
 192      90820E39 
 192      1283E760 
 192      2AEA
 193 01d4 F1128799 		.ascii	"\361\022\207\231\357\220jXQIW`DQ5t\306o\350\016\027"
 193      EF906A58 
 193      51495760 
 193      44513574 
ARM GAS  /tmp/cc2vIq3D.s 			page 15


 193      C66FE80E 
 194 01e9 92506264 		.ascii	"\222Pbd\213\3208=R\272Q\363+\207[\350\327\350,vg\355"
 194      8BD0383D 
 194      52BA51F3 
 194      2B875BE8 
 194      D7E82C76 
 195 01ff 3EA24625 		.ascii	">\242F%W\250Cmj\033N8w\231D\257c\301\362a\207H\333\221"
 195      57A8436D 
 195      6A1B4E38 
 195      779944AF 
 195      63C1F261 
 196 0217 50034695 		.ascii	"P\003F\225P.\205\276p\204Z\361%W\250NtRh\006\342\251"
 196      502E85BE 
 196      70845AF1 
 196      2557A84E 
 196      74526806 
 197 022d 5C75CD44 		.ascii	"\\u\315D\320\337\237yg\304\326\204\327B_BN\010c\020"
 197      D0DF9F79 
 197      67C4D684 
 197      D7425F42 
 197      4E086310 
 198 0241 63AA3940 		.ascii	"c\2529@j,\314q\004e\0169$\236m\011\332'M{\271i\332+"
 198      6A2CCC71 
 198      04650E39 
 198      249E6D09 
 198      DA274D7B 
 199 0259 474B220E 		.ascii	"GK\"\016\016\213AD\356\254\263\227Um\373\264\343\233"
 199      0E8B4144 
 199      EEACB397 
 199      556DFBB4 
 199      E39B
 200 026b B4136012 		.ascii	"\264\023`\022\027[!o\373f\\j/m\254\002\201\375\234\306"
 200      175B216F 
 200      FB665C6A 
 200      2F6DAC02 
 200      81FD9CC6 
 201 027f 405C5840 		.ascii	"@\\X@\372\371@\032M\266\224\231U\221p\320,\257\016^"
 201      FAF9401A 
 201      4DB69499 
 201      559170D0 
 201      2CAF0E5E 
 202 0293 34CBAA42 		.ascii	"4\313\252B\025\2413\265\027\316\206\"f\245\314#\321"
 202      15A133B5 
 202      17CE8622 
 202      66A5CC23 
 202      D1
 203 02a4 FD070F98 		.ascii	"\375\007\017\230f$jV\225W\233\325\241\0123Z{>X\036\216"
 203      66246A56 
 203      95579BD5 
 203      A10A335A 
 203      7B3E581E 
 204 02b9 9AE160D8 		.ascii	"\232\341`\330MK*\031\017\325\360\212\0328\207\341h\315"
 204      4D4B2A19 
 204      0FD5F08A 
 204      1A3887E1 
 204      68CD
 205 02cb 5F930A65 		.ascii	"_\223\012eM"
ARM GAS  /tmp/cc2vIq3D.s 			page 16


 205      4D
 206              		.text
 207              		.section	.gnu.lto_msObjectInit.cdb705faafa1501,"",%progbits
 208 0000 789C9D92 		.ascii	"x\234\235\222\337K\024Q\024\307\357w\356\314\354\212"
 208      DF4B1451 
 208      14C7EF77 
 208      EECCEC8A 
 209 0010 283DF410 		.ascii	"(=\364\020\345\203\017\301\346K\227^\352\017\020*z\213"
 209      E5830FC1 
 209      E64B975E 
 209      EA0F102A 
 209      7A8B
 210 0022 20E871B5 		.ascii	" \350q\265\221]p\331p\024\"\202\235u\265U\372A\017\271"
 210      915D70D9 
 210      70142282 
 210      9D75B555 
 210      FA410FB9 
 211 0036 C532C962 		.ascii	"\3052\311b\332>-\031\226\345\217r\332\322\312_a$$\225"
 211      DA3E2D19 
 211      96E58F72 
 211      DAD2CA5F 
 211      61242495 
 212 004a 45469450 		.ascii	"EF\224P\021\012\231\224v\356u\203\222^\362\302e\316"
 212      110A9994 
 212      76EE7583 
 212      925EF2C2 
 212      65CE
 213 005c 9D39DFCF 		.ascii	"\2359\337\3179s\276\327d\214up\306\216\320s\033mp\006"
 213      3973BED7 
 213      648C7570 
 213      C68ED073 
 213      1B6D7006 
 214 0070 EDFC2463 		.ascii	"\355\374$cq\277\006\310\300\361\203\3054\304p\206_\340"
 214      71BF06C8 
 214      C0F183C5 
 214      34C47086 
 214      5FE0
 215 0082 C827DFF7 		.ascii	"\310'\337\367i\025Y\207\226w\261\335w\312i\336\342\222"
 215      69155987 
 215      9677B1DD 
 215      77CA69DE 
 215      E292
 216 0094 3C455B2E 		.ascii	"<E[.\364\240\202\262\246\232\272]~\232\273\034\320\351"
 216      F4A082B2 
 216      A69ABA5D 
 216      7E9ABB1C 
 216      D0E9
 217 00a6 F875223D 		.ascii	"\370u\"=W*\217\032\312\351\270\360ez\254\210\357\005"
 217      572A8F1A 
 217      CAE9B8F0 
 217      657AAC88 
 217      EF05
 218 00b8 A37869A6 		.ascii	"\243xi\246wG\240\313q\032\035o\274\223;\333]\316\321"
 218      7747A0CB 
 218      711A1D6F 
 218      BC933BDB 
 218      5DCED1
ARM GAS  /tmp/cc2vIq3D.s 			page 17


 219 00cb 0B4E3CDC 		.ascii	"\013N<\334D\031n\240\214\321+\206[\010Pv\266i`\246\210"
 219      44196EA0 
 219      8CD12B86 
 219      5B085076 
 219      B66960A6 
 220 00e0 1F50CAEE 		.ascii	"\037P\312\356\327\213K\376\202\364G\227\222\352\270"
 220      D78B4BFE 
 220      82F44797 
 220      92EAB8
 221 00ef BD5EAA33 		.ascii	"\275^\2523\364)iG|z\254\204\037T\3227\255\271\263zA"
 221      F4296947 
 221      7C7AAC84 
 221      1F54D237 
 221      ADB9B37A 
 222 0104 3A7279F3 		.ascii	":ry\363\225\204\263\337\345\006\372\327\213\015\206"
 222      9584B3DF 
 222      E506FAD7 
 222      8B0D86
 223 0113 0125FE96 		.ascii	"\001%\376\226\315\017\353\374\260\022\317\247F\373\215"
 223      CD0FEBFC 
 223      B012CFA7 
 223      46FB8D
 224 0122 DF75D75A 		.ascii	"\337u\327Z60\370\017\351\035\004d\376\333\353+m%\246"
 224      3630F80F 
 224      E91D0464 
 224      FEDBEB2B 
 224      6D25A6
 225 0135 BE3622DC 		.ascii	"\2766\"\334\205\311@\301\265\247\206\347\254\254&\035"
 225      85C940C1 
 225      B5A786E7 
 225      ACAC261D 
 226 0145 EF5D1786 		.ascii	"\357]\027\206\366\025\323\260\351\027u\310nM\310\262"
 226      F615D3B0 
 226      E91775C8 
 226      6E4DC8B2 
 227 0155 7E28026B 		.ascii	"~(\002k!\035\371\340x\254\225k2Jxl\036\215\313\311\334"
 227      211DF9E0 
 227      78AC956B 
 227      324A786C 
 227      1E8DCBC9 
 228 016a C04989A3 		.ascii	"\300I\211\243\022\251\346\374\023\237\234/W\035\016"
 228      12A9E6FC 
 228      139F9C2F 
 228      571D0E
 229 0179 E62746CC 		.ascii	"\346'F\314\014\332\343dRf\253\313\3154\015~\210\332"
 229      0CDAE364 
 229      5266ABCB 
 229      CD340D7E 
 229      88DA
 230 018b 921F9F25 		.ascii	"\222\037\237%\237\317\026\213\2344\260\334\345>x\310"
 230      9FCF168B 
 230      9C34B0DC 
 230      E53E78C8 
 231 019b A04DB987 		.ascii	"\240M\271\207{\020\177\302|\012\226X\036Z(\215\375t"
 231      7B107FC2 
 231      7C0A9658 
 231      1E5A288D 
ARM GAS  /tmp/cc2vIq3D.s 			page 18


 231      FD74
 232 01ad C8665F46 		.ascii	"\310f_F\346\321\273\357S\237Z\212e\201M.\367\343>\335"
 232      E6D1BBEF 
 232      539F5A8A 
 232      65814D2E 
 232      F7E33EDD 
 233 01c1 8D7C819E 		.ascii	"\215|\201\236\350\354i\006e_\242\312W!\031\017\210O"
 233      E8EC6906 
 233      655FA2CA 
 233      5721190F 
 233      884F
 234 01d3 EC61C464 		.ascii	"\354a\304d\327\351\217/\346|\205\256\377\243M\035#\252"
 234      D7E98F2F 
 234      E67C85AE 
 234      FFA34D1D 
 234      23AA
 235 01e5 4D39393C 		.ascii	"M99<\204H\223\257\212\366r#4\003\217\024M\223\264\307"
 235      844893AF 
 235      8AF67223 
 235      34038F14 
 235      4D93B4C7 
 236 01f9 9266AED1 		.ascii	"\222f\256\321^m\2146\252h\312\3361I\363K\332\342\207"
 236      5E6D8C36 
 236      AA68CADE 
 236      3149F34B 
 236      DAE287
 237 020c D98DD1C6 		.ascii	"\331\215\321\306\025M\227\264\211\277\0151\3000I\252"
 237      154D97B4 
 237      89BF0D31 
 237      C03049AA 
 238 021c CF68CCAC 		.ascii	"\317h\314\254\236\203\272Kr\265\320\\\350^\320\357T"
 238      9E83BA4B 
 238      72B5D05C 
 238      E85ED0EF 
 238      54
 239 022d 8A503462 		.ascii	"\212P4b\211`\255u\\T\206\302U\341C\365\015G\303QQ-\343"
 239      8960AD75 
 239      5C5486C2 
 239      55E143F5 
 239      0D47C351 
 240 0244 A8BD6BCF 		.ascii	"\250\275k\317n!\242\266\010\005kEm\270J\330\365uV0b"
 240      6E21A2B6 
 240      08056B45 
 240      6DB84AD8 
 240      F5755630 
 241 0259 8B881529 		.ascii	"\213\210\025)\204;\253\031\217\330\307\314\252\206\232"
 241      843BAB19 
 241      8FD8C7CC 
 241      AA869A
 242 0268 1AAB4EB7 		.ascii	"\032\253N\267\303',nE\355_ogP\300"
 242      C3272C6E 
 242      45ED5F6F 
 242      6750C0
 243              		.text
 244              		.section	.gnu.lto_vmt.cdb705faafa1501,"",%progbits
 245 0000 789C6363 		.ascii	"x\234cc``\230\005\304\256\014\0200\205\231q\347\316"
 245      60609805 
ARM GAS  /tmp/cc2vIq3D.s 			page 19


 245      C4AE0C10 
 245      30859971 
 245      E7CE
 246 0012 37B7D9EB 		.ascii	"7\267\331\353\3776t44<\350^\317\334\301<\207\231a\032"
 246      FF367434 
 246      343CE85E 
 246      CFDCC13C 
 246      8799611A 
 247 0026 3386DC82 		.ascii	"3\206\334\202W@\011\306i\314\214\030\022\253\200\022"
 247      574009C6 
 247      69CC8C18 
 247      12AB8012 
 248 0036 4CD39899 		.ascii	"L\323\230\2310$\2361\315af\236\306\314\014\226\370\372"
 248      30249E31 
 248      CD61669E 
 248      C6CC0C96 
 248      F8FA
 249 0048 ECC97E0E 		.ascii	"\354\311~\016\213m\015\035\013\032\034\3460\263Lef`"
 249      8B6D0D1D 
 249      0B1A1CE6 
 249      30B34C65 
 249      6660
 250 005a DCC6583F 		.ascii	"\334\306X?\225\231\221q+\210bb\334\002\242\230\0317"
 250      95999171 
 250      2B886262 
 250      DC02A298 
 250      1937
 251 006c 33D63330 		.ascii	"3\32630ng\264`p\326\317\310\317M\325O\314I\255\320w"
 251      6E67B460 
 251      70D6CFC8 
 251      CF4DD54F 
 251      CC49ADD0 
 252 0081 CEC84CCA 		.ascii	"\316\310L\312\014.)M\311\314\327O\006\261\363\213\015"
 252      0C2E294D 
 252      C9CCD74F 
 252      06B1F38B 
 252      0D
 253 0092 CDCDF4F5 		.ascii	"\315\315\364\365\363\213\3653\022s\364s2\223\364\213"
 253      F38BF533 
 253      1273F473 
 253      3293F48B 
 254 00a2 4B8A5213 		.ascii	"K\212R\023s\213\365sSs\241L\275d\006\000\245\243R\356"
 254      738BF573 
 254      5373A14C 
 254      BD640600 
 254      A5A352EE 
 255              		.text
 256              		.section	.gnu.lto_.symbol_nodes.cdb705faafa1501,"",%progbits
 257 0000 789C6363 		.ascii	"x\234cc``\350\003b\006\246\005L\365\014\014\023\316"
 257      6060E803 
 257      6206A605 
 257      4CF50C0C 
 257      13CE
 258 0012 313000A9 		.ascii	"10\000\251\035\013\0166\260\001\305\0262\3253\242\213"
 258      1D0B0E36 
 258      B001C516 
 258      32D533A2 
ARM GAS  /tmp/cc2vIq3D.s 			page 20


 258      8B
 259 0023 CD67AA67 		.ascii	"\315g\252gB\027\233\307T\317\214.\266\230\251\236\005"
 259      42179BC7 
 259      54CF8C2E 
 259      B698A99E 
 259      05
 260 0034 26B6ABC1 		.ascii	"&\266\253\301\221\201\201u\021\023C\203\022\003\003"
 260      91818175 
 260      11134383 
 260      120303
 261 0043 33E312A6 		.ascii	"3\343\022\246zV\260\024\003CC\203\003P\204\211\215\341"
 261      7A56B014 
 261      03434383 
 261      03508489 
 261      8DE1
 262 0055 49DB1B79 		.ascii	"I\333\033yff\010\315\000\000\357\356%\257"
 262      666608CD 
 262      0000EFEE 
 262      25AF
 263              		.text
 264              		.section	.gnu.lto_.refs.cdb705faafa1501,"",%progbits
 265 0000 789C6363 		.ascii	"x\234cc``\020\000bF\026&VF\026V&f&&&\006&F\006\000\003"
 265      60601000 
 265      62461626 
 265      56461656 
 265      26662626 
 266 001b 51003B   		.ascii	"Q\000;"
 267              		.text
 268              		.section	.gnu.lto_.decls.cdb705faafa1501,"",%progbits
 269 0000 789CA556 		.ascii	"x\234\245VkP\023Y\026\356\3337\344E\010\224:\243V\261"
 269      6B501359 
 269      16EEDB37 
 269      E4450894 
 269      3AA356B1 
 270 0014 55EA3235 		.ascii	"U\35225\354T\015-N\325\214\265\277v\227\037\263\373"
 270      EC540D2D 
 270      4ED58CB5 
 270      BF76971F 
 270      B3FB
 271 0026 C3D9DA71 		.ascii	"\303\331\332qwj\375\263\021B\220L\221\204\"aG\367W\213"
 271      776AFDB3 
 271      1142904C 
 271      91842261 
 271      47F7578B 
 272 003a 2008A222 		.ascii	" \010\242\"\216\212\2100\340\013\002#, \3123\212\342"
 272      8E8A8830 
 272      E00B0223 
 272      2C20CA33 
 272      8AE2
 273 004c 03050647 		.ascii	"\003\005\006GPAq\021up\025\360\005\242\"{\356\275\235"
 273      50417111 
 273      757015F0 
 273      05A2227B 
 273      EEBD9D
 274 005f A489C93A 		.ascii	"\244\211\311:U\323\225\223\356{\3569\337\371\316\271"
 274      55D39593 
 274      EE7BEE39 
ARM GAS  /tmp/cc2vIq3D.s 			page 21


 274      DFF9CEB9 
 275 006f A7EF6D25 		.ascii	"\247\357m%\307q;C9\256\231\347\270\365 \263p\251@w\012"
 275      C7713B43 
 275      39AE99E7 
 275      B8F520B3 
 275      70A94077 
 276 0084 44096200 		.ascii	"D\011b\000i\006i\003i\007\351 z\304\321\213\314k\341"
 276      69066903 
 276      6907E920 
 276      7AC4D18B 
 276      CC6BE1
 277 0097 5907A207 		.ascii	"Y\007\242\007\011\003Y\010\362!\0101\211\224\354\334"
 277      09035908 
 277      F2210831 
 277      8994ECDC 
 278 00a7 D77B80AF 		.ascii	"\327{\200\257\205\373<\220\005 \2032|\202\271F\212\023"
 278      85FB3C90 
 278      05208332 
 278      7C82B946 
 278      8A13
 279 00b9 84582C0C 		.ascii	"\204X,\014\362\032d\026\204\2270\265>\230\344Z\034\000"
 279      F21A6416 
 279      849730B5 
 279      3E98E45A 
 279      1C00
 280 00cb 9760126C 		.ascii	"\227`\022l\177\270\004sF\206\253\363\203\373+\037\334"
 280      7FB80473 
 280      4686ABF3 
 280      83FB2B1F 
 280      DC
 281 00dc 7609B74D 		.ascii	"v\011\267M\306\227`\376\006D@o\343\202;\255\313\207"
 281      C69760FE 
 281      0644406F 
 281      E3823BAD 
 281      CB87
 282 00ee 7EB097C2 		.ascii	"~\260\227\302d\260\037\354\016\356\355Z\310\361\345"
 282      64B01FEC 
 282      0EEEED5A 
 282      C8F1E5
 283 00fd F520F861 		.ascii	"\365 \370a\001\360\005\230\324\300}\255,\006\301u\257"
 283      01F00598 
 283      D4C07DAD 
 283      2C06C175 
 283      AF
 284 010e 23C17D01 		.ascii	"#\301}\001\367)\362\014\202\020\303t\343\223\034\010"
 284      F729F20C 
 284      8210C374 
 284      E3931C08 
 285 011e ECC2006B 		.ascii	"\354\302\000k\371\027\236\371M\200\334\002\031\001y"
 285      F9179EF9 
 285      4D80DC02 
 285      190179
 286 012d 20E12940 		.ascii	" \341)@\236\200<\007y\014\362L\322\221\032ke\275\342"
 286      9E803C07 
 286      790CF24C 
 286      D2911A6B 
 286      65BDE2
ARM GAS  /tmp/cc2vIq3D.s 			page 22


 287 0140 7BEDC2E8 		.ascii	"{\355\302\350X\306H\271:\007\243p-\232Ed\374\360\344"
 287      58C648B9 
 287      3A07A370 
 287      2D9A4564 
 287      FCF0E4
 288 0153 74081B93 		.ascii	"t\010\033\223\351\266m\307*\365\230\247\317%3\003}8"
 288      E9B66DC7 
 288      2AF598A7 
 288      CF253303 
 288      7D38
 289 0165 AA526497 		.ascii	"\252Rd\227:\027s\250\036a7P\235\353i\225\002\177A,\371"
 289      3A1773A8 
 289      1E613750 
 289      9DEB6995 
 289      027F412C 
 290 017a 9AAA91AF 		.ascii	"\232\252\221\257Q\244\3660\261s\235+\214\312\310\024"
 290      51A4F630 
 290      B1739D2B 
 290      8CCAC814 
 291 018a 451E9D44 		.ascii	"E\036\235DZ\324\2000:\216\242H\256\341d\245\263D1M\024"
 291      5AD48030 
 291      3A8EA248 
 291      AEE164A5 
 291      B344314D 
 292 019f CB44BC88 		.ascii	"\313D\274\210C\237\204\243\345\341\034:\201\"Itb\205"
 292      439F84A3 
 292      E5E11C3A 
 292      81224974 
 292      6285
 293 01b1 EA5038AA 		.ascii	"\352P8\252E\341\004\277\274\370\350\231\020\234\217"
 293      45E104BF 
 293      BCF8E899 
 293      109C8F
 294 01c0 68805B55 		.ascii	"h\200[U\343]\330\023a\310\271\2546\203Dh\206\010\215"
 294      E35DD813 
 294      61C8B9AC 
 294      36834468 
 294      86088D
 295 01d3 DE0810D0 		.ascii	"\336\010\020\320\177\210&?!\2103\204\371!\275z?\206"
 295      7F88263F 
 295      21883384 
 295      F921BD7A 
 295      3F86
 296 01e5 FCE76991 		.ascii	"\374\347i\221\002\206\217/\357\273\243\207\341\002-"
 296      02868F2F 
 296      EFBBA387 
 296      E1022D
 297 01f4 5A02C38A 		.ascii	"Z\002\303\212\272\312\303\241\272l\202X\262I\324\374"
 297      BACAC3A1 
 297      BA6C8258 
 297      B249D4FC 
 298 0204 91466C05 		.ascii	"\221Fl\005\204\026@\340P\033\322\221j\220;\030\337<"
 298      841640E0 
 298      501BD291 
 298      6A903B18 
 298      DF3C
 299 0216 5FEE2450 		.ascii	"_\356$Pk\240\264p\205\312\252\273\206U\367\340\364x"
ARM GAS  /tmp/cc2vIq3D.s 			page 23


 299      6BA0B470 
 299      85CAAABB 
 299      8655F7E0 
 299      F478
 300 0228 830E77B2 		.ascii	"\203\016w\262\234.\367L5\252\22162\313\203\316y\240"
 300      9C2EF74C 
 300      35AA9136 
 300      32CB83CE 
 300      79A0
 301 023a D11960BC 		.ascii	"\321\031`\274Fb|\012\224.P\262\344\373\033\2275\335"
 301      46627C0A 
 301      942E50B2 
 301      E4FB1B97 
 301      35DD
 302 024c 12C525A8 		.ascii	"\022\305%\250\035\250\234\366&\277\206\344N\224\020"
 302      1DA89CF6 
 302      26BF86E4 
 302      4E9410
 303 025b 67FAFE69 		.ascii	"g\372\376iQ\241\225\012\221\365\216B\200}Ow\3258/O\363"
 303      51A1950A 
 303      91F58E42 
 303      807D4F77 
 303      D5382F4F 
 304 0270 EC9C343B 		.ascii	"\354\2344;\2444;h\232\275\023\227\212\202Y\305\302`"
 304      A4343B68 
 304      9ABD1397 
 304      8A8259C5 
 304      C260
 305 0282 B8AFE9D9 		.ascii	"\270\257\351\331\305 6T\303p\352\310\351\263\012\234"
 305      C5203654 
 305      C370EAC8 
 305      E9B30A9C 
 306 0292 C33AA874 		.ascii	"\303:\250t\343\325\316\020\274\235\015\216\2447]\327"
 306      E3D5CE10 
 306      BC9D0D8E 
 306      A4375DD7 
 307 02a2 E05D6C90 		.ascii	"\340]l\2207{\360G\015.d\203\331\361\247\267t\270\230"
 307      377BF047 
 307      0D2E6483 
 307      D9F1A7B7 
 307      74B898
 308 02b5 0DEA867A 		.ascii	"\015\352\206z\217\004+\240\371i\255\255\012\242;\223"
 308      8F042BA0 
 308      F969ADAD 
 308      0AA23B93 
 309 02c5 9DB39AAA 		.ascii	"\235\263\232\252\014:\324\205\250\352\354\354\224+\224"
 309      0C3AD485 
 309      A8EAECEC 
 309      942B94
 310 02d4 85E565A4 		.ascii	"\205\345e\244\0260R\031\271U{\2640T\262\245P\201jd\342"
 310      16305219 
 310      B9557BB4 
 310      3054B2A5 
 310      50816A64 
 311 02e9 E5710553 		.ascii	"\345q\005S\221:\256\007UQ\301`\215\036\227\321\270|"
 311      913AAE07 
 311      5551C160 
ARM GAS  /tmp/cc2vIq3D.s 			page 24


 311      8D1E97D1 
 311      B87C
 312 02fb EB9513E9 		.ascii	"\353\225\023\351!\262&\376\264`\202T\271\017H\374\350"
 312      21B226FE 
 312      B4608254 
 312      B90F48FC 
 312      E8
 313 030c ADB252EA 		.ascii	"\255\262R\3520\361\255\025\273\012\245UJ\245\275\002"
 313      30F1AD15 
 313      BB0AA555 
 313      4AA5BD02 
 314 031c CA5E56DA 		.ascii	"\312^V\332'\323\023u\012\\\305b\324\346\277\336\253"
 314      27D31375 
 314      0A5CC562 
 314      D4E6BFDE 
 314      AB
 315 032d 97B5F18A 		.ascii	"\227\265\361\212z\332\306\327!F\2777F\037\012\030\344"
 315      7ADAC6D7 
 315      2146BF37 
 315      461F0A18 
 315      E4
 316 033e 9AFF20FD 		.ascii	"\232\377 \375[\257\014(q=\013\322\3209\370J\366\256"
 316      5BAF0C28 
 316      713D0BD2 
 316      D039F84A 
 316      F6AE
 317 0350 7447EC7D 		.ascii	"tG\354}I\022\031\204 7\274A\256\007\0162\340?\310\313"
 317      49121984 
 317      2037BC41 
 317      AE070E32 
 317      E03FC8CB 
 318 0364 BED134F5 		.ascii	"\276\3214\365\242\335\304c\307&1\214\247\210?\300|\017"
 318      A2DDC463 
 318      C726318C 
 318      A7883FC0 
 318      7C0F
 319 0376 6D929B68 		.ascii	"m\222\233h\021\374w#\005\333\036\246\256\265\364\314"
 319      11FC7723 
 319      05DB1EA6 
 319      AEB5F4CC 
 320 0386 69299897 		.ascii	"i)\230\227\265\324-\326R`8\266\271\361\246\036o\303"
 320      B5D42DD6 
 320      526038B6 
 320      B9F1A61E 
 320      6FC3
 321 0398 74F1F78F 		.ascii	"t\361\367\217\344n\013\242+\335\356Y\374\346\336\232"
 321      E46E0BA2 
 321      2BDDEE59 
 321      FCE6DE9A 
 322 03a8 BB4C07AF 		.ascii	"\273L\007\257\031\272\315\226\177\246\365T%v\267\304"
 322      19BACD96 
 322      7FA6F554 
 322      2576B7C4 
 323 03b8 7F986EAC 		.ascii	"\177\230n\254.m\013/'\330>\207\340\035Jp\330M\260\265"
 323      2E6D0B2F 
 323      27D83E87 
 323      E01D4A70 
ARM GAS  /tmp/cc2vIq3D.s 			page 25


 323      D84DB0B5 
 324 03cc BE7C08C9 		.ascii	"\276|\010\311\011\336\231Cp\304C\360\352\375\223\223"
 324      09DE9943 
 324      70C443F0 
 324      EAFD9393 
 325 03dc C1383F30 		.ascii	"\3018?0\301\301\374\341&\326\261\360\202\240{\214L\356"
 325      C1C1FCE1 
 325      26D6B1F0 
 325      82A07B8C 
 325      4CEE
 326 03ee 33B13BD4 		.ascii	"3\261;\324M\360>\323\225\337\334\276-40\301QJ\360'7"
 326      4DF03ED3 
 326      95DFDCBE 
 326      2D3430C1 
 326      514AF027 
 327 0403 C1A38766 		.ascii	"\301\243\207f\2524r\202\243s\010>\360\020\354mvv\351"
 327      AA347282 
 327      A373083E 
 327      F010EC6D 
 327      7676E9
 328 0416 71012378 		.ascii	"q\001#x\374\336\205\016-{\021D\272\277\337,\315\012"
 328      FCDE850E 
 328      2D7B1144 
 328      BABFDF2C 
 328      CD0A
 329 0428 C187D9E4 		.ascii	"\301\207\331\344\367\225\257\252\265nR\214\374]q\270"
 329      F795AFAA 
 329      B56E528C 
 329      FC5D71B8 
 330 0438 4A1F7855 		.ascii	"J\037xU\307)\24717'\347v\347B9\245\3619\224&\334\224"
 330      C729A731 
 330      3727E776 
 330      E74239A5 
 330      F1399426 
 331 044e 94E38F06 		.ascii	"\224\343\217\006f0\212\210\230\037\021\021YJ\314]\375"
 331      66308A88 
 331      981F1111 
 331      594ACC5D 
 331      FD
 332 045f 8F5636D4 		.ascii	"\217V6\324\211\342\026%Yzt\031\032\361)\232\357\355"
 332      89E21625 
 332      597A7419 
 332      1AF1299A 
 332      EFED
 333 0471 B9F31420 		.ascii	"\271\363\024 \032\3768f\337\203\316/'9\242\273\276\246"
 333      1AFE3866 
 333      DF83CE2F 
 333      2739A2BB 
 333      BEA6
 334 0483 82C7328F 		.ascii	"\202\3072\217\262\006\001z\350!\314\237#\363\377\225"
 334      B206017A 
 334      E821CC9F 
 334      23F3FF95 
 335 0493 1CA07FD1 		.ascii	"\034\240\177\321$\264\362\023\024\201\236\203<\006y"
 335      24B4F213 
 335      14819E83 
 335      3C0679
ARM GAS  /tmp/cc2vIq3D.s 			page 26


 336 04a2 8622E8F9 		.ascii	"\206\"\350\371%\213\001\244\321#\377tZ\221\017\037h"
 336      258B01A4 
 336      D123FF74 
 336      5A910F1F 
 336      68
 337 04b3 0A34E497 		.ascii	"\0124\344\227\0173e\257\334X&\206\343\222\030q\322\333"
 337      0F3365AF 
 337      DC582686 
 337      E3921871 
 337      D2DB
 338 04c5 262D54FD 		.ascii	"&-T\375\306\372z\315|\211uV@\326\234_\312d\317\033l"
 338      C6FA7ACD 
 338      7C897556 
 338      40D69C5F 
 338      CA64CF1B 
 339 04da BAAE9397 		.ascii	"\272\256\223\227\177J\306\203C/<\035\361\370uQ\203\206"
 339      7F4AC683 
 339      432F3C1D 
 339      F1F87551 
 339      8386
 340 04ec 6D8E0BC8 		.ascii	"m\216\013\310\3132\264c\207\212\365D\011\351\211g\371"
 340      CB32B463 
 340      878AF544 
 340      09E98967 
 340      F9
 341 04fd 3786F478 		.ascii	"7\206\364x\214\366\204jkiO\223\226.UdD\004\313\265\253"
 341      8CF6846A 
 341      6B694F93 
 341      962E5564 
 341      4404CBB5 
 342 0512 40B94F74 		.ascii	"@\271Ot\245c\332\237\027\201\330\233w/\0251}\345kz\016"
 342      A563DA9F 
 342      1781D89B 
 342      772F1531 
 342      7DE56B7A 
 343 0527 F95FAB97 		.ascii	"\371_\253\227`0M\347\336H\013%\362\221h#\037\201\322"
 343      60304DE7 
 343      DE480B25 
 343      F2916823 
 343      1F81D2
 344 053a 405E43D6 		.ascii	"@^C\326\263 3o/\026\211r\301?!\371\012L\356\235\267"
 344      B320336F 
 344      2F168972 
 344      C13F21F9 
 344      0A4CEE9D 
 345 054f 11221133 		.ascii	"\021\"\0213\371\0220\240\216\202\360\262M\"\200A\275"
 345      F91230A0 
 345      8E82F0B2 
 345      4D228041 
 345      BD
 346 0560 D0255F30 		.ascii	"\320%_0\301'9O-\310\346\323\351\327\232E\206\272~[\321"
 346      C127394F 
 346      2DC8E6D3 
 346      E9D79A45 
 346      86BA7E5B 
 347 0575 D7AFC6CF 		.ascii	"\327\257\306\317i]\371\236\232\352\262P\0249\2371\352"
 347      695DF99E 
ARM GAS  /tmp/cc2vIq3D.s 			page 27


 347      9AEAB250 
 347      14399F31 
 347      EA
 348 0586 5D4C5A22 		.ascii	"]LZ\"\203\237\2176\361\236=\230\320\013P\031\224\016"
 348      839F8F36 
 348      F19E3D98 
 348      D00B5019 
 348      940E
 349 0598 05F939C5 		.ascii	"\005\3719\305!\313{g\317w!\362\266 a\274m\261\231g\247"
 349      21CB7B67 
 349      CF7721F2 
 349      B62061BC 
 349      6DB19967 
 350 05ad 37DCC1B8 		.ascii	"7\334\301\270\361TK[\360\020\354\306d\027\010\243\020"
 350      F1544B5B 
 350      F010ECC6 
 350      641708A3 
 350      10
 351 05be 08B17FB8 		.ascii	"\010\261\177\270\023\241\343Y\367\205\230\036\264<\273"
 351      13A1E359 
 351      F785981E 
 351      B43CBB
 352 05cd 49A664E0 		.ascii	"I\246d\340vA\036\015/a\360n\\\372\223\000\220\034\225"
 352      76411E0D 
 352      2F61F06E 
 352      5CFA9300 
 352      901C95
 353 05e0 CDB370EE 		.ascii	"\315\263p\356\213}\021\263\007\231\037S\361\336`2\227"
 353      8B7D11B3 
 353      07991F53 
 353      F1DE6032 
 353      97
 354 05f1 B7B8729E 		.ascii	"\267\270r\236i\017)o\222H\252\230\363L\346e\355m\330"
 354      690F296F 
 354      9248AA98 
 354      F34CE665 
 354      ED6DD8
 355 0604 8938F477 		.ascii	"\2118\364w\216\333\241\266\320\335\361\\\313\3763\241"
 355      8EDBA1B6 
 355      D0DDF15C 
 355      CBFE33A1 
 356 0614 384D4107 		.ascii	"8MA\007\316G\015\255\332e%\242\353\266\350\232\315\302"
 356      CE470DAD 
 356      DA6525A2 
 356      EBB6E89A 
 356      CDC2
 357 0626 D9ED99B9 		.ascii	"\331\355\231\271b\011\372\035=\306\266x\227\020\036"
 357      6209FA1D 
 357      3DC6B678 
 357      97101E
 358 0635 E13F8BBF 		.ascii	"\341?\213\277\215P&?\004x\331\3742\360N\037vf\250q'"
 358      8D50263F 
 358      0478D9FC 
 358      32F04E1F 
 358      7666A871 
 359 064a 83CADCE3 		.ascii	"\203\312\334\343<\035$A\015/\206n\202\25728\365\311"
 359      3C1D2441 
ARM GAS  /tmp/cc2vIq3D.s 			page 28


 359      0D2F866E 
 359      82AF3238 
 359      F5C9
 360 065c DE99E345 		.ascii	"\336\231\343E\312\361E\332J\221:\006\356O+q\017C*\356"
 360      CAF145DA 
 360      4A913A06 
 360      EE4F2B71 
 360      0F432AEE 
 361 0670 EA76EA24 		.ascii	"\352v\352$\244\216)\354\201\"GW\256\027*\327\027j\033"
 361      A48E29EC 
 361      81224757 
 361      AE172AD7 
 361      176A1B
 362 0683 85BA52D1 		.ascii	"\205\272R\321\234\210\373\031R\332\277\363\256\352%"
 362      9C88FB19 
 362      52DABFF3 
 362      AEEA25
 363 0692 A42787B0 		.ascii	"\244'\207\260\270\013p\302\350\011\263\335\213\263\335"
 363      B80B70C2 
 363      E809B3DD 
 363      8BB3DD
 364 06a1 176707C5 		.ascii	"\027g\007\3059\260{\347\233`<\244\010x VW_p\"\217n'"
 364      39B07BE7 
 364      9B603CA4 
 364      08782056 
 364      575F7022 
 365 06b8 4F955BF7 		.ascii	"O\225[\367\226w\251=\307x>S\216\0164w\362T\011\335\211"
 365      9677A93D 
 365      C7783E53 
 365      8E0E3477 
 365      F25409DD 
 366 06cd 7631E5E9 		.ascii	"v1\345\351\361'5s\216\311\265\357\313N\244\335<9\221"
 366      F1273573 
 366      8EC9B5EF 
 366      CB4EA4DD 
 366      3C3991
 367 06e0 BEE5A513 		.ascii	"\276\345\245\023\251nf\367\035\222H\011$\362f\277\316"
 367      A96E66F7 
 367      1D924809 
 367      24F266BF 
 367      CE
 368 06f1 53123043 		.ascii	"S\0220Cy\336T\362|S\331CS)\254h\252U\342\207,\225\313"
 368      79DE54F2 
 368      7C53D943 
 368      5329AC68 
 368      AA55E287 
 369 0708 C7467394 		.ascii	"\307Fs\224\370)\033T\027\336\273\250\002f\250\200xR"
 369      F8291B54 
 369      17DEBBA8 
 369      0266A880 
 369      7852
 370 071a CD46D791 		.ascii	"\315F\327\221\020\374\202M\227\036:\320\253!\323\205"
 370      10FC824D 
 370      971E3AD0 
 370      AB21D385 
 371 072a 308DF631 		.ascii	"0\215\3661\342\376j\321^\365\312\305>Tbu\250\210\331"
 371      E2FE6AD1 
ARM GAS  /tmp/cc2vIq3D.s 			page 29


 371      5EF5CAC5 
 371      3E546275 
 371      A888D9
 372 073d 159D1C29 		.ascii	"\025\235\034)\322\270\217\341\003L\327\267i\353\244"
 372      D2B88FE1 
 372      034CD7B7 
 372      69EBA4
 373 074c 7EA91854 		.ascii	"~\251\030T,\252i\264\226\202\321Z\005\265)\341\227R"
 373      2CAA69B4 
 373      9682D15A 
 373      05B529E1 
 373      9752
 374 075e CDE4706E 		.ascii	"\315\344pn\276\012\247\005\321\370\217\213\237\036V"
 374      BE0AA705 
 374      D1F88F8B 
 374      9F1E56
 375 076d 92F8A590 		.ascii	"\222\370\245\220\343w\244\030d_\037,h\016\302\331\314"
 375      E377A418 
 375      645F1F2C 
 375      680EC2D9 
 375      CC
 376 077e C2B9E760 		.ascii	"\302\271\347`\017M\340 aX\306\242l~\263\273\026\313"
 376      0F4DE020 
 376      6158C6A2 
 376      6C7EB3BB 
 376      16CB
 377 0790 4B0B04A4 		.ascii	"K\013\004\244\322\242C`\202\016\323\352\026\273\253"
 377      D2A24360 
 377      820ED3EA 
 377      16BBAB
 378 079f DB55517F 		.ascii	"\333UQ\177V\005\325\275\015\235\322_\361\353\266\352"
 378      5605D5BD 
 378      0D9DD25F 
 378      F1EBB6EA 
 379 07af 9FC4AC6C 		.ascii	"\237\304\254lq\271\230\201\211%\332\353.0\332\317+\310"
 379      71B99881 
 379      8925DAEB 
 379      2E30DACF 
 379      2BC8
 380 07c1 88BD6A47 		.ascii	"\210\275jGhm\257\337xpU\363A\231\330"
 380      686DAFDF 
 380      787055F3 
 380      4199D8
 381 07d0 E3A26FD0 		.ascii	"\343\242o\320\261\366^\370\324\344\351\231u\211}\207"
 381      B1F65EF8 
 381      D4E4E999 
 381      75897D87 
 382 07e0 7A4E3F8E 		.ascii	"zN?\216j\376\001d\217\362\037\200\353\226\361\361v\255"
 382      6AFE0164 
 382      8FF21F80 
 382      EB96F1F1 
 382      76AD
 383 07f2 7C4723C1 		.ascii	"|G#\301\274;Z\271\264\243\225\323\035\315_\325'\273"
 383      BC3B5AB9 
 383      B4A395D3 
 383      1DCD5FD5 
 383      27BB
ARM GAS  /tmp/cc2vIq3D.s 			page 30


 384 0804 C7E6B9FD 		.ascii	"\307\346\271\375\323\300?\356}\231{\254\373\230,om\251"
 384      D3C03FEE 
 384      7D997BAC 
 384      FB982C6F 
 384      6DA9
 385 0816 60DF684E 		.ascii	"`\337hN\350\276\012\336\257\353Z\271+\224\2135\024\030"
 385      E8BE0ADE 
 385      AFEB5AB9 
 385      2B948B35 
 385      1418
 386 0828 5E7B75E2 		.ascii	"^{u\3429\363\256\002\357J\346]\230\227\037\376\377\352"
 386      39F3AE02 
 386      EF4AE65D 
 386      98971FFE 
 386      FFEA
 387 083a 7B8CD6F7 		.ascii	"{\214\326\367{Z_:\370\203\220h\263\230\204\330$\323"
 387      7B5A5F3A 
 387      F8839068 
 387      B39884D8 
 387      24D3
 388 084c 7A2126D1 		.ascii	"z!&\321\034g^\355H\2157\333\004#y\266\331\243?\373T"
 388      1C675EED 
 388      488D37DB 
 388      042379B6 
 388      D9A33FFB 
 389 0861 106C7621 		.ascii	"\020lv!16IH2\307\011vG\212)\326b\027,&\213\364\030e"
 389      31364948 
 389      32C70976 
 389      478A29D6 
 389      62172C26 
 390 0879 547FFEC5 		.ascii	"T\177\376\305\337\226\304DGs\032\203!\325lu\25448~+"
 390      DF96C444 
 390      47731A83 
 390      21D56C75 
 390      AC34387E 
 391 088e A4DA5384 		.ascii	"\244\332S\204$\233\021\334bS,\037[mV\323\307\246\330"
 391      249B11DC 
 391      62532C1F 
 391      5B6D56D3 
 391      C7A6D8
 392 08a1 38B360B6 		.ascii	"8\263`\266\032\223R\343M\202%\026\"XM\202!\336\224\020"
 392      1A9352E3 
 392      4D822516 
 392      22584D82 
 392      21DE9410 
 393 08b5 9B9AE430 		.ascii	"\233\232\344086$\233\354Q\211\234J\202\020\336\011a"
 393      3836249B 
 393      EC51899C 
 393      4A8210DE 
 393      0961
 394 08c7 DF60170C 		.ascii	"\337`\027\014vG<\330\203\237\322n\376\227\311\340X)"
 394      76473CD8 
 394      839FD26E 
 394      FE97C9E0 
 394      5829
 395 08d9 732384D7 		.ascii	"s#\204\327\031\215>\356\237E\255\210\212\366\2028\342"
 395      198D3EEE 
ARM GAS  /tmp/cc2vIq3D.s 			page 31


 395      9F45AD88 
 395      8AF68238 
 395      E2
 396 08ea 8101F863 		.ascii	"\201\001\370c\223\315\256 \030\312\270\324\204\004S"
 396      93CDAE20 
 396      18CAB8D4 
 396      840453
 397 08f9 0AFEA7C5 		.ascii	"\012\376\247\305\201\223S\035\220\024\004\370d\205\301"
 397      8193531D 
 397      901404F8 
 397      6485C1
 398 0908 A192EE41 		.ascii	"\241\222\356A\026\373:\203\343\313\237W8\243\315b\261"
 398      16FB3A83 
 398      E3CB9F57 
 398      38A3CD62 
 398      B1
 399 0919 5985645B 		.ascii	"Y\205d[\212\303.\374\376\313U1\253\326\023]\2629\311"
 399      8AC32EFC 
 399      FECB5531 
 399      ABD6135D 
 399      B239C9
 400 092c 9462173E 		.ascii	"\224b\027>\217\211\001\007w\352\012(h|\3207)f\207I\267"
 400      8F890107 
 400      77EA0A28 
 400      687CD037 
 400      29668749 
 401 0941 CA64594D 		.ascii	"\312dYM\013\374\325\252\277\342u&G\314/^'(\221-!\301"
 401      0BFCD5AA 
 401      BFE27526 
 401      47CC2F5E 
 401      2728912D 
 402 0957 6E72106C 		.ascii	"nr\020l[\312\006\006\2570@\216\277\034\334\310)\014"
 402      5BCA0606 
 402      AF30408E 
 402      BF1CDCC8 
 402      290C
 403 0969 C0526920 		.ascii	"\300Ri )\330U\006\232\204]g\261\3779\356k\223\321\361"
 403      29D85506 
 403      9A845D67 
 403      B1FF39EE 
 403      6B93D1F1 
 404 097d 27ABD9A1 		.ascii	"'\253\331\241\004sc\362\006E\222)6Ae\2659\022Sl\337"
 404      047363F2 
 404      06459229 
 404      364165B5 
 404      3912536C 
 405 0992 A0685582 		.ascii	"\240hU\202u\211=\331d\004\215\325\232\232\224\364\321"
 405      75893DD9 
 405      64048DD5 
 405      9A9A94F4 
 405      D1
 406 09a3 BB97DD91 		.ascii	"\273\227\335\221b\266\256\203t\376\007dBf>"
 406      62B6AE83 
 406      74FE0764 
 406      42663E
 407              		.text
 408              		.section	.gnu.lto_.symtab.cdb705faafa1501,"",%progbits
ARM GAS  /tmp/cc2vIq3D.s 			page 32


 409 0000 6D734F62 		.ascii	"msObjectInit\000"
 409      6A656374 
 409      496E6974 
 409      00
 410 000d 00       		.ascii	"\000"
 411 000e 00       		.ascii	"\000"
 412 000f 00       		.ascii	"\000"
 413 0010 00000000 		.ascii	"\000\000\000\000\000\000\000\000"
 413      00000000 
 414 0018 17010000 		.ascii	"\027\001\000\000"
 415              		.text
 416              		.section	.gnu.lto_.opts,"",%progbits
 417 0000 272D666D 		.ascii	"'-fmath-errno' '-fsigned-zeros' '-ftrapping-math' '"
 417      6174682D 
 417      6572726E 
 417      6F272027 
 417      2D667369 
 418 0033 2D666E6F 		.ascii	"-fno-trapv' '-fno-openmp' '-fno-openacc' '-mcpu=cor"
 418      2D747261 
 418      70762720 
 418      272D666E 
 418      6F2D6F70 
 419 0066 7465782D 		.ascii	"tex-m7' '-mno-thumb-interwork' '-mthumb' '-O2' '-fo"
 419      6D372720 
 419      272D6D6E 
 419      6F2D7468 
 419      756D622D 
 420 0099 6D69742D 		.ascii	"mit-frame-pointer' '-falign-functions=16' '-ffuncti"
 420      6672616D 
 420      652D706F 
 420      696E7465 
 420      72272027 
 421 00cc 6F6E2D73 		.ascii	"on-sections' '-fdata-sections' '-fno-common' '-flto"
 421      65637469 
 421      6F6E7327 
 421      20272D66 
 421      64617461 
 422 00ff 2700     		.ascii	"'\000"
 423              		.text
 424              		.comm	__gnu_lto_v1,1,1
 425              		.comm	__gnu_lto_slim,1,1
 426              		.ident	"GCC: (GNU Tools for Arm Embedded Processors 7-2017-q4-major) 7.2.1 20170904 (release) [ARM
ARM GAS  /tmp/cc2vIq3D.s 			page 33


DEFINED SYMBOLS
                            *ABS*:0000000000000000 memstreams.c
                            *COM*:0000000000000001 __gnu_lto_v1
                            *COM*:0000000000000001 __gnu_lto_slim

NO UNDEFINED SYMBOLS
