ARM GAS  /tmp/ccNcs6i7.s 			page 1


   1              		.cpu cortex-m7
   2              		.eabi_attribute 20, 1
   3              		.eabi_attribute 21, 1
   4              		.eabi_attribute 23, 3
   5              		.eabi_attribute 24, 1
   6              		.eabi_attribute 25, 1
   7              		.eabi_attribute 26, 1
   8              		.eabi_attribute 30, 2
   9              		.eabi_attribute 34, 1
  10              		.eabi_attribute 18, 4
  11              		.file	"nullstreams.c"
  12              		.section	.gnu.lto_.profile.44835cb0e01b4403,"",%progbits
  13 0000 789C6363 		.ascii	"x\234cc```\001bF\006n6\000\000\224\000\035"
  13      60606001 
  13      6246066E 
  13      36000094 
  13      001D
  14              		.text
  15              		.section	.gnu.lto_.icf.44835cb0e01b4403,"",%progbits
  16 0000 789C6363 		.ascii	"x\234cc``Pc@\0006\206\246\245\363\326\3612\256>z\354"
  16      60605063 
  16      40003686 
  16      A6A5F3D6 
  16      F132AE3E 
  17 0016 072BD3A5 		.ascii	"\007+\323\245uG^\2610?z=\377\014?\313\271\353-\367x"
  17      75475EB1 
  17      303F7A3D 
  17      FF0C3FCB 
  17      B9EB2DF7 
  18 002b 58BFDE58 		.ascii	"X\277\336X\376\206\215\001\000h\306\022\347"
  18      FE868D01 
  18      0068C612 
  18      E7
  19              		.text
  20              		.section	.gnu.lto_.jmpfuncs.44835cb0e01b4403,"",%progbits
  21 0000 789C458A 		.ascii	"x\234E\212\201\011\000 \014\303\322u\372\230\207\371"
  21      81090020 
  21      0CC3D275 
  21      FA9887F9 
  22 0010 C88E7582 		.ascii	"\310\216u\202`!PB&\260\370\033XRR\246\321.\207\256\341"
  22      60215042 
  22      26B0F81B 
  22      585252A6 
  22      D12E87AE 
  23 0025 193711F1 		.ascii	"\0317\021\361E\372\375\354\252\363\301\001\013\251\007"
  23      45FAFDEC 
  23      AAF3C101 
  23      0BA907
  24 0034 B7       		.ascii	"\267"
  25              		.text
  26              		.section	.gnu.lto_.inline.44835cb0e01b4403,"",%progbits
  27 0000 789C6363 		.ascii	"x\234cc``\210e@\000V\006\006f&F\006& \223m\201<\210"
  27      60608865 
  27      40005606 
  27      06662646 
  27      06262093 
  28 0018 6260C410 		.ascii	"b`\304\020a\302\020a\306\020aa`a\006\2120\276`g`\357"
ARM GAS  /tmp/ccNcs6i7.s 			page 2


  28      61C21061 
  28      C6106161 
  28      6061068A 
  28      30BE6067 
  29 002e 50070B31 		.ascii	"P\007\0131\000\000\355\016\005a"
  29      0000ED0E 
  29      0561
  30              		.text
  31              		.section	.gnu.lto_.pureconst.44835cb0e01b4403,"",%progbits
  32 0000 789C6363 		.ascii	"x\234cc``\340\006bV\006\006F\006&\006f\006\026)\000"
  32      6060E006 
  32      62560606 
  32      46062606 
  32      66061629 
  33 0015 01A3003B 		.ascii	"\001\243\000;"
  34              		.text
  35              		.section	.gnu.lto_writes.44835cb0e01b4403,"",%progbits
  36 0000 789C5D90 		.ascii	"x\234]\220=K\003A\020\206gv/\211\202\346\017ha!\204"
  36      3D4B0341 
  36      10866776 
  36      2F8982E6 
  36      0F686121 
  37 0015 342E365A 		.ascii	"4.6ZY\211\020\020\264\260\027\022\015\334A\276\310%"
  37      59891010 
  37      B4B01712 
  37      0DDC41BE 
  37      C825
  38 0027 7556A3A8 		.ascii	"uV\243\250h\0211F\010W(\022\256T\361+~\024W\331H\004"
  38      68113146 
  38      08572812 
  38      AE54F12B 
  38      7E1457D9 
  39 003d 8DF9031A 		.ascii	"\215\371\003\032\2600\010\026Vjt\366H!\026\313\276\263"
  39      B0300816 
  39      566A74F6 
  39      482116CB 
  39      BEB3
  40 004f FB3CBBCC 		.ascii	"\373<\273\314x\001`\026\001\246i\357\243\205\034\220"
  40      78016016 
  40      01A669EF 
  40      A3851C90 
  41 005f 15EE0016 		.ascii	"\025\356\000\026\272\030\242\012\262\013!\3070\207\033"
  41      BA18A20A 
  41      B20B21C7 
  41      30871B
  42 006e BCC8F17E 		.ascii	"\274\310\361~\351\320\342\353\334\"L\243\362\275V~\366"
  42      E9D0E2EB 
  42      DC224CA3 
  42      F2BD567E 
  42      F6
  43 007f AB127180 		.ascii	"\253\022q\200\312\326\333\315IO\320\226rQ:;\325\261"
  43      CAD6DBCD 
  43      494FD096 
  43      72513A3B 
  43      D5B1
  44 0091 BDFC72C8 		.ascii	"\275\374r\310\342\014JD\237`?\036c\277\372\342\024\203"
  44      E20C4A44 
ARM GAS  /tmp/ccNcs6i7.s 			page 3


  44      9F603F1E 
  44      63BFFAE2 
  44      1483
  45 00a3 C4D66B8D 		.ascii	"\304\326k\215\202\217\207\020(o}\274:,Pq\275\346>\227"
  45      828F8710 
  45      286F7DBC 
  45      3A2C5071 
  45      BDE63E97 
  46 00b7 8316E778 		.ascii	"\203\026\347x\206\374\257HG\200\347\030 \374s\275Q\352"
  46      86FCAF48 
  46      4780E718 
  46      20FC73BD 
  46      51EA
  47 00c9 E693AEBA 		.ascii	"\346\223\256\272\371b\267\261\243~U\\U\303\352\177U"
  47      F962B7B1 
  47      A37E555C 
  47      55C3EA7F 
  47      55
  48 00da 03BC70D5 		.ascii	"\003\274p\325oY,\371\371\224\2536o\367\013\276\216\372"
  48      6F592CF9 
  48      F994AB36 
  48      6FF70BBE 
  48      8EFA
  49 00ec 68BB2AC3 		.ascii	"h\273*\303\313\377*\003\274\302\200\342\237\216\332"
  49      CBFF2A03 
  49      BCC280E2 
  49      9F8EDA
  50 00fb DBBD5E4D 		.ascii	"\333\275^M\265C]\\\243\027hpp\360\340qd\373gE:-\033"
  50      B5435D5C 
  50      A3176870 
  50      70F0E071 
  50      64FB6745 
  51 0112 1B1E9A84 		.ascii	"\033\036\232\204\313\303*Q4?\351\300\032\275A)\357\300"
  51      CBC32A51 
  51      343FE9C0 
  51      1ABD4129 
  51      EFC0
  52 0124 1B2EEEDA 		.ascii	"\033.\356\332uTn\231+\231(Tw\014`B\350\311xT\230z\""
  52      75546E99 
  52      2B992854 
  52      770C6042 
  52      E8C97854 
  53 013b 1B4D8B71 		.ascii	"\033M\213q\335\210\0303\231\354\274\221\024s*'\315\341"
  53      DD881833 
  53      99ECBC91 
  53      14732A27 
  53      CDE1
  54 014d D1119134 		.ascii	"\321\021\2214\205\036\216\211\230\021\021f&\035\015"
  54      851E8E89 
  54      98111166 
  54      261D0D
  55 015c C74D91C8 		.ascii	"\307M\221\310\306b\235<4\007\314H\261H\012\023\277I"
  55      C6629D3C 
  55      3407CC48 
  55      B1480A13 
  55      BF49
  56 016e EF8DAB   		.ascii	"\357\215\253"
ARM GAS  /tmp/ccNcs6i7.s 			page 4


  57              		.text
  58              		.section	.gnu.lto_reads.44835cb0e01b4403,"",%progbits
  59 0000 789C5D90 		.ascii	"x\234]\220\315+\204Q\024\306\317s\357\230\241\360\017"
  59      CD2B8451 
  59      14C6CF73 
  59      EF98A1F0 
  59      0F
  60 0011 B0B05093 		.ascii	"\260\260P\223\215\233\015++)\245X\370\013\014S\357["
  60      8D9B0D2B 
  60      2B29A558 
  60      F80B0C53 
  60      EF5B
  61 0023 63465EB3 		.ascii	"cF^\263\236\353+\304bd\214\322,h\032\226\310\367W\275"
  61      9EEB2BC4 
  61      62648CD2 
  61      2C681A96 
  61      C8F757BD 
  62 0037 4936424C 		.ascii	"I6BL\312\302\012eAJ\221\205\014\347\276Q\262\270\335"
  62      CAC20A65 
  62      414A9185 
  62      0CE7BE51 
  62      B2B8DD
  63 004a E7DCFBFC 		.ascii	"\347\334\373\374\316\351<~\"\262@\324\316w\005\037H"
  63      CEE93C7E 
  63      22B240D4 
  63      CE77051F 
  63      48
  64 005b 82489E11 		.ascii	"\202H\236\021\015\024\013\300\010]\014J\010$0)S\022"
  64      0D140BC0 
  64      085D0C4A 
  64      08243029 
  64      5312
  65 006d 17C32B19 		.ascii	"\027\303+\0319!3l\363q\371r:wWnJ\240\212\313\247\347"
  65      3921336C 
  65      F371F972 
  65      3A77576E 
  65      4AA08ACB 
  66 0083 E3F5D29A 		.ascii	"\343\365\322\232%\255\007\265;{\335\27004\322\222\221"
  66      25AD07B5 
  66      3B7BDDB8 
  66      3034D292 
  66      91
  67 0094 82D2EC5E 		.ascii	"\202\322\354^G%\326PiFl\240\206\275\371\323\253d@\266"
  67      4725D650 
  67      69466CA0 
  67      86BDF9D3 
  67      AB6440B6 
  68 00a8 80584FBF 		.ascii	"\200XO\277=\272\"\230\363\270\233\254\324\325\031)\261"
  68      3DBA2298 
  68      F3B89BAC 
  68      D4D51929 
  68      B1
  69 00b9 09F917E4 		.ascii	"\011\371\027\344'\302\026\202l\377\230\270J\227\310"
  69      27C21682 
  69      6CFF98B8 
  69      4A97C8
  70 00c8 560F9D7A 		.ascii	"V\017\235zX*\340\007=\312y\250\017\333\377Q\037a\307"
ARM GAS  /tmp/ccNcs6i7.s 			page 5


  70      582AE007 
  70      3DCA79A8 
  70      0FDBFF51 
  70      1F61C7
  71 00db 433F752A 		.ascii	"C?u*].\333<\364\376$\233\014\374N]\364P\201\335\377"
  71      5D2EDB3C 
  71      F4FE249B 
  71      0CFC4E5D 
  71      F45081DD 
  72 00f0 A820EC21 		.ascii	"\250 \354!h\374\267\253\205\2312\277\317\254\303[\354"
  72      68FCB7AB 
  72      859932BF 
  72      CFACC35B 
  72      EC
  73 0101 C34F1C1C 		.ascii	"\303O\034\034-_\026\271\272\3605\252\335\327E\274\027"
  73      2D5F16B9 
  73      BAF035AA 
  73      DDD745BC 
  73      17
  74 0112 09A231FE 		.ascii	"\011\2421\376\347\344\264K\343L\263\032r\351\031\203"
  74      E7E4B44B 
  74      E34CB31A 
  74      72E91983 
  75 0122 F38F7918 		.ascii	"\363\217y\030\212;\245G\016\317\003&6\001\302\201\227"
  75      8A3BA547 
  75      0ECF0326 
  75      3601C281 
  75      97
  76 0133 0A53305E 		.ascii	"\012S0^\346\233\225\025\353\011+\307\212\306\303}\252"
  76      E69B9515 
  76      EB092BC7 
  76      8AC6C37D 
  76      AA
  77 0144 C9B24376 		.ascii	"\311\262CvG\177\274\333\216\251.\243cN]C\275\2129\312"
  77      477FBCDB 
  77      8EA92EA3 
  77      634E5D43 
  77      BD8A39CA 
  78 0158 EA8CA888 		.ascii	"\352\214\250\210\035RN\177_\270\263\307Q\321x$\362\243"
  78      1D524E7F 
  78      5FB8B3C7 
  78      51D17824 
  78      F2A3
  79 016a 6BBB48D8 		.ascii	"k\273H\330\275\"\324\213\3507\217\031\221\332"
  79      BD22D48B 
  79      E8378F19 
  79      91DA
  80              		.text
  81              		.section	.gnu.lto_put.44835cb0e01b4403,"",%progbits
  82 0000 789C4D8F 		.ascii	"x\234M\217\273J\003A\024\206\317\331Y\223\024\352\003"
  82      BB4A0341 
  82      1486CFD9 
  82      599314EA 
  82      03
  83 0011 680A0B21 		.ascii	"h\012\013!\004\301Q\004\305Z\224\200v>A\022\003\273"
  83      04C15104 
  83      C55A9480 
ARM GAS  /tmp/ccNcs6i7.s 			page 6


  83      763E4112 
  83      03BB
  84 0023 B0C94A36 		.ascii	"\260\311J6\2513\346\342\005S\004\324\004d\013E\203\240"
  84      A933E6E2 
  84      055304D4 
  84      04640B45 
  84      83A0
  85 0035 858AF71B 		.ascii	"\205\212\367\033,\222B\220(*\276\200\227J\020,\264\020"
  85      2C924290 
  85      282ABE80 
  85      974A102C 
  85      B410
  86 0047 899EF102 		.ascii	"\211\236\361\002\016\014\363\237\231\377;s~\027\000"
  86      0E0CF39F 
  86      99FF3B73 
  86      7E1700
  87 0056 B421C010 		.ascii	"\264!\300\020\235\315\264\221\001*\205\013\2001\217"
  87      9DCDB491 
  87      012A850B 
  87      80318F
  88 0065 822885F0 		.ascii	"\202(\205\360 \244\024La\236\3152\274\312n\330l\232"
  88      20A4144C 
  88      619ECD32 
  88      BCCA6ED8 
  88      6C9A
  89 0077 D96453A9 		.ascii	"\331dS\251|\251\316\3377\312\022\261\205\312\362I\346"
  89      7CA9CEDF 
  89      37CA12B1 
  89      85CAF249 
  89      E6
  90 0088 18FD2B82 		.ascii	"\030\375+\202\226Sz\357]\314\344\0026S\240H\356m\364"
  90      96537AEF 
  90      5DCCE402 
  90      3653A048 
  90      EE6DF4
  91 009b E2167AE5 		.ascii	"\342\026z\345\027;\350'\357M\365\266\340f\001\004\322"
  91      173BE827 
  91      EF4DF5B6 
  91      E0660104 
  91      D2
  92 00ac 33AF4F8E 		.ascii	"3\257O\216\342+\013\221\026Ne\211\211V\2331\334E\366"
  92      E22B0B91 
  92      164E6589 
  92      89569B31 
  92      DC45F6
  93 00bf 1FA42BC0 		.ascii	"\037\244+\300=\364\221\335\036_}dl\360\033=\177;\253"
  93      3DF491DD 
  93      1E5F7D64 
  93      6CF01B3D 
  93      7F3BAB
  94 00d2 FCA10F59 		.ascii	"\374\241\017Y&\352m\246\342\376\017\332\345\305\016"
  94      26EA6DA6 
  94      E2FE0FDA 
  94      E5C50E
  95 00e1 09AA8007 		.ascii	"\011\252\200\007\350\223\356\273\315\332\\\203K\225"
  95      E893EEBB 
  95      CDDA5C83 
ARM GAS  /tmp/ccNcs6i7.s 			page 7


  95      4B95
  96 00ef 13D12087 		.ascii	"\023\321 \207\350\002\312\016\353\327u\216\250}N\010"
  96      E802CA0E 
  96      EBD7758E 
  96      A87D4E08 
  97 00ff E763194B 		.ascii	"\347c\031K\003\012\300$\275Sx\341\300\024\315O*\343"
  97      030AC024 
  97      BD5378E1 
  97      C014CD4F 
  97      2AE3
  98 0111 C033A617 		.ascii	"\3003\246\027\326\362M\222\242N\305\334\351\245[&W\020"
  98      D6F24D92 
  98      A24EC5DC 
  98      E9A55B26 
  98      5710
  99 0123 F0E83B18 		.ascii	"\360\350;\030Q(\275\304\367s\315\214F\270\245\305\222"
  99      5128BDC4 
  99      F773CD8C 
  99      46B8A5C5 
  99      92
 100 0134 9138EFD3 		.ascii	"\2218\357\323\364\220>\234H\216\350&\017KmZ\235=\335"
 100      F4903E9C 
 100      488EE826 
 100      0F4B6D5A 
 100      9D3DDD
 101 0147 DCB4B816 		.ascii	"\334\264\270\0264\270\241\207\270\225\210G\202Q\213"
 101      34B8A187 
 101      B8958847 
 101      82518B
 102 0156 C79286F1 		.ascii	"\307\222\206\361\253\333\303\240\350\243\030\372\002"
 102      ABDBC3A0 
 102      E8A318FA 
 102      02
 103 0163 EBD37C47 		.ascii	"\353\323|G"
 104              		.text
 105              		.section	.gnu.lto_get.44835cb0e01b4403,"",%progbits
 106 0000 789C4D4F 		.ascii	"x\234MO\273JCA\024<\263\033cD\364\0034\205\205\020\322"
 106      BB4A4341 
 106      143CB31B 
 106      6344F403 
 106      34858510 
 107 0015 B8D8E807 		.ascii	"\270\330\350\007\210\"\266~A\022\003\367\302M\256\344"
 107      8822B67E 
 107      411203F7 
 107      C24DAEE4 
 108 0025 2675D644 		.ascii	"&u\326DP1E\300\027\204\213\010!X\372J|\200\302\025l"
 108      503145C0 
 108      17848B08 
 108      2158FA4A 
 108      7C80C215 
 109 003a 233EB017 		.ascii	"#>\260\027\025,\004!\210\255zV,\\\030\230\331\235\231"
 109      152C0421 
 109      88AD7A56 
 109      2C5C1898 
 109      D99D99
 110 004d 3D274C44 		.ascii	"='LD\037\214\031\306 \003\222 \252\327D\013\021\001"
 110      1F8C19C6 
ARM GAS  /tmp/ccNcs6i7.s 			page 8


 110      20039220 
 110      AAD7440B 
 110      1101
 111 005f 18A223A0 		.ascii	"\030\242#\240\242@\021\025\271.q\273\270\357\313U\351"
 111      A2401115 
 111      B92E71BB 
 111      B8EFCB55 
 111      E9
 112 0070 B32DC4B2 		.ascii	"\263-\304\262\323\256=\367\033\011\014\261l\\\224\317"
 112      D3AE3DF7 
 112      1B090CB1 
 112      6C5C94CF 
 113 0080 11DFD57C 		.ascii	"\021\337\325|\202\255Zx\273y\243{|)h\223\355MDq\204"
 113      82AD5A78 
 113      BB79A37B 
 113      7C296893 
 113      ED4D4471 
 114 0095 A8F9A385 		.ascii	"\250\371\243\2058\233\357\333\017\325n9\015b\276\366"
 114      389BEFDB 
 114      0FD56E39 
 114      0D62BEF6 
 115 00a5 F9168858 		.ascii	"\371\026\210XC\353\222\016\256\352R\017\373R\342\030"
 115      43EB920E 
 115      AEEA520F 
 115      FB52E218 
 116 00b5 F27F90AF 		.ascii	"\362\177\220\257\010'\210\031\377\323\301\327F_8d\212"
 116      08278819 
 116      FFD3C1D7 
 116      465F3864 
 116      8A
 117 00c6 B9EF1461 		.ascii	"\271\357\024a\002\223\275\273\256@\177}/\351\340\245"
 117      0293BDBB 
 117      AE407F7D 
 117      2FE9E0A5 
 118 00d6 8ED69420 		.ascii	"\216\326\224 Z\346w^B\007\264\302c0+\007\364\216\322"
 118      5AE6775E 
 118      4207B4C2 
 118      63302B07 
 118      F48ED2
 119 00e9 CE6B65C0 		.ascii	"\316ke\300\244\270\351\362\361\260\323k6\020\010\341"
 119      A4B8E9F2 
 119      F1B0D36B 
 119      361008E1 
 120 00f9 EC773E4E 		.ascii	"\354w>N\301x9?\251,7\223V\236\225-\244sj\302\262\223"
 120      C178393F 
 120      A92C3793 
 120      569E952D 
 120      A4736AC2 
 121 010f F66CBE30 		.ascii	"\366l\2760g\273*e\270\353\215\216\217)\327SV\302Q\216"
 121      67BB2A65 
 121      B8EB8D8E 
 121      8F29D753 
 121      56C2518E 
 122 0123 9D545E3E 		.ascii	"\235T^>\227Nd<\225-8\316\037\037I\221\260\347\177\000"
 122      974E643C 
 122      952D38CE 
 122      1F1F4991 
ARM GAS  /tmp/ccNcs6i7.s 			page 9


 122      B0E77F00 
 123 0137 75AF6C89 		.ascii	"u\257l\211"
 124              		.text
 125              		.section	.gnu.lto_nullObjectInit.44835cb0e01b4403,"",%progbits
 126 0000 789C4D50 		.ascii	"x\234MPMK[A\024\275\347\335\227WQ*]\212\272p!\210\033"
 126      4D4B5B41 
 126      14BDE7DD 
 126      9757512A 
 126      5D8ABA70 
 127 0017 876EEA0F 		.ascii	"\207n\352\017(\025\301\245\277@m \201\230\210\317l\272"
 127      2815C1A5 
 127      BF406D20 
 127      819888CF 
 127      6CBA
 128 0029 C998344D 		.ascii	"\311\2304M\212\012.\032\025\373,O\210\264\033\361\373"
 128      8A0A2E1A 
 128      15FB2C4F 
 128      88B41BF1 
 128      FB
 129 003a FBEB9145 		.ascii	"\373\353\221EW\265%\245\013W.\024Z\350\027\210u\241"
 129      57B525A5 
 129      0B572E14 
 129      5AE81788 
 129      75A1
 130 004c A0ED9DD4 		.ascii	"\240\355\235\324\205\027\2069w\346\314\271\347\214C"
 130      85178639 
 130      77E6CCB9 
 130      E78C43
 131 005b 44051075 		.ascii	"D\005\020u\311\336 \013L\260\306?\022\015WY\200\001"
 131      C9DE200B 
 131      4CB0C63F 
 131      120D5759 
 131      8001
 132 006d BA0A94B2 		.ascii	"\272\012\224\262\220\302(\277b\224r_\267\254\326\267"
 132      90C228BF 
 132      6294725F 
 132      B7ACD6B7 
 133 007d 5A2A983C 		.ascii	"Z*\230<v^\350l\235\307D\023\262La\005\255\302*?_\364"
 133      765EE86C 
 133      9DC74413 
 133      B24C6105 
 133      ADC22A3F 
 134 0093 78843D06 		.ascii	"x\204=\006li\317\016\247OkMk\241I\332o\263\313?m\356"
 134      6C69CF0E 
 134      A74F6B4D 
 134      6BA149DA 
 134      6FB3CB3F 
 135 00a9 04099E79 		.ascii	"\004\011\236yW~]\3352\247uZ\007\037\212\254\233=f\254"
 135      577E5DDD 
 135      32A7755A 
 135      071F8AAC 
 135      9B3D66AC 
 136 00bd 8345106B 		.ascii	"\203E\020kh\304*\032I\216\010\033h1\374\223\245\233"
 136      68C42A1A 
 136      498E081B 
 136      6831FC93 
 136      A59B
ARM GAS  /tmp/ccNcs6i7.s 			page 10


 137 00cf C27DC7FE 		.ascii	"\302}\307\376?\020\233pH\314\323\302\347P\240o\376\346"
 137      3F109B70 
 137      48CCD3C2 
 137      E750A06F 
 137      FEE6
 138 00e1 74F0A788 		.ascii	"t\360\247\210\213\016[\254\033>\345\205%\031t@/\331"
 138      8B0E5BAC 
 138      1B3EE585 
 138      25197440 
 138      2FD9
 139 00f3 322813D0 		.ascii	"2(\023\320w\244\257r3\033\003\346\261\010NdK\237\356"
 139      77A4AF72 
 139      331B03E6 
 139      B1084E64 
 139      4B9FEE
 140 0106 196F5CF1 		.ascii	"\031o\\\361\263[:|\357\370x3,\001\375z\217\355i1\275"
 140      B35B3A7C 
 140      EFF87833 
 140      2C01FD7A 
 140      8FED6931 
 141 011b 2526CCE5 		.ascii	"%&\314\345\227\334\321q\215\2327\341\233<\016a\033>"
 141      97DCD171 
 141      8D9A37E1 
 141      9B3C0E61 
 141      1B3E
 142 012d 0A95E4D8 		.ascii	"\012\225\344\330\201\272+\026\252\210e\256\016\316k"
 142      81BA2B16 
 142      AA8865AE 
 142      0ECE6B
 143 013c 53D75ABE 		.ascii	"S\327Z\276(\344\033\236\234]\226\177\345k\314\200\007"
 143      28E41B9E 
 143      9C5D967F 
 143      E56BCC80 
 143      07
 144 014d 1E3BD893 		.ascii	"\036;\330\223\177\335\275U\317\024W\262\020\366\224"
 144      7FDDBD55 
 144      CF1457B2 
 144      10F694
 145 015c 4C7E6624 		.ascii	"L~f$\366E^\244\017\220\242\337H\373?\306P\011l*/n%\216"
 145      F6455EA4 
 145      0F90A2DF 
 145      48FB3FC6 
 145      50096C2A 
 146 0174 45F44445 		.ascii	"E\364DE\022\375a\345F\342\311\360\240z\034\211\366F"
 146      12FD61E5 
 146      46E2C9F0 
 146      A07A1C89 
 146      F646
 147 0186 BB87924F 		.ascii	"\273\207\222O\243\011\325gp\302}\330\376H%\\\025\351"
 147      A309D567 
 147      70C27DD8 
 147      FE48255C 
 147      15E9
 148 0198 89A958B4 		.ascii	"\211\251X\264W\271C\203\341\236~W\305\223\261\330-n"
 148      57B94383 
 148      E19E7E57 
 148      C593B1D8 
ARM GAS  /tmp/ccNcs6i7.s 			page 11


 148      2D6E
 149 01aa EB238EBB 		.ascii	"\353#\216\273\003\377\000gG\242Q"
 149      03FF0067 
 149      47A251
 150              		.text
 151              		.section	.gnu.lto_vmt.44835cb0e01b4403,"",%progbits
 152 0000 789C6363 		.ascii	"x\234cc``\230\011\304\356\014\0200\205\231q\347\316"
 152      60609809 
 152      C4EE0C10 
 152      30859971 
 152      E7CE
 153 0012 37B7D9EB 		.ascii	"7\267\331\353\3776t44<\350\236\303\\7\207\231a\0323"
 153      FF367434 
 153      343CE89E 
 153      C35C3787 
 153      99611A33 
 154 0026 86D48267 		.ascii	"\206\324\202g\314s\230\031\24713bH\254\002J0Mcf\302"
 154      CC739819 
 154      A7313362 
 154      48AC024A 
 154      304D6366 
 155 003b 9078C534 		.ascii	"\220x\3054\207\231y\03233X\342\353\263'\3739,\2665t"
 155      8799791A 
 155      333358E2 
 155      EBB327FB 
 155      392CB635 
 156 0050 2C687098 		.ascii	",hp\230\303\3142\225\231\201q\033c\375TfF\306\255 \212"
 156      C3CC3295 
 156      9981711B 
 156      63FD5466 
 156      46C6AD20 
 157 0065 89710B88 		.ascii	"\211q\013\210bf\334\314X\317\300\270\235\321\202\301"
 157      6266DCCC 
 157      58CFC0B8 
 157      9DD182C1 
 158 0075 553F233F 		.ascii	"U?#?7U\2778#\2574\265H\3379#3)3\270\2444%3_?\031\304"
 158      3755BF38 
 158      23AF34B5 
 158      48DF3923 
 158      332933B8 
 159 0091 CE2F3634 		.ascii	"\316/647\323\317/\326\317H\314\321\317\311L\322/.)J"
 159      37D3CF2F 
 159      D6CF48CC 
 159      D1CFC94C 
 159      D22F2E29 
 160 00a6 4DCC2DD6 		.ascii	"M\314-\326\317+\315\311\201\262\365\222\031\000<FT\011"
 160      CF2BCDC9 
 160      81B2F592 
 160      19003C46 
 160      5409
 161              		.text
 162              		.section	.gnu.lto_.symbol_nodes.44835cb0e01b4403,"",%progbits
 163 0000 789C6363 		.ascii	"x\234cc``\310\005b\006\246yL\365\014\014\023\31610\000"
 163      6060C805 
 163      6206A679 
 163      4CF50C0C 
 163      13CE3130 
ARM GAS  /tmp/ccNcs6i7.s 			page 12


 164 0015 A91D0B0E 		.ascii	"\251\035\013\0166\260\001\305\3463\3253\242\213-`\252"
 164      36B001C5 
 164      E633D533 
 164      A28B2D60 
 164      AA
 165 0026 6742175B 		.ascii	"gB\027[\310T\317\214.\266\230\251\236\005&\266\253\301"
 165      C854CF8C 
 165      2EB698A9 
 165      9E0526B6 
 165      ABC1
 166 0038 91818175 		.ascii	"\221\201\201u\021\023C\203\022\003\0033\003\000\231"
 166      11134383 
 166      12030333 
 166      030099
 167 0047 A31CC4   		.ascii	"\243\034\304"
 168              		.text
 169              		.section	.gnu.lto_.refs.44835cb0e01b4403,"",%progbits
 170 0000 789C6363 		.ascii	"x\234cc``\020\000bF\026&VF\026V&\006&F&&&f\006\000\003"
 170      60601000 
 170      62461626 
 170      56461656 
 170      26062646 
 171 001b 3F003B   		.ascii	"?\000;"
 172              		.text
 173              		.section	.gnu.lto_.decls.44835cb0e01b4403,"",%progbits
 174 0000 789CAD56 		.ascii	"x\234\255VmPT\325\033?\317=\273\313\262\274\254IS~`"
 174      6D5054D5 
 174      1B3FCF3D 
 174      BBCBB2BC 
 174      AC49537E 
 175 0015 1AC7B119 		.ascii	"\032\307\261\031\373\020Wl\246\234>\325PS}\260\177\363"
 175      FB10576C 
 175      A69C3ED5 
 175      50537DB0 
 175      7FF3
 176 0027 B79AFCD2 		.ascii	"\267\232\374\322\206\313&\333\260\273\016{\351\355\323"
 176      86CB26DB 
 176      B0BB0E7B 
 176      E9EDD3
 177 0036 0DE4C50C 		.ascii	"\015\344\305\014\225\202R\322\311\3112\011(\315\025"
 177      958252D2 
 177      C9C93209 
 177      28CD15
 178 0045 13155723 		.ascii	"\023\025W#\024\025]1\324\214\267\010$\324XT\204\000"
 178      14155D31 
 178      D48CB708 
 178      24D45854 
 178      8400
 179 0057 95FF73CE 		.ascii	"\225\377s\316\271w\367..\323\377Cg\366\271{\317s\237"
 179      B977F72E 
 179      2ED3FF43 
 179      67F6B97B 
 179      CF739F
 180 006a 97DFF99D 		.ascii	"\227\337\371\235\347<\367Z\010!\207\223\010yI\"\344"
 180      E73CF75A 
 180      08218793 
 180      08794922 
ARM GAS  /tmp/ccNcs6i7.s 			page 13


 180      E4
 181 007b 1410328D 		.ascii	"\024\0202\215#\001uGP,(\016\224 J3J\013J\023\312m\""
 181      23017547 
 181      502C280E 
 181      94204A33 
 181      4A0B4A13 
 182 0092 86995DD0 		.ascii	"\206\231]\320GB\241(&\024+p\025I\004\0223@\022\366s"
 182      4742A128 
 182      26142B70 
 182      15490412 
 182      334012F6 
 183 00a7 51EED7E2 		.ascii	"Q\356\327\342\351\261\2650\332%v\230g\361k1\370Iq\374"
 183      E9B1B530 
 183      DA257698 
 183      67F16B31 
 183      F84971FC 
 184 00bb 1266F85D 		.ascii	"\022f\370]\324\374\232\014~4\216_\"\372\231\342\370"
 184      D4FC9A0C 
 184      7E348E5F 
 184      22FA99E2 
 184      F8
 185 00cc E93EA638 		.ascii	"\351>\2468>\367\241\017\343\354\015\203\037\343h\012"
 185      3EF7A10F 
 185      E3EC0D83 
 185      1FE3680A 
 186 00dc E516CAA8 		.ascii	"\345\026\312\250\346;\256\375\317\306Q\232\206\371/"
 186      E63BAEFD 
 186      CFC6519A 
 186      86F92F
 187 00eb 944B28BD 		.ascii	"\224K(\275(\2275\177\206i\004\345\006J\030\345\272\246"
 187      2897357F 
 187      866904E5 
 187      064A18E5 
 187      BAA6
 188 00fd 3369DC73 		.ascii	"3i\334s\016\342`\253\244pv\315\256-t\035\205\27160\341"
 188      0EE260AB 
 188      A47076CD 
 188      AE2D741D 
 188      85B93630 
 189 0112 F47A5BF5 		.ascii	"\364z[\365\037\2518\275\337\006\363q\372}q\177\215\025"
 189      1FA938BD 
 189      DF06F371 
 189      FA7D717F 
 189      8D15
 190 0124 A7E93698 		.ascii	"\247\3516\230\0066\277\266\177\"E\314\231\363\245\315"
 190      0636BFB6 
 190      7F2245CC 
 190      99F3A5CD 
 191 0134 835B92A8 		.ascii	"\203[\222\250\304\357\253\316V>\222Q\247\212a\335@\011"
 191      C4EFABCE 
 191      563E9251 
 191      A78A61DD 
 191      4009
 192 0146 EC03AA67 		.ascii	"\354\003\252g\011\004o\326\233\350K\314P\332]\337\377"
 192      09046FD6 
 192      9BE84BCC 
 192      50DA5DDF 
ARM GAS  /tmp/ccNcs6i7.s 			page 14


 192      FF
 193 0157 162CB2ED 		.ascii	"\026,\262\355`v\301\013\237g\024\227\252\252\004\007"
 193      6076C10B 
 193      9F671497 
 193      AAAA0407 
 194 0167 C006FB81 		.ascii	"\300\006\373\201\302\217\220\301\260\246\333\360Z\246"
 194      C28F90C1 
 194      B0A6DBF0 
 194      5AA6
 195 0175 AA85AABA 		.ascii	"\252\205\252\272]\245\363\010<\226\016\213\323\0114"
 195      5DA5F308 
 195      3C960E8B 
 195      D30934
 196 0184 C222969C 		.ascii	"\302\"\226\234YA\003\244\303^Hg\361k\276\330\331\234"
 196      594103A4 
 196      C35E4867 
 196      F16BBED8 
 196      D99C
 197 0196 42AB8027 		.ascii	"B\253\200'\350\256\017\237\246\221\014\341\332\005{"
 197      E8AE0F9F 
 197      A6910CE1 
 197      DA057B
 198 01a5 8A598626 		.ascii	"\212Y\206&\314p0\232\001\023\306Oq(~\212\211\301\243"
 198      CC70309A 
 198      0113C64F 
 198      71287E8A 
 198      89C1A3
 199 01b8 AAC9A6D9 		.ascii	"\252\311\246\331\227\375\263}\350L}XJ\376\220\331o+"
 199      97FDB37D 
 199      E84C7D58 
 199      4AFE90D9 
 199      6F2B
 200 01ca 52139F87 		.ascii	"R\023\237\207\303\230?\200\317\367\340s\002AH\346U\203"
 200      C3983F80 
 200      CFF7E073 
 200      024148E6 
 200      5583
 201 01dc FF68DC75 		.ascii	"\377h\334u\274\246\226\355\302\012\344\031\207\335@"
 201      BCA696ED 
 201      C20AE419 
 201      87DD40
 202 01eb F50A41F5 		.ascii	"\365\012A\365W\023\341}\311\264M\254\260-4\336h\005"
 202      5713E17D 
 202      C9B44DAC 
 202      B02D34DE 
 202      6805
 203 01fd DBA2B248 		.ascii	"\333\242\262Ht\022\011\015?#\236\025\032\236\243\250"
 203      7412090D 
 203      3F239E15 
 203      1A9EA3A8 
 204 020d 3C824A41 		.ascii	"<\202JA\305`\343\202\003\335\252:\037\232\021\312OQ"
 204      C560E382 
 204      03DDAA3A 
 204      1F9A11CA 
 204      4F51
 205 021f 2A563026 		.ascii	"*V0&\230\022\363|\033\250\333a7\302n\212\201\335\242"
 205      9812F37C 
ARM GAS  /tmp/ccNcs6i7.s 			page 15


 205      1BA8DB61 
 205      37C26E8A 
 205      81DDA2
 206 0232 C16EE1B0 		.ascii	"\301n\341\260+\246\277\372%\221\226\213\002\250>0z\302"
 206      2BA6BFFA 
 206      2591968B 
 206      02A83E30 
 206      7AC2
 207 0244 2C2AC98A 		.ascii	",*\311\212\323\351\360\315\356dZ!\236\005z\332\277I"
 207      D3E9F0CD 
 207      EE645A21 
 207      9E057ADA 
 207      BF49
 208 0256 326105F3 		.ascii	"2a\005\363p^\023\3235\177\270n9W9\222\341\004p\325\317"
 208      705E13D3 
 208      357FB86E 
 208      39573992 
 208      E10470D5 
 209 026b D3E341BB 		.ascii	"\323\343A\273\010!\341\264}\344\324\326$Q\214spZ\\^"
 209      0821E1B4 
 209      7DE4D4D6 
 209      24518C73 
 209      705A5C5E 
 210 027f FF990DA7 		.ascii	"\377\231\015\247\026AR\002\252\372G&\033LB\305V\370"
 210      16415202 
 210      AAFA4726 
 210      1B4C42C5 
 210      56F8
 211 0291 2EAAB66E 		.ascii	".\252\266n\356\334\235J\253x^\251\351\334\217kR\014"
 211      EEDC9D4A 
 211      AB785EA9 
 211      E9DC8F6B 
 211      520C
 212 02a3 C5F6F8E6 		.ascii	"\305\366\370\346\021\266\376v\004\021\212\256\337\242"
 212      11B6FE76 
 212      04118AAE 
 212      DFA2
 213 02b1 55827A0F 		.ascii	"U\202z\017\227g\221K\213\306\345\031T\236\026{{cb$`"
 213      9767914B 
 213      8BC6E519 
 213      549E167B 
 213      7B636224 
 214 02c6 A25F881C 		.ascii	"\242_\210\034{>\271\275)\325PnK\366\362r\353\300\034"
 214      7B3EB9BD 
 214      29D5506E 
 214      4BF6F272 
 214      EBC01C
 215 02d9 E7A239DA 		.ascii	"\347\2429\332a\326$\277\304Or\341\243s\277Y\3507\"\311"
 215      61D624BF 
 215      C44F72E1 
 215      A373BF59 
 215      E83722C9 
 216 02ed BE939D53 		.ascii	"\276\223\235S\206\232n[\270i\222-\344\"&9\037M\3221"
 216      869A6E5B 
 216      B869922D 
 216      E4222639 
 216      1F4DD231 
ARM GAS  /tmp/ccNcs6i7.s 			page 16


 217 0301 7B920BF1 		.ascii	"{\222\013\361\223L\236\037*\264\316\373\224yl,R\347"
 217      934C9E1F 
 217      2AB4CEFB 
 217      94796C2C 
 217      52E7
 218 0313 483C621B 		.ascii	"H<b\033>?\305\267\373W\230\207\327\223`\022\307x\374"
 218      3E3FC5B7 
 218      FB579887 
 218      D7936012 
 218      C778FC
 219 0326 E2A1504C 		.ascii	"\342\241PLM\343sCq\\\022\305\201\206\303%\215]\251\364"
 219      4DE37343 
 219      715C12C5 
 219      8186C325 
 219      8D5DA9F4 
 220 033a 03CA377F 		.ascii	"\003\3127\177K\177\371z3\337\351\346\310\346\037l\337"
 220      4B7FF97A 
 220      33DFE9E6 
 220      C8E61F6C 
 220      DF
 221 034b 3D207458 		.ascii	"= tXI\320)\266\377N\323\221:\252\227D\227\320\015\007"
 221      49D029B6 
 221      FF4ED391 
 221      3AAA9744 
 221      97D00D07 
 222 035f 0AD74A46 		.ascii	"\012\327JF\200\3151\000{8\300n\035`\323\336\232\036"
 222      80CD3100 
 222      7B38C06E 
 222      1D60D3DE 
 222      9A1E
 223 0371 3002EC89 		.ascii	"0\002\354\211\001\330\033\001\3301\270\177,\211\226"
 223      01D81B01 
 223      D831B87F 
 223      2C8996
 224 0380 CC0EB0F3 		.ascii	"\314\016\260\363\223\276\003\242b\361\204B\237\000S"
 224      93BE03A2 
 224      62F18442 
 224      9F0053
 225 038f 3EAA9EB1 		.ascii	">\252\236\261\353\000\377\020\272\232\256\015\353\355"
 225      EB00FF10 
 225      BA9AAE0D 
 225      EBED
 226 039d B3031CE0 		.ascii	"\263\003\034\340\000\373u\200;\277\276S\237h\0048\020"
 226      00FB7580 
 226      3BBFBE53 
 226      9F680438 
 226      10
 227 03ae 03F07204 		.ascii	"\003\360r\004`\341w\243\247R\351G\002\240~\020\346\212"
 227      60E177A3 
 227      A752E947 
 227      02A07E10 
 227      E68A
 228 03c0 83D070B9 		.ascii	"\203\320p\271\265\305&\316\205\312\273r\327\227e)\264"
 228      B5C526CE 
 228      85CABB72 
 228      D7976529 
 228      B4
ARM GAS  /tmp/ccNcs6i7.s 			page 17


 229 03d1 5AD87E57 		.ascii	"Z\330~W7\265\313\246c\024k\031P\373\352Sg\337\344k\034"
 229      37B5CBA6 
 229      63146B19 
 229      50FBEA53 
 229      67DFE46B 
 230 03e6 E2551D62 		.ascii	"\342U\035b\355\206\332\007\215\010\257\305 \374KGh)"
 230      ED86DA07 
 230      8D08AFC5 
 230      20FC4B47 
 230      6829
 231 03f8 BFD97B90 		.ascii	"\277\331{\220B\332B\034\213*xl\024\014\002Ch\374'\253"
 231      42DA421C 
 231      8B2A786C 
 231      140C0243 
 231      68FC27AB 
 232 040c B941ACCC 		.ascii	"\271A\254\314aHcE\0077\261\376F`!\334@\011\243\\\207"
 232      61486345 
 232      0737B1FE 
 232      466021DC 
 232      4009A35C 
 233 0421 85FCE5F0 		.ascii	"\205\374\345\360%K\024\034\277\272\264!\240\252k-\254"
 233      254B141C 
 233      BFBAB421 
 233      A0AA6B2D 
 233      AC
 234 0432 86A055F3 		.ascii	"\206\240U\363\213\024\357q\236:3=b\037\202\343\213\031"
 234      8B14EF71 
 234      9E3A333D 
 234      621F82E3 
 234      8B19
 235 0444 59F0FB4C 		.ascii	"Y\360\373LS9\236%\202\206+\361\203\006`\206-\326\010"
 235      53399E25 
 235      82862BF1 
 235      83066086 
 235      2DD608
 236 0457 FC1637AA 		.ascii	"\374\0267\2520\025'p\270\204\342[\216\031\021\355\360"
 236      30152770 
 236      B884E25B 
 236      8E1911ED 
 236      F0
 237 0468 69FBD65D 		.ascii	"i\373\326]\325q\330\236\246\361Q6+\037$.\031\254S\016"
 237      D571D89E 
 237      A6F15136 
 237      2B1F242E 
 237      19AC530E 
 238 047c 8487928D 		.ascii	"\204\207\222\215\364\217\032p\020\270\245\323OK\267"
 238      F48F1A70 
 238      10B8A5D3 
 238      4F4BB7
 239 048b 57D6D991 		.ascii	"W\326\331\221~\301=\332\362\\Q\3131\215\370\277\221"
 239      7EC13DDA 
 239      F25C51CB 
 239      318DF8BF 
 239      91
 240 049c F8F118B2 		.ascii	"\370\361\030\262[6=\264\275H\305\245b08\206\230\306"
 240      5B363DB4 
 240      BD48C5A5 
ARM GAS  /tmp/ccNcs6i7.s 			page 18


 240      62303886 
 240      98C6
 241 04ae E2132856 		.ascii	"\342\023(V:\366\031_\351\330=+\335\262\276\263!\231"
 241      3AF6195F 
 241      E9D83D2B 
 241      DDB2BEB3 
 241      2199
 242 04c0 F6F3AA93 		.ascii	"\366\363\252\223\266]\235\034\302\376\224&|\316o\262"
 242      B65D9D1C 
 242      C2FE9426 
 242      7CCE6FB2 
 243 04d0 309F298C 		.ascii	"0\237)\214;\021\355N,\004!q\341\302$\242\214\207\230"
 243      3B11ED4E 
 243      2C042171 
 243      E1C224A2 
 243      8C8798
 244 04e3 BD484F7F 		.ascii	"\275HO\177|>\246\351L\3050r[{#\335\346o\244\306#\207"
 244      7C3EA6E9 
 244      4CC53072 
 244      5B7B23DD 
 244      E66FA4C6 
 245 04f9 0E27F560 		.ascii	"\016'\365`\363`\007`\016\017\001\342\353\021\007\273"
 245      F3600760 
 245      0E0F01E2 
 245      EB1107BB 
 246 0509 88F9B43E 		.ascii	"\210\371\264>@\350\331'\250\370\323L\331Dw\201\210F"
 246      40E8D927 
 246      A8F8D34C 
 246      D9447781 
 246      8846
 247 051b D262487A 		.ascii	"\322bHz\\\376\323\002\2001\252x.\322\351C|\203\211\033"
 247      5CFED302 
 247      8031AA78 
 247      2ED2E943 
 247      7C83891B 
 248 052f 839F5049 		.ascii	"\203\237PI\321d\006\227{\260\222\310\343\010\250\350"
 248      D1640697 
 248      7BB092C8 
 248      E308A8E8 
 249 053f 224163AC 		.ascii	"\"Ac\254\266\271\264\315\326\213]\221\300k\204l\264"
 249      B6B9B4CD 
 249      D68B5D91 
 249      C06B846C 
 249      B4
 250 0550 7A786338 		.ascii	"zxc8\371\371\326\012\240a\321%\356\354\372\265*e\301"
 250      F9F9D60A 
 250      A061D125 
 250      EEECFAB5 
 250      2A65C1
 251 0563 3635D48B 		.ascii	"65\324\213\207\357\356\342[?\225\250!\334\227\247x\303"
 251      87EFEEE2 
 251      5B3F95A8 
 251      21DC97A7 
 251      78C3
 252 0575 C26FBDC8 		.ascii	"\302o\275\310\246M\263\2178\270\213\307\002\356`7%\240"
 252      A64DB38F 
 252      38B88BC7 
ARM GAS  /tmp/ccNcs6i7.s 			page 19


 252      02EE6037 
 252      25A0
 253 0587 4A0BD8D7 		.ascii	"J\013\330\327PE[\300L\017\232x\260\276\266\306cv-X\337"
 253      50455BC0 
 253      4C0F9A78 
 253      B0BEB6C6 
 253      63762D58 
 254 059c 0EAA5662 		.ascii	"\016\252Vb\2449\274\365~ E\002\341ml\240B\036\350Fe"
 254      A439BCF5 
 254      7E204502 
 254      E16D6CA0 
 254      421EE846 
 255 05b1 6F5182E6 		.ascii	"oQ\202\346;<H\253\325 ~_\341\353\223\275YZ\2430Zg\302"
 255      3B3C48AB 
 255      D5207E5F 
 255      E1EB93BD 
 255      595AA330 
 256 05c8 28E2DEE7 		.ascii	"(\342\336\347\216\256;f\321\274\257\314\2138\263\226"
 256      8EAE3B66 
 256      D1BCAFCC 
 256      8B38B396 
 257 05d8 7525EA7C 		.ascii	"u%\352|e\246\363\032\356\274q\375\344\224\225\036\025"
 257      65A6F31A 
 257      EEBC71FD 
 257      E494951E 
 257      15
 258 05e9 6B68BDF5 		.ascii	"kh\275\365\303\245D\3366\261\220\264\276\271s\242f\310"
 258      C3A544DE 
 258      36B190B4 
 258      BEB973A2 
 258      66C8
 259 05fb 6CEC9B6F 		.ascii	"l\354\233o<`h\233\245\022k\233%\222\3266?-\355\370\330"
 259      3C60689B 
 259      A5126B9B 
 259      2592D636 
 259      3F2DEDF8 
 260 0610 8A50B621 		.ascii	"\212P\266!\224\273\325\311\021,h\006\305Q\032\212g\322"
 260      94BBD5C9 
 260      112C6806 
 260      C5511A8A 
 260      67D2
 261 0622 50C6B19C 		.ascii	"P\306\261\234\030\352\015\331\037\336\256\206\202j\360"
 261      18EA0DD9 
 261      1FDEAE86 
 261      826AF0
 262 0631 F2E60790 		.ascii	"\362\346\007\220Aq\362\217\211UDz\010\341\232\327%\002"
 262      4171F28F 
 262      8955447A 
 262      08E19AD7 
 262      2502
 263 0643 6BA587C9 		.ascii	"k\245\207\3113r\256\317\343\222\375\271\336\002W\276"
 263      3372AECF 
 263      E392FDB9 
 263      DE0257BE 
 264 0653 9C95EB5E 		.ascii	"\234\225\353^\351^\256\024\344\270}\262\223\335\373"
 264      E95EAE14 
 264      E4B87DB2 
ARM GAS  /tmp/ccNcs6i7.s 			page 20


 264      93DDFB
 265 0662 FC994F3C 		.ascii	"\374\231O<.\373\374rnv\236\234\347^)\373\225|W\266\307"
 265      2EFBFC72 
 265      6E769E9C 
 265      E75E29FB 
 265      957C57B6 
 266 0677 2F7B0BF2 		.ascii	"/{\013\362\362\264\373\014\247\365\271\027_\231\237"
 266      F2B4FB0C 
 266      A7F5B917 
 266      5F999F
 267 0686 95994912 		.ascii	"\225\231I\022\035\216\002\267WY\352P\236\224\013\374"
 267      1D8E02B7 
 267      5759EA50 
 267      9E940BFC 
 268 0696 F9729ECF 		.ascii	"\371r\236\317\211~\331\371\236G\275>\257\353QW\366J"
 268      897ED9F9 
 268      9E47BD3E 
 268      AFEB5157 
 268      F64A
 269 06a8 B7ECF63A 		.ascii	"\267\354\366:\363\012r\\\262'\0333x]\262#\307\365fv"
 269      F30A725C 
 269      B2271B33 
 269      785DB223 
 269      C7F56676 
 270 06bc 419EE250 		.ascii	"A\236\342P\336[\355\362g\344\222\004-\204\374\217!\374"
 270      DE5BEDF2 
 270      67E49204 
 270      2D84FC8F 
 270      21FC
 271 06ce EFF96587 		.ascii	"\357\371e\207_\311A{\364\263\370\335\357\273\034\312"
 271      5FC9417B 
 271      F4B3F8DD 
 271      EFBB1CCA 
 272 06de 52831B43 		.ascii	"R\203\033C\274\312\351\234\341\376D\306\222\214\314"
 272      BCCAE99C 
 272      E1FE44C6 
 272      928CCC
 273 06ed 68102507 		.ascii	"h\020%\007\021\240?}\333\243\320\325\005\012.\002\003"
 273      11A03F7D 
 273      DBA3D0D5 
 273      050A2E02 
 273      03
 274 06fe 3EB6C4A1 		.ascii	">\266\304\241$h\377f\217\177\225CY\376\177R\345\364"
 274      2468FF66 
 274      8F7F9543 
 274      59FE7F52 
 274      E5F4
 275 0710 793C3EAF 		.ascii	"y<>\257\274\332\227\257\370\345\247\377\273,k\331\273"
 275      BCDA97AF 
 275      F8E5A7FF 
 275      BB2C6BD9 
 275      BB
 276 0721 4CB7DA9D 		.ascii	"L\267\332\235\347\312\367\313\317ee\241\275\276V\023"
 276      E7CAF7CB 
 276      CF6565A1 
 276      BDBE5613 
 277 0731 3298637E 		.ascii	"2\230c~'\337\255\270R^DJ\227sJ_]\3662]\345R\236\375"
ARM GAS  /tmp/ccNcs6i7.s 			page 21


 277      27DFADB8 
 277      525E444A 
 277      97734A5F 
 277      5DF6325D 
 278 0749 17F62697 		.ascii	"\027\366&\227\330\242q-<\221\377\337\210\353$f\006\335"
 278      D8A2712D 
 278      3C91FFDF 
 278      88EB2466 
 278      06DD
 279 075b 9FCA94FF 		.ascii	"\237\312\224\377Y\371\226\313\251\274\340u+\377\003"
 279      59F996CB 
 279      A9BCE075 
 279      2BFF03
 280 076a 38D53147 		.ascii	"8\3251G"
 281              		.text
 282              		.section	.gnu.lto_.symtab.44835cb0e01b4403,"",%progbits
 283 0000 6E756C6C 		.ascii	"nullObjectInit\000"
 283      4F626A65 
 283      6374496E 
 283      697400
 284 000f 00       		.ascii	"\000"
 285 0010 00       		.ascii	"\000"
 286 0011 00       		.ascii	"\000"
 287 0012 00000000 		.ascii	"\000\000\000\000\000\000\000\000"
 287      00000000 
 288 001a 08010000 		.ascii	"\010\001\000\000"
 289              		.text
 290              		.section	.gnu.lto_.opts,"",%progbits
 291 0000 272D666D 		.ascii	"'-fmath-errno' '-fsigned-zeros' '-ftrapping-math' '"
 291      6174682D 
 291      6572726E 
 291      6F272027 
 291      2D667369 
 292 0033 2D666E6F 		.ascii	"-fno-trapv' '-fno-openmp' '-fno-openacc' '-mcpu=cor"
 292      2D747261 
 292      70762720 
 292      272D666E 
 292      6F2D6F70 
 293 0066 7465782D 		.ascii	"tex-m7' '-mno-thumb-interwork' '-mthumb' '-O2' '-fo"
 293      6D372720 
 293      272D6D6E 
 293      6F2D7468 
 293      756D622D 
 294 0099 6D69742D 		.ascii	"mit-frame-pointer' '-falign-functions=16' '-ffuncti"
 294      6672616D 
 294      652D706F 
 294      696E7465 
 294      72272027 
 295 00cc 6F6E2D73 		.ascii	"on-sections' '-fdata-sections' '-fno-common' '-flto"
 295      65637469 
 295      6F6E7327 
 295      20272D66 
 295      64617461 
 296 00ff 2700     		.ascii	"'\000"
 297              		.text
 298              		.comm	__gnu_lto_v1,1,1
 299              		.comm	__gnu_lto_slim,1,1
ARM GAS  /tmp/ccNcs6i7.s 			page 22


 300              		.ident	"GCC: (GNU Tools for Arm Embedded Processors 7-2017-q4-major) 7.2.1 20170904 (release) [ARM
ARM GAS  /tmp/ccNcs6i7.s 			page 23


DEFINED SYMBOLS
                            *ABS*:0000000000000000 nullstreams.c
                            *COM*:0000000000000001 __gnu_lto_v1
                            *COM*:0000000000000001 __gnu_lto_slim

NO UNDEFINED SYMBOLS
