ARM GAS  /tmp/ccUPoRHt.s 			page 1


   1              		.cpu cortex-m7
   2              		.eabi_attribute 20, 1
   3              		.eabi_attribute 21, 1
   4              		.eabi_attribute 23, 3
   5              		.eabi_attribute 24, 1
   6              		.eabi_attribute 25, 1
   7              		.eabi_attribute 26, 1
   8              		.eabi_attribute 30, 2
   9              		.eabi_attribute 34, 1
  10              		.eabi_attribute 18, 4
  11              		.file	"nvic.c"
  12              		.section	.gnu.lto_.profile.9f463d9d3b13d175,"",%progbits
  13 0000 789C6363 		.ascii	"x\234cc```\001bF\006)1\000\000\302\000<"
  13      60606001 
  13      62460629 
  13      310000C2 
  13      003C
  14              		.text
  15              		.section	.gnu.lto_.icf.9f463d9d3b13d175,"",%progbits
  16 0000 789C6363 		.ascii	"x\234cc``\220b@\000\026\206\275\363\367\254\345f\274"
  16      60609062 
  16      40001686 
  16      BDF3F7AC 
  16      E566BC
  17 0013 F2EDD274 		.ascii	"\362\355\322tF\246\023\247\377?\346b\236\274\375\365"
  17      46A613A7 
  17      FF3FE662 
  17      9EBCFDF5 
  18 0023 22760600 		.ascii	"\"v\006\000\253&\014\214"
  18      AB260C8C 
  19              		.text
  20              		.section	.gnu.lto_.jmpfuncs.9f463d9d3b13d175,"",%progbits
  21 0000 789C6363 		.ascii	"x\234cc``\320a@\000\026\006&FF\346\3729\314\014 \314"
  21      6060D061 
  21      40001606 
  21      264646E6 
  21      FA39CC0C 
  22 0016 0804209A 		.ascii	"\010\004 \232\011Y\220\031*\310\000\000\237-\007\005"
  22      09599019 
  22      2AC80000 
  22      9F2D0705 
  23              		.text
  24              		.section	.gnu.lto_.inline.9f463d9d3b13d175,"",%progbits
  25 0000 789C4D8C 		.ascii	"x\234M\214\321\021\2000\014B!\215i\364\307\021\352\004"
  25      D1118030 
  25      0C42218D 
  25      69F4C711 
  25      EA04
  26 0012 2ED9453A 		.ascii	".\331E:\222\2438\202\261\236U>\270\343\036`\000*>)\260"
  26      92A33882 
  26      B19E553E 
  26      B8E31E60 
  26      002A3E29 
  27 0027 CC146E8C 		.ascii	"\314\024n\214p\233\332\271\303Z\021\310\261*\"y\020"
  27      709BDAB9 
  27      C35A11C8 
  27      B12A2279 
ARM GAS  /tmp/ccUPoRHt.s 			page 2


  27      10
  28 0038 07E199EC 		.ascii	"\007\341\231\354\225\244\255<\225\240\332O\004\223\222"
  28      95A4AD3C 
  28      95A0DA4F 
  28      049392
  29 0047 FD25C5EE 		.ascii	"\375%\305\356w\020J\310\366N\007\034S\\\2260\015\244"
  29      77104AC8 
  29      F64E071C 
  29      535C9630 
  29      0DA4
  30              		.text
  31              		.section	.gnu.lto_.pureconst.9f463d9d3b13d175,"",%progbits
  32 0000 789C6363 		.ascii	"x\234cc``\340\004b\026\006)F)&)f)\000\002\304\000\202"
  32      6060E004 
  32      62160629 
  32      46292629 
  32      66290002 
  33              		.text
  34              		.section	.gnu.lto_nvicEnableVector.9f463d9d3b13d175,"",%progbits
  35 0000 789C9D53 		.ascii	"x\234\235S\337K\024Q\024\276\337\334\231\331m[\367="
  35      DF4B1451 
  35      14BEDFDC 
  35      99D96D5B 
  35      F73D
  36 0012 92F22110 		.ascii	"\222\362!\020_\272\354K=\207\024!\330C\375\005\266\011"
  36      5FBAEC4B 
  36      3D871421 
  36      D843FD05 
  36      B609
  37 0024 BBA03BA2 		.ascii	"\273\240;\242&\276yw\327V\255}\020\374\005\313\024+"
  37      26BE7977 
  37      D756AD7D 
  37      10FC05CB 
  37      142B
  38 0036 AD25846D 		.ascii	"\255%\204m\242V\232\325\264\255\251DE\"\275\247R`$\346"
  38      A2569AD5 
  38      B4ADA944 
  38      4522BDA7 
  38      526024E6 
  39 004a 53815AE7 		.ascii	"S\201Z\347\316,\024T\017u\341\3369?\276s\316\367\315"
  39      CE2C1454 
  39      0F75E1DE 
  39      393FBE73 
  39      CEF7CD
  40 005d 9D311963 		.ascii	"\2351\031cu\234\261s\364<L\033\234A\353\177\315X\302"
  40      759CB173 
  40      F43C4C1B 
  40      9C41EB7F 
  40      CD58C2
  41 0070 AF01CA90 		.ascii	"\257\001\312\220~\260.\015]\310\360A\216b\317\207Y\255"
  41      7EB02E0D 
  41      5DC8F041 
  41      8E62CF87 
  41      59AD
  42 0082 E6B6A4E5 		.ascii	"\346\266\244\345\214\354\034\222\343\016l*\037\246\255"
  42      8CEC1C92 
  42      E30E6C2A 
ARM GAS  /tmp/ccUPoRHt.s 			page 3


  42      1FA6AD
  43 0091 16A65043 		.ascii	"\026\246PC\250\267\335\367l~\215\333\034\320\311\375"
  43      A8B7DDF7 
  43      6C7E8DDB 
  43      1CD0C9FD 
  44 00a1 F22ABB1E 		.ascii	"\362*\273\036R\256\206*r\367\344\340p\210\237\005#{"
  44      52AE862A 
  44      72F7E4E0 
  44      70889F05 
  44      237B
  45 00b3 E3E5CD7E 		.ascii	"\343\345\315~_\365\230\224I\351\224\362\\\036\2639\307"
  45      5FF59894 
  45      49E994F2 
  45      5C1EB339 
  45      C7
  46 00c4 7D706A88 		.ascii	"}pj\210\031Tb\032\225\214B\014\017PM\360;\311\217\237"
  46      1954621A 
  46      958C420C 
  46      0F504DF0 
  46      3BC98F9F 
  47 00d8 39AF734B 		.ascii	"9\257sK\327\226\336\017\032\345\322\215\261r\351\303"
  47      D796DE0F 
  47      1AE5D28D 
  47      B172E9C3 
  48 00e8 3F94CEA2 		.ascii	"?\224\316\242\332\305O\356\017U\230\272\307\025s0\031"
  48      DAC54FEE 
  48      0F5598BA 
  48      C7157330 
  48      19
  49 00f9 C828AC18 		.ascii	"\310(\254\030\216\334\377\336#\235\325[\0309\023\004"
  49      8EDCFFDE 
  49      239DD55B 
  49      18391304 
  50 0109 D5E89A3A 		.ascii	"\325\350\232:8\035\206\256\016\203\016\323\204j\344"
  50      381D86AE 
  50      0E830ED3 
  50      846AE4
  51 0118 8762C258 		.ascii	"\207b\302X/5\241\267#\035\326\3075e\245\034\266\211"
  51      2F35A1B7 
  51      231DD6C7 
  51      3565A51C 
  51      B689
  52 012a E44ECF5E 		.ascii	"\344N\317^!\240zg9\262\334\244Pj;\015/\240Q\354\327"
  52      21A07A67 
  52      39B2DCA4 
  52      506A3B0D 
  52      2FA051EC 
  53 013f 776342C7 		.ascii	"wcB\307#\342\270\211\342\352\325o\\\201(=|\245\370\306"
  53      23E2B889 
  53      E2EAD56F 
  53      5C81283D 
  53      7CA5F8C6 
  54 0153 A7D23E57 		.ascii	"\247\322>W\344\364\350\326\327\240\347\312bJ\206(4\365"
  54      E4F4E8D6 
  54      D7A0E7CA 
  54      624A8628 
  54      34F5
ARM GAS  /tmp/ccUPoRHt.s 			page 4


  55 0165 6960DD97 		.ascii	"i`\335\227\303\215\004\335A\356\210\315\375xLj\347\251"
  55      C38D04DD 
  55      41EE88CD 
  55      FD784C6A 
  55      E7A9
  56 0177 932A58C8 		.ascii	"\223*X\310$F\003bBv'd\225\315\017\340\011r\030ro\207"
  56      24460362 
  56      42762764 
  56      95CD0FE0 
  56      09721872 
  57 018d 92EF5666 		.ascii	"\222\357Vf\246B\341\202J\346\3426\017\340)D\226\373"
  57      A642E182 
  57      4AE6E236 
  57      0FE02944 
  57      96FB
  58 019f DD9B7310 		.ascii	"\335\233s\020&\216\212\361n\372\372\344\270\346\221"
  58      268E8AF1 
  58      6EFAFAE4 
  58      B8E691
  59 01ae E694A6C2 		.ascii	"\346\224\246\302\201\374\335\331\012E\303\300Q<sI\247"
  59      81FCDDD9 
  59      0A45C3C0 
  59      513C7349 
  59      A7
  60 01bf 76D27D86 		.ascii	"v\322}\206\007\322=\320r~n7\350)3P\364@\333\351e\237"
  60      07D23DD0 
  60      727E6E37 
  60      E8293350 
  60      F440DBE9 
  61 01d5 0732949A 		.ascii	"\0072\224\232\322b\332\357!\200\347\250\244\376e\371"
  61      D262DAEF 
  61      2180E7A8 
  61      A4FE65F9 
  62 01e5 4659FEBF 		.ascii	"FY\376\277\210;\210\222+\016\277\213\353\260y\020\013"
  62      883B8892 
  62      2B0EBF8B 
  62      EBB07910 
  62      0B
  63 01f6 4A9CEE8A 		.ascii	"J\234\356\212{\241\304\031\336\254\211\311y\374\327"
  63      7BA1C419 
  63      DEAC89C9 
  63      79FCD7
  64 0205 B445779A 		.ascii	"\264Ew\232\366\227iK?\247-{\323\266\220\314\0252\356"
  64      F697694B 
  64      3FA72D7B 
  64      D3B690CC 
  64      1532EE
  65 0218 2CF7E7E8 		.ascii	",\367\347\350%\246\364\245P\203\323\"j57\212\206\246"
  65      25A6F4A5 
  65      5083D322 
  65      6A35378A 
  65      86A6
  66 022a C64E511B 		.ascii	"\306NQ\033\215]\214]h\277|)f\211\210\262\255\266\360"
  66      8D5D8C5D 
  66      68BF7C29 
  66      668988B2 
  66      ADB6F0
ARM GAS  /tmp/ccUPoRHt.s 			page 5


  67 023d C9134258 		.ascii	"\311\023BXm\"\332\320$Z\254\326\3666\021\261\232\233"
  67      6D22DAD0 
  67      245AACD6 
  67      F63611B1 
  67      9A9B
  68 024f ADB83875 		.ascii	"\255\2708u\276\276\266\276S\304;b\221\343\021\206\270"
  68      BEBEB6BE 
  68      53C43B62 
  68      91E31186 
  68      B8
  69 0260 DED21AB3 		.ascii	"\336\322\032\263~\000\233\341%+"
  69      7E009BE1 
  69      252B
  70              		.text
  71              		.section	.gnu.lto_nvicDisableVector.9f463d9d3b13d175,"",%progbits
  72 0000 789C9551 		.ascii	"x\234\225QMkSA\024\235\363\356K^\354G\326\202A\273\020"
  72      4D6B5341 
  72      149DF3EE 
  72      4B5EEC47 
  72      D68241BB 
  73 0015 4A370ED9 		.ascii	"J7\016\331\350Z\212\242\213n\364\027\324XH\260\311\023"
  73      E85A8AA2 
  73      8B6EF417 
  73      D45848B0 
  73      C913
  74 0027 534B779D 		.ascii	"SKw\2354\355\353\207\025\012m#\204\207\244\030\261 "
  74      34EDEB87 
  74      150A6D23 
  74      8487A418 
  74      B120
  75 0039 5A25A99A 		.ascii	"Z%\251\232\372\365\214\025)Z\305\242\376\000S\212(\024"
  75      FAF58C15 
  75      295AC5A2 
  75      FE00538A 
  75      2814
  76 004b 952E146A 		.ascii	"\225.\024j\365\316{.\004W^\230\231{g\316\275\347\314"
  76      F5CE7B2E 
  76      04575E98 
  76      997B67CE 
  76      BDE7CC
  77 005e BD6121C4 		.ascii	"\275a!\304\031C\210\343|\356\341\005\0220\246^\011\221"
  77      194388E3 
  77      7CEEE105 
  77      1230A65E 
  77      0991
  78 0070 8B188076 		.ascii	"\213\030\200vT\004b\320\300 &i\206P\037\335\250\031"
  78      540462D0 
  78      C0202669 
  78      86501FDD 
  78      A819
  79 0082 1DD7149B 		.ascii	"\035\327\024\233w\251\032v\324\310n\227\204(\360\322"
  79      77A91A76 
  79      D4C86E97 
  79      8428F0D2 
  80 0092 860A3A18 		.ascii	"\206\012:\030\365f\370\226K\027\310%\300\344\360\353"
  80      F566F896 
  80      4B17C825 
ARM GAS  /tmp/ccUPoRHt.s 			page 6


  80      C0E4F0EB 
  81 00a2 6AB111D5 		.ascii	"j\261\021\325\241\2016\016\177\252\231B\224\216A\260"
  81      A181360E 
  81      7FAA9942 
  81      948E41B0 
  82 00b2 BFFEE2CA 		.ascii	"\277\376\342\312\224\325~U\251!\345\275,\223\332\357"
  82      94D57E55 
  82      A921E5BD 
  82      2C93DAEF 
  83 00c2 12E10E88 		.ascii	"\022\341\016\210\013b\0211T\021\023|%p\027\355\032\377"
  83      0B621131 
  83      5411137C 
  83      257017ED 
  83      1AFF
  84 00d4 E1F6CE6C 		.ascii	"\341\366\316lk\330\014\010q\017a\001v\026\326B\236\332"
  84      6BD80C08 
  84      710F6101 
  84      7616D642 
  84      9EDA
  85 00e6 F935AABC 		.ascii	"\3715\252\274\3652\336\035e\305.\231\206\336\210\267"
  85      F532DE1D 
  85      65C52E99 
  85      86DE88B7 
  86 00f6 90093F5D 		.ascii	"\220\011?]\214q\022\177Iyb\234\014\355\345=\361\011"
  86      8C71127F 
  86      4979629C 
  86      0CEDE53D 
  86      F109
  87 0108 F96D67B5 		.ascii	"\371mg\2652o\350bEB\221\264\342\351\362\315Z\253Vlb"
  87      326FE862 
  87      454291B4 
  87      E2E9F2CD 
  87      5AAB566C 
  88 011d 1F6AAC81 		.ascii	"\037j\254\201a\337\234\361P\0002\002\320Jyi\273E\203"
  88      61DF9CF1 
  88      50003202 
  88      D04A7969 
  88      BB4583
  89 0130 42086129 		.ascii	"B\010a)\000}qV\254\000\244\273U]~\356D\002\004p\037"
  89      007D7156 
  89      AC00A4BB 
  89      555D7EEE 
  89      44020470 
  90 0145 31AECFA0 		.ascii	"1\256\317\240\372\333\211\037~%F\024F\352\257-\215\010"
  90      FADB891F 
  90      7E254614 
  90      46EAAF2D 
  90      8D08
  91 0157 FBEDA8CE 		.ascii	"\373\355\250\316m~o\011BU\317\253(_U>O7\254\022.\347"
  91      6D7E6F09 
  91      4255CFAB 
  91      285F553E 
  91      4F37AC12 
  92 016d B8E5A5BD 		.ascii	"\270\345\245\275.Yx\310}y\300t:\341\331dn\256I\336P"
  92      2E5978C8 
  92      7D79C074 
  92      3AE1D964 
ARM GAS  /tmp/ccUPoRHt.s 			page 7


  92      6EAE49DE 
  93 0182 C339D5E6 		.ascii	"\3039\325\346R\004\217P\302\254?\014~|\277\266X\211"
  93      52048F50 
  93      C2AC3F0C 
  93      7E7CBFB6 
  93      5889
  94 0194 C617F463 		.ascii	"\306\027\364c\251\337\245]x\014\311\352\375Ay\210\263"
  94      A9DFA55D 
  94      780CC9EA 
  94      FD417988 
  94      B3
  95 01a5 46AD66EB 		.ascii	"F\255f\353\343|\303\372#\347\177\310\232\360\304'\303"
  95      E37CC3FA 
  95      23E77FC8 
  95      9AF0C427 
  95      C3
  96 01b6 BF641997 		.ascii	"\277d\031\227\232Q\327d\246O\366\024\361\277\377\332"
  96      9A51D764 
  96      A64FF614 
  96      F1BFFFDA 
  97 01c6 0C8165AE 		.ascii	"\014\201e\256\271\211\241\322\365\213\360\307\250m\214"
  97      B989A1D2 
  97      F58BF0C7 
  97      A86D8C
  98 01d5 6BF15458 		.ascii	"k\361TX\340\021\231\264\323=\262\273\267g@v&S\247R'"
  98      E01199B4 
  98      D33DB2BB 
  98      B7674076 
  98      2653A752 
  99 01ea FBCE9F4E 		.ascii	"\373\316\237N\3312\241};\033?tPJ;+\223\335\275\362\254"
  99      D932A17D 
  99      3B1B3F74 
  99      504A3B2B 
  99      93DDBDF2 
 100 01ff 7DAE2F2B 		.ascii	"}\256/+\023v:mg\344\341\023]\235]\0032\323\237J\034"
 100      13763A6D 
 100      67E4E113 
 100      5D9D5D03 
 100      32D39F4A 
 101 0214 4808647E 		.ascii	"H\010d~\003\"c\337\011"
 101      032263DF 
 101      09
 102              		.text
 103              		.section	.gnu.lto_nvicSetSystemHandlerPriority.9f463d9d3b13d175,"",%progbits
 104 0000 789C6D51 		.ascii	"x\234mQKkSQ\020\236\357Nn\022\005\353\266h\027]\010"
 104      4B6B5351 
 104      109EEF4E 
 104      6E1205EB 
 104      B668175D 
 105 0015 A11B0FD9 		.ascii	"\241\033\017\331\350Z\212\320MA\324?\020\323@\002In"
 105      E85A8AD0 
 105      4D41D43F 
 105      10D34002 
 105      496E
 106 0027 49AA74D7 		.ascii	"I\252t\327\223\244mj\025\021M[\011\027\271\233R\213"
 106      93A46D6A 
 106      15114D5B 
ARM GAS  /tmp/ccUPoRHt.s 			page 8


 106      0917B99B 
 106      528B
 107 0039 942AF515 		.ascii	"\224*\365\025\033\353%+7>Z\304EW\276P\014(\332f\341"
 107      1BEB252B 
 107      373E5AC4 
 107      4557BE50 
 107      0C28DA66 
 108 004e AA3AE71A 		.ascii	"\252:\347\032\301\205\007\346\234y}s\276\231\011\023"
 108      C18507E6 
 108      9C797D73 
 108      BE990913 
 109 005e D12E88CE 		.ascii	"\321.\210\316\312{X\004L\260\256\276 *E-\300(:\012\232"
 109      CA7B5804 
 109      4CB0AEBE 
 109      202A452D 
 109      C0283A0A 
 110 0073 B03081CB 		.ascii	"\2600\201\313\\c\264\252\237\032\326\300\222\226\343"
 110      5C63B4AA 
 110      9F1AD6C0 
 110      9296E3
 111 0082 2F74C2D3 		.ascii	"/t\302\323z\252\327e\242y\021s\260\206\001\311\332\234"
 111      7AAAD765 
 111      A2791173 
 111      B08601C9 
 111      DA9C
 112 0094 BCE3F225 		.ascii	"\274\343\362%v\031\010\211\371\343y\375C\2171-\364\213"
 112      76190889 
 112      F9E379FD 
 112      438F312D 
 112      F48B
 113 00a6 59B9BED1 		.ascii	"Y\271\276\321\214\362\020H\364\255\265\033C\261E\255"
 113      8CF21048 
 113      F4ADB51B 
 113      43B145AD 
 114 00b6 CBDAFFB8 		.ascii	"\313\332\377\270\310\372\210\313\214\007`\251\207\373"
 114      C8FA88CB 
 114      8C0760A9 
 114      87FB
 115 00c4 E8C33DF4 		.ascii	"\350\303=\364\221\270\010\017\021\223\354\333\345\317"
 115      91B8080F 
 115      1193ECDB 
 115      E5CF
 116 00d2 5F994F05 		.ascii	"_\231O\005\310\367\317\336\325\354.\264\263\324\205"
 116      C8F7CFDE 
 116      D5EC2EB4 
 116      B3D485
 117 00e1 3EFA0FB4 		.ascii	">\372\017\264\201X\220\177wo\356@8\344\375e\213\307"
 117      8158907F 
 117      776FEE40 
 117      38E4FD65 
 117      8BC7
 118 00f3 0893744E 		.ascii	"\010\223tN\253[\266\257\367~U\205A\357\366n4\002\201"
 118      AB5BB6AF 
 118      F77E5585 
 118      41EFF66E 
 118      340281
 119 0106 852C7309 		.ascii	"\205,s\011}\001\3330\277\023\315\010J\006\242}\272\310"
ARM GAS  /tmp/ccUPoRHt.s 			page 9


 119      7D01DB30 
 119      BF13CD08 
 119      4A06A27D 
 119      BAC8
 120 0118 96D12A3E 		.ascii	"\226\321*>\265Q\336\251\2564\336\302T\2533\352\362a"
 120      B551DEA9 
 120      AE34DEC2 
 120      54AB33EA 
 120      F261
 121 012a 1B95EFD3 		.ascii	"\033\225\357\323]\207%\276\177\347a#\204u!\326F\353"
 121      5D8725BE 
 121      7FE76123 
 121      847521D6 
 121      46EB
 122 013c F5EC17DB 		.ascii	"\365\354\027\333$Ix~\252\3652b\302\341\240\263R\243"
 122      2449787E 
 122      AAF53262 
 122      C2E1A0B3 
 122      52A3
 123 014e 59B3FF98 		.ascii	"Y\263\377\230z\273\242{\304\325\336\354\274\262=\334"
 123      7ABBA27B 
 123      C4D5DEEC 
 123      BCB23DDC 
 124 015e 2CC9DCBD 		.ascii	",\311\334\275C.G\360DZlJ%\003\2706\273\274\274_\255"
 124      432E47F0 
 124      445A6C4A 
 124      2503B836 
 124      BBBCBC5F 
 125 0173 E8C992EE 		.ascii	"\350\311\222\356w9\212\015x\230\0136\"\3017\267~.\034"
 125      77398A0D 
 125      78980B36 
 125      22C137B7 
 125      7E2E1C
 126 0186 8CAF9AA0 		.ascii	"\214\257\232\240Wpy\037\236B\325\331\016\266\345#.\034"
 126      5770791F 
 126      9E42D5D9 
 126      0EB6E523 
 126      2E1C
 127 0198 E91BCADE 		.ascii	"\351\033\312\336\372\225\200r\260\305\031\206\351\317"
 127      FA958072 
 127      B0C51986 
 127      E9CF
 128 01a6 223AA9D2 		.ascii	"\":\251\322N.\245\022\331\324\270\032Lg\316e\316\214"
 128      4E2EA512 
 128      D9D4B81A 
 128      4C67CE65 
 128      CE8C
 129 01b8 9D1FC938 		.ascii	"\235\037\3118*it\247\030?~L)\247\250\322\211\254\032"
 129      2A6974A7 
 129      183F7E4C 
 129      29A7A8D2 
 129      89AC1A
 130 01cb 750A6345 		.ascii	"u\012cE\225tr9'\257N\234\036\036\034\036W\371\013\231"
 130      95747239 
 130      27AF4E9C 
 130      1E1E1C1E 
 130      57F90B99 
ARM GAS  /tmp/ccUPoRHt.s 			page 10


 131 01df E4D12445 		.ascii	"\344\321$E\322\211\374H6U\010\215\0262\316o$(\274z"
 131      D289FC48 
 131      3655088D 
 131      1632CE6F 
 131      2428BC7A 
 132              		.text
 133              		.section	.gnu.lto_nvicClearPending.9f463d9d3b13d175,"",%progbits
 134 0000 789C3551 		.ascii	"x\2345Q\317k\023A\024~\337\314n6J\233\263`\320\036\204"
 134      CF6B1341 
 134      147EDFCC 
 134      6E364A9B 
 134      B360D01E 
 135 0015 5204875C 		.ascii	"R\004\207\\\364,E\324C/\372\027\324XH\240\311\212\251"
 135      F42C45D4 
 135      432FFA17 
 135      D45848A0 
 135      C98AA9
 136 0028 A5B74E92 		.ascii	"\245\267N\2226i\265`\241m\204\260\310\226F\304\203V"
 136      3669B560 
 136      A16D84B0 
 136      C89646C4 
 136      8356
 137 003a 49AB26F5 		.ascii	"I\253&\365\307\022\364 \242\322\"\236<Y\021T(\266 x"
 137      C712F420 
 137      A2D2229E 
 137      3C591154 
 137      28B62078 
 138 004e 68AB6F76 		.ascii	"h\253ov\361\301\314\274\367\315\373\336|\363^\214\210"
 138      F1C1CCBC 
 138      F7CDFBDE 
 138      7CF35E8C 
 138      88
 139 005f 7E83E83C 		.ascii	"~\203\350<\237\207yA\022\304\354{\242b\\\000\306\321"
 139      9F877941 
 139      12C4EC7B 
 139      A2625C00 
 139      C6D1
 140 0071 71D0B8C0 		.ascii	"q\320\270\3008f\344\274D\247\372\255%\372\356j\266\340"
 140      3866E4BC 
 140      44A7FAAD 
 140      25FAEE6A 
 140      B6E0
 141 0083 56DBA9E8 		.ascii	"V\333\251\350\311C\236$\252\3612\206&\3728k}\342\241"
 141      C9439E24 
 141      AAF13286 
 141      26FA386B 
 141      7DE2A1
 142 0096 276F484F 		.ascii	"'oHO\002\026\207\333\357\352\233\011\023\012\364p\270"
 142      021687DB 
 142      EFEA9B09 
 142      130AF470 
 142      B8
 143 00a7 A7E76B09 		.ascii	"\247\347k\011y\016\304\376\327\267K\263N\357\035\255"
 143      790EC4FE 
 143      D7B74BB3 
 143      4EEF1DAD 
 144 00b7 4B3A78D5 		.ascii	"K:x\325\220\372\230'%\036CrA\254\"\211\025$\211!\302"
ARM GAS  /tmp/ccUPoRHt.s 			page 11


 144      90FA9827 
 144      251E4372 
 144      41AC2289 
 144      15248921 
 145 00cc 13F49AFC 		.ascii	"\023\364\232\374/\217\366\027\272cV\364 \236\"F,\236"
 145      2F8FF617 
 145      BA6356F4 
 145      209E2246 
 145      2C9E
 146 00de 9637EC40 		.ascii	"\2267\354@\357\377\255\352\340s\003\353gY\261'-\301"
 146      EFFFADEA 
 146      E07303EB 
 146      6759B127 
 146      2DC1
 147 00f0 9B2D8D67 		.ascii	"\233-\215g\231\315FX\203\246\230\311\377\322\001MKa"
 147      99CD4658 
 147      83A698C9 
 147      FFD2014D 
 147      4B61
 148 0102 BC72403F 		.ascii	"\274r@?P\336\255\354\255\371\302T\254K\324\245\315o"
 148      50DEADEC 
 148      ADF9C254 
 148      AC4BD4A5 
 148      CD6F
 149 0114 CD351EB4 		.ascii	"\3155\036\264\272\215l\013G\321b!\234\366\253r\317\211"
 149      BA8D6C0B 
 149      47D16221 
 149      9CF6AB72 
 149      CF89
 150 0126 92048E27 		.ascii	"\222\004\216'9\325\200;\225i;\002e\304|\323h\357v\031"
 150      39D5803B 
 150      95693B02 
 150      65C47CD3 
 150      68EF7619 
 151 013a A60D1BED 		.ascii	"\246\015\033\355\220Y\332\251\376gZLf\244\363\361\372"
 151      9059DAA9 
 151      FE675A4C 
 151      66A4F3F1 
 151      FA
 152 014b F790C684 		.ascii	"\367\220\306\204\332d\347\203c\010\261\260++\213[\177"
 152      DA64E783 
 152      6308B1B0 
 152      2B2B8B5B 
 152      7F
 153 015c BAA25077 		.ascii	"\272\242Pw\312:\301P\363\347\334\246\343\343v\221;\357"
 153      CA3AC150 
 153      F3E7DCA6 
 153      E3E37691 
 153      3BEF
 154 016e 1FF1A483 		.ascii	"\037\361\244\203g\334\2365\256m\010\257g\212\213\007"
 154      67DC9E35 
 154      AE6D08AF 
 154      678A8B07 
 155 017e D57D3D51 		.ascii	"\325}=Q\324=\236\214\3439|,\2043\341\313O\033\253\315"
 155      D43D9E8C 
 155      E3397C2C 
 155      8433E1CB 
ARM GAS  /tmp/ccUPoRHt.s 			page 12


 155      4F1BABCD 
 156 0192 446AD95C 		.ascii	"Dj\331\\\372\243\236<\200\027P,5\234\327K\244X\020m"
 156      FAA39E3C 
 156      8017502C 
 156      359CD74B 
 156      A458106D 
 157 01a6 A1E42FDD 		.ascii	"\241\344/\335D\330PcS\3741n\215 :\2432nnH\015\016\017"
 157      44D85063 
 157      53FC316E 
 157      8D203AA3 
 157      326E6E48 
 158 01bd 8DA9FE4C 		.ascii	"\215\251\376L\366R\366\342\310\265\313YW\245\215\357"
 158      F652F6E2 
 158      C8B5CB59 
 158      57A58DEF 
 159 01cd 1652A74E 		.ascii	"\026R\247N*\345\026TfpX]q\257\216\024T\332\315\345\334"
 159      2AE51654 
 159      6670585D 
 159      71AF8E14 
 159      54DACDE5 
 160 01e2 BC3A7D61 		.ascii	"\274:}a\240\177`L\345G\263\351\023iB\376\037\341&\267"
 160      A07F604C 
 160      E547B3E9 
 160      136942FE 
 160      1FE126B7 
 161 01f6 AD       		.ascii	"\255"
 162              		.text
 163              		.section	.gnu.lto_.symbol_nodes.9f463d9d3b13d175,"",%progbits
 164 0000 789C6363 		.ascii	"x\234cc``\360\002b\006\246yL\365\014\014\023\31610\000"
 164      6060F002 
 164      6206A679 
 164      4CF50C0C 
 164      13CE3130 
 165 0015 A95D0D8E 		.ascii	"\251]\015\216@\221\371L\365\214\250\"\013\230\352\231"
 165      4091F94C 
 165      F58CA822 
 165      0B98EA99 
 166 0025 50451632 		.ascii	"PE\0262\3253\243\2100\000\000\277\326\022A"
 166      D533A388 
 166      300000BF 
 166      D61241
 167              		.text
 168              		.section	.gnu.lto_.refs.9f463d9d3b13d175,"",%progbits
 169 0000 789C6363 		.ascii	"x\234cc```\004b\006\000\000D\000\010"
 169      60606004 
 169      62060000 
 169      440008
 170              		.text
 171              		.section	.gnu.lto_.decls.9f463d9d3b13d175,"",%progbits
 172 0000 789CDD59 		.ascii	"x\234\335YiPUI\226~y\363\001\217\335F\242\247\246\207"
 172      69505549 
 172      967E79F3 
 172      018FDD46 
 172      A2A7A687 
 173 0014 8EAEAEB1 		.ascii	"\216\256\256\261\243\210\211i\237\226=e\305\304\304"
 173      A3888969 
 173      9F963D65 
ARM GAS  /tmp/ccUPoRHt.s 			page 13


 173      C5C4C4
 174 0023 4C510F1D 		.ascii	"LQ\017\035\231({\010P\273g~\014M!=R\241\320\0018Q\325"
 174      99287B08 
 174      50BB677E 
 174      0C4D213D 
 174      52A1D001 
 175 003a 33517515 		.ascii	"3Qu\025P\026\027P\004\331\004\001E6\021Y\\\020y\200"
 175      50161750 
 175      04D90401 
 175      45361159 
 175      5C107980 
 176 004e 2C8280B2 		.ascii	",\202\200\262)\312&\262\211\200,*\212\010sr\271\274"
 176      29CA26B2 
 176      89802C2A 
 176      8A087372 
 176      B9BC
 177 0060 CBE5BD6A 		.ascii	"\313\345\275j\177\364\257\276\301y\367\236\233_\236"
 177      7FF4AFBE 
 177      C179F79E 
 177      9B5F9E
 178 006f FCF29CCC 		.ascii	"\374\362\234\314\223\231\027s\225J\325\360\267*U V\251"
 178      93991773 
 178      954AD5F0 
 178      B72A5520 
 178      56A9
 179 0081 92914AB5 		.ascii	"\222\221J\265\004\227\031\274\253\004\001UU\256b\227"
 179      049719BC 
 179      AB040155 
 179      55AE6297 
 180 0091 1AA40EA4 		.ascii	"\032\244\016\244\021\244\011\244E\265\372:\016\025l"
 180      11A409A4 
 180      45B5FA3A 
 180      0E156C
 181 00a0 E1FE3B10 		.ascii	"\341\376;\020\007\020G^\337\011\344c\220\377\000\371"
 181      0710475E 
 181      DF09E463 
 181      90FF00F9 
 182 00b0 39607E06 		.ascii	"9`~\0062\012\317# \257A\346@\240y\325\032x\357\004b"
 182      320ACF23 
 182      20AF41E6 
 182      40A079D5 
 182      1A78EF04 
 183 00c5 8F58DB75 		.ascii	"\217X\333uF\332\210\207\002\033#m(\355Kv\245v\004\220"
 183      46DA8887 
 183      021B236D 
 183      28ED4B76 
 183      A5760490 
 184 00d9 B588B581 		.ascii	"\265\210\265\201x?\224W\022\024X\231\340Ol\327@y5H("
 184      783F9457 
 184      12145899 
 184      E04F6CD7 
 184      40793548 
 185 00ee 6236899D 		.ascii	"b6\211\235\034n\257\211\353\355h\245\315T\0236\011\337"
 185      1C6EAF89 
 185      EBED68A5 
 185      CD541336 
 185      09DF
ARM GAS  /tmp/ccUPoRHt.s 			page 14


 186 0100 FF34C297 		.ascii	"\3774\302\227Tw\3426\215\3718\026\243\236\372\354\\"
 186      5477E236 
 186      8DF93816 
 186      A39EFAEC 
 186      5C
 187 0111 1C85D1C7 		.ascii	"\034\205\321\307V\210D\313\036^\025\214_{c\313^\021"
 187      568844CB 
 187      1E5E158C 
 187      5F7B63CB 
 187      5E11
 188 0123 C4D1D2CE 		.ascii	"\304\321\322\316s\326X\240\317\331Q1\366\353\363Dvi"
 188      73D658A0 
 188      CFD95131 
 188      F6EBF344 
 188      7669
 189 0135 8E63152A 		.ascii	"\216c\025*AX2\325z|&\323\002\273S\340\275\320K\311\304"
 189      415832D5 
 189      7A7C26D3 
 189      02BB53E0 
 189      BDD04BC9 
 190 014a AC831552 		.ascii	"\254\203\025R\203:\335\224\370\304\016TG+\364a,\026"
 190      833ADD94 
 190      F8C40E54 
 190      472BF461 
 190      2C16
 191 015c FABADE76 		.ascii	"\372\272\336v\333!+\347pQ<(\246\205\210\226\333T\350"
 191      DB212BE7 
 191      70513C28 
 191      A6858896 
 191      DB54E8
 192 016f 1A724257 		.ascii	"\032rBW\221\223\012\225!g\322t)Z\257B\305\360\262\010"
 192      91930A95 
 192      2167D274 
 192      295AAF42 
 192      C5F0B208 
 193 0183 5E9E27ED 		.ascii	"^\236'\355\351\373\222\3769aF\024?D\327\221\025\272"
 193      E9FB92FE 
 193      39614614 
 193      3F44D791 
 193      15BA
 194 0195 8230C540 		.ascii	"\2020\305@\357>\266b\004\2623c\322\315q\034\"\014\204"
 194      EF3EB662 
 194      04B23363 
 194      D2CD711C 
 194      220C84
 195 01a8 B2A4A11A 		.ascii	"\262\244\241\032\301T\0337M\266\261\224\373Qm\230(\012"
 195      C1541B37 
 195      4DB6B194 
 195      FB516D98 
 195      280A
 196 01ba A81CDAB8 		.ascii	"\250\034\332\270ah\003\232$7x\013\015]\257,\257\260"
 196      6168039A 
 196      2437780B 
 196      0D5DAF2C 
 196      AFB0
 197 01cc EE433D08 		.ascii	"\356C=\010\006\002ZC\373\217\020\373\205;\021\252/I"
 197      06025A43 
ARM GAS  /tmp/ccUPoRHt.s 			page 15


 197      FB8F10FB 
 197      853B11AA 
 197      2F49
 198 01de 1762EFE1 		.ascii	"\027b\357\341\255\300n\034J\024\251\012Z~#p\033\202"
 198      ADC06E1C 
 198      4A14A90A 
 198      5A7E2370 
 198      1B82
 199 01f0 6497FE71 		.ascii	"d\227\376q\003Hn\225\225\263\346\244\213\205\235=\310"
 199      03486E95 
 199      95B3E6A4 
 199      8B859D3D 
 199      C8
 200 0201 EAB15782 		.ascii	"\352\261W\202\2411Y\225U\\U\313\305\313\244\014\235"
 200      A1315995 
 200      555C55CB 
 200      C5CBA40C 
 200      9D
 201 0212 443CDCB9 		.ascii	"D<\334\271\267\0167Y\365\243^(\375\255J\025\255\331"
 201      B70E3759 
 201      F5A35E28 
 201      FDAD4A15 
 201      ADD9
 202 0224 47039FD4 		.ascii	"G\003\237\324>\220!\340\026\032\003Tw\241\244\022\251"
 202      3E9021E0 
 202      161A0354 
 202      77A1A412 
 202      A9
 203 0235 05E637E4 		.ascii	"\005\3467\344\257&\357\032\347\262*\324\313\357\252"
 203      AF26EF1A 
 203      E7B22AD4 
 203      CBEFAA
 204 0244 107D59B3 		.ascii	"\020}Y\2634\247\267g\303E #i\352N\2125\033.k\310\350"
 204      34A7B767 
 204      C3452023 
 204      69EA4E8A 
 204      351B2E6B 
 205 025a B9D91B27 		.ascii	"\271\331\033'|\020G\342\023\035\"\256\021\320\357~\214"
 205      7C1047E2 
 205      131D22AE 
 205      11D0EF7E 
 205      8C
 206 026b 6A206AB7 		.ascii	"j j\267 j*T\213>\200\337j\244f\264\216\275\272\266\345"
 206      206A2A54 
 206      8B3E80DF 
 206      6AA466B4 
 206      8EBDBAB6 
 207 0280 A33431AD 		.ascii	"\24341\255_\324\327\335X7R,\212\020NQM`\250\322\020"
 207      5FD4D7DD 
 207      5837522C 
 207      8A104E51 
 207      4D60A8D2 
 208 0295 CF4A326E 		.ascii	"\317J2n\221\036\365#T\201\372\240\017u\350#\250\335"
 208      911EF523 
 208      5481FAA0 
 208      0F75E823 
 208      A8DD
ARM GAS  /tmp/ccUPoRHt.s 			page 16


 209 02a7 D15B3E85 		.ascii	"\321[>\205\361y\301$\375\370\266\364\353\266&\2714P"
 209      F179C124 
 209      FDF8B6F4 
 209      EBB626B9 
 209      3450
 210 02b9 2EB7252E 		.ascii	".\267%.\035\351\005%\032N\246\365\257\023E\375A\221"
 210      1DE90525 
 210      1A4EA6F5 
 210      AF1345FD 
 210      4191
 211 02cb 0C2D40A1 		.ascii	"\014-@\241z\003\225z%\225FJ\245\360\365\263\020\214"
 211      7A03957A 
 211      2595464A 
 211      A5F0F5B3 
 211      108C
 212 02dd AF322A55 		.ascii	"\2572*U/\333;\324\222\245\277Y\266D:u\307`\351\216\322"
 212      2FDB3BD4 
 212      92A5BF59 
 212      B6443A75 
 212      C760E98E 
 213 02f2 5213B554 		.ascii	"R\023\265T\236\025\357\206;\230\241C9\2715\266\334\320"
 213      9E15EF86 
 213      3B98A143 
 213      39B935B6 
 213      DCD0
 214 0304 D84F5750 		.ascii	"\330OWPj6\030jV\032j\241\206\362:R\313lX\230D'\022\230"
 214      6A36186A 
 214      561A6AA1 
 214      86F23A52 
 214      CB6C5898 
 215 031c CAC3C55C 		.ascii	"\312\303\305\\\237\262\000=6\377\311\025\304\364hG\320"
 215      9FB2003D 
 215      36FFC915 
 215      C4F46847 
 215      D0
 216 032d 473BB212 		.ascii	"G;\262\022mY\034\305\263\010^\244,,\204\252\3610\243"
 216      6D591CC5 
 216      B3085EA4 
 216      2C2C84AA 
 216      F130A3
 217 0340 F2B873B1 		.ascii	"\362\270s\261\221\347\210\020322\206\272O\331Z\205\023"
 217      91E78810 
 217      33323286 
 217      BA4FD95A 
 217      8513
 218 0352 D7D2F94A 		.ascii	"\327\322\371J\012\244\031\253B\235d\002\"\255\023\352"
 218      0AA419AB 
 218      429D6402 
 218      22AD13EA 
 219 0362 00950CBF 		.ascii	"\000\225\014\277\270\364\022\354\020M\003!\212\237\253"
 219      B8F412EC 
 219      104D0321 
 219      8A9FAB
 220 0371 698CDA00 		.ascii	"i\214\332\000\336J\341\367\221\203T\211\240\007\317"
 220      DE4AE1F7 
 220      91835489 
 220      A007CF
ARM GAS  /tmp/ccUPoRHt.s 			page 17


 221 0380 0DA65972 		.ascii	"\015\246Yr\346\346\304\0151\003\031v\2349!v7\346\310"
 221      E6E6C40D 
 221      31031976 
 221      9C392176 
 221      37E6C8
 222 0393 4935674A 		.ascii	"I5gJr\340\261\3731\377\202\247\030\317\007\205'/\231"
 222      72E0B1FB 
 222      31FF82A7 
 222      18CF0785 
 222      272F99
 223 03a6 31EC7382 		.ascii	"1\354s\202\275\236\330\231hm\222g\217\304\263\233\361"
 223      BD9ED899 
 223      686D9267 
 223      8FC4B39B 
 223      F1
 224 03b7 2C081BCC 		.ascii	",\010\033\314\326@m'H\260H\226]\235Xv-\326\317\346\253"
 224      D6406D27 
 224      48B04896 
 224      5D9D5876 
 224      2DD6CFE6 
 225 03cc F12C6D49 		.ascii	"\361,mI(\314\037\374\0329[I\331n}\330a\022\233\001\350"
 225      28CC1FFC 
 225      1A395B49 
 225      D96E7DD8 
 225      61129B01 
 226 03e1 58BF2136 		.ascii	"X\277!6N\244K4\253\211\031\"\376@\20569\241\015\220"
 226      4EA44B34 
 226      AB891922 
 226      FE408536 
 226      39A10D90 
 227 03f5 D31E434E 		.ascii	"\323\036CNs\3429\255\017\350\364\262\366\263S/\334\262"
 227      73E239AD 
 227      0FE8F4B2 
 227      F6B3532F 
 227      DCB2
 228 0407 C5EF5803 		.ascii	"\305\357X\003\275\371\317\233\361r\013\220\353\212h"
 228      BDF9CF9B 
 228      F1720B90 
 228      EB8A68
 229 0416 AE1B8216 		.ascii	"\256\033\202\026\236\030Z\030@&\232\0304\336DG_\334"
 229      9E185A18 
 229      40269A18 
 229      34DE4447 
 229      5FDC
 230 0428 236B4328 		.ascii	"#kC(\020\265\367\020\312\273\250G\206i(z\244P\034\274"
 230      10B5F710 
 230      CABBA847 
 230      8669287A 
 230      A4501CBC 
 231 043c 15F10C11 		.ascii	"\025\361\014\021\367\205\274\237\365\3235o\236\253\345"
 231      F785BC9F 
 231      F5D3356F 
 231      9EABE5
 232 044b D6477EC8 		.ascii	"\326G~\310zi_l\004\037\222id\345\271\3363\255\267fz"
 232      7A695F6C 
 232      041F9269 
 232      64E5B9DE 
ARM GAS  /tmp/ccUPoRHt.s 			page 18


 232      33ADB766 
 233 0460 3F71FF9B 		.ascii	"?q\377\233\361\323\035\032\036h;\320\253g\223\247mp"
 233      F1D31D1A 
 233      1E683BD0 
 233      AB6793A7 
 233      6D70
 234 0472 1866B3EC 		.ascii	"\030f\263\354Qy8\217\364fP\357\034\2736dz@NJ\201\236"
 234      5179388F 
 234      F46650EF 
 234      1CBB3664 
 234      7A404E4A 
 235 0488 603C17D3 		.ascii	"`<\027\323\222;\005\345\200|\006\3601\012\177NyNJ<\343"
 235      923B05E5 
 235      807C06F0 
 235      310A7F4E 
 235      794E4A3C 
 236 049d 27DEFC84 		.ascii	"'\336\374\204\217G\371\002\351@\027Htq\264\"\331\212"
 236      8F47F902 
 236      E9401748 
 236      7471B422 
 236      D98A
 237 04af B32409B1 		.ascii	"\263$\011\261\272-)\327\002\037g,_D\206\315\361yC&\335"
 237      BA2D29D7 
 237      021F672C 
 237      5F4486CD 
 237      F1794326 
 238 04c4 60C3CC65 		.ascii	"`\303\314e;\223,_J,_0\226\311c\263KvJ\2263\000\237\246"
 238      3B932C5F 
 238      4A2C5F30 
 238      96C963B3 
 238      4B764A96 
 239 04dc F05794E5 		.ascii	"\360W\224\345K\211\345\351\326\302-,T\357\263\202B\205"
 239      4B89E5E9 
 239      D6C22D2C 
 239      54EFB382 
 239      4285
 240 04ee B69BF32D 		.ascii	"\266\233\363-\366r\363s?d~\256\364\355#\336\3534L\206"
 240      F672F373 
 240      3F647EAE 
 240      F4ED23DE 
 240      EB344C86 
 241 0502 4659570C 		.ascii	"FYW\014_\006\372\345\263\326\221\317\332\003\243\227"
 241      5F06FAE5 
 241      B3D691CF 
 241      DA03A397 
 242 0512 0E630224 		.ascii	"\016c\002$\205\263\361a\021\032\006\376+P\317\026L\216"
 242      85B3F161 
 242      111A06FE 
 242      2B50CF16 
 242      4C8E
 243 0524 6B4CBA61 		.ascii	"kL\272aQr\303;\306\363]U_\272\275\322\015o\001>O\341"
 243      5172C33B 
 243      C6F35D55 
 243      5FBABDD2 
 243      0D6F013E 
 244 053a 4B94E7A2 		.ascii	"K\224\347\242\304\263\270|\372\234\224=H\363C\271\003"
 244      C4B3B87C 
ARM GAS  /tmp/ccUPoRHt.s 			page 19


 244      FA9C943D 
 244      48F343B9 
 244      03
 245 054b 1956F80C 		.ascii	"\031V\370\014\343\221\243\217\252\347\341H#\261ZJ\232"
 245      E391A38F 
 245      AAE7E148 
 245      23B15A4A 
 245      9A
 246 055c 4AB1C119 		.ascii	"J\261\301\031\254P\012\244\003\017d\313\323\322B\001"
 246      AC500AA4 
 246      030F64CB 
 246      D3D24201 
 247 056c E7B3C277 		.ascii	"\347\263\302w}\321\321\026\274&\031\233}]\035\2056\370"
 247      7DD1D116 
 247      BC26199B 
 247      7D5D1D85 
 247      36F8
 248 057e 322B2C1D 		.ascii	"2+,\035\276]+\325$\205\021\005\003Qf\270\214\025>\356"
 248      BE5D2BD5 
 248      24851105 
 248      035166B8 
 248      8C153EEE 
 249 0592 1989B4C3 		.ascii	"\031\211\264\303z\246\324\325\036\374\0327\260\347\306"
 249      7AA6D4D5 
 249      1EFC1A37 
 249      B0E7C6
 250 05a1 27A17FCF 		.ascii	"'\241\177\317*\205\222\004]\223Y\230\212\231\003\323"
 250      2A859204 
 250      5D935998 
 250      8A9903D3 
 251 05b1 E8F02FAA 		.ascii	"\350\360/\252\214\014\261\307-\024l\3377\037\322g\203"
 251      8C0CB1C7 
 251      2D146CDF 
 251      371FD267 
 251      83
 252 05c2 D6B16BED 		.ascii	"\326\261k\355:gzO\027C\017\210\372\221\371\015\363\355"
 252      3A677A4F 
 252      17430F88 
 252      FA91F90D 
 252      F3ED
 253 05d4 A1A278C2 		.ascii	"\241\242x\302\006\275F\016(J\300(NX\273\034I\360$\370"
 253      06BD460E 
 253      284AC028 
 253      4E58BB1C 
 253      49F024F8 
 254 05e8 6723D9CB 		.ascii	"g#\331\3132\374\314\377\302\317\001\310\370\000~\204"
 254      32FCCCFF 
 254      C2CF01C8 
 254      F8007E84 
 255 05f8 18589AA3 		.ascii	"\030X\232\243\350\001\222\241I\342yH\320\241\230\270"
 255      E80192A1 
 255      49E27948 
 255      D0A198B8 
 256 0608 192D70B4 		.ascii	"\031-p\264\344|\364\006)l\017p4!2\213\024D\246\224\350"
 256      E47CF406 
 256      296C0F70 
 256      3421328B 
ARM GAS  /tmp/ccUPoRHt.s 			page 20


 256      1444A694 
 257 061d 993F1AD0 		.ascii	"\231?\032\320\021J\332\341\202\202I\203\214I\210\240"
 257      114ADAE1 
 257      82824983 
 257      8C4988A0 
 258 062d 6072508E 		.ascii	"`rP\216\016\015\021\365U\377\227H\321dP\037\343\350"
 258      0E0D11F5 
 258      55FF9748 
 258      D164501F 
 258      E3E8
 259 063f E51971D7 		.ascii	"\345\031q\327\300$\206\217+\0216\002\350\250\340\204"
 259      C024868F 
 259      2B113602 
 259      E8A8E084 
 260 064f 8E504B04 		.ascii	"\216PK\004\016\023\006\235\026\234\321qa\035J\0049\011"
 260      0E13069D 
 260      169CD171 
 260      611D4A04 
 260      3909
 261 0661 120F9202 		.ascii	"\022\017\222\002\022\013\222\014\022\003r\002$\011$"
 261      120B920C 
 261      12037202 
 261      240924
 262 0670 1A2401E4 		.ascii	"\032$\001\344\224\260\216n\301\030\355\371?\032h\037"
 262      94B08E6E 
 262      C118EDF9 
 262      3F1A681F 
 263 0680 56D23E64 		.ascii	"V\322>d\240\315\362|\347\274\303\001\340BP*\236\343"
 263      A0CDF27C 
 263      E7BCC301 
 263      E042502A 
 263      9EE3
 264 0692 0DA616DF 		.ascii	"\015\246\026\337:\236\020\305\372\015d\305D\355\334"
 264      3A9E10C5 
 264      FA0D64C5 
 264      44EDDC
 265 06a1 BDD23A8A 		.ascii	"\275\322:\212\356)C7&k9R\331\362\364*4w/$?4\316mK)\021"
 265      EE294337 
 265      266B3952 
 265      D9F2F42A 
 265      34772F24 
 266 06bc 3D5586AE 		.ascii	"=U\206\256U\026\350\003\312\320\211\202\002]%C\207)"
 266      5516E803 
 266      CAD08982 
 266      025D2543 
 266      8729
 267 06ce D1A10634 		.ascii	"\321\241\0064I\315\235}\267\020NU\3235\360\340|a\251"
 267      49CD9D7D 
 267      B7104E55 
 267      D335F0E0 
 267      7C61A9
 268 06e1 195AEB6C 		.ascii	"\031Z\353l4H0\205\235\377,qb\236o^\320\3009\011\245"
 268      34483085 
 268      9DFF2C71 
 268      629E6F5E 
 268      D0C03909 
 269 06f6 82C133C2 		.ascii	"\202\3013\302\362\372J\342@yE\214\3147b\233\310\345"
ARM GAS  /tmp/ccUPoRHt.s 			page 21


 269      F2FA4AE2 
 269      4079458C 
 269      CC37629B 
 269      C8E5
 270 0708 130A051A 		.ascii	"\023\012\005\032\222\326Y\301\206\356\272\341\016\340"
 270      92D659C1 
 270      86EEBAE1 
 270      0EE0
 271 0716 DA633DB1 		.ascii	"\332c=\261|q\272@\266K\315O\252#\371\312\226F\364\236"
 271      7C71BA40 
 271      B64BCD4F 
 271      AA23F9CA 
 271      9646F49E 
 272 072a 8849179C 		.ascii	"\210I\027\234M\373\210b\246fN\232\233L\206\347\004\236"
 272      4DFB8862 
 272      A6664E9A 
 272      9B4C86E7 
 272      049E
 273 073c 0CB53417 		.ascii	"\014\2654\027\276\314\314\363d\251\020\260<\025\032"
 273      BECCCCF3 
 273      64A910B0 
 273      3C151A
 274 074b C0E70507 		.ascii	"\300\347\005\007\251\012\001\017$\017t\332\342\"\326"
 274      A90A010F 
 274      240F74DA 
 274      E222D6
 275 075a 4C687E4F 		.ascii	"Lh~O/_lO\023\012aY\375\265\010_g\205s\207z\2731\256"
 275      2F5F6C4F 
 275      130A6159 
 275      FDB5085F 
 275      67857387 
 276 0772 604AF674 		.ascii	"`J\366tQ\010'\033M\220S1\247\"\355q-+LNy\373\023\334"
 276      5108271B 
 276      4D905331 
 276      A722ED71 
 276      2D2B4C4E 
 277 078a C49E737A 		.ascii	"\304\236szrKx\252}M\026\306\311\320\241~^\361\003P/"
 277      724B78AA 
 277      7D4D16C6 
 277      C9D0A17E 
 277      5EF10350 
 278 079f DD089DE0 		.ascii	"\335\010\235\340\007I=\311g\013\027\206\177\214\333"
 278      07493DC9 
 278      670B1786 
 278      7F8CDB
 279 07ae 59D5DB99 		.ascii	"Y\325\333\231\327\0278\033\322\304\211\234\205\020d"
 279      D717381B 
 279      D2C4899C 
 279      851064
 280 07bd D2074592 		.ascii	"\322\007E\222\017.\013\324\011e\263\011Mj\345\202p\011"
 280      0F2E0BD4 
 280      0965B309 
 280      4D6AE582 
 280      7009
 281 07cf 46       		.ascii	"F"
 282 07d0 45011D49 		.ascii	"E\001\035I\305\324\013E\222\027\236d\324\314\230\363"
 282      C5D40B45 
ARM GAS  /tmp/ccUPoRHt.s 			page 22


 282      92179E64 
 282      D4CC98F3 
 283 07e0 ED236179 		.ascii	"\355#ay\350\336\311\237\341^F\343L{J\270\031\036b\312"
 283      E8DEC99F 
 283      E15E46E3 
 283      4C7B4AB8 
 283      191E62CA 
 284 07f4 4242B49E 		.ascii	"BB\264\236\357\210G\0110\261*a\017\236de\303\263\203"
 284      EF884709 
 284      30B12A61 
 284      0F9E6465 
 284      C3B383
 285 0807 B0E97AC1 		.ascii	"\260\351z\301\224\316\261\336>\276\212\364\023\340h"
 285      94CEB1DE 
 285      3EBE8AF4 
 285      13E068
 286 0816 DBB91133 		.ascii	"\333\271\0213\274\300\221\247\312\31258\324\214*\035"
 286      BCC091A7 
 286      CACA3538 
 286      D48C2A1D 
 287 0826 B177E2D5 		.ascii	"\261w\342\325\014\371\200 \027s\317-Z\342HV8\226\320"
 287      0CF98020 
 287      1773CF2D 
 287      5AE24856 
 287      3896D0
 288 0839 9666874F 		.ascii	"\226f\207O0%\343Ua1_^\357\022\344R\325\334\003[\234"
 288      3025E355 
 288      61315F5E 
 288      EF12E452 
 288      D5DC035B 
 289 084e C80A47DA 		.ascii	"\310\012G\332sC\314q&SJ\316\027\345pd=AN$L\265\333\343"
 289      7343CC71 
 289      26534ACE 
 289      17E57064 
 289      3D414E24 
 290 0866 3C56D815 		.ascii	"<V\330\025\0279n&\355\002\302\337g\027P\3738#\221\007"
 290      17396E26 
 290      ED02C2DF 
 290      671750FB 
 290      38239107 
 291 087a 514FCCBD 		.ascii	"QO\314\275\272\241\207\266.3s\011\207\252\016\233\343"
 291      BAA187B6 
 291      2E337309 
 291      87AA0E9B 
 291      E3
 292 088b AB4C391E 		.ascii	"\253L9\036\322\373\035\003\376\023hGNgE\233\263\350"
 292      D2FB1D03 
 292      FE136847 
 292      4E67459B 
 292      B3E8
 293 089d F69375F6 		.ascii	"\366\223u\366]\367\201E\201\025\333\321\000\027\334"
 293      5DF78145 
 293      8115DBD1 
 293      0017DC
 294 08ac 363DAA9B 		.ascii	"6=\252\233\244\210\336a\021\255\013}]\267j\211o\204"
 294      A488DE61 
 294      11AD0B7D 
ARM GAS  /tmp/ccUPoRHt.s 			page 23


 294      5DB76A89 
 294      6F84
 295 08be 8836D088 		.ascii	"\2106\320\2106\323\2106I\021\315k\252\353\346\376\017"
 295      36D38836 
 295      4911CD6B 
 295      AAEBE6FE 
 295      0F
 296 08cf 27032BFF 		.ascii	"'\003+\377\306D\004\357\302\013\262pG\326\015\026\330"
 296      C64404EF 
 296      C20BB270 
 296      47D60D16 
 296      D8
 297 08e0 F395946C 		.ascii	"\363\225\224l7r\017u\245\360\335G7\251\237\177\252p"
 297      37720F75 
 297      A5F0DD47 
 297      37A99F7F 
 297      AA70
 298 08f2 049BE4D6 		.ascii	"\004\233\344\326&qke\334.\035\231\213\265Rr\273\007"
 298      26716B65 
 298      DC2E1D99 
 298      8BB55272 
 298      BB07
 299 0904 DCEE526E 		.ascii	"\334\356Rn\355\224[\233\304m\354\345\320\222\006\337"
 299      ED945B9B 
 299      C46DECE5 
 299      D09206DF 
 300 0914 641E4B2E 		.ascii	"d\036K.>\3715\276\305\236\363\246c\316!\334\310\224"
 300      3EF935BE 
 300      C59EF3A6 
 300      63CE21DC 
 300      C894
 301 0926 F0C787DB 		.ascii	"\360\307\207\333\370\206\3415\321\373\242b\232\354p"
 301      F886E135 
 301      D1FBA262 
 301      9AEC70
 302 0935 2B2BAC8D 		.ascii	"++\254\215K:e\211;\231\262\364\264+\203\367m\212\350"
 302      4B3A6589 
 302      3B99B2F4 
 302      B42B83F7 
 302      6D8AE8
 303 0948 D30B2957 		.ascii	"\323\013)W\270\356(\333\2268\362m\311\343\310\244x\204"
 303      B8EE28DB 
 303      9638F26D 
 303      C9E3C8A4 
 303      7884
 304 095a BB59DDF1 		.ascii	"\273Y\335\361\323Q!\366&\373\331'\365\363*\033\010\355"
 304      D35121F6 
 304      26FBD927 
 304      F5F32A1B 
 304      08ED
 305 096c 3D437136 		.ascii	"=Cq6\312~\366@?\273i?\373i?\373\244~f\016\027>\267\224"
 305      CA7EF640 
 305      3FBB693F 
 305      FB693FFB 
 305      A47E660E 
 306 0984 A36B851F 		.ascii	"\243k\205\037@\267\015\237\015\345\323\375.\375\374"
 306      40B70D9F 
ARM GAS  /tmp/ccUPoRHt.s 			page 24


 306      0DE5D3FD 
 306      2EFDFC
 307 0993 C43F1A38 		.ascii	"\304?\0328\260\217\006\322\376\311\221\357\237f\217"
 307      B08F06D2 
 307      FEC991EF 
 307      9F668F
 308 09a2 47F7223C 		.ascii	"G\367\"<\310zQ5s)\213\327%\343\254?\272z\311t\247F\244"
 308      C87A5135 
 308      73298BD7 
 308      25E3AC3F 
 308      BA7AC974 
 309 09b9 4E0DB3E0 		.ascii	"N\015\263\340\275\214\276\264U\331\247A`\371\204\262"
 309      BD8CBEB4 
 309      55D9A741 
 309      60F984B2 
 310 09c9 1CA52C47 		.ascii	"\034\245,G$\226\011)c\027\005e\237L\242\243jJj\371("
 310      24960929 
 310      63170565 
 310      9F4CA2A3 
 310      6A4A6AF9 
 311 09de AC27FADB 		.ascii	"\254'\372\333\342\3139f\370\031\237\316I\027\0125x\206"
 311      E2CB3966 
 311      F8199FCE 
 311      49170A35 
 311      7886
 312 09f0 29572673 		.ascii	")W&s\257\330\362)F\364\304\262\027\015|u\320\310\212"
 312      AFD8F229 
 312      46F4C4B2 
 312      170D7C75 
 312      D0C88A
 313 0a03 1D7971D5 		.ascii	"\035yq\325\361\214\317\361\033\263\367X\034\246\245"
 313      F18CCFF1 
 313      1BB3F758 
 313      1CA6A5
 314 0a12 DE6EA09D 		.ascii	"\336n\240\235\275R\222\361\\\243\354\355s\340?I\371"
 314      BD5292F1 
 314      5CA3ECED 
 314      73E03F49 
 314      F9
 315 0a23 CF50FED3 		.ascii	"\317P\376\323\022\377\262\003\231\035X\331[\223\350"
 315      12FFB203 
 315      991D58D9 
 315      5B93E8
 316 0a32 0BC3C9C7 		.ascii	"\013\303\311\307x\024>#\207\2157g\307l\261hNINL.\024"
 316      78143E23 
 316      878D3767 
 316      C76CB168 
 316      4E494E4C 
 317 0a48 D8E130A6 		.ascii	"\330\3410\246\224]\271Q\313;\267\201\314\275\274\312"
 317      945DB951 
 317      CB3BB781 
 317      CCBDBCCA 
 318 0a58 666B1CC9 		.ascii	"fk\034\311\312\026\242S\213,q4S\222f{\236\362\221\354"
 318      CA16A253 
 318      8B2C7134 
 318      5392667B 
 318      9EF291EC 
ARM GAS  /tmp/ccUPoRHt.s 			page 25


 319 0a6c 4C7A9D71 		.ascii	"Lz\235q\346\204%>\305\312\226\242\303\023,p\"Sb\233"
 319      E684253E 
 319      C5CA96A2 
 319      C3132C70 
 319      2253629B 
 320 0a80 6333AC71 		.ascii	"c3\254q*S\336\216\306v\361$m#;\2058\362S\210>+\366\347"
 320      2A53DE8E 
 320      C676F124 
 320      6D233B85 
 320      38F25388 
 321 0a98 F81C83DE 		.ascii	"\370\034\203\336\357\012\275\306\241\326\240\206\344"
 321      EF0ABDC6 
 321      A1D6A086 
 321      E4
 322 0aa5 DD2C3533 		.ascii	"\335,53\351\312\203\230\273\362\000\246\276<z1\263\302"
 322      E9CA8398 
 322      BBF200A6 
 322      BE3C7A31 
 322      B3C2
 323 0ab7 5C794E5E 		.ascii	"\\yN^\002\357,R\357\204`\007\251\022A7\017G\265X+\317"
 323      02EF2C52 
 323      EF846007 
 323      A9124137 
 323      0F47B558 
 324 0acd BD26D1E5 		.ascii	"\275&\321\345\255\335\237\343\034F\362es\367c\204/2"
 324      ADDD9FE3 
 324      1C46F265 
 324      73F76384 
 324      2F32
 325 0adf 25B4F176 		.ascii	"%\264\361v\226\005\276\314\224\361\354\246z\310\275"
 325      9605BECC 
 325      94F1ECA6 
 325      7AC8BD
 326 0aee 4C191C9E 		.ascii	"L\031\034\236\277\212q9S\316\217\247\037\265\304UL\251"
 326      BF8A7139 
 326      53CE8FA7 
 326      1FB5C455 
 326      4CA9
 327 0b00 CBBF1DCF 		.ascii	"\313\277\035\317\317ayd)]\350\256xn\303=\362wd\271\273"
 327      CF617964 
 327      295DE8AE 
 327      786EC33D 
 327      F27764B9 
 328 0b15 53D16483 		.ascii	"S\321d\203\353)\370W\023O;\302m\245S\204\211k-\2739"
 328      EB29F857 
 328      134F3BC2 
 328      6DA55384 
 328      896B2DBB 
 329 0b2a AF7C9B2E 		.ascii	"\257|\233.\306\302\246\2723\002\347\024\213b\2049\035"
 329      C6C2A6BA 
 329      3302E714 
 329      8B628439 
 329      1D
 330 0b3b 2C0F619B 		.ascii	",\017a\233\224\207e\333\352\007\312Mx\353\021l\330\205"
 330      948765DB 
 330      EA07CA4D 
 330      78EB116C 
ARM GAS  /tmp/ccUPoRHt.s 			page 26


 330      D885
 331 0b4d E729E1B9 		.ascii	"\347)\341\271\024~\015\311\366\240\221\034\017;\031"
 331      147E0DC9 
 331      F6A0911C 
 331      0F3B19
 332 0b5c BAC15D81 		.ascii	"\272\301]\201\277\265\002\037\013[\312\371p\3146\226"
 332      BFB5021F 
 332      0B5BCAF9 
 332      70CC3696 
 333 0b6c 4F013FC4 		.ascii	"O\001?\304\355K3\026\015(\351\214\311\351d)\351d(\341"
 333      ED4B3316 
 333      0D28E98C 
 333      C9E96429 
 333      E96428E1 
 334 0b80 037278B6 		.ascii	"\003rx\266\022~a\005\033j>B\206\357T\342\303W\341[\303"
 334      127E6105 
 334      1B6A3E42 
 334      86EF54E2 
 334      C357E15B 
 335 0b95 65F8574A 		.ascii	"e\370WJ\374\013\345\371\247\352\010\357,lpP!\207K\333"
 335      FC0BE5F9 
 335      A7EA08EF 
 335      2C6C7050 
 335      21874BDB 
 336 0ba9 1E7451C9 		.ascii	"\036tQ\311~\376;\203\361\010\2540\256Ur\231\227\367"
 336      7EFE3B83 
 336      F108AC30 
 336      AE557299 
 336      97F7
 337 0bbb F5A8129E 		.ascii	"\365\250\022\236.7N\034_\025\301\271<\006.\275\234\213"
 337      2E374E1C 
 337      5F15C1B9 
 337      3C062EBD 
 337      9C8B
 338 0bcd 94FEF9C1 		.ascii	"\224\376\371\301\\\202\023OJ\236!\303\346\276q\317\310"
 338      5C82134F 
 338      4A9E21C3 
 338      E6BE71CF 
 338      C8
 339 0bde 87CDF706 		.ascii	"\207\315\367\006.\207\224\\\236\254BG\311\250\227+\215"
 339      2E87945C 
 339      9EAC4247 
 339      C9A8972B 
 339      8D
 340 0bef 9729DD38 		.ascii	"\227)\3358sD6\3062\215\017\202\025\236\221\233/U\342"
 340      734436C6 
 340      328D0F82 
 340      159E919B 
 340      2F55E2
 341 0c02 4B568DE1 		.ascii	"KV\215\341\206H\356\032\330\265\320\203\024\301K{\031"
 341      8648EE1A 
 341      D8B5D083 
 341      14C14B7B 
 341      19
 342 0c13 7E0696E3 		.ascii	"~\006\226\343\347%W\302N\202\236\260\011^\332_\240\226"
 342      E72557C2 
 342      4E829EB0 
ARM GAS  /tmp/ccUPoRHt.s 			page 27


 342      095EDA5F 
 342      A096
 343 0c25 557C1ECA 		.ascii	"U|\036\312\234\023f\3349r\370\214|Pv(\351\267\010\212"
 343      9C1366DC 
 343      3972F88C 
 343      7C507628 
 343      E9B7088A 
 344 0c39 48B546CA 		.ascii	"H\265F\312\"u[\011\257[u\312\216\304+\217\331+\340+"
 344      22755B09 
 344      AF5B75CA 
 344      8EC42B8F 
 344      D92BE02B 
 345 0c4d 0FFC641C 		.ascii	"\017\374d\034\310}y]\011\277\252\264>#\207_1\356z\371"
 345      C87D795D 
 345      09BFAAB4 
 345      3E23875F 
 345      31EE7AF9 
 346 0c61 F496C3AF 		.ascii	"\364\226\303\257\031\267\276\"\2622O\276U\302\347W\301"
 346      19B7BE22 
 346      B2324FBE 
 346      55C2E757 
 346      C1
 347 0c72 1BE4D3F5 		.ascii	"\033\344\323\365\265\022?\267\022O\276\205|\317\276"
 347      B5123FB7 
 347      124FBE85 
 347      7CCFBE
 348 0c81 B3846207 		.ascii	"\263\204b\007$\362@Ik\002?\252\310\3107\310'`\276\361"
 348      24F24049 
 348      6B023FAA 
 348      C8C837C8 
 348      2760BEF1 
 349 0c95 54B9FA83 		.ascii	"T\271\372\203\305\021\354\004K\034)#pr\020.\302\316"
 349      C511EC04 
 349      4B1C2923 
 349      7072102E 
 349      C2CE
 350 0ca7 E82A8603 		.ascii	"\350*\206\0030H\011\310M\220$\220\263 9 W@\256\201\\"
 350      304809C8 
 350      4D902490 
 350      B3203920 
 350      5740AE81 
 351 0cbc 00C907C9 		.ascii	"\000\311\007\311\0069\005R\016R\006r\021\344\006H\014"
 351      06390552 
 351      0E520672 
 351      11E40648 
 351      0C
 352 0ccd 4802C865 		.ascii	"H\002\310e\220c \245 \211 \261 \351 i \231 \251 \031"
 352      906320A5 
 352      208920B1 
 352      20E92069 
 352      209920A9 
 353 0ce3 20C52015 		.ascii	" \305 \025 \321 \225 z\220K \005 \311 \327A\316\201"
 353      20D12095 
 353      207A904B 
 353      200520C9 
 353      20D741CE 
 354 0cf8 64819C07 		.ascii	"d\201\234\0079\003\022\007\222\013r\034\244\020\344"
ARM GAS  /tmp/ccUPoRHt.s 			page 28


 354      39031207 
 354      920B721C 
 354      A410E4
 355 0d07 24C80990 		.ascii	"$\310\011\220\024\220\323X\372\210B\307\231\334\367"
 355      1490D358 
 355      FA8842C7 
 355      99DCF7
 356 0d16 6F8CFB5E 		.ascii	"o\214\373^6\212\307\302e\243x\\\011\037[\345{\371\300"
 356      368AC7C2 
 356      65A3785C 
 356      091F5BE5 
 356      7BF9C0
 357 0d29 A950C26F 		.ascii	"\251P\302o\256\032\011Ur\274\3368^f\376\241<\2649\306"
 357      AE1A0955 
 357      72BCDE38 
 357      5E66FEA1 
 357      3CB439C6 
 358 0d3d D711F977 		.ascii	"\327\021\371w\256\010Y\202\212T\302\037\311\330\260"
 358      AE085982 
 358      8A54C21F 
 358      C9D8B0
 359 0d4c 0F17C38B 		.ascii	"\017\027\303\213\354\223\021\300V~2\"\236\350\215\224"
 359      EC9311C0 
 359      567E3222 
 359      9EE88D94 
 360 0d5c AFD8F5C6 		.ascii	"\257\330\365\306'\364\212\276\311&E\2702\275L*\035\375"
 360      27F48ABE 
 360      C92645B8 
 360      32BD4C2A 
 360      1DFD
 361 0d6e 509ED8BB 		.ascii	"P\236\330\273\214\357\007V,\2212\353\357\224\360\351"
 361      8CEF0756 
 361      2C9132EB 
 361      EF94F0E9 
 362 0d7e 15B99198 		.ascii	"\025\271\221\230\237\371\316`=\322\350\032&\317\026"
 362      9FF9CE60 
 362      3DD2E81A 
 362      26CF16
 363 0d8d 32DB0BC6 		.ascii	"2\333\013\306\247\263<(\362\030\3360\276j\310\267\032"
 363      A7B33C28 
 363      F218DE30 
 363      BE6AC8B7 
 363      1A
 364 0d9e 03D25663 		.ascii	"\003\322Vc\026\2422\305\361\322v\031M(\0353#\037\201"
 364      16A232C5 
 364      F1D27619 
 364      4D281D33 
 364      231F81
 365 0db1 CF8C8FC0 		.ascii	"\317\214\217\300\025Y]>\300_\032\337\013\254HF\262\316"
 365      15595D3E 
 365      C05F1ADF 
 365      0BAC4846 
 365      B2CE
 366 0dc3 1E361E26 		.ascii	"\0366\036&\271#\007\344i\275Fi\376\226r\010\316\313"
 366      B92307E4 
 366      69BD4669 
 366      FE967208 
ARM GAS  /tmp/ccUPoRHt.s 			page 29


 366      CECB
 367 0dd5 F761554A 		.ascii	"\367aUJx\345\352EF\276\014T\033\307K\037\370\232\373"
 367      78E5EA45 
 367      46BE0C54 
 367      1BC74B1F 
 367      F89AFB
 368 0de8 4E35AB71 		.ascii	"N5\253q3\335\220\012oC'\2724\312\017|RRC\267 \227\375"
 368      33DD900A 
 368      6F4327BA 
 368      34CA0F7C 
 368      525243B7 
 369 0dff A5E63536 		.ascii	"\245\34656wk\217\342\0202w\253\241\227Ux\371\253#\231"
 369      776B8FE2 
 369      103277AB 
 369      A1975578 
 369      F9AB2399 
 370 0e13 CAEC53C7 		.ascii	"\312\354S\307\375\370~\013\371W\307j\231cU\250\006\263"
 370      FDF87E0B 
 370      F957C76A 
 370      996355A8 
 370      06B3
 371 0e25 AF8E7027 		.ascii	"\257\216p'_\021f\252K-\361}v.H\037m\272\315\317a?%_"
 371      5F1166AA 
 371      4B2DF17D 
 371      762E481F 
 371      6DBACDCF 
 372 0e3d A24E8E1F 		.ascii	"\242N\216\037C\354X0J\216\330g\233f\343\254\360\020"
 372      43EC5830 
 372      4A8ED867 
 372      9B66E3AC 
 372      F010
 373 0e4f C35E2D9F 		.ascii	"\303^-\237\370\204A\311?\"z\242\272\037\231\376\030"
 373      F88441C9 
 373      3F227AA2 
 373      BA1F99FE 
 373      18
 374 0e60 D7281D94 		.ascii	"\327(\035\224\032\330A\251\343u\371\274\015\236\244"
 374      1AD841A9 
 374      E375F9BC 
 374      0D9EA4
 375 0e6f 86D47921 		.ascii	"\206\324y!9Sj\344\354\204\000\216\330\177.\341\322\250"
 375      39536AE4 
 375      EC84008E 
 375      D87F2EE1 
 375      D2A8
 376 0e81 D05D6C85 		.ascii	"\320]l\205\356`\314S\223*Q\004\363S\337\223\327\360"
 376      EE60CC53 
 376      932A5104 
 376      F353DF93 
 376      D7F0
 377 0e93 ACA17723 		.ascii	"\254\241w#\377\303l\202\230\337\245\355\265\300\220"
 377      FFC36C82 
 377      98DFA5ED 
 377      B5C090
 378 0ea2 68660DA6 		.ascii	"hf\015\246\246\336\354D\362\263\026\261]\017\345ut\035"
 378      A6DEEC44 
 378      F2B316B1 
ARM GAS  /tmp/ccUPoRHt.s 			page 30


 378      5D0FE575 
 378      741D
 379 0eb4 BC47CF5A 		.ascii	"\274G\317Z\215\322Y\2530\271\376\215\245\025\267\035"
 379      8DD259AB 
 379      30B9FE8D 
 379      A515B71D 
 380 0ec4 FEA76CE7 		.ascii	"\376\247l\347\316d.\2548\307\265\376\220\355\344\327"
 380      CE642EAC 
 380      38C7B5FE 
 380      90EDE4D7 
 381 0ed4 2FAE09BF 		.ascii	"/\256\011\277\310\020\357\352E}\365\215\015I\007\365"
 381      C810EFEA 
 381      457DF58D 
 381      0D4907F5 
 382 0ee4 62C8E7A8 		.ascii	"b\310\347\250\015\226\373\333\020\312&\364\221\254j"
 382      0D96FBDB 
 382      10CA26F4 
 382      91AC6A
 383 0ef3 2DBCF92F 		.ascii	"-\274\371/A\205\332\361/T\256\332=\001\373|\265\336"
 383      4185DAF1 
 383      2F54AEDA 
 383      3D01FB7C 
 383      B5DE
 384 0f05 7B7DBFD1 		.ascii	"{}\277\321\352\366\370}\345\347\031\274\177\267_\200"
 384      EAF6F87D 
 384      E5E719BC 
 384      7FB75F80 
 385 0f15 D6873C07 		.ascii	"\326\207<\007\004m\334\374\251V\033\020\244\335\343"
 385      046DDCFC 
 385      A9561B10 
 385      A4DDE3
 386 0f24 BD57FB87 		.ascii	"\275W\373\207\200\300\340 \255O\300\276}\001\376Z\027"
 386      80C0E020 
 386      AD4FC0BE 
 386      7D01FE5A 
 386      17
 387 0f35 8FEDBAED 		.ascii	"\217\355\272\355\337h\375\377\307\317g\275\217\346_"
 387      DF68FDFF 
 387      C7CF67BD 
 387      8FE65F
 388 0f44 7FBDF343 		.ascii	"\177\275\363C\335\306\215*+/\257\375~\376\301\233>\361"
 388      DDC68D2A 
 388      2B2FAFFD 
 388      7EFEC19B 
 388      3EF1
 389 0f56 0AFE47ED 		.ascii	"\012\376G\355\376\240@\355\336\000\037\250\351\035\270"
 389      FEA040ED 
 389      DE001FA8 
 389      E91DB8
 390 0f65 EF97FE01 		.ascii	"\357\227\376\001\376\276\277\364\365\376\312O\353\347"
 390      FEBEBFF4 
 390      F5FECA4F 
 390      EBE7
 391 0f73 EFB377FF 		.ascii	"\357\263w\377n_\355>oh\304\337W\353\265\333\367\367"
 391      6E5FED3E 
 391      6F68C4DF 
 391      57EBB5DB 
ARM GAS  /tmp/ccUPoRHt.s 			page 31


 391      F7F7
 392 0f85 DEFBF706 		.ascii	"\336\373\367\006{\005\177\373\007\337\240\365{T\032"
 392      7B057FFB 
 392      07DFA0F5 
 392      7B541A
 393 0f94 C986F64F 		.ascii	"\311\206\366O\332\010\3726H\353\025\024"
 393      DA08FA36 
 393      48EB1514 
 394 0fa0 BC1B2A40 		.ascii	"\274\033*@\3055\204\316\026\177\357\257\366\372\356"
 394      C53584CE 
 394      167FEFAF 
 394      F6FAEE
 395 0faf F2F5090E 		.ascii	"\362\365\011\016\010\334\362\347\350\235\352G\344\356"
 395      08DCF2E7 
 395      E89DEA47 
 395      E4EE
 396 0fbd EA1764B0 		.ascii	"\352\027d\260\353D\336x\372\006{~\033\024\354\273o\233"
 396      EB44DE78 
 396      FA067B7E 
 396      1B14ECBB 
 396      6F9B
 397 0fcf B7FFEEBD 		.ascii	"\267\377\356\275\276\201\356\201~\001\201~\301\337R"
 397      BE81EE81 
 397      7E01817E 
 397      C1DF52
 398 0fde 16BABDBE 		.ascii	"\026\272\275\276\336\201\356\276\376\300\354\277-=\266"
 398      DE81EEBE 
 398      FEC0ECBF 
 398      2D3DB6
 399 0fed 786EF1D8 		.ascii	"xn\361\330\265\305\365\037\0047wK\346\242\317\274\202"
 399      B5C5F51F 
 399      0437774B 
 399      E6A2CFBC 
 399      82
 400 0ffe 2DF8     		.ascii	"-\370"
 401 1000 7DB9F857 		.ascii	"}\271\370Wj7\227/<\226\325Mj7\235\273A\375D\355\346"
 401      6A37972F 
 401      3C96D54D 
 401      6A379DBB 
 401      41FD44ED 
 402 1015 E9EEA1F1 		.ascii	"\351\356\241\361`\332F(\334b(\334\000\205[<\324\236"
 402      60DA4628 
 402      DC6228DC 
 402      00855B3C 
 402      D49E
 403 1027 3BDC3CFE 		.ascii	";\334<\376\355\375\372\314{\352\373M\260V\267\335\323"
 403      EDFDFACC 
 403      7BEAFB4D 
 403      B056B7DD 
 403      D3
 404 1038 CD73D9A5 		.ascii	"\315s\331\245>\001\201\276^>\3736\203?-\177\275\313"
 404      3E0181BE 
 404      5E3EFB36 
 404      833F2D7F 
 404      BDCB
 405 104a 4DE7B503 		.ascii	"M\347\265\003\302\262\334\320g\346.\333\276\360\324"
 405      C2B2DCD0 
ARM GAS  /tmp/ccUPoRHt.s 			page 32


 405      67E62EDB 
 405      BEF0D4
 406 1059 79A8752E 		.ascii	"y\250u.:\017\362\354\0167\327\035\272\355ps\243\267"
 406      3A0FF2EC 
 406      0E37D71D 
 406      BAED7073 
 406      A3B7
 407 106b 65E86673 		.ascii	"e\350fsW\235\316\315\3637\032r\333\276\313Eg\006\017"
 407      579DCECD 
 407      F3371A72 
 407      DBBECB45 
 407      67060F
 408 107e 9EBFB180 		.ascii	"\236\277\261\200_\242\361\373Nx\353F\337R\214\205\033"
 408      5FA2F1FB 
 408      4E78EB46 
 408      DF528C85 
 408      1B
 409 108f BDEF5CB6 		.ascii	"\275\357\\\266\362)y\343\362\345\227;\315\266\357\332"
 409      F22979E3 
 409      F2E5973B 
 409      CDB6EFDA 
 410 109f EAF109FD 		.ascii	"\352\361\011\375\335H\1777\230\351\334\011\011\235\247"
 410      DD487F37 
 410      98E9DC09 
 410      099DA7
 411 10ae E7962FE1 		.ascii	"\347\226/\341\246\363ts\365\300\272\035\036f\272/\341"
 411      A6F37473 
 411      F5C0BA1D 
 411      1E66BA2F 
 411      E1
 412 10bf C9C2CDD5 		.ascii	"\311\302\315\325\313\315\323\005h\271zm\337Jo.\354\346"
 412      CBCDD305 
 412      68B97A6D 
 412      DF4A6F2E 
 412      ECE6
 413 10d1 CA6EEE5B 		.ascii	"\312n\356[=\324.[==\324_lu\3610\333\276\035~\325\256"
 413      3DD42E5B 
 413      3D3DD45F 
 413      6C75F130 
 413      DBBE1D7E 
 414 10e7 44DF467E 		.ascii	"D\337F~t\360c\346\271M\007\217\236\333\334\301\256\316"
 414      74F063E6 
 414      B94D078F 
 414      9EDBDCC1 
 414      AECE
 415 10f9 0343BFCD 		.ascii	"\003C\277\315\\\334<\240\367\273v\374\273\007D\000 "
 415      5CDC3CA0 
 415      F7BB76FC 
 415      BB074400 
 415      20
 416 110a 3AF79D6E 		.ascii	":\367\235n\256f._\000\\\343\251\373\202z\313\326\313"
 416      AE662E5F 
 416      005CE3A9 
 416      FB827ACB 
 416      D6CB
 417 111c EBF7FBFD 		.ascii	"\353\367\373\375}\274\274\326o\376t\323&\215\244\251"
 417      7DBCBCD6 
ARM GAS  /tmp/ccUPoRHt.s 			page 33


 417      6FFE74D3 
 417      268DA4A9 
 418 112c 7DF67807 		.ascii	"}\366x\007\376?z\215\023)"
 418      FE3F7A8D 
 418      1329
 419              		.text
 420              		.section	.gnu.lto_.symtab.9f463d9d3b13d175,"",%progbits
 421 0000 6E766963 		.ascii	"nvicEnableVector\000"
 421      456E6162 
 421      6C655665 
 421      63746F72 
 421      00
 422 0011 00       		.ascii	"\000"
 423 0012 00       		.ascii	"\000"
 424 0013 00       		.ascii	"\000"
 425 0014 00000000 		.ascii	"\000\000\000\000\000\000\000\000"
 425      00000000 
 426 001c C7000000 		.ascii	"\307\000\000\000"
 427 0020 6E766963 		.ascii	"nvicDisableVector\000"
 427      44697361 
 427      626C6556 
 427      6563746F 
 427      7200
 428 0032 00       		.ascii	"\000"
 429 0033 00       		.ascii	"\000"
 430 0034 00       		.ascii	"\000"
 431 0035 00000000 		.ascii	"\000\000\000\000\000\000\000\000"
 431      00000000 
 432 003d CB000000 		.ascii	"\313\000\000\000"
 433 0041 6E766963 		.ascii	"nvicSetSystemHandlerPriority\000"
 433      53657453 
 433      79737465 
 433      6D48616E 
 433      646C6572 
 434 005e 00       		.ascii	"\000"
 435 005f 00       		.ascii	"\000"
 436 0060 00       		.ascii	"\000"
 437 0061 00000000 		.ascii	"\000\000\000\000\000\000\000\000"
 437      00000000 
 438 0069 CD000000 		.ascii	"\315\000\000\000"
 439 006d 6E766963 		.ascii	"nvicClearPending\000"
 439      436C6561 
 439      7250656E 
 439      64696E67 
 439      00
 440 007e 00       		.ascii	"\000"
 441 007f 00       		.ascii	"\000"
 442 0080 00       		.ascii	"\000"
 443 0081 00000000 		.ascii	"\000\000\000\000\000\000\000\000"
 443      00000000 
 444 0089 CF000000 		.ascii	"\317\000\000\000"
 445              		.text
 446              		.section	.gnu.lto_.opts,"",%progbits
 447 0000 272D666D 		.ascii	"'-fmath-errno' '-fsigned-zeros' '-ftrapping-math' '"
 447      6174682D 
 447      6572726E 
 447      6F272027 
ARM GAS  /tmp/ccUPoRHt.s 			page 34


 447      2D667369 
 448 0033 2D666E6F 		.ascii	"-fno-trapv' '-fno-openmp' '-fno-openacc' '-mcpu=cor"
 448      2D747261 
 448      70762720 
 448      272D666E 
 448      6F2D6F70 
 449 0066 7465782D 		.ascii	"tex-m7' '-mno-thumb-interwork' '-mthumb' '-O2' '-fo"
 449      6D372720 
 449      272D6D6E 
 449      6F2D7468 
 449      756D622D 
 450 0099 6D69742D 		.ascii	"mit-frame-pointer' '-falign-functions=16' '-ffuncti"
 450      6672616D 
 450      652D706F 
 450      696E7465 
 450      72272027 
 451 00cc 6F6E2D73 		.ascii	"on-sections' '-fdata-sections' '-fno-common' '-flto"
 451      65637469 
 451      6F6E7327 
 451      20272D66 
 451      64617461 
 452 00ff 2700     		.ascii	"'\000"
 453              		.text
 454              		.comm	__gnu_lto_v1,1,1
 455              		.comm	__gnu_lto_slim,1,1
 456              		.ident	"GCC: (GNU Tools for Arm Embedded Processors 7-2017-q4-major) 7.2.1 20170904 (release) [ARM
ARM GAS  /tmp/ccUPoRHt.s 			page 35


DEFINED SYMBOLS
                            *ABS*:0000000000000000 nvic.c
                            *COM*:0000000000000001 __gnu_lto_v1
                            *COM*:0000000000000001 __gnu_lto_slim

NO UNDEFINED SYMBOLS
